[08:42:36 - main] [Cooja.java:1324] [INFO] - > Starting Cooja
[08:42:36 - main] [Cooja.java:2865] [INFO] - External tools default settings: /external_tools_linux.config
[08:42:36 - main] [Cooja.java:2895] [INFO] - External tools user settings: /root/.cooja.user.properties
[08:42:36 - main] [Simulation.java:420] [INFO] - Simulation random seed: 123377
[08:42:36 - main] [Cooja.java:4267] [WARN] - Replaced [CONTIKI_DIR]/examples/PRIMAC/PRI_board_sim/hello-world3.z1 with /home/user/contiki/examples/PRIMAC/PRI_board_sim/hello-world3.z1 (default: /home/user/contiki), but could not find it. This does not have to be an error, as the file might be created later.
[08:42:36 - main] [CompileContiki.java:140] [INFO] - > make hello-world3.z1 TARGET=z1 
[08:42:41 - main] [MspMote.java:235] [INFO] - Loading firmware from: /home/user/contiki/examples/PRIMAC/PRI_board_sim/hello-world3.z1
[08:42:42 - main] [MspMote.java:235] [INFO] - Loading firmware from: /home/user/contiki/examples/PRIMAC/PRI_board_sim/hello-world3.z1
[08:42:42 - main] [MspMote.java:235] [INFO] - Loading firmware from: /home/user/contiki/examples/PRIMAC/PRI_board_sim/hello-world3.z1
[08:42:42 - main] [MspMote.java:235] [INFO] - Loading firmware from: /home/user/contiki/examples/PRIMAC/PRI_board_sim/hello-world3.z1
[08:42:42 - main] [MspMote.java:235] [INFO] - Loading firmware from: /home/user/contiki/examples/PRIMAC/PRI_board_sim/hello-world3.z1
[08:42:42 - main] [MspMote.java:235] [INFO] - Loading firmware from: /home/user/contiki/examples/PRIMAC/PRI_board_sim/hello-world3.z1
[08:42:42 - main] [MspMote.java:235] [INFO] - Loading firmware from: /home/user/contiki/examples/PRIMAC/PRI_board_sim/hello-world3.z1
[08:42:42 - main] [MspMote.java:235] [INFO] - Loading firmware from: /home/user/contiki/examples/PRIMAC/PRI_board_sim/hello-world3.z1
[08:42:42 - main] [MspMote.java:235] [INFO] - Loading firmware from: /home/user/contiki/examples/PRIMAC/PRI_board_sim/hello-world3.z1
[08:42:42 - main] [MspMote.java:235] [INFO] - Loading firmware from: /home/user/contiki/examples/PRIMAC/PRI_board_sim/hello-world3.z1
[08:42:42 - main] [MspMote.java:235] [INFO] - Loading firmware from: /home/user/contiki/examples/PRIMAC/PRI_board_sim/hello-world3.z1
[08:42:42 - main] [MspMote.java:235] [INFO] - Loading firmware from: /home/user/contiki/examples/PRIMAC/PRI_board_sim/hello-world3.z1
[08:42:42 - main] [MspMote.java:235] [INFO] - Loading firmware from: /home/user/contiki/examples/PRIMAC/PRI_board_sim/hello-world3.z1
[08:42:42 - main] [MspMote.java:235] [INFO] - Loading firmware from: /home/user/contiki/examples/PRIMAC/PRI_board_sim/hello-world3.z1
[08:42:42 - main] [MspMote.java:235] [INFO] - Loading firmware from: /home/user/contiki/examples/PRIMAC/PRI_board_sim/hello-world3.z1
[08:42:42 - main] [Cooja.java:1790] [INFO] - Visualized plugin was not started: class org.contikios.cooja.plugins.SimControl
[08:42:42 - main] [Cooja.java:1790] [INFO] - Visualized plugin was not started: class org.contikios.cooja.plugins.Visualizer
[08:42:42 - main] [Cooja.java:1790] [INFO] - Visualized plugin was not started: class org.contikios.cooja.plugins.LogListener
[08:42:42 - main] [Cooja.java:1790] [INFO] - Visualized plugin was not started: class org.contikios.cooja.plugins.TimeLine
[08:42:42 - main] [Cooja.java:1790] [INFO] - Visualized plugin was not started: class org.contikios.cooja.plugins.Notes
[08:42:42 - main] [ScriptRunner.java:429] [INFO] - Test script deactivated
[08:42:42 - main] [LogScriptEngine.java:265] [INFO] - Script timeout in 2400000 ms
[08:42:42 - main] [ScriptRunner.java:386] [INFO] - Test script activated
[08:42:42 - Thread-2] [Simulation.java:252] [INFO] - Simulation main loop started, system time: 1616571762854
[08:42:59 - Thread-2] [LogScriptEngine.java:389] [INFO] - Test script at 5.00%, done in 321.5 sec
[08:43:03 - Thread-2] [LogScriptEngine.java:389] [INFO] - Test script at 10.00%, done in 189.0 sec
[08:43:08 - Thread-2] [LogScriptEngine.java:389] [INFO] - Test script at 15.00%, done in 144.0 sec
[08:43:12 - Thread-2] [LogScriptEngine.java:389] [INFO] - Test script at 20.00%, done in 118.7 sec
[08:43:16 - Thread-2] [LogScriptEngine.java:389] [INFO] - Test script at 25.00%, done in 101.6 sec
[08:43:20 - Thread-2] [LogScriptEngine.java:389] [INFO] - Test script at 30.00%, done in 89.0 sec
[08:43:25 - Thread-2] [LogScriptEngine.java:389] [INFO] - Test script at 35.00%, done in 78.7 sec
[08:43:29 - Thread-2] [LogScriptEngine.java:389] [INFO] - Test script at 40.00%, done in 70.1 sec
[08:43:33 - Thread-2] [LogScriptEngine.java:389] [INFO] - Test script at 45.00%, done in 62.2 sec
[08:43:38 - Thread-2] [LogScriptEngine.java:389] [INFO] - Test script at 50.00%, done in 55.3 sec
[08:43:42 - Thread-2] [LogScriptEngine.java:389] [INFO] - Test script at 55.00%, done in 48.8 sec
[08:43:46 - Thread-2] [LogScriptEngine.java:389] [INFO] - Test script at 60.00%, done in 42.7 sec
[08:43:51 - Thread-2] [LogScriptEngine.java:389] [INFO] - Test script at 65.00%, done in 36.9 sec
[08:43:55 - Thread-2] [LogScriptEngine.java:389] [INFO] - Test script at 70.00%, done in 31.2 sec
[08:44:00 - Thread-2] [LogScriptEngine.java:389] [INFO] - Test script at 75.00%, done in 25.8 sec
[08:44:04 - Thread-2] [LogScriptEngine.java:389] [INFO] - Test script at 80.00%, done in 20.5 sec
[08:44:09 - Thread-2] [LogScriptEngine.java:389] [INFO] - Test script at 85.00%, done in 15.2 sec
[08:44:13 - Thread-2] [LogScriptEngine.java:389] [INFO] - Test script at 90.00%, done in 10.1 sec
[08:44:18 - Thread-2] [LogScriptEngine.java:389] [INFO] - Test script at 95.00%, done in 5.0 sec
[08:44:22 - Thread-2] [LogScriptEngine.java:375] [INFO] - Timeout event @ 2400000000
[08:44:22 - Thread-1] [LogScriptEngine.java:309] [INFO] - Test script finished
[08:44:22 - Thread-2] [Simulation.java:311] [INFO] - Simulation main loop stopped, system time: 1616571862537	Duration: 99683 ms	Simulated time 2400000 ms	Ratio 24.076321940551548
[08:44:23 - AWT-EventQueue-0] [ScriptRunner.java:429] [INFO] - Test script deactivated
