[08:28:22 - main] [Cooja.java:1324] [INFO] - > Starting Cooja
[08:28:22 - main] [Cooja.java:2865] [INFO] - External tools default settings: /external_tools_linux.config
[08:28:22 - main] [Cooja.java:2895] [INFO] - External tools user settings: /root/.cooja.user.properties
[08:28:22 - main] [Simulation.java:420] [INFO] - Simulation random seed: 123377
[08:28:22 - main] [Cooja.java:4267] [WARN] - Replaced [CONTIKI_DIR]/examples/PRIMAC/PRI_board_sim/hello-world3.z1 with /home/user/contiki/examples/PRIMAC/PRI_board_sim/hello-world3.z1 (default: /home/user/contiki), but could not find it. This does not have to be an error, as the file might be created later.
[08:28:22 - main] [CompileContiki.java:140] [INFO] - > make hello-world3.z1 TARGET=z1 
[08:28:27 - main] [MspMote.java:235] [INFO] - Loading firmware from: /home/user/contiki/examples/PRIMAC/PRI_board_sim/hello-world3.z1
[08:28:27 - main] [MspMote.java:235] [INFO] - Loading firmware from: /home/user/contiki/examples/PRIMAC/PRI_board_sim/hello-world3.z1
[08:28:27 - main] [MspMote.java:235] [INFO] - Loading firmware from: /home/user/contiki/examples/PRIMAC/PRI_board_sim/hello-world3.z1
[08:28:27 - main] [MspMote.java:235] [INFO] - Loading firmware from: /home/user/contiki/examples/PRIMAC/PRI_board_sim/hello-world3.z1
[08:28:28 - main] [MspMote.java:235] [INFO] - Loading firmware from: /home/user/contiki/examples/PRIMAC/PRI_board_sim/hello-world3.z1
[08:28:28 - main] [MspMote.java:235] [INFO] - Loading firmware from: /home/user/contiki/examples/PRIMAC/PRI_board_sim/hello-world3.z1
[08:28:28 - main] [MspMote.java:235] [INFO] - Loading firmware from: /home/user/contiki/examples/PRIMAC/PRI_board_sim/hello-world3.z1
[08:28:28 - main] [MspMote.java:235] [INFO] - Loading firmware from: /home/user/contiki/examples/PRIMAC/PRI_board_sim/hello-world3.z1
[08:28:28 - main] [MspMote.java:235] [INFO] - Loading firmware from: /home/user/contiki/examples/PRIMAC/PRI_board_sim/hello-world3.z1
[08:28:28 - main] [MspMote.java:235] [INFO] - Loading firmware from: /home/user/contiki/examples/PRIMAC/PRI_board_sim/hello-world3.z1
[08:28:28 - main] [MspMote.java:235] [INFO] - Loading firmware from: /home/user/contiki/examples/PRIMAC/PRI_board_sim/hello-world3.z1
[08:28:28 - main] [MspMote.java:235] [INFO] - Loading firmware from: /home/user/contiki/examples/PRIMAC/PRI_board_sim/hello-world3.z1
[08:28:28 - main] [MspMote.java:235] [INFO] - Loading firmware from: /home/user/contiki/examples/PRIMAC/PRI_board_sim/hello-world3.z1
[08:28:28 - main] [MspMote.java:235] [INFO] - Loading firmware from: /home/user/contiki/examples/PRIMAC/PRI_board_sim/hello-world3.z1
[08:28:28 - main] [MspMote.java:235] [INFO] - Loading firmware from: /home/user/contiki/examples/PRIMAC/PRI_board_sim/hello-world3.z1
[08:28:28 - main] [Cooja.java:1790] [INFO] - Visualized plugin was not started: class org.contikios.cooja.plugins.SimControl
[08:28:28 - main] [Cooja.java:1790] [INFO] - Visualized plugin was not started: class org.contikios.cooja.plugins.Visualizer
[08:28:28 - main] [Cooja.java:1790] [INFO] - Visualized plugin was not started: class org.contikios.cooja.plugins.LogListener
[08:28:28 - main] [Cooja.java:1790] [INFO] - Visualized plugin was not started: class org.contikios.cooja.plugins.TimeLine
[08:28:28 - main] [Cooja.java:1790] [INFO] - Visualized plugin was not started: class org.contikios.cooja.plugins.Notes
[08:28:28 - main] [ScriptRunner.java:429] [INFO] - Test script deactivated
[08:28:28 - main] [LogScriptEngine.java:265] [INFO] - Script timeout in 2400000 ms
[08:28:28 - main] [ScriptRunner.java:386] [INFO] - Test script activated
[08:28:28 - Thread-2] [Simulation.java:252] [INFO] - Simulation main loop started, system time: 1616570908709
[08:28:45 - Thread-2] [LogScriptEngine.java:389] [INFO] - Test script at 5.00%, done in 323.1 sec
[08:28:50 - Thread-2] [LogScriptEngine.java:389] [INFO] - Test script at 10.00%, done in 192.9 sec
[08:28:54 - Thread-2] [LogScriptEngine.java:389] [INFO] - Test script at 15.00%, done in 146.2 sec
[08:28:58 - Thread-2] [LogScriptEngine.java:389] [INFO] - Test script at 20.00%, done in 120.5 sec
[08:29:03 - Thread-2] [LogScriptEngine.java:389] [INFO] - Test script at 25.00%, done in 103.8 sec
[08:29:08 - Thread-2] [LogScriptEngine.java:389] [INFO] - Test script at 30.00%, done in 91.8 sec
[08:29:12 - Thread-2] [LogScriptEngine.java:389] [INFO] - Test script at 35.00%, done in 81.3 sec
[08:29:16 - Thread-2] [LogScriptEngine.java:389] [INFO] - Test script at 40.00%, done in 72.4 sec
[08:29:21 - Thread-2] [LogScriptEngine.java:389] [INFO] - Test script at 45.00%, done in 64.4 sec
[08:29:25 - Thread-2] [LogScriptEngine.java:389] [INFO] - Test script at 50.00%, done in 57.3 sec
[08:29:30 - Thread-2] [LogScriptEngine.java:389] [INFO] - Test script at 55.00%, done in 50.5 sec
[08:29:35 - Thread-2] [LogScriptEngine.java:389] [INFO] - Test script at 60.00%, done in 44.3 sec
[08:29:39 - Thread-2] [LogScriptEngine.java:389] [INFO] - Test script at 65.00%, done in 38.2 sec
[08:29:44 - Thread-2] [LogScriptEngine.java:389] [INFO] - Test script at 70.00%, done in 32.4 sec
[08:29:48 - Thread-2] [LogScriptEngine.java:389] [INFO] - Test script at 75.00%, done in 26.7 sec
[08:29:53 - Thread-2] [LogScriptEngine.java:389] [INFO] - Test script at 80.00%, done in 21.2 sec
[08:29:58 - Thread-2] [LogScriptEngine.java:389] [INFO] - Test script at 85.00%, done in 15.8 sec
[08:30:02 - Thread-2] [LogScriptEngine.java:389] [INFO] - Test script at 90.00%, done in 10.5 sec
[08:30:07 - Thread-2] [LogScriptEngine.java:389] [INFO] - Test script at 95.00%, done in 5.2 sec
[08:30:12 - Thread-2] [LogScriptEngine.java:375] [INFO] - Timeout event @ 2400000000
[08:30:12 - Thread-1] [LogScriptEngine.java:309] [INFO] - Test script finished
[08:30:12 - Thread-2] [Simulation.java:311] [INFO] - Simulation main loop stopped, system time: 1616571012430	Duration: 103721 ms	Simulated time 2400000 ms	Ratio 23.13877480187424
[08:30:12 - AWT-EventQueue-0] [ScriptRunner.java:429] [INFO] - Test script deactivated
