[09:24:26 - main] [Cooja.java:1324] [INFO] - > Starting Cooja
[09:24:26 - main] [Cooja.java:2865] [INFO] - External tools default settings: /external_tools_linux.config
[09:24:26 - main] [Cooja.java:2895] [INFO] - External tools user settings: /root/.cooja.user.properties
[09:24:26 - main] [Simulation.java:420] [INFO] - Simulation random seed: 123377
[09:24:26 - main] [Cooja.java:4267] [WARN] - Replaced [CONTIKI_DIR]/examples/PRIMAC/PRI_board_sim/hello-world3.z1 with /home/user/contiki/examples/PRIMAC/PRI_board_sim/hello-world3.z1 (default: /home/user/contiki), but could not find it. This does not have to be an error, as the file might be created later.
[09:24:26 - main] [CompileContiki.java:140] [INFO] - > make hello-world3.z1 TARGET=z1 
[09:24:31 - main] [MspMote.java:235] [INFO] - Loading firmware from: /home/user/contiki/examples/PRIMAC/PRI_board_sim/hello-world3.z1
[09:24:31 - main] [MspMote.java:235] [INFO] - Loading firmware from: /home/user/contiki/examples/PRIMAC/PRI_board_sim/hello-world3.z1
[09:24:31 - main] [MspMote.java:235] [INFO] - Loading firmware from: /home/user/contiki/examples/PRIMAC/PRI_board_sim/hello-world3.z1
[09:24:31 - main] [MspMote.java:235] [INFO] - Loading firmware from: /home/user/contiki/examples/PRIMAC/PRI_board_sim/hello-world3.z1
[09:24:31 - main] [MspMote.java:235] [INFO] - Loading firmware from: /home/user/contiki/examples/PRIMAC/PRI_board_sim/hello-world3.z1
[09:24:31 - main] [MspMote.java:235] [INFO] - Loading firmware from: /home/user/contiki/examples/PRIMAC/PRI_board_sim/hello-world3.z1
[09:24:31 - main] [MspMote.java:235] [INFO] - Loading firmware from: /home/user/contiki/examples/PRIMAC/PRI_board_sim/hello-world3.z1
[09:24:31 - main] [MspMote.java:235] [INFO] - Loading firmware from: /home/user/contiki/examples/PRIMAC/PRI_board_sim/hello-world3.z1
[09:24:31 - main] [MspMote.java:235] [INFO] - Loading firmware from: /home/user/contiki/examples/PRIMAC/PRI_board_sim/hello-world3.z1
[09:24:31 - main] [MspMote.java:235] [INFO] - Loading firmware from: /home/user/contiki/examples/PRIMAC/PRI_board_sim/hello-world3.z1
[09:24:31 - main] [MspMote.java:235] [INFO] - Loading firmware from: /home/user/contiki/examples/PRIMAC/PRI_board_sim/hello-world3.z1
[09:24:31 - main] [MspMote.java:235] [INFO] - Loading firmware from: /home/user/contiki/examples/PRIMAC/PRI_board_sim/hello-world3.z1
[09:24:31 - main] [MspMote.java:235] [INFO] - Loading firmware from: /home/user/contiki/examples/PRIMAC/PRI_board_sim/hello-world3.z1
[09:24:31 - main] [Cooja.java:1790] [INFO] - Visualized plugin was not started: class org.contikios.cooja.plugins.SimControl
[09:24:31 - main] [Cooja.java:1790] [INFO] - Visualized plugin was not started: class org.contikios.cooja.plugins.Visualizer
[09:24:31 - main] [Cooja.java:1790] [INFO] - Visualized plugin was not started: class org.contikios.cooja.plugins.LogListener
[09:24:31 - main] [Cooja.java:1790] [INFO] - Visualized plugin was not started: class org.contikios.cooja.plugins.TimeLine
[09:24:31 - main] [Cooja.java:1790] [INFO] - Visualized plugin was not started: class org.contikios.cooja.plugins.Notes
[09:24:32 - main] [ScriptRunner.java:429] [INFO] - Test script deactivated
[09:24:32 - main] [LogScriptEngine.java:265] [INFO] - Script timeout in 2400000 ms
[09:24:32 - main] [ScriptRunner.java:386] [INFO] - Test script activated
[09:24:32 - Thread-2] [Simulation.java:252] [INFO] - Simulation main loop started, system time: 1617002672197
[09:24:46 - Thread-2] [LogScriptEngine.java:389] [INFO] - Test script at 5.00%, done in 262.9 sec
[09:24:50 - Thread-2] [LogScriptEngine.java:389] [INFO] - Test script at 10.00%, done in 169.2 sec
[09:24:56 - Thread-2] [LogScriptEngine.java:389] [INFO] - Test script at 15.00%, done in 138.8 sec
[09:25:01 - Thread-2] [LogScriptEngine.java:389] [INFO] - Test script at 20.00%, done in 116.4 sec
[09:25:05 - Thread-2] [LogScriptEngine.java:389] [INFO] - Test script at 25.00%, done in 100.9 sec
[09:25:10 - Thread-2] [LogScriptEngine.java:389] [INFO] - Test script at 30.00%, done in 90.1 sec
[09:25:15 - Thread-2] [LogScriptEngine.java:389] [INFO] - Test script at 35.00%, done in 80.4 sec
[09:25:20 - Thread-2] [LogScriptEngine.java:389] [INFO] - Test script at 40.00%, done in 71.9 sec
[09:25:24 - Thread-2] [LogScriptEngine.java:389] [INFO] - Test script at 45.00%, done in 64.1 sec
[09:25:29 - Thread-2] [LogScriptEngine.java:389] [INFO] - Test script at 50.00%, done in 57.6 sec
[09:25:34 - Thread-2] [LogScriptEngine.java:389] [INFO] - Test script at 55.00%, done in 51.2 sec
[09:25:39 - Thread-2] [LogScriptEngine.java:389] [INFO] - Test script at 60.00%, done in 45.2 sec
[09:25:44 - Thread-2] [LogScriptEngine.java:389] [INFO] - Test script at 65.00%, done in 39.1 sec
[09:25:49 - Thread-2] [LogScriptEngine.java:389] [INFO] - Test script at 70.00%, done in 33.1 sec
[09:25:54 - Thread-2] [LogScriptEngine.java:389] [INFO] - Test script at 75.00%, done in 27.4 sec
[09:25:59 - Thread-2] [LogScriptEngine.java:389] [INFO] - Test script at 80.00%, done in 22.0 sec
[09:26:05 - Thread-2] [LogScriptEngine.java:389] [INFO] - Test script at 85.00%, done in 16.4 sec
[09:26:09 - Thread-2] [LogScriptEngine.java:389] [INFO] - Test script at 90.00%, done in 10.9 sec
[09:26:14 - Thread-2] [LogScriptEngine.java:389] [INFO] - Test script at 95.00%, done in 5.4 sec
[09:26:19 - Thread-2] [LogScriptEngine.java:375] [INFO] - Timeout event @ 2400000000
[09:26:19 - Thread-1] [LogScriptEngine.java:309] [INFO] - Test script finished
[09:26:19 - Thread-2] [Simulation.java:311] [INFO] - Simulation main loop stopped, system time: 1617002779015	Duration: 106818 ms	Simulated time 2400000 ms	Ratio 22.468123349997192
[09:26:19 - AWT-EventQueue-0] [ScriptRunner.java:429] [INFO] - Test script deactivated
