[11:02:24 - main] [Cooja.java:1324] [INFO] - > Starting Cooja
[11:02:25 - main] [Cooja.java:2865] [INFO] - External tools default settings: /external_tools_linux.config
[11:02:25 - main] [Cooja.java:2895] [INFO] - External tools user settings: /root/.cooja.user.properties
[11:02:25 - main] [Simulation.java:420] [INFO] - Simulation random seed: 124377
[11:02:25 - main] [Cooja.java:4267] [WARN] - Replaced [CONTIKI_DIR]/examples/PRIMAC/PRI_board_sim/hello-world3.z1 with /home/user/contiki/examples/PRIMAC/PRI_board_sim/hello-world3.z1 (default: /home/user/contiki), but could not find it. This does not have to be an error, as the file might be created later.
[11:02:25 - main] [CompileContiki.java:140] [INFO] - > make hello-world3.z1 TARGET=z1 
[11:02:31 - main] [MspMote.java:235] [INFO] - Loading firmware from: /home/user/contiki/examples/PRIMAC/PRI_board_sim/hello-world3.z1
[11:02:31 - main] [MspMote.java:235] [INFO] - Loading firmware from: /home/user/contiki/examples/PRIMAC/PRI_board_sim/hello-world3.z1
[11:02:32 - main] [MspMote.java:235] [INFO] - Loading firmware from: /home/user/contiki/examples/PRIMAC/PRI_board_sim/hello-world3.z1
[11:02:32 - main] [MspMote.java:235] [INFO] - Loading firmware from: /home/user/contiki/examples/PRIMAC/PRI_board_sim/hello-world3.z1
[11:02:32 - main] [MspMote.java:235] [INFO] - Loading firmware from: /home/user/contiki/examples/PRIMAC/PRI_board_sim/hello-world3.z1
[11:02:32 - main] [MspMote.java:235] [INFO] - Loading firmware from: /home/user/contiki/examples/PRIMAC/PRI_board_sim/hello-world3.z1
[11:02:32 - main] [MspMote.java:235] [INFO] - Loading firmware from: /home/user/contiki/examples/PRIMAC/PRI_board_sim/hello-world3.z1
[11:02:32 - main] [MspMote.java:235] [INFO] - Loading firmware from: /home/user/contiki/examples/PRIMAC/PRI_board_sim/hello-world3.z1
[11:02:32 - main] [MspMote.java:235] [INFO] - Loading firmware from: /home/user/contiki/examples/PRIMAC/PRI_board_sim/hello-world3.z1
[11:02:32 - main] [MspMote.java:235] [INFO] - Loading firmware from: /home/user/contiki/examples/PRIMAC/PRI_board_sim/hello-world3.z1
[11:02:32 - main] [MspMote.java:235] [INFO] - Loading firmware from: /home/user/contiki/examples/PRIMAC/PRI_board_sim/hello-world3.z1
[11:02:32 - main] [MspMote.java:235] [INFO] - Loading firmware from: /home/user/contiki/examples/PRIMAC/PRI_board_sim/hello-world3.z1
[11:02:32 - main] [MspMote.java:235] [INFO] - Loading firmware from: /home/user/contiki/examples/PRIMAC/PRI_board_sim/hello-world3.z1
[11:02:32 - main] [MspMote.java:235] [INFO] - Loading firmware from: /home/user/contiki/examples/PRIMAC/PRI_board_sim/hello-world3.z1
[11:02:32 - main] [MspMote.java:235] [INFO] - Loading firmware from: /home/user/contiki/examples/PRIMAC/PRI_board_sim/hello-world3.z1
[11:02:32 - main] [Cooja.java:1790] [INFO] - Visualized plugin was not started: class org.contikios.cooja.plugins.SimControl
[11:02:32 - main] [Cooja.java:1790] [INFO] - Visualized plugin was not started: class org.contikios.cooja.plugins.Visualizer
[11:02:32 - main] [Cooja.java:1790] [INFO] - Visualized plugin was not started: class org.contikios.cooja.plugins.LogListener
[11:02:32 - main] [Cooja.java:1790] [INFO] - Visualized plugin was not started: class org.contikios.cooja.plugins.TimeLine
[11:02:32 - main] [Cooja.java:1790] [INFO] - Visualized plugin was not started: class org.contikios.cooja.plugins.Notes
[11:02:32 - main] [ScriptRunner.java:429] [INFO] - Test script deactivated
[11:02:32 - main] [LogScriptEngine.java:265] [INFO] - Script timeout in 2400000 ms
[11:02:32 - main] [ScriptRunner.java:386] [INFO] - Test script activated
[11:02:32 - Thread-2] [Simulation.java:252] [INFO] - Simulation main loop started, system time: 1617008552958
[11:02:50 - Thread-2] [LogScriptEngine.java:389] [INFO] - Test script at 5.00%, done in 342.6 sec
[11:02:55 - Thread-2] [LogScriptEngine.java:389] [INFO] - Test script at 10.00%, done in 204.0 sec
[11:03:00 - Thread-2] [LogScriptEngine.java:389] [INFO] - Test script at 15.00%, done in 155.3 sec
[11:03:05 - Thread-2] [LogScriptEngine.java:389] [INFO] - Test script at 20.00%, done in 128.4 sec
[11:03:09 - Thread-2] [LogScriptEngine.java:389] [INFO] - Test script at 25.00%, done in 111.0 sec
[11:03:14 - Thread-2] [LogScriptEngine.java:389] [INFO] - Test script at 30.00%, done in 97.3 sec
[11:03:19 - Thread-2] [LogScriptEngine.java:389] [INFO] - Test script at 35.00%, done in 86.3 sec
[11:03:24 - Thread-2] [LogScriptEngine.java:389] [INFO] - Test script at 40.00%, done in 76.9 sec
[11:03:29 - Thread-2] [LogScriptEngine.java:389] [INFO] - Test script at 45.00%, done in 68.9 sec
[11:03:35 - Thread-2] [LogScriptEngine.java:389] [INFO] - Test script at 50.00%, done in 62.4 sec
[11:03:40 - Thread-2] [LogScriptEngine.java:389] [INFO] - Test script at 55.00%, done in 55.0 sec
[11:03:45 - Thread-2] [LogScriptEngine.java:389] [INFO] - Test script at 60.00%, done in 48.2 sec
[11:03:50 - Thread-2] [LogScriptEngine.java:389] [INFO] - Test script at 65.00%, done in 41.5 sec
[11:03:55 - Thread-2] [LogScriptEngine.java:389] [INFO] - Test script at 70.00%, done in 35.2 sec
[11:04:00 - Thread-2] [LogScriptEngine.java:389] [INFO] - Test script at 75.00%, done in 29.1 sec
[11:04:05 - Thread-2] [LogScriptEngine.java:389] [INFO] - Test script at 80.00%, done in 23.1 sec
[11:04:10 - Thread-2] [LogScriptEngine.java:389] [INFO] - Test script at 85.00%, done in 17.2 sec
[11:04:15 - Thread-2] [LogScriptEngine.java:389] [INFO] - Test script at 90.00%, done in 11.4 sec
[11:04:20 - Thread-2] [LogScriptEngine.java:389] [INFO] - Test script at 95.00%, done in 5.6 sec
[11:04:25 - Thread-2] [LogScriptEngine.java:375] [INFO] - Timeout event @ 2400000000
[11:04:25 - Thread-1] [LogScriptEngine.java:309] [INFO] - Test script finished
[11:04:25 - Thread-2] [Simulation.java:311] [INFO] - Simulation main loop stopped, system time: 1617008665112	Duration: 112154 ms	Simulated time 2400000 ms	Ratio 21.399147600620577
[11:04:25 - AWT-EventQueue-0] [ScriptRunner.java:429] [INFO] - Test script deactivated
