[13:50:01 - main] [Cooja.java:1324] [INFO] - > Starting Cooja
[13:50:01 - main] [Cooja.java:2865] [INFO] - External tools default settings: /external_tools_linux.config
[13:50:01 - main] [Cooja.java:2895] [INFO] - External tools user settings: /root/.cooja.user.properties
[13:50:01 - main] [Simulation.java:420] [INFO] - Simulation random seed: 123377
[13:50:01 - main] [Cooja.java:4267] [WARN] - Replaced [CONTIKI_DIR]/examples/Acollect/nullrdc/JF-collect.z1 with /home/user/contiki/examples/Acollect/nullrdc/JF-collect.z1 (default: /home/user/contiki), but could not find it. This does not have to be an error, as the file might be created later.
[13:50:01 - main] [CompileContiki.java:140] [INFO] - > make JF-collect.z1 TARGET=z1 
[13:50:06 - main] [MspMote.java:235] [INFO] - Loading firmware from: /home/user/contiki/examples/Acollect/nullrdc/JF-collect.z1
[13:50:06 - main] [MspMote.java:235] [INFO] - Loading firmware from: /home/user/contiki/examples/Acollect/nullrdc/JF-collect.z1
[13:50:06 - main] [MspMote.java:235] [INFO] - Loading firmware from: /home/user/contiki/examples/Acollect/nullrdc/JF-collect.z1
[13:50:07 - main] [MspMote.java:235] [INFO] - Loading firmware from: /home/user/contiki/examples/Acollect/nullrdc/JF-collect.z1
[13:50:07 - main] [MspMote.java:235] [INFO] - Loading firmware from: /home/user/contiki/examples/Acollect/nullrdc/JF-collect.z1
[13:50:07 - main] [MspMote.java:235] [INFO] - Loading firmware from: /home/user/contiki/examples/Acollect/nullrdc/JF-collect.z1
[13:50:07 - main] [MspMote.java:235] [INFO] - Loading firmware from: /home/user/contiki/examples/Acollect/nullrdc/JF-collect.z1
[13:50:07 - main] [MspMote.java:235] [INFO] - Loading firmware from: /home/user/contiki/examples/Acollect/nullrdc/JF-collect.z1
[13:50:07 - main] [MspMote.java:235] [INFO] - Loading firmware from: /home/user/contiki/examples/Acollect/nullrdc/JF-collect.z1
[13:50:07 - main] [MspMote.java:235] [INFO] - Loading firmware from: /home/user/contiki/examples/Acollect/nullrdc/JF-collect.z1
[13:50:07 - main] [MspMote.java:235] [INFO] - Loading firmware from: /home/user/contiki/examples/Acollect/nullrdc/JF-collect.z1
[13:50:07 - main] [MspMote.java:235] [INFO] - Loading firmware from: /home/user/contiki/examples/Acollect/nullrdc/JF-collect.z1
[13:50:07 - main] [MspMote.java:235] [INFO] - Loading firmware from: /home/user/contiki/examples/Acollect/nullrdc/JF-collect.z1
[13:50:07 - main] [Cooja.java:1790] [INFO] - Visualized plugin was not started: class org.contikios.cooja.plugins.SimControl
[13:50:07 - main] [Cooja.java:1790] [INFO] - Visualized plugin was not started: class org.contikios.cooja.plugins.Visualizer
[13:50:07 - main] [Cooja.java:1790] [INFO] - Visualized plugin was not started: class org.contikios.cooja.plugins.LogListener
[13:50:07 - main] [Cooja.java:1790] [INFO] - Visualized plugin was not started: class org.contikios.cooja.plugins.TimeLine
[13:50:07 - main] [Cooja.java:1790] [INFO] - Visualized plugin was not started: class org.contikios.cooja.plugins.Notes
[13:50:07 - main] [ScriptRunner.java:429] [INFO] - Test script deactivated
[13:50:07 - main] [LogScriptEngine.java:265] [INFO] - Script timeout in 2400000 ms
[13:50:07 - main] [ScriptRunner.java:386] [INFO] - Test script activated
[13:50:07 - Thread-2] [Simulation.java:252] [INFO] - Simulation main loop started, system time: 1617969007773
[13:50:19 - Thread-2] [LogScriptEngine.java:389] [INFO] - Test script at 5.00%, done in 231.6 sec
[13:50:22 - Thread-2] [LogScriptEngine.java:389] [INFO] - Test script at 10.00%, done in 129.5 sec
[13:50:25 - Thread-2] [LogScriptEngine.java:389] [INFO] - Test script at 15.00%, done in 100.0 sec
[13:50:28 - Thread-2] [LogScriptEngine.java:389] [INFO] - Test script at 20.00%, done in 82.7 sec
[13:50:31 - Thread-2] [LogScriptEngine.java:389] [INFO] - Test script at 25.00%, done in 72.1 sec
[13:50:34 - Thread-2] [LogScriptEngine.java:389] [INFO] - Test script at 30.00%, done in 63.5 sec
[13:50:38 - Thread-2] [LogScriptEngine.java:389] [INFO] - Test script at 35.00%, done in 56.4 sec
[13:50:41 - Thread-2] [LogScriptEngine.java:389] [INFO] - Test script at 40.00%, done in 50.2 sec
[13:50:44 - Thread-2] [LogScriptEngine.java:389] [INFO] - Test script at 45.00%, done in 44.8 sec
[13:50:47 - Thread-2] [LogScriptEngine.java:389] [INFO] - Test script at 50.00%, done in 40.0 sec
[13:50:50 - Thread-2] [LogScriptEngine.java:389] [INFO] - Test script at 55.00%, done in 35.3 sec
[13:50:54 - Thread-2] [LogScriptEngine.java:389] [INFO] - Test script at 60.00%, done in 30.9 sec
[13:50:57 - Thread-2] [LogScriptEngine.java:389] [INFO] - Test script at 65.00%, done in 26.7 sec
[13:51:00 - Thread-2] [LogScriptEngine.java:389] [INFO] - Test script at 70.00%, done in 22.6 sec
[13:51:03 - Thread-2] [LogScriptEngine.java:389] [INFO] - Test script at 75.00%, done in 18.7 sec
[13:51:06 - Thread-2] [LogScriptEngine.java:389] [INFO] - Test script at 80.00%, done in 14.8 sec
[13:51:10 - Thread-2] [LogScriptEngine.java:389] [INFO] - Test script at 85.00%, done in 11.0 sec
[13:51:13 - Thread-2] [LogScriptEngine.java:389] [INFO] - Test script at 90.00%, done in 7.3 sec
[13:51:16 - Thread-2] [LogScriptEngine.java:389] [INFO] - Test script at 95.00%, done in 3.6 sec
[13:51:19 - Thread-2] [LogScriptEngine.java:375] [INFO] - Timeout event @ 2400000000
[13:51:19 - Thread-1] [LogScriptEngine.java:309] [INFO] - Test script finished
[13:51:19 - Thread-2] [Simulation.java:311] [INFO] - Simulation main loop stopped, system time: 1617969079770	Duration: 71997 ms	Simulated time 2400000 ms	Ratio 33.334722280095
[13:51:20 - AWT-EventQueue-0] [ScriptRunner.java:429] [INFO] - Test script deactivated
