[20:44:43 - main] [Cooja.java:1324] [INFO] - > Starting Cooja
[20:44:43 - main] [Cooja.java:2865] [INFO] - External tools default settings: /external_tools_linux.config
[20:44:43 - main] [Cooja.java:2895] [INFO] - External tools user settings: /root/.cooja.user.properties
[20:44:43 - main] [Simulation.java:420] [INFO] - Simulation random seed: 123377
[20:44:43 - main] [Cooja.java:4267] [WARN] - Replaced [CONTIKI_DIR]/examples/PRIMAC/PRI_board_sim/hello-world3.z1 with /home/user/contiki/examples/PRIMAC/PRI_board_sim/hello-world3.z1 (default: /home/user/contiki), but could not find it. This does not have to be an error, as the file might be created later.
[20:44:43 - main] [CompileContiki.java:140] [INFO] - > make hello-world3.z1 TARGET=z1 
[20:44:52 - main] [MspMote.java:235] [INFO] - Loading firmware from: /home/user/contiki/examples/PRIMAC/PRI_board_sim/hello-world3.z1
[20:44:52 - main] [MspMote.java:235] [INFO] - Loading firmware from: /home/user/contiki/examples/PRIMAC/PRI_board_sim/hello-world3.z1
[20:44:52 - main] [MspMote.java:235] [INFO] - Loading firmware from: /home/user/contiki/examples/PRIMAC/PRI_board_sim/hello-world3.z1
[20:44:52 - main] [MspMote.java:235] [INFO] - Loading firmware from: /home/user/contiki/examples/PRIMAC/PRI_board_sim/hello-world3.z1
[20:44:52 - main] [MspMote.java:235] [INFO] - Loading firmware from: /home/user/contiki/examples/PRIMAC/PRI_board_sim/hello-world3.z1
[20:44:52 - main] [MspMote.java:235] [INFO] - Loading firmware from: /home/user/contiki/examples/PRIMAC/PRI_board_sim/hello-world3.z1
[20:44:52 - main] [MspMote.java:235] [INFO] - Loading firmware from: /home/user/contiki/examples/PRIMAC/PRI_board_sim/hello-world3.z1
[20:44:52 - main] [MspMote.java:235] [INFO] - Loading firmware from: /home/user/contiki/examples/PRIMAC/PRI_board_sim/hello-world3.z1
[20:44:52 - main] [MspMote.java:235] [INFO] - Loading firmware from: /home/user/contiki/examples/PRIMAC/PRI_board_sim/hello-world3.z1
[20:44:52 - main] [MspMote.java:235] [INFO] - Loading firmware from: /home/user/contiki/examples/PRIMAC/PRI_board_sim/hello-world3.z1
[20:44:52 - main] [MspMote.java:235] [INFO] - Loading firmware from: /home/user/contiki/examples/PRIMAC/PRI_board_sim/hello-world3.z1
[20:44:52 - main] [MspMote.java:235] [INFO] - Loading firmware from: /home/user/contiki/examples/PRIMAC/PRI_board_sim/hello-world3.z1
[20:44:52 - main] [MspMote.java:235] [INFO] - Loading firmware from: /home/user/contiki/examples/PRIMAC/PRI_board_sim/hello-world3.z1
[20:44:52 - main] [MspMote.java:235] [INFO] - Loading firmware from: /home/user/contiki/examples/PRIMAC/PRI_board_sim/hello-world3.z1
[20:44:52 - main] [Cooja.java:1790] [INFO] - Visualized plugin was not started: class org.contikios.cooja.plugins.SimControl
[20:44:52 - main] [Cooja.java:1790] [INFO] - Visualized plugin was not started: class org.contikios.cooja.plugins.Visualizer
[20:44:52 - main] [Cooja.java:1790] [INFO] - Visualized plugin was not started: class org.contikios.cooja.plugins.LogListener
[20:44:52 - main] [Cooja.java:1790] [INFO] - Visualized plugin was not started: class org.contikios.cooja.plugins.TimeLine
[20:44:53 - main] [Cooja.java:1790] [INFO] - Visualized plugin was not started: class org.contikios.cooja.plugins.Notes
[20:44:53 - main] [ScriptRunner.java:429] [INFO] - Test script deactivated
[20:44:53 - main] [LogScriptEngine.java:265] [INFO] - Script timeout in 2400000 ms
[20:44:53 - main] [ScriptRunner.java:386] [INFO] - Test script activated
[20:44:53 - Thread-2] [Simulation.java:252] [INFO] - Simulation main loop started, system time: 1616442293317
[20:45:08 - Thread-2] [LogScriptEngine.java:389] [INFO] - Test script at 5.00%, done in 286.3 sec
[20:45:11 - Thread-2] [LogScriptEngine.java:389] [INFO] - Test script at 10.00%, done in 165.7 sec
[20:45:15 - Thread-2] [LogScriptEngine.java:389] [INFO] - Test script at 15.00%, done in 124.0 sec
[20:45:18 - Thread-2] [LogScriptEngine.java:389] [INFO] - Test script at 20.00%, done in 101.4 sec
[20:45:22 - Thread-2] [LogScriptEngine.java:389] [INFO] - Test script at 25.00%, done in 86.6 sec
[20:45:25 - Thread-2] [LogScriptEngine.java:389] [INFO] - Test script at 30.00%, done in 75.5 sec
[20:45:29 - Thread-2] [LogScriptEngine.java:389] [INFO] - Test script at 35.00%, done in 66.6 sec
[20:45:32 - Thread-2] [LogScriptEngine.java:389] [INFO] - Test script at 40.00%, done in 59.1 sec
[20:45:36 - Thread-2] [LogScriptEngine.java:389] [INFO] - Test script at 45.00%, done in 52.5 sec
[20:45:40 - Thread-2] [LogScriptEngine.java:389] [INFO] - Test script at 50.00%, done in 46.8 sec
[20:45:44 - Thread-2] [LogScriptEngine.java:389] [INFO] - Test script at 55.00%, done in 42.1 sec
[20:45:48 - Thread-2] [LogScriptEngine.java:389] [INFO] - Test script at 60.00%, done in 36.7 sec
[20:45:51 - Thread-2] [LogScriptEngine.java:389] [INFO] - Test script at 65.00%, done in 31.6 sec
[20:45:55 - Thread-2] [LogScriptEngine.java:389] [INFO] - Test script at 70.00%, done in 26.7 sec
[20:45:59 - Thread-2] [LogScriptEngine.java:389] [INFO] - Test script at 75.00%, done in 22.0 sec
[20:46:02 - Thread-2] [LogScriptEngine.java:389] [INFO] - Test script at 80.00%, done in 17.4 sec
[20:46:06 - Thread-2] [LogScriptEngine.java:389] [INFO] - Test script at 85.00%, done in 12.9 sec
[20:46:10 - Thread-2] [LogScriptEngine.java:389] [INFO] - Test script at 90.00%, done in 8.5 sec
[20:46:13 - Thread-2] [LogScriptEngine.java:389] [INFO] - Test script at 95.00%, done in 4.2 sec
[20:46:17 - Thread-2] [LogScriptEngine.java:375] [INFO] - Timeout event @ 2400000000
[20:46:17 - Thread-1] [LogScriptEngine.java:309] [INFO] - Test script finished
[20:46:17 - Thread-2] [Simulation.java:311] [INFO] - Simulation main loop stopped, system time: 1616442377352	Duration: 84035 ms	Simulated time 2400000 ms	Ratio 28.559528767775333
[20:46:17 - AWT-EventQueue-0] [ScriptRunner.java:429] [INFO] - Test script deactivated
