[15:58:38 - main] [Cooja.java:1324] [INFO] - > Starting Cooja
[15:58:39 - main] [Cooja.java:2865] [INFO] - External tools default settings: /external_tools_linux.config
[15:58:39 - main] [Cooja.java:2895] [INFO] - External tools user settings: /root/.cooja.user.properties
[15:58:39 - main] [Simulation.java:420] [INFO] - Simulation random seed: 123477
[15:58:39 - main] [Cooja.java:4267] [WARN] - Replaced [CONTIKI_DIR]/examples/Acollect/nullrdc/JF-collect.z1 with /home/user/contiki/examples/Acollect/nullrdc/JF-collect.z1 (default: /home/user/contiki), but could not find it. This does not have to be an error, as the file might be created later.
[15:58:39 - main] [CompileContiki.java:140] [INFO] - > make JF-collect.z1 TARGET=z1 
[15:58:45 - main] [MspMote.java:235] [INFO] - Loading firmware from: /home/user/contiki/examples/Acollect/nullrdc/JF-collect.z1
[15:58:45 - main] [MspMote.java:235] [INFO] - Loading firmware from: /home/user/contiki/examples/Acollect/nullrdc/JF-collect.z1
[15:58:45 - main] [MspMote.java:235] [INFO] - Loading firmware from: /home/user/contiki/examples/Acollect/nullrdc/JF-collect.z1
[15:58:45 - main] [MspMote.java:235] [INFO] - Loading firmware from: /home/user/contiki/examples/Acollect/nullrdc/JF-collect.z1
[15:58:45 - main] [MspMote.java:235] [INFO] - Loading firmware from: /home/user/contiki/examples/Acollect/nullrdc/JF-collect.z1
[15:58:45 - main] [MspMote.java:235] [INFO] - Loading firmware from: /home/user/contiki/examples/Acollect/nullrdc/JF-collect.z1
[15:58:45 - main] [MspMote.java:235] [INFO] - Loading firmware from: /home/user/contiki/examples/Acollect/nullrdc/JF-collect.z1
[15:58:45 - main] [MspMote.java:235] [INFO] - Loading firmware from: /home/user/contiki/examples/Acollect/nullrdc/JF-collect.z1
[15:58:45 - main] [MspMote.java:235] [INFO] - Loading firmware from: /home/user/contiki/examples/Acollect/nullrdc/JF-collect.z1
[15:58:45 - main] [MspMote.java:235] [INFO] - Loading firmware from: /home/user/contiki/examples/Acollect/nullrdc/JF-collect.z1
[15:58:46 - main] [MspMote.java:235] [INFO] - Loading firmware from: /home/user/contiki/examples/Acollect/nullrdc/JF-collect.z1
[15:58:46 - main] [MspMote.java:235] [INFO] - Loading firmware from: /home/user/contiki/examples/Acollect/nullrdc/JF-collect.z1
[15:58:46 - main] [MspMote.java:235] [INFO] - Loading firmware from: /home/user/contiki/examples/Acollect/nullrdc/JF-collect.z1
[15:58:46 - main] [MspMote.java:235] [INFO] - Loading firmware from: /home/user/contiki/examples/Acollect/nullrdc/JF-collect.z1
[15:58:46 - main] [MspMote.java:235] [INFO] - Loading firmware from: /home/user/contiki/examples/Acollect/nullrdc/JF-collect.z1
[15:58:46 - main] [MspMote.java:235] [INFO] - Loading firmware from: /home/user/contiki/examples/Acollect/nullrdc/JF-collect.z1
[15:58:46 - main] [MspMote.java:235] [INFO] - Loading firmware from: /home/user/contiki/examples/Acollect/nullrdc/JF-collect.z1
[15:58:46 - main] [MspMote.java:235] [INFO] - Loading firmware from: /home/user/contiki/examples/Acollect/nullrdc/JF-collect.z1
[15:58:46 - main] [MspMote.java:235] [INFO] - Loading firmware from: /home/user/contiki/examples/Acollect/nullrdc/JF-collect.z1
[15:58:46 - main] [Cooja.java:1790] [INFO] - Visualized plugin was not started: class org.contikios.cooja.plugins.SimControl
[15:58:46 - main] [Cooja.java:1790] [INFO] - Visualized plugin was not started: class org.contikios.cooja.plugins.Visualizer
[15:58:46 - main] [Cooja.java:1790] [INFO] - Visualized plugin was not started: class org.contikios.cooja.plugins.LogListener
[15:58:47 - main] [Cooja.java:1790] [INFO] - Visualized plugin was not started: class org.contikios.cooja.plugins.TimeLine
[15:58:47 - main] [Cooja.java:1790] [INFO] - Visualized plugin was not started: class org.contikios.cooja.plugins.Notes
[15:58:47 - main] [ScriptRunner.java:429] [INFO] - Test script deactivated
[15:58:47 - main] [LogScriptEngine.java:265] [INFO] - Script timeout in 2400000 ms
[15:58:47 - main] [ScriptRunner.java:386] [INFO] - Test script activated
[15:58:47 - Thread-2] [Simulation.java:252] [INFO] - Simulation main loop started, system time: 1622210327391
[15:58:47 - main] [Cooja.java:1790] [INFO] - Visualized plugin was not started: class org.contikios.cooja.plugins.SimControl
[15:59:32 - Thread-2] [LogScriptEngine.java:389] [INFO] - Test script at 5.00%, done in 864.3 sec
[15:59:54 - Thread-2] [LogScriptEngine.java:389] [INFO] - Test script at 10.00%, done in 604.5 sec
[16:00:55 - Thread-2] [LogScriptEngine.java:389] [INFO] - Test script at 15.00%, done in 723.7 sec
[16:02:28 - Thread-2] [LogScriptEngine.java:389] [INFO] - Test script at 20.00%, done in 886.1 sec
[16:04:02 - Thread-2] [LogScriptEngine.java:389] [INFO] - Test script at 25.00%, done in 944.2 sec
[16:05:27 - Thread-2] [LogScriptEngine.java:389] [INFO] - Test script at 30.00%, done in 934.0 sec
[16:06:38 - Thread-2] [LogScriptEngine.java:389] [INFO] - Test script at 35.00%, done in 875.3 sec
[16:07:52 - Thread-2] [LogScriptEngine.java:389] [INFO] - Test script at 40.00%, done in 818.4 sec
[16:08:58 - Thread-2] [LogScriptEngine.java:389] [INFO] - Test script at 45.00%, done in 746.8 sec
[16:10:11 - Thread-2] [LogScriptEngine.java:389] [INFO] - Test script at 50.00%, done in 684.1 sec
[16:11:22 - Thread-2] [LogScriptEngine.java:389] [INFO] - Test script at 55.00%, done in 618.2 sec
[16:12:32 - Thread-2] [LogScriptEngine.java:389] [INFO] - Test script at 60.00%, done in 550.2 sec
[16:13:45 - Thread-2] [LogScriptEngine.java:389] [INFO] - Test script at 65.00%, done in 483.5 sec
[16:15:04 - Thread-2] [LogScriptEngine.java:389] [INFO] - Test script at 70.00%, done in 419.0 sec
[16:16:20 - Thread-2] [LogScriptEngine.java:389] [INFO] - Test script at 75.00%, done in 351.0 sec
[16:17:27 - Thread-2] [LogScriptEngine.java:389] [INFO] - Test script at 80.00%, done in 280.1 sec
[16:18:49 - Thread-2] [LogScriptEngine.java:389] [INFO] - Test script at 85.00%, done in 212.1 sec
[16:20:08 - Thread-2] [LogScriptEngine.java:389] [INFO] - Test script at 90.00%, done in 142.3 sec
[16:21:18 - Thread-2] [LogScriptEngine.java:389] [INFO] - Test script at 95.00%, done in 71.1 sec
[16:22:33 - Thread-2] [LogScriptEngine.java:375] [INFO] - Timeout event @ 2400000000
[16:22:33 - Thread-1] [LogScriptEngine.java:309] [INFO] - Test script finished
[16:22:33 - Thread-2] [Simulation.java:311] [INFO] - Simulation main loop stopped, system time: 1622211753846	Duration: 1426455 ms	Simulated time 2400000 ms	Ratio 1.682491433314452
[16:22:34 - AWT-EventQueue-0] [ScriptRunner.java:429] [INFO] - Test script deactivated
[16:22:34 - Thread-3] [AbstractRadioMedium.java:198] [FATAL] - Connection source turned off radio: org.contikios.cooja.mspmote.interfaces.Msp802154Radio@3d2c31
[16:22:34 - Thread-3] [AbstractRadioMedium.java:198] [FATAL] - Connection source turned off radio: org.contikios.cooja.mspmote.interfaces.Msp802154Radio@105d0ae
