[08:19:23 - main] [Cooja.java:1324] [INFO] - > Starting Cooja
[08:19:23 - main] [Cooja.java:2865] [INFO] - External tools default settings: /external_tools_linux.config
[08:19:23 - main] [Cooja.java:2895] [INFO] - External tools user settings: /root/.cooja.user.properties
[08:19:24 - main] [Simulation.java:420] [INFO] - Simulation random seed: 123377
[08:19:24 - main] [Cooja.java:4267] [WARN] - Replaced [CONTIKI_DIR]/examples/PRIMAC/PRI_board_sim/hello-world3.z1 with /home/user/contiki/examples/PRIMAC/PRI_board_sim/hello-world3.z1 (default: /home/user/contiki), but could not find it. This does not have to be an error, as the file might be created later.
[08:19:24 - main] [CompileContiki.java:140] [INFO] - > make hello-world3.z1 TARGET=z1 
[08:19:29 - main] [MspMote.java:235] [INFO] - Loading firmware from: /home/user/contiki/examples/PRIMAC/PRI_board_sim/hello-world3.z1
[08:19:29 - main] [MspMote.java:235] [INFO] - Loading firmware from: /home/user/contiki/examples/PRIMAC/PRI_board_sim/hello-world3.z1
[08:19:29 - main] [MspMote.java:235] [INFO] - Loading firmware from: /home/user/contiki/examples/PRIMAC/PRI_board_sim/hello-world3.z1
[08:19:29 - main] [MspMote.java:235] [INFO] - Loading firmware from: /home/user/contiki/examples/PRIMAC/PRI_board_sim/hello-world3.z1
[08:19:29 - main] [MspMote.java:235] [INFO] - Loading firmware from: /home/user/contiki/examples/PRIMAC/PRI_board_sim/hello-world3.z1
[08:19:29 - main] [MspMote.java:235] [INFO] - Loading firmware from: /home/user/contiki/examples/PRIMAC/PRI_board_sim/hello-world3.z1
[08:19:29 - main] [MspMote.java:235] [INFO] - Loading firmware from: /home/user/contiki/examples/PRIMAC/PRI_board_sim/hello-world3.z1
[08:19:29 - main] [MspMote.java:235] [INFO] - Loading firmware from: /home/user/contiki/examples/PRIMAC/PRI_board_sim/hello-world3.z1
[08:19:29 - main] [MspMote.java:235] [INFO] - Loading firmware from: /home/user/contiki/examples/PRIMAC/PRI_board_sim/hello-world3.z1
[08:19:29 - main] [MspMote.java:235] [INFO] - Loading firmware from: /home/user/contiki/examples/PRIMAC/PRI_board_sim/hello-world3.z1
[08:19:29 - main] [MspMote.java:235] [INFO] - Loading firmware from: /home/user/contiki/examples/PRIMAC/PRI_board_sim/hello-world3.z1
[08:19:29 - main] [MspMote.java:235] [INFO] - Loading firmware from: /home/user/contiki/examples/PRIMAC/PRI_board_sim/hello-world3.z1
[08:19:29 - main] [MspMote.java:235] [INFO] - Loading firmware from: /home/user/contiki/examples/PRIMAC/PRI_board_sim/hello-world3.z1
[08:19:29 - main] [MspMote.java:235] [INFO] - Loading firmware from: /home/user/contiki/examples/PRIMAC/PRI_board_sim/hello-world3.z1
[08:19:29 - main] [MspMote.java:235] [INFO] - Loading firmware from: /home/user/contiki/examples/PRIMAC/PRI_board_sim/hello-world3.z1
[08:19:29 - main] [Cooja.java:1790] [INFO] - Visualized plugin was not started: class org.contikios.cooja.plugins.SimControl
[08:19:29 - main] [Cooja.java:1790] [INFO] - Visualized plugin was not started: class org.contikios.cooja.plugins.Visualizer
[08:19:29 - main] [Cooja.java:1790] [INFO] - Visualized plugin was not started: class org.contikios.cooja.plugins.LogListener
[08:19:29 - main] [Cooja.java:1790] [INFO] - Visualized plugin was not started: class org.contikios.cooja.plugins.TimeLine
[08:19:29 - main] [Cooja.java:1790] [INFO] - Visualized plugin was not started: class org.contikios.cooja.plugins.Notes
[08:19:30 - main] [ScriptRunner.java:429] [INFO] - Test script deactivated
[08:19:30 - main] [LogScriptEngine.java:265] [INFO] - Script timeout in 2400000 ms
[08:19:30 - main] [ScriptRunner.java:386] [INFO] - Test script activated
[08:19:30 - Thread-2] [Simulation.java:252] [INFO] - Simulation main loop started, system time: 1616570370170
[08:19:46 - Thread-2] [LogScriptEngine.java:389] [INFO] - Test script at 5.00%, done in 307.2 sec
[08:19:49 - Thread-2] [LogScriptEngine.java:389] [INFO] - Test script at 10.00%, done in 176.9 sec
[08:19:53 - Thread-2] [LogScriptEngine.java:389] [INFO] - Test script at 15.00%, done in 131.9 sec
[08:19:57 - Thread-2] [LogScriptEngine.java:389] [INFO] - Test script at 20.00%, done in 107.5 sec
[08:20:00 - Thread-2] [LogScriptEngine.java:389] [INFO] - Test script at 25.00%, done in 91.7 sec
[08:20:04 - Thread-2] [LogScriptEngine.java:389] [INFO] - Test script at 30.00%, done in 79.8 sec
[08:20:08 - Thread-2] [LogScriptEngine.java:389] [INFO] - Test script at 35.00%, done in 70.3 sec
[08:20:11 - Thread-2] [LogScriptEngine.java:389] [INFO] - Test script at 40.00%, done in 62.3 sec
[08:20:15 - Thread-2] [LogScriptEngine.java:389] [INFO] - Test script at 45.00%, done in 55.2 sec
[08:20:19 - Thread-2] [LogScriptEngine.java:389] [INFO] - Test script at 50.00%, done in 49.0 sec
[08:20:22 - Thread-2] [LogScriptEngine.java:389] [INFO] - Test script at 55.00%, done in 43.2 sec
[08:20:26 - Thread-2] [LogScriptEngine.java:389] [INFO] - Test script at 60.00%, done in 37.7 sec
[08:20:30 - Thread-2] [LogScriptEngine.java:389] [INFO] - Test script at 65.00%, done in 32.5 sec
[08:20:34 - Thread-2] [LogScriptEngine.java:389] [INFO] - Test script at 70.00%, done in 27.5 sec
[08:20:37 - Thread-2] [LogScriptEngine.java:389] [INFO] - Test script at 75.00%, done in 22.6 sec
[08:20:41 - Thread-2] [LogScriptEngine.java:389] [INFO] - Test script at 80.00%, done in 17.9 sec
[08:20:45 - Thread-2] [LogScriptEngine.java:389] [INFO] - Test script at 85.00%, done in 13.3 sec
[08:20:49 - Thread-2] [LogScriptEngine.java:389] [INFO] - Test script at 90.00%, done in 8.8 sec
[08:20:53 - Thread-2] [LogScriptEngine.java:389] [INFO] - Test script at 95.00%, done in 4.4 sec
[08:20:56 - Thread-2] [LogScriptEngine.java:375] [INFO] - Timeout event @ 2400000000
[08:20:56 - Thread-1] [LogScriptEngine.java:309] [INFO] - Test script finished
[08:20:56 - Thread-2] [Simulation.java:311] [INFO] - Simulation main loop stopped, system time: 1616570456937	Duration: 86767 ms	Simulated time 2400000 ms	Ratio 27.66028559244874
[08:20:57 - AWT-EventQueue-0] [ScriptRunner.java:429] [INFO] - Test script deactivated
