[19:59:54 - main] [Cooja.java:1324] [INFO] - > Starting Cooja
[19:59:54 - main] [Cooja.java:2865] [INFO] - External tools default settings: /external_tools_linux.config
[19:59:54 - main] [Cooja.java:2895] [INFO] - External tools user settings: /root/.cooja.user.properties
[19:59:54 - main] [Simulation.java:420] [INFO] - Simulation random seed: 123477
[19:59:54 - main] [Cooja.java:4267] [WARN] - Replaced [CONTIKI_DIR]/examples/Acollect/nullrdc/JF-collect.z1 with /home/user/contiki/examples/Acollect/nullrdc/JF-collect.z1 (default: /home/user/contiki), but could not find it. This does not have to be an error, as the file might be created later.
[19:59:54 - main] [CompileContiki.java:140] [INFO] - > make JF-collect.z1 TARGET=z1 
[20:00:02 - main] [MspMote.java:235] [INFO] - Loading firmware from: /home/user/contiki/examples/Acollect/nullrdc/JF-collect.z1
[20:00:02 - main] [MspMote.java:235] [INFO] - Loading firmware from: /home/user/contiki/examples/Acollect/nullrdc/JF-collect.z1
[20:00:02 - main] [MspMote.java:235] [INFO] - Loading firmware from: /home/user/contiki/examples/Acollect/nullrdc/JF-collect.z1
[20:00:03 - main] [MspMote.java:235] [INFO] - Loading firmware from: /home/user/contiki/examples/Acollect/nullrdc/JF-collect.z1
[20:00:03 - main] [MspMote.java:235] [INFO] - Loading firmware from: /home/user/contiki/examples/Acollect/nullrdc/JF-collect.z1
[20:00:03 - main] [MspMote.java:235] [INFO] - Loading firmware from: /home/user/contiki/examples/Acollect/nullrdc/JF-collect.z1
[20:00:03 - main] [MspMote.java:235] [INFO] - Loading firmware from: /home/user/contiki/examples/Acollect/nullrdc/JF-collect.z1
[20:00:03 - main] [MspMote.java:235] [INFO] - Loading firmware from: /home/user/contiki/examples/Acollect/nullrdc/JF-collect.z1
[20:00:03 - main] [MspMote.java:235] [INFO] - Loading firmware from: /home/user/contiki/examples/Acollect/nullrdc/JF-collect.z1
[20:00:03 - main] [MspMote.java:235] [INFO] - Loading firmware from: /home/user/contiki/examples/Acollect/nullrdc/JF-collect.z1
[20:00:03 - main] [MspMote.java:235] [INFO] - Loading firmware from: /home/user/contiki/examples/Acollect/nullrdc/JF-collect.z1
[20:00:03 - main] [MspMote.java:235] [INFO] - Loading firmware from: /home/user/contiki/examples/Acollect/nullrdc/JF-collect.z1
[20:00:03 - main] [MspMote.java:235] [INFO] - Loading firmware from: /home/user/contiki/examples/Acollect/nullrdc/JF-collect.z1
[20:00:03 - main] [MspMote.java:235] [INFO] - Loading firmware from: /home/user/contiki/examples/Acollect/nullrdc/JF-collect.z1
[20:00:03 - main] [MspMote.java:235] [INFO] - Loading firmware from: /home/user/contiki/examples/Acollect/nullrdc/JF-collect.z1
[20:00:03 - main] [MspMote.java:235] [INFO] - Loading firmware from: /home/user/contiki/examples/Acollect/nullrdc/JF-collect.z1
[20:00:03 - main] [MspMote.java:235] [INFO] - Loading firmware from: /home/user/contiki/examples/Acollect/nullrdc/JF-collect.z1
[20:00:03 - main] [MspMote.java:235] [INFO] - Loading firmware from: /home/user/contiki/examples/Acollect/nullrdc/JF-collect.z1
[20:00:03 - main] [MspMote.java:235] [INFO] - Loading firmware from: /home/user/contiki/examples/Acollect/nullrdc/JF-collect.z1
[20:00:03 - main] [Cooja.java:1790] [INFO] - Visualized plugin was not started: class org.contikios.cooja.plugins.SimControl
[20:00:03 - main] [Cooja.java:1790] [INFO] - Visualized plugin was not started: class org.contikios.cooja.plugins.Visualizer
[20:00:03 - main] [Cooja.java:1790] [INFO] - Visualized plugin was not started: class org.contikios.cooja.plugins.LogListener
[20:00:03 - main] [Cooja.java:1790] [INFO] - Visualized plugin was not started: class org.contikios.cooja.plugins.TimeLine
[20:00:03 - main] [Cooja.java:1790] [INFO] - Visualized plugin was not started: class org.contikios.cooja.plugins.Notes
[20:00:04 - main] [ScriptRunner.java:429] [INFO] - Test script deactivated
[20:00:04 - main] [LogScriptEngine.java:265] [INFO] - Script timeout in 2400000 ms
[20:00:04 - main] [ScriptRunner.java:386] [INFO] - Test script activated
[20:00:04 - Thread-2] [Simulation.java:252] [INFO] - Simulation main loop started, system time: 1622224804366
[20:00:04 - main] [Cooja.java:1790] [INFO] - Visualized plugin was not started: class org.contikios.cooja.plugins.SimControl
[20:00:28 - Thread-2] [LogScriptEngine.java:389] [INFO] - Test script at 5.00%, done in 454.2 sec
[20:00:32 - Thread-2] [LogScriptEngine.java:389] [INFO] - Test script at 10.00%, done in 254.1 sec
[20:00:38 - Thread-2] [LogScriptEngine.java:389] [INFO] - Test script at 15.00%, done in 193.9 sec
[20:00:44 - Thread-2] [LogScriptEngine.java:389] [INFO] - Test script at 20.00%, done in 160.7 sec
[20:00:50 - Thread-2] [LogScriptEngine.java:389] [INFO] - Test script at 25.00%, done in 138.6 sec
[20:00:56 - Thread-2] [LogScriptEngine.java:389] [INFO] - Test script at 30.00%, done in 121.0 sec
[20:01:02 - Thread-2] [LogScriptEngine.java:389] [INFO] - Test script at 35.00%, done in 107.3 sec
[20:01:09 - Thread-2] [LogScriptEngine.java:389] [INFO] - Test script at 40.00%, done in 97.9 sec
[20:01:15 - Thread-2] [LogScriptEngine.java:389] [INFO] - Test script at 45.00%, done in 87.2 sec
[20:01:22 - Thread-2] [LogScriptEngine.java:389] [INFO] - Test script at 50.00%, done in 77.7 sec
[20:01:28 - Thread-2] [LogScriptEngine.java:389] [INFO] - Test script at 55.00%, done in 68.9 sec
[20:01:36 - Thread-2] [LogScriptEngine.java:389] [INFO] - Test script at 60.00%, done in 61.1 sec
[20:01:42 - Thread-2] [LogScriptEngine.java:389] [INFO] - Test script at 65.00%, done in 52.8 sec
[20:01:49 - Thread-2] [LogScriptEngine.java:389] [INFO] - Test script at 70.00%, done in 45.1 sec
[20:01:55 - Thread-2] [LogScriptEngine.java:389] [INFO] - Test script at 75.00%, done in 37.1 sec
[20:02:02 - Thread-2] [LogScriptEngine.java:389] [INFO] - Test script at 80.00%, done in 29.5 sec
[20:02:08 - Thread-2] [LogScriptEngine.java:389] [INFO] - Test script at 85.00%, done in 21.9 sec
[20:02:15 - Thread-2] [LogScriptEngine.java:389] [INFO] - Test script at 90.00%, done in 14.5 sec
[20:02:24 - Thread-2] [LogScriptEngine.java:389] [INFO] - Test script at 95.00%, done in 7.4 sec
[20:02:31 - Thread-2] [LogScriptEngine.java:375] [INFO] - Timeout event @ 2400000000
[20:02:31 - Thread-1] [LogScriptEngine.java:309] [INFO] - Test script finished
[20:02:31 - Thread-2] [Simulation.java:311] [INFO] - Simulation main loop stopped, system time: 1622224951314	Duration: 146948 ms	Simulated time 2400000 ms	Ratio 16.332308027329397
[20:02:31 - AWT-EventQueue-0] [ScriptRunner.java:429] [INFO] - Test script deactivated
