[20:55:04 - main] [Cooja.java:1324] [INFO] - > Starting Cooja
[20:55:04 - main] [Cooja.java:2865] [INFO] - External tools default settings: /external_tools_linux.config
[20:55:04 - main] [Cooja.java:2895] [INFO] - External tools user settings: /root/.cooja.user.properties
[20:55:04 - main] [Simulation.java:420] [INFO] - Simulation random seed: 123377
[20:55:04 - main] [Cooja.java:4267] [WARN] - Replaced [CONTIKI_DIR]/examples/PRIMAC/PRI_board_sim/hello-world3.z1 with /home/user/contiki/examples/PRIMAC/PRI_board_sim/hello-world3.z1 (default: /home/user/contiki), but could not find it. This does not have to be an error, as the file might be created later.
[20:55:04 - main] [CompileContiki.java:140] [INFO] - > make hello-world3.z1 TARGET=z1 
[20:55:10 - main] [MspMote.java:235] [INFO] - Loading firmware from: /home/user/contiki/examples/PRIMAC/PRI_board_sim/hello-world3.z1
[20:55:10 - main] [MspMote.java:235] [INFO] - Loading firmware from: /home/user/contiki/examples/PRIMAC/PRI_board_sim/hello-world3.z1
[20:55:10 - main] [MspMote.java:235] [INFO] - Loading firmware from: /home/user/contiki/examples/PRIMAC/PRI_board_sim/hello-world3.z1
[20:55:10 - main] [MspMote.java:235] [INFO] - Loading firmware from: /home/user/contiki/examples/PRIMAC/PRI_board_sim/hello-world3.z1
[20:55:10 - main] [MspMote.java:235] [INFO] - Loading firmware from: /home/user/contiki/examples/PRIMAC/PRI_board_sim/hello-world3.z1
[20:55:10 - main] [MspMote.java:235] [INFO] - Loading firmware from: /home/user/contiki/examples/PRIMAC/PRI_board_sim/hello-world3.z1
[20:55:10 - main] [MspMote.java:235] [INFO] - Loading firmware from: /home/user/contiki/examples/PRIMAC/PRI_board_sim/hello-world3.z1
[20:55:10 - main] [MspMote.java:235] [INFO] - Loading firmware from: /home/user/contiki/examples/PRIMAC/PRI_board_sim/hello-world3.z1
[20:55:11 - main] [MspMote.java:235] [INFO] - Loading firmware from: /home/user/contiki/examples/PRIMAC/PRI_board_sim/hello-world3.z1
[20:55:11 - main] [MspMote.java:235] [INFO] - Loading firmware from: /home/user/contiki/examples/PRIMAC/PRI_board_sim/hello-world3.z1
[20:55:11 - main] [MspMote.java:235] [INFO] - Loading firmware from: /home/user/contiki/examples/PRIMAC/PRI_board_sim/hello-world3.z1
[20:55:11 - main] [MspMote.java:235] [INFO] - Loading firmware from: /home/user/contiki/examples/PRIMAC/PRI_board_sim/hello-world3.z1
[20:55:11 - main] [MspMote.java:235] [INFO] - Loading firmware from: /home/user/contiki/examples/PRIMAC/PRI_board_sim/hello-world3.z1
[20:55:11 - main] [MspMote.java:235] [INFO] - Loading firmware from: /home/user/contiki/examples/PRIMAC/PRI_board_sim/hello-world3.z1
[20:55:11 - main] [Cooja.java:1790] [INFO] - Visualized plugin was not started: class org.contikios.cooja.plugins.SimControl
[20:55:11 - main] [Cooja.java:1790] [INFO] - Visualized plugin was not started: class org.contikios.cooja.plugins.Visualizer
[20:55:11 - main] [Cooja.java:1790] [INFO] - Visualized plugin was not started: class org.contikios.cooja.plugins.LogListener
[20:55:11 - main] [Cooja.java:1790] [INFO] - Visualized plugin was not started: class org.contikios.cooja.plugins.TimeLine
[20:55:11 - main] [Cooja.java:1790] [INFO] - Visualized plugin was not started: class org.contikios.cooja.plugins.Notes
[20:55:11 - main] [ScriptRunner.java:429] [INFO] - Test script deactivated
[20:55:11 - main] [LogScriptEngine.java:265] [INFO] - Script timeout in 2400000 ms
[20:55:11 - main] [ScriptRunner.java:386] [INFO] - Test script activated
[20:55:11 - Thread-2] [Simulation.java:252] [INFO] - Simulation main loop started, system time: 1616442911702
[20:55:28 - Thread-2] [LogScriptEngine.java:389] [INFO] - Test script at 5.00%, done in 321.7 sec
[20:55:32 - Thread-2] [LogScriptEngine.java:389] [INFO] - Test script at 10.00%, done in 189.2 sec
[20:55:36 - Thread-2] [LogScriptEngine.java:389] [INFO] - Test script at 15.00%, done in 140.4 sec
[20:55:39 - Thread-2] [LogScriptEngine.java:389] [INFO] - Test script at 20.00%, done in 112.2 sec
[20:55:43 - Thread-2] [LogScriptEngine.java:389] [INFO] - Test script at 25.00%, done in 94.2 sec
[20:55:46 - Thread-2] [LogScriptEngine.java:389] [INFO] - Test script at 30.00%, done in 80.9 sec
[20:55:49 - Thread-2] [LogScriptEngine.java:389] [INFO] - Test script at 35.00%, done in 70.6 sec
[20:55:53 - Thread-2] [LogScriptEngine.java:389] [INFO] - Test script at 40.00%, done in 62.0 sec
[20:55:56 - Thread-2] [LogScriptEngine.java:389] [INFO] - Test script at 45.00%, done in 54.6 sec
[20:55:59 - Thread-2] [LogScriptEngine.java:389] [INFO] - Test script at 50.00%, done in 48.0 sec
[20:56:03 - Thread-2] [LogScriptEngine.java:389] [INFO] - Test script at 55.00%, done in 42.1 sec
[20:56:06 - Thread-2] [LogScriptEngine.java:389] [INFO] - Test script at 60.00%, done in 36.5 sec
[20:56:09 - Thread-2] [LogScriptEngine.java:389] [INFO] - Test script at 65.00%, done in 31.3 sec
[20:56:13 - Thread-2] [LogScriptEngine.java:389] [INFO] - Test script at 70.00%, done in 26.4 sec
[20:56:16 - Thread-2] [LogScriptEngine.java:389] [INFO] - Test script at 75.00%, done in 21.7 sec
[20:56:20 - Thread-2] [LogScriptEngine.java:389] [INFO] - Test script at 80.00%, done in 17.3 sec
[20:56:24 - Thread-2] [LogScriptEngine.java:389] [INFO] - Test script at 85.00%, done in 12.9 sec
[20:56:28 - Thread-2] [LogScriptEngine.java:389] [INFO] - Test script at 90.00%, done in 8.5 sec
[20:56:32 - Thread-2] [LogScriptEngine.java:389] [INFO] - Test script at 95.00%, done in 4.2 sec
[20:56:35 - Thread-2] [LogScriptEngine.java:375] [INFO] - Timeout event @ 2400000000
[20:56:35 - Thread-1] [LogScriptEngine.java:309] [INFO] - Test script finished
[20:56:35 - Thread-2] [Simulation.java:311] [INFO] - Simulation main loop stopped, system time: 1616442995816	Duration: 84114 ms	Simulated time 2400000 ms	Ratio 28.532705613809828
[20:56:36 - AWT-EventQueue-0] [ScriptRunner.java:429] [INFO] - Test script deactivated
