[10:04:00 - main] [Cooja.java:1324] [INFO] - > Starting Cooja
[10:04:00 - main] [Cooja.java:2865] [INFO] - External tools default settings: /external_tools_linux.config
[10:04:00 - main] [Cooja.java:2895] [INFO] - External tools user settings: /root/.cooja.user.properties
[10:04:01 - main] [Simulation.java:420] [INFO] - Simulation random seed: 123377
[10:04:01 - main] [Cooja.java:4267] [WARN] - Replaced [CONTIKI_DIR]/examples/PRIMAC/PRI_board_sim/hello-world3.z1 with /home/user/contiki/examples/PRIMAC/PRI_board_sim/hello-world3.z1 (default: /home/user/contiki), but could not find it. This does not have to be an error, as the file might be created later.
[10:04:01 - main] [CompileContiki.java:140] [INFO] - > make hello-world3.z1 TARGET=z1 
[10:04:05 - main] [MspMote.java:235] [INFO] - Loading firmware from: /home/user/contiki/examples/PRIMAC/PRI_board_sim/hello-world3.z1
[10:04:06 - main] [MspMote.java:235] [INFO] - Loading firmware from: /home/user/contiki/examples/PRIMAC/PRI_board_sim/hello-world3.z1
[10:04:06 - main] [MspMote.java:235] [INFO] - Loading firmware from: /home/user/contiki/examples/PRIMAC/PRI_board_sim/hello-world3.z1
[10:04:06 - main] [MspMote.java:235] [INFO] - Loading firmware from: /home/user/contiki/examples/PRIMAC/PRI_board_sim/hello-world3.z1
[10:04:06 - main] [MspMote.java:235] [INFO] - Loading firmware from: /home/user/contiki/examples/PRIMAC/PRI_board_sim/hello-world3.z1
[10:04:06 - main] [MspMote.java:235] [INFO] - Loading firmware from: /home/user/contiki/examples/PRIMAC/PRI_board_sim/hello-world3.z1
[10:04:06 - main] [MspMote.java:235] [INFO] - Loading firmware from: /home/user/contiki/examples/PRIMAC/PRI_board_sim/hello-world3.z1
[10:04:06 - main] [MspMote.java:235] [INFO] - Loading firmware from: /home/user/contiki/examples/PRIMAC/PRI_board_sim/hello-world3.z1
[10:04:06 - main] [MspMote.java:235] [INFO] - Loading firmware from: /home/user/contiki/examples/PRIMAC/PRI_board_sim/hello-world3.z1
[10:04:06 - main] [MspMote.java:235] [INFO] - Loading firmware from: /home/user/contiki/examples/PRIMAC/PRI_board_sim/hello-world3.z1
[10:04:06 - main] [MspMote.java:235] [INFO] - Loading firmware from: /home/user/contiki/examples/PRIMAC/PRI_board_sim/hello-world3.z1
[10:04:06 - main] [MspMote.java:235] [INFO] - Loading firmware from: /home/user/contiki/examples/PRIMAC/PRI_board_sim/hello-world3.z1
[10:04:06 - main] [MspMote.java:235] [INFO] - Loading firmware from: /home/user/contiki/examples/PRIMAC/PRI_board_sim/hello-world3.z1
[10:04:06 - main] [MspMote.java:235] [INFO] - Loading firmware from: /home/user/contiki/examples/PRIMAC/PRI_board_sim/hello-world3.z1
[10:04:06 - main] [Cooja.java:1790] [INFO] - Visualized plugin was not started: class org.contikios.cooja.plugins.SimControl
[10:04:06 - main] [Cooja.java:1790] [INFO] - Visualized plugin was not started: class org.contikios.cooja.plugins.Visualizer
[10:04:06 - main] [Cooja.java:1790] [INFO] - Visualized plugin was not started: class org.contikios.cooja.plugins.LogListener
[10:04:06 - main] [Cooja.java:1790] [INFO] - Visualized plugin was not started: class org.contikios.cooja.plugins.TimeLine
[10:04:06 - main] [Cooja.java:1790] [INFO] - Visualized plugin was not started: class org.contikios.cooja.plugins.Notes
[10:04:06 - main] [ScriptRunner.java:429] [INFO] - Test script deactivated
[10:04:06 - main] [LogScriptEngine.java:265] [INFO] - Script timeout in 2400000 ms
[10:04:06 - main] [ScriptRunner.java:386] [INFO] - Test script activated
[10:04:06 - Thread-2] [Simulation.java:252] [INFO] - Simulation main loop started, system time: 1617005046870
[10:04:23 - Thread-2] [LogScriptEngine.java:389] [INFO] - Test script at 5.00%, done in 314.9 sec
[10:04:27 - Thread-2] [LogScriptEngine.java:389] [INFO] - Test script at 10.00%, done in 186.4 sec
[10:04:31 - Thread-2] [LogScriptEngine.java:389] [INFO] - Test script at 15.00%, done in 140.5 sec
[10:04:35 - Thread-2] [LogScriptEngine.java:389] [INFO] - Test script at 20.00%, done in 116.0 sec
[10:04:40 - Thread-2] [LogScriptEngine.java:389] [INFO] - Test script at 25.00%, done in 99.8 sec
[10:04:44 - Thread-2] [LogScriptEngine.java:389] [INFO] - Test script at 30.00%, done in 87.3 sec
[10:04:48 - Thread-2] [LogScriptEngine.java:389] [INFO] - Test script at 35.00%, done in 77.3 sec
[10:04:52 - Thread-2] [LogScriptEngine.java:389] [INFO] - Test script at 40.00%, done in 68.7 sec
[10:04:57 - Thread-2] [LogScriptEngine.java:389] [INFO] - Test script at 45.00%, done in 61.3 sec
[10:05:01 - Thread-2] [LogScriptEngine.java:389] [INFO] - Test script at 50.00%, done in 55.1 sec
[10:05:07 - Thread-2] [LogScriptEngine.java:389] [INFO] - Test script at 55.00%, done in 49.2 sec
[10:05:12 - Thread-2] [LogScriptEngine.java:389] [INFO] - Test script at 60.00%, done in 43.5 sec
[10:05:17 - Thread-2] [LogScriptEngine.java:389] [INFO] - Test script at 65.00%, done in 37.9 sec
[10:05:23 - Thread-2] [LogScriptEngine.java:389] [INFO] - Test script at 70.00%, done in 33.0 sec
[10:05:28 - Thread-2] [LogScriptEngine.java:389] [INFO] - Test script at 75.00%, done in 27.1 sec
[10:05:32 - Thread-2] [LogScriptEngine.java:389] [INFO] - Test script at 80.00%, done in 21.4 sec
[10:05:37 - Thread-2] [LogScriptEngine.java:389] [INFO] - Test script at 85.00%, done in 15.9 sec
[10:05:41 - Thread-2] [LogScriptEngine.java:389] [INFO] - Test script at 90.00%, done in 10.5 sec
[10:05:45 - Thread-2] [LogScriptEngine.java:389] [INFO] - Test script at 95.00%, done in 5.2 sec
[10:05:50 - Thread-2] [LogScriptEngine.java:375] [INFO] - Timeout event @ 2400000000
[10:05:50 - Thread-1] [LogScriptEngine.java:309] [INFO] - Test script finished
[10:05:50 - Thread-2] [Simulation.java:311] [INFO] - Simulation main loop stopped, system time: 1617005150417	Duration: 103547 ms	Simulated time 2400000 ms	Ratio 23.17788057597033
[10:05:50 - AWT-EventQueue-0] [ScriptRunner.java:429] [INFO] - Test script deactivated
