[08:05:37 - main] [Cooja.java:1324] [INFO] - > Starting Cooja
[08:05:37 - main] [Cooja.java:2865] [INFO] - External tools default settings: /external_tools_linux.config
[08:05:37 - main] [Cooja.java:2895] [INFO] - External tools user settings: /root/.cooja.user.properties
[08:05:37 - main] [Simulation.java:420] [INFO] - Simulation random seed: 123377
[08:05:37 - main] [Cooja.java:4267] [WARN] - Replaced [CONTIKI_DIR]/examples/PRIMAC/PRI_board_sim/hello-world3.z1 with /home/user/contiki/examples/PRIMAC/PRI_board_sim/hello-world3.z1 (default: /home/user/contiki), but could not find it. This does not have to be an error, as the file might be created later.
[08:05:37 - main] [CompileContiki.java:140] [INFO] - > make hello-world3.z1 TARGET=z1 
[08:05:42 - main] [MspMote.java:235] [INFO] - Loading firmware from: /home/user/contiki/examples/PRIMAC/PRI_board_sim/hello-world3.z1
[08:05:42 - main] [MspMote.java:235] [INFO] - Loading firmware from: /home/user/contiki/examples/PRIMAC/PRI_board_sim/hello-world3.z1
[08:05:42 - main] [MspMote.java:235] [INFO] - Loading firmware from: /home/user/contiki/examples/PRIMAC/PRI_board_sim/hello-world3.z1
[08:05:42 - main] [MspMote.java:235] [INFO] - Loading firmware from: /home/user/contiki/examples/PRIMAC/PRI_board_sim/hello-world3.z1
[08:05:43 - main] [MspMote.java:235] [INFO] - Loading firmware from: /home/user/contiki/examples/PRIMAC/PRI_board_sim/hello-world3.z1
[08:05:43 - main] [MspMote.java:235] [INFO] - Loading firmware from: /home/user/contiki/examples/PRIMAC/PRI_board_sim/hello-world3.z1
[08:05:43 - main] [MspMote.java:235] [INFO] - Loading firmware from: /home/user/contiki/examples/PRIMAC/PRI_board_sim/hello-world3.z1
[08:05:43 - main] [MspMote.java:235] [INFO] - Loading firmware from: /home/user/contiki/examples/PRIMAC/PRI_board_sim/hello-world3.z1
[08:05:43 - main] [MspMote.java:235] [INFO] - Loading firmware from: /home/user/contiki/examples/PRIMAC/PRI_board_sim/hello-world3.z1
[08:05:43 - main] [MspMote.java:235] [INFO] - Loading firmware from: /home/user/contiki/examples/PRIMAC/PRI_board_sim/hello-world3.z1
[08:05:43 - main] [MspMote.java:235] [INFO] - Loading firmware from: /home/user/contiki/examples/PRIMAC/PRI_board_sim/hello-world3.z1
[08:05:43 - main] [MspMote.java:235] [INFO] - Loading firmware from: /home/user/contiki/examples/PRIMAC/PRI_board_sim/hello-world3.z1
[08:05:43 - main] [MspMote.java:235] [INFO] - Loading firmware from: /home/user/contiki/examples/PRIMAC/PRI_board_sim/hello-world3.z1
[08:05:43 - main] [MspMote.java:235] [INFO] - Loading firmware from: /home/user/contiki/examples/PRIMAC/PRI_board_sim/hello-world3.z1
[08:05:43 - main] [MspMote.java:235] [INFO] - Loading firmware from: /home/user/contiki/examples/PRIMAC/PRI_board_sim/hello-world3.z1
[08:05:43 - main] [Cooja.java:1790] [INFO] - Visualized plugin was not started: class org.contikios.cooja.plugins.SimControl
[08:05:43 - main] [Cooja.java:1790] [INFO] - Visualized plugin was not started: class org.contikios.cooja.plugins.Visualizer
[08:05:43 - main] [Cooja.java:1790] [INFO] - Visualized plugin was not started: class org.contikios.cooja.plugins.LogListener
[08:05:43 - main] [Cooja.java:1790] [INFO] - Visualized plugin was not started: class org.contikios.cooja.plugins.TimeLine
[08:05:43 - main] [Cooja.java:1790] [INFO] - Visualized plugin was not started: class org.contikios.cooja.plugins.Notes
[08:05:43 - main] [ScriptRunner.java:429] [INFO] - Test script deactivated
[08:05:43 - main] [LogScriptEngine.java:265] [INFO] - Script timeout in 2400000 ms
[08:05:43 - main] [ScriptRunner.java:386] [INFO] - Test script activated
[08:05:43 - Thread-2] [Simulation.java:252] [INFO] - Simulation main loop started, system time: 1616569543798
[08:05:59 - Thread-2] [LogScriptEngine.java:389] [INFO] - Test script at 5.00%, done in 307.6 sec
[08:06:03 - Thread-2] [LogScriptEngine.java:389] [INFO] - Test script at 10.00%, done in 179.2 sec
[08:06:07 - Thread-2] [LogScriptEngine.java:389] [INFO] - Test script at 15.00%, done in 134.5 sec
[08:06:11 - Thread-2] [LogScriptEngine.java:389] [INFO] - Test script at 20.00%, done in 110.1 sec
[08:06:15 - Thread-2] [LogScriptEngine.java:389] [INFO] - Test script at 25.00%, done in 94.2 sec
[08:06:18 - Thread-2] [LogScriptEngine.java:389] [INFO] - Test script at 30.00%, done in 82.1 sec
[08:06:22 - Thread-2] [LogScriptEngine.java:389] [INFO] - Test script at 35.00%, done in 72.6 sec
[08:06:26 - Thread-2] [LogScriptEngine.java:389] [INFO] - Test script at 40.00%, done in 64.5 sec
[08:06:30 - Thread-2] [LogScriptEngine.java:389] [INFO] - Test script at 45.00%, done in 57.2 sec
[08:06:34 - Thread-2] [LogScriptEngine.java:389] [INFO] - Test script at 50.00%, done in 50.7 sec
[08:06:38 - Thread-2] [LogScriptEngine.java:389] [INFO] - Test script at 55.00%, done in 44.8 sec
[08:06:42 - Thread-2] [LogScriptEngine.java:389] [INFO] - Test script at 60.00%, done in 39.1 sec
[08:06:46 - Thread-2] [LogScriptEngine.java:389] [INFO] - Test script at 65.00%, done in 33.8 sec
[08:06:50 - Thread-2] [LogScriptEngine.java:389] [INFO] - Test script at 70.00%, done in 28.6 sec
[08:06:54 - Thread-2] [LogScriptEngine.java:389] [INFO] - Test script at 75.00%, done in 23.6 sec
[08:06:58 - Thread-2] [LogScriptEngine.java:389] [INFO] - Test script at 80.00%, done in 18.7 sec
[08:07:02 - Thread-2] [LogScriptEngine.java:389] [INFO] - Test script at 85.00%, done in 14.0 sec
[08:07:06 - Thread-2] [LogScriptEngine.java:389] [INFO] - Test script at 90.00%, done in 9.2 sec
[08:07:10 - Thread-2] [LogScriptEngine.java:389] [INFO] - Test script at 95.00%, done in 4.6 sec
[08:07:15 - Thread-2] [LogScriptEngine.java:375] [INFO] - Timeout event @ 2400000000
[08:07:15 - Thread-1] [LogScriptEngine.java:309] [INFO] - Test script finished
[08:07:15 - Thread-2] [Simulation.java:311] [INFO] - Simulation main loop stopped, system time: 1616569635092	Duration: 91294 ms	Simulated time 2400000 ms	Ratio 26.288693670997
[08:07:15 - AWT-EventQueue-0] [ScriptRunner.java:429] [INFO] - Test script deactivated
