[15:45:56 - main] [Cooja.java:1324] [INFO] - > Starting Cooja
[15:45:56 - main] [Cooja.java:2865] [INFO] - External tools default settings: /external_tools_linux.config
[15:45:56 - main] [Cooja.java:2895] [INFO] - External tools user settings: /root/.cooja.user.properties
[15:45:57 - main] [Simulation.java:420] [INFO] - Simulation random seed: 123377
[15:45:57 - main] [Cooja.java:4267] [WARN] - Replaced [CONTIKI_DIR]/examples/Acollect/nullrdc/JF-collect.z1 with /home/user/contiki/examples/Acollect/nullrdc/JF-collect.z1 (default: /home/user/contiki), but could not find it. This does not have to be an error, as the file might be created later.
[15:45:57 - main] [CompileContiki.java:140] [INFO] - > make JF-collect.z1 TARGET=z1 
[15:46:02 - main] [MspMote.java:235] [INFO] - Loading firmware from: /home/user/contiki/examples/Acollect/nullrdc/JF-collect.z1
[15:46:03 - main] [MspMote.java:235] [INFO] - Loading firmware from: /home/user/contiki/examples/Acollect/nullrdc/JF-collect.z1
[15:46:03 - main] [MspMote.java:235] [INFO] - Loading firmware from: /home/user/contiki/examples/Acollect/nullrdc/JF-collect.z1
[15:46:03 - main] [MspMote.java:235] [INFO] - Loading firmware from: /home/user/contiki/examples/Acollect/nullrdc/JF-collect.z1
[15:46:03 - main] [MspMote.java:235] [INFO] - Loading firmware from: /home/user/contiki/examples/Acollect/nullrdc/JF-collect.z1
[15:46:03 - main] [MspMote.java:235] [INFO] - Loading firmware from: /home/user/contiki/examples/Acollect/nullrdc/JF-collect.z1
[15:46:03 - main] [MspMote.java:235] [INFO] - Loading firmware from: /home/user/contiki/examples/Acollect/nullrdc/JF-collect.z1
[15:46:03 - main] [MspMote.java:235] [INFO] - Loading firmware from: /home/user/contiki/examples/Acollect/nullrdc/JF-collect.z1
[15:46:03 - main] [MspMote.java:235] [INFO] - Loading firmware from: /home/user/contiki/examples/Acollect/nullrdc/JF-collect.z1
[15:46:03 - main] [MspMote.java:235] [INFO] - Loading firmware from: /home/user/contiki/examples/Acollect/nullrdc/JF-collect.z1
[15:46:03 - main] [MspMote.java:235] [INFO] - Loading firmware from: /home/user/contiki/examples/Acollect/nullrdc/JF-collect.z1
[15:46:03 - main] [MspMote.java:235] [INFO] - Loading firmware from: /home/user/contiki/examples/Acollect/nullrdc/JF-collect.z1
[15:46:03 - main] [MspMote.java:235] [INFO] - Loading firmware from: /home/user/contiki/examples/Acollect/nullrdc/JF-collect.z1
[15:46:03 - main] [Cooja.java:1790] [INFO] - Visualized plugin was not started: class org.contikios.cooja.plugins.SimControl
[15:46:03 - main] [Cooja.java:1790] [INFO] - Visualized plugin was not started: class org.contikios.cooja.plugins.Visualizer
[15:46:03 - main] [Cooja.java:1790] [INFO] - Visualized plugin was not started: class org.contikios.cooja.plugins.LogListener
[15:46:03 - main] [Cooja.java:1790] [INFO] - Visualized plugin was not started: class org.contikios.cooja.plugins.TimeLine
[15:46:03 - main] [Cooja.java:1790] [INFO] - Visualized plugin was not started: class org.contikios.cooja.plugins.Notes
[15:46:04 - main] [ScriptRunner.java:429] [INFO] - Test script deactivated
[15:46:04 - main] [LogScriptEngine.java:265] [INFO] - Script timeout in 2400000 ms
[15:46:04 - main] [ScriptRunner.java:386] [INFO] - Test script activated
[15:46:04 - Thread-2] [Simulation.java:252] [INFO] - Simulation main loop started, system time: 1617975964233
[15:46:35 - Thread-2] [LogScriptEngine.java:389] [INFO] - Test script at 5.00%, done in 597.9 sec
[15:46:54 - Thread-2] [LogScriptEngine.java:389] [INFO] - Test script at 10.00%, done in 453.4 sec
[15:47:53 - Thread-2] [LogScriptEngine.java:389] [INFO] - Test script at 15.00%, done in 617.5 sec
[15:48:59 - Thread-2] [LogScriptEngine.java:389] [INFO] - Test script at 20.00%, done in 700.0 sec
[15:50:15 - Thread-2] [LogScriptEngine.java:389] [INFO] - Test script at 25.00%, done in 752.4 sec
[15:51:23 - Thread-2] [LogScriptEngine.java:389] [INFO] - Test script at 30.00%, done in 745.6 sec
[15:52:25 - Thread-2] [LogScriptEngine.java:389] [INFO] - Test script at 35.00%, done in 707.5 sec
[15:53:31 - Thread-2] [LogScriptEngine.java:389] [INFO] - Test script at 40.00%, done in 670.8 sec
[15:54:36 - Thread-2] [LogScriptEngine.java:389] [INFO] - Test script at 45.00%, done in 626.5 sec
[15:55:43 - Thread-2] [LogScriptEngine.java:389] [INFO] - Test script at 50.00%, done in 579.3 sec
[15:56:56 - Thread-2] [LogScriptEngine.java:389] [INFO] - Test script at 55.00%, done in 533.3 sec
[15:58:01 - Thread-2] [LogScriptEngine.java:389] [INFO] - Test script at 60.00%, done in 478.0 sec
[15:59:04 - Thread-2] [LogScriptEngine.java:389] [INFO] - Test script at 65.00%, done in 420.3 sec
[16:00:08 - Thread-2] [LogScriptEngine.java:389] [INFO] - Test script at 70.00%, done in 361.7 sec
[16:01:08 - Thread-2] [LogScriptEngine.java:389] [INFO] - Test script at 75.00%, done in 301.3 sec
[16:02:12 - Thread-2] [LogScriptEngine.java:389] [INFO] - Test script at 80.00%, done in 242.1 sec
[16:03:15 - Thread-2] [LogScriptEngine.java:389] [INFO] - Test script at 85.00%, done in 181.9 sec
[16:04:18 - Thread-2] [LogScriptEngine.java:389] [INFO] - Test script at 90.00%, done in 121.6 sec
[16:05:23 - Thread-2] [LogScriptEngine.java:389] [INFO] - Test script at 95.00%, done in 61.0 sec
[16:06:29 - Thread-2] [LogScriptEngine.java:375] [INFO] - Timeout event @ 2400000000
[16:06:29 - Thread-1] [LogScriptEngine.java:309] [INFO] - Test script finished
[16:06:29 - Thread-2] [Simulation.java:311] [INFO] - Simulation main loop stopped, system time: 1617977189711	Duration: 1225479 ms	Simulated time 2400000 ms	Ratio 1.9584178921058624
[16:06:30 - AWT-EventQueue-0] [ScriptRunner.java:429] [INFO] - Test script deactivated
[16:06:30 - Thread-3] [AbstractRadioMedium.java:198] [FATAL] - Connection source turned off radio: org.contikios.cooja.mspmote.interfaces.Msp802154Radio@76e500
