[20:06:18 - main] [Cooja.java:1324] [INFO] - > Starting Cooja
[20:06:18 - main] [Cooja.java:2865] [INFO] - External tools default settings: /external_tools_linux.config
[20:06:18 - main] [Cooja.java:2895] [INFO] - External tools user settings: /root/.cooja.user.properties
[20:06:18 - main] [Simulation.java:420] [INFO] - Simulation random seed: 123477
[20:06:18 - main] [Cooja.java:4267] [WARN] - Replaced [CONTIKI_DIR]/examples/Acollect/nullrdc/JF-collect.z1 with /home/user/contiki/examples/Acollect/nullrdc/JF-collect.z1 (default: /home/user/contiki), but could not find it. This does not have to be an error, as the file might be created later.
[20:06:18 - main] [CompileContiki.java:140] [INFO] - > make JF-collect.z1 TARGET=z1 
[20:06:23 - main] [MspMote.java:235] [INFO] - Loading firmware from: /home/user/contiki/examples/Acollect/nullrdc/JF-collect.z1
[20:06:24 - main] [MspMote.java:235] [INFO] - Loading firmware from: /home/user/contiki/examples/Acollect/nullrdc/JF-collect.z1
[20:06:24 - main] [MspMote.java:235] [INFO] - Loading firmware from: /home/user/contiki/examples/Acollect/nullrdc/JF-collect.z1
[20:06:24 - main] [MspMote.java:235] [INFO] - Loading firmware from: /home/user/contiki/examples/Acollect/nullrdc/JF-collect.z1
[20:06:24 - main] [MspMote.java:235] [INFO] - Loading firmware from: /home/user/contiki/examples/Acollect/nullrdc/JF-collect.z1
[20:06:24 - main] [MspMote.java:235] [INFO] - Loading firmware from: /home/user/contiki/examples/Acollect/nullrdc/JF-collect.z1
[20:06:24 - main] [MspMote.java:235] [INFO] - Loading firmware from: /home/user/contiki/examples/Acollect/nullrdc/JF-collect.z1
[20:06:24 - main] [MspMote.java:235] [INFO] - Loading firmware from: /home/user/contiki/examples/Acollect/nullrdc/JF-collect.z1
[20:06:24 - main] [MspMote.java:235] [INFO] - Loading firmware from: /home/user/contiki/examples/Acollect/nullrdc/JF-collect.z1
[20:06:24 - main] [MspMote.java:235] [INFO] - Loading firmware from: /home/user/contiki/examples/Acollect/nullrdc/JF-collect.z1
[20:06:24 - main] [MspMote.java:235] [INFO] - Loading firmware from: /home/user/contiki/examples/Acollect/nullrdc/JF-collect.z1
[20:06:24 - main] [MspMote.java:235] [INFO] - Loading firmware from: /home/user/contiki/examples/Acollect/nullrdc/JF-collect.z1
[20:06:24 - main] [MspMote.java:235] [INFO] - Loading firmware from: /home/user/contiki/examples/Acollect/nullrdc/JF-collect.z1
[20:06:24 - main] [MspMote.java:235] [INFO] - Loading firmware from: /home/user/contiki/examples/Acollect/nullrdc/JF-collect.z1
[20:06:24 - main] [MspMote.java:235] [INFO] - Loading firmware from: /home/user/contiki/examples/Acollect/nullrdc/JF-collect.z1
[20:06:24 - main] [MspMote.java:235] [INFO] - Loading firmware from: /home/user/contiki/examples/Acollect/nullrdc/JF-collect.z1
[20:06:24 - main] [MspMote.java:235] [INFO] - Loading firmware from: /home/user/contiki/examples/Acollect/nullrdc/JF-collect.z1
[20:06:24 - main] [MspMote.java:235] [INFO] - Loading firmware from: /home/user/contiki/examples/Acollect/nullrdc/JF-collect.z1
[20:06:24 - main] [MspMote.java:235] [INFO] - Loading firmware from: /home/user/contiki/examples/Acollect/nullrdc/JF-collect.z1
[20:06:24 - main] [Cooja.java:1790] [INFO] - Visualized plugin was not started: class org.contikios.cooja.plugins.SimControl
[20:06:24 - main] [Cooja.java:1790] [INFO] - Visualized plugin was not started: class org.contikios.cooja.plugins.Visualizer
[20:06:24 - main] [Cooja.java:1790] [INFO] - Visualized plugin was not started: class org.contikios.cooja.plugins.LogListener
[20:06:24 - main] [Cooja.java:1790] [INFO] - Visualized plugin was not started: class org.contikios.cooja.plugins.TimeLine
[20:06:24 - main] [Cooja.java:1790] [INFO] - Visualized plugin was not started: class org.contikios.cooja.plugins.Notes
[20:06:25 - main] [ScriptRunner.java:429] [INFO] - Test script deactivated
[20:06:25 - main] [LogScriptEngine.java:265] [INFO] - Script timeout in 2400000 ms
[20:06:25 - main] [ScriptRunner.java:386] [INFO] - Test script activated
[20:06:25 - Thread-2] [Simulation.java:252] [INFO] - Simulation main loop started, system time: 1622225185159
[20:06:25 - main] [Cooja.java:1790] [INFO] - Visualized plugin was not started: class org.contikios.cooja.plugins.SimControl
[20:06:46 - Thread-2] [LogScriptEngine.java:389] [INFO] - Test script at 5.00%, done in 401.7 sec
[20:06:50 - Thread-2] [LogScriptEngine.java:389] [INFO] - Test script at 10.00%, done in 232.0 sec
[20:06:57 - Thread-2] [LogScriptEngine.java:389] [INFO] - Test script at 15.00%, done in 184.2 sec
[20:07:03 - Thread-2] [LogScriptEngine.java:389] [INFO] - Test script at 20.00%, done in 151.5 sec
[20:07:08 - Thread-2] [LogScriptEngine.java:389] [INFO] - Test script at 25.00%, done in 130.2 sec
[20:07:13 - Thread-2] [LogScriptEngine.java:389] [INFO] - Test script at 30.00%, done in 112.4 sec
[20:07:19 - Thread-2] [LogScriptEngine.java:389] [INFO] - Test script at 35.00%, done in 100.3 sec
[20:07:28 - Thread-2] [LogScriptEngine.java:389] [INFO] - Test script at 40.00%, done in 94.6 sec
[20:07:35 - Thread-2] [LogScriptEngine.java:389] [INFO] - Test script at 45.00%, done in 85.8 sec
[20:07:41 - Thread-2] [LogScriptEngine.java:389] [INFO] - Test script at 50.00%, done in 76.8 sec
[20:07:49 - Thread-2] [LogScriptEngine.java:389] [INFO] - Test script at 55.00%, done in 69.0 sec
[20:07:58 - Thread-2] [LogScriptEngine.java:389] [INFO] - Test script at 60.00%, done in 62.1 sec
[20:08:05 - Thread-2] [LogScriptEngine.java:389] [INFO] - Test script at 65.00%, done in 54.3 sec
[20:08:13 - Thread-2] [LogScriptEngine.java:389] [INFO] - Test script at 70.00%, done in 46.6 sec
[20:08:22 - Thread-2] [LogScriptEngine.java:389] [INFO] - Test script at 75.00%, done in 39.1 sec
[20:08:30 - Thread-2] [LogScriptEngine.java:389] [INFO] - Test script at 80.00%, done in 31.3 sec
[20:08:38 - Thread-2] [LogScriptEngine.java:389] [INFO] - Test script at 85.00%, done in 23.5 sec
[20:08:46 - Thread-2] [LogScriptEngine.java:389] [INFO] - Test script at 90.00%, done in 15.7 sec
[20:08:53 - Thread-2] [LogScriptEngine.java:389] [INFO] - Test script at 95.00%, done in 7.8 sec
[20:09:01 - Thread-2] [LogScriptEngine.java:375] [INFO] - Timeout event @ 2400000000
[20:09:01 - Thread-1] [LogScriptEngine.java:309] [INFO] - Test script finished
[20:09:01 - Thread-2] [Simulation.java:311] [INFO] - Simulation main loop stopped, system time: 1622225341401	Duration: 156242 ms	Simulated time 2400000 ms	Ratio 15.36078647226738
[20:09:01 - AWT-EventQueue-0] [ScriptRunner.java:429] [INFO] - Test script deactivated
