[10:50:56 - main] [Cooja.java:1324] [INFO] - > Starting Cooja
[10:50:56 - main] [Cooja.java:2865] [INFO] - External tools default settings: /external_tools_linux.config
[10:50:56 - main] [Cooja.java:2895] [INFO] - External tools user settings: /root/.cooja.user.properties
[10:50:56 - main] [Simulation.java:420] [INFO] - Simulation random seed: 124377
[10:50:56 - main] [Cooja.java:4267] [WARN] - Replaced [CONTIKI_DIR]/examples/PRIMAC/PRI_board_sim/hello-world3.z1 with /home/user/contiki/examples/PRIMAC/PRI_board_sim/hello-world3.z1 (default: /home/user/contiki), but could not find it. This does not have to be an error, as the file might be created later.
[10:50:56 - main] [CompileContiki.java:140] [INFO] - > make hello-world3.z1 TARGET=z1 
[10:51:01 - main] [MspMote.java:235] [INFO] - Loading firmware from: /home/user/contiki/examples/PRIMAC/PRI_board_sim/hello-world3.z1
[10:51:01 - main] [MspMote.java:235] [INFO] - Loading firmware from: /home/user/contiki/examples/PRIMAC/PRI_board_sim/hello-world3.z1
[10:51:01 - main] [MspMote.java:235] [INFO] - Loading firmware from: /home/user/contiki/examples/PRIMAC/PRI_board_sim/hello-world3.z1
[10:51:01 - main] [MspMote.java:235] [INFO] - Loading firmware from: /home/user/contiki/examples/PRIMAC/PRI_board_sim/hello-world3.z1
[10:51:01 - main] [MspMote.java:235] [INFO] - Loading firmware from: /home/user/contiki/examples/PRIMAC/PRI_board_sim/hello-world3.z1
[10:51:01 - main] [MspMote.java:235] [INFO] - Loading firmware from: /home/user/contiki/examples/PRIMAC/PRI_board_sim/hello-world3.z1
[10:51:01 - main] [MspMote.java:235] [INFO] - Loading firmware from: /home/user/contiki/examples/PRIMAC/PRI_board_sim/hello-world3.z1
[10:51:01 - main] [MspMote.java:235] [INFO] - Loading firmware from: /home/user/contiki/examples/PRIMAC/PRI_board_sim/hello-world3.z1
[10:51:01 - main] [MspMote.java:235] [INFO] - Loading firmware from: /home/user/contiki/examples/PRIMAC/PRI_board_sim/hello-world3.z1
[10:51:01 - main] [MspMote.java:235] [INFO] - Loading firmware from: /home/user/contiki/examples/PRIMAC/PRI_board_sim/hello-world3.z1
[10:51:01 - main] [MspMote.java:235] [INFO] - Loading firmware from: /home/user/contiki/examples/PRIMAC/PRI_board_sim/hello-world3.z1
[10:51:01 - main] [MspMote.java:235] [INFO] - Loading firmware from: /home/user/contiki/examples/PRIMAC/PRI_board_sim/hello-world3.z1
[10:51:01 - main] [MspMote.java:235] [INFO] - Loading firmware from: /home/user/contiki/examples/PRIMAC/PRI_board_sim/hello-world3.z1
[10:51:02 - main] [MspMote.java:235] [INFO] - Loading firmware from: /home/user/contiki/examples/PRIMAC/PRI_board_sim/hello-world3.z1
[10:51:02 - main] [MspMote.java:235] [INFO] - Loading firmware from: /home/user/contiki/examples/PRIMAC/PRI_board_sim/hello-world3.z1
[10:51:02 - main] [Cooja.java:1790] [INFO] - Visualized plugin was not started: class org.contikios.cooja.plugins.SimControl
[10:51:02 - main] [Cooja.java:1790] [INFO] - Visualized plugin was not started: class org.contikios.cooja.plugins.Visualizer
[10:51:02 - main] [Cooja.java:1790] [INFO] - Visualized plugin was not started: class org.contikios.cooja.plugins.LogListener
[10:51:02 - main] [Cooja.java:1790] [INFO] - Visualized plugin was not started: class org.contikios.cooja.plugins.TimeLine
[10:51:02 - main] [Cooja.java:1790] [INFO] - Visualized plugin was not started: class org.contikios.cooja.plugins.Notes
[10:51:02 - main] [ScriptRunner.java:429] [INFO] - Test script deactivated
[10:51:02 - main] [LogScriptEngine.java:265] [INFO] - Script timeout in 2400000 ms
[10:51:02 - main] [ScriptRunner.java:386] [INFO] - Test script activated
[10:51:02 - Thread-2] [Simulation.java:252] [INFO] - Simulation main loop started, system time: 1617007862492
[10:51:18 - Thread-2] [LogScriptEngine.java:389] [INFO] - Test script at 5.00%, done in 309.7 sec
[10:51:23 - Thread-2] [LogScriptEngine.java:389] [INFO] - Test script at 10.00%, done in 187.1 sec
[10:51:28 - Thread-2] [LogScriptEngine.java:389] [INFO] - Test script at 15.00%, done in 148.4 sec
[10:51:33 - Thread-2] [LogScriptEngine.java:389] [INFO] - Test script at 20.00%, done in 123.3 sec
[10:51:37 - Thread-2] [LogScriptEngine.java:389] [INFO] - Test script at 25.00%, done in 105.8 sec
[10:51:42 - Thread-2] [LogScriptEngine.java:389] [INFO] - Test script at 30.00%, done in 92.8 sec
[10:51:46 - Thread-2] [LogScriptEngine.java:389] [INFO] - Test script at 35.00%, done in 82.2 sec
[10:51:51 - Thread-2] [LogScriptEngine.java:389] [INFO] - Test script at 40.00%, done in 73.2 sec
[10:51:55 - Thread-2] [LogScriptEngine.java:389] [INFO] - Test script at 45.00%, done in 65.2 sec
[10:52:00 - Thread-2] [LogScriptEngine.java:389] [INFO] - Test script at 50.00%, done in 57.9 sec
[10:52:05 - Thread-2] [LogScriptEngine.java:389] [INFO] - Test script at 55.00%, done in 51.2 sec
[10:52:09 - Thread-2] [LogScriptEngine.java:389] [INFO] - Test script at 60.00%, done in 44.9 sec
[10:52:14 - Thread-2] [LogScriptEngine.java:389] [INFO] - Test script at 65.00%, done in 38.7 sec
[10:52:19 - Thread-2] [LogScriptEngine.java:389] [INFO] - Test script at 70.00%, done in 32.8 sec
[10:52:23 - Thread-2] [LogScriptEngine.java:389] [INFO] - Test script at 75.00%, done in 27.1 sec
[10:52:28 - Thread-2] [LogScriptEngine.java:389] [INFO] - Test script at 80.00%, done in 21.6 sec
[10:52:34 - Thread-2] [LogScriptEngine.java:389] [INFO] - Test script at 85.00%, done in 16.2 sec
[10:52:39 - Thread-2] [LogScriptEngine.java:389] [INFO] - Test script at 90.00%, done in 10.8 sec
[10:52:43 - Thread-2] [LogScriptEngine.java:389] [INFO] - Test script at 95.00%, done in 5.3 sec
[10:52:48 - Thread-2] [LogScriptEngine.java:375] [INFO] - Timeout event @ 2400000000
[10:52:48 - Thread-1] [LogScriptEngine.java:309] [INFO] - Test script finished
[10:52:48 - Thread-2] [Simulation.java:311] [INFO] - Simulation main loop stopped, system time: 1617007968636	Duration: 106144 ms	Simulated time 2400000 ms	Ratio 22.610792885137172
[10:52:49 - AWT-EventQueue-0] [ScriptRunner.java:429] [INFO] - Test script deactivated
