[08:22:06 - main] [Cooja.java:1324] [INFO] - > Starting Cooja
[08:22:06 - main] [Cooja.java:2865] [INFO] - External tools default settings: /external_tools_linux.config
[08:22:06 - main] [Cooja.java:2895] [INFO] - External tools user settings: /root/.cooja.user.properties
[08:22:06 - main] [Simulation.java:420] [INFO] - Simulation random seed: 123377
[08:22:06 - main] [Cooja.java:4267] [WARN] - Replaced [CONTIKI_DIR]/examples/PRIMAC/PRI_board_sim/hello-world3.z1 with /home/user/contiki/examples/PRIMAC/PRI_board_sim/hello-world3.z1 (default: /home/user/contiki), but could not find it. This does not have to be an error, as the file might be created later.
[08:22:06 - main] [CompileContiki.java:140] [INFO] - > make hello-world3.z1 TARGET=z1 
[08:22:11 - main] [MspMote.java:235] [INFO] - Loading firmware from: /home/user/contiki/examples/PRIMAC/PRI_board_sim/hello-world3.z1
[08:22:11 - main] [MspMote.java:235] [INFO] - Loading firmware from: /home/user/contiki/examples/PRIMAC/PRI_board_sim/hello-world3.z1
[08:22:11 - main] [MspMote.java:235] [INFO] - Loading firmware from: /home/user/contiki/examples/PRIMAC/PRI_board_sim/hello-world3.z1
[08:22:11 - main] [MspMote.java:235] [INFO] - Loading firmware from: /home/user/contiki/examples/PRIMAC/PRI_board_sim/hello-world3.z1
[08:22:11 - main] [MspMote.java:235] [INFO] - Loading firmware from: /home/user/contiki/examples/PRIMAC/PRI_board_sim/hello-world3.z1
[08:22:11 - main] [MspMote.java:235] [INFO] - Loading firmware from: /home/user/contiki/examples/PRIMAC/PRI_board_sim/hello-world3.z1
[08:22:11 - main] [MspMote.java:235] [INFO] - Loading firmware from: /home/user/contiki/examples/PRIMAC/PRI_board_sim/hello-world3.z1
[08:22:11 - main] [MspMote.java:235] [INFO] - Loading firmware from: /home/user/contiki/examples/PRIMAC/PRI_board_sim/hello-world3.z1
[08:22:11 - main] [MspMote.java:235] [INFO] - Loading firmware from: /home/user/contiki/examples/PRIMAC/PRI_board_sim/hello-world3.z1
[08:22:11 - main] [MspMote.java:235] [INFO] - Loading firmware from: /home/user/contiki/examples/PRIMAC/PRI_board_sim/hello-world3.z1
[08:22:12 - main] [MspMote.java:235] [INFO] - Loading firmware from: /home/user/contiki/examples/PRIMAC/PRI_board_sim/hello-world3.z1
[08:22:12 - main] [MspMote.java:235] [INFO] - Loading firmware from: /home/user/contiki/examples/PRIMAC/PRI_board_sim/hello-world3.z1
[08:22:12 - main] [MspMote.java:235] [INFO] - Loading firmware from: /home/user/contiki/examples/PRIMAC/PRI_board_sim/hello-world3.z1
[08:22:12 - main] [MspMote.java:235] [INFO] - Loading firmware from: /home/user/contiki/examples/PRIMAC/PRI_board_sim/hello-world3.z1
[08:22:12 - main] [MspMote.java:235] [INFO] - Loading firmware from: /home/user/contiki/examples/PRIMAC/PRI_board_sim/hello-world3.z1
[08:22:12 - main] [Cooja.java:1790] [INFO] - Visualized plugin was not started: class org.contikios.cooja.plugins.SimControl
[08:22:12 - main] [Cooja.java:1790] [INFO] - Visualized plugin was not started: class org.contikios.cooja.plugins.Visualizer
[08:22:12 - main] [Cooja.java:1790] [INFO] - Visualized plugin was not started: class org.contikios.cooja.plugins.LogListener
[08:22:12 - main] [Cooja.java:1790] [INFO] - Visualized plugin was not started: class org.contikios.cooja.plugins.TimeLine
[08:22:12 - main] [Cooja.java:1790] [INFO] - Visualized plugin was not started: class org.contikios.cooja.plugins.Notes
[08:22:12 - main] [ScriptRunner.java:429] [INFO] - Test script deactivated
[08:22:12 - main] [LogScriptEngine.java:265] [INFO] - Script timeout in 2400000 ms
[08:22:12 - main] [ScriptRunner.java:386] [INFO] - Test script activated
[08:22:12 - Thread-2] [Simulation.java:252] [INFO] - Simulation main loop started, system time: 1616570532587
[08:22:29 - Thread-2] [LogScriptEngine.java:389] [INFO] - Test script at 5.00%, done in 316.8 sec
[08:22:33 - Thread-2] [LogScriptEngine.java:389] [INFO] - Test script at 10.00%, done in 185.5 sec
[08:22:36 - Thread-2] [LogScriptEngine.java:389] [INFO] - Test script at 15.00%, done in 137.2 sec
[08:22:40 - Thread-2] [LogScriptEngine.java:389] [INFO] - Test script at 20.00%, done in 111.1 sec
[08:22:44 - Thread-2] [LogScriptEngine.java:389] [INFO] - Test script at 25.00%, done in 94.4 sec
[08:22:47 - Thread-2] [LogScriptEngine.java:389] [INFO] - Test script at 30.00%, done in 81.8 sec
[08:22:51 - Thread-2] [LogScriptEngine.java:389] [INFO] - Test script at 35.00%, done in 71.8 sec
[08:22:54 - Thread-2] [LogScriptEngine.java:389] [INFO] - Test script at 40.00%, done in 63.4 sec
[08:22:58 - Thread-2] [LogScriptEngine.java:389] [INFO] - Test script at 45.00%, done in 56.1 sec
[08:23:02 - Thread-2] [LogScriptEngine.java:389] [INFO] - Test script at 50.00%, done in 49.6 sec
[08:23:06 - Thread-2] [LogScriptEngine.java:389] [INFO] - Test script at 55.00%, done in 43.7 sec
[08:23:10 - Thread-2] [LogScriptEngine.java:389] [INFO] - Test script at 60.00%, done in 38.4 sec
[08:23:13 - Thread-2] [LogScriptEngine.java:389] [INFO] - Test script at 65.00%, done in 33.0 sec
[08:23:17 - Thread-2] [LogScriptEngine.java:389] [INFO] - Test script at 70.00%, done in 27.9 sec
[08:23:21 - Thread-2] [LogScriptEngine.java:389] [INFO] - Test script at 75.00%, done in 22.9 sec
[08:23:24 - Thread-2] [LogScriptEngine.java:389] [INFO] - Test script at 80.00%, done in 18.1 sec
[08:23:28 - Thread-2] [LogScriptEngine.java:389] [INFO] - Test script at 85.00%, done in 13.4 sec
[08:23:32 - Thread-2] [LogScriptEngine.java:389] [INFO] - Test script at 90.00%, done in 8.9 sec
[08:23:36 - Thread-2] [LogScriptEngine.java:389] [INFO] - Test script at 95.00%, done in 4.4 sec
[08:23:39 - Thread-2] [LogScriptEngine.java:375] [INFO] - Timeout event @ 2400000000
[08:23:39 - Thread-1] [LogScriptEngine.java:309] [INFO] - Test script finished
[08:23:39 - Thread-2] [Simulation.java:311] [INFO] - Simulation main loop stopped, system time: 1616570619906	Duration: 87319 ms	Simulated time 2400000 ms	Ratio 27.48542699756067
[08:23:40 - AWT-EventQueue-0] [ScriptRunner.java:429] [INFO] - Test script deactivated
