[13:47:12 - main] [Cooja.java:1324] [INFO] - > Starting Cooja
[13:47:12 - main] [Cooja.java:2865] [INFO] - External tools default settings: /external_tools_linux.config
[13:47:12 - main] [Cooja.java:2895] [INFO] - External tools user settings: /root/.cooja.user.properties
[13:47:13 - main] [Simulation.java:420] [INFO] - Simulation random seed: 123377
[13:47:13 - main] [Cooja.java:4267] [WARN] - Replaced [CONTIKI_DIR]/examples/Acollect/nullrdc/JF-collect.z1 with /home/user/contiki/examples/Acollect/nullrdc/JF-collect.z1 (default: /home/user/contiki), but could not find it. This does not have to be an error, as the file might be created later.
[13:47:13 - main] [CompileContiki.java:140] [INFO] - > make JF-collect.z1 TARGET=z1 
[13:47:18 - main] [MspMote.java:235] [INFO] - Loading firmware from: /home/user/contiki/examples/Acollect/nullrdc/JF-collect.z1
[13:47:18 - main] [MspMote.java:235] [INFO] - Loading firmware from: /home/user/contiki/examples/Acollect/nullrdc/JF-collect.z1
[13:47:18 - main] [MspMote.java:235] [INFO] - Loading firmware from: /home/user/contiki/examples/Acollect/nullrdc/JF-collect.z1
[13:47:18 - main] [MspMote.java:235] [INFO] - Loading firmware from: /home/user/contiki/examples/Acollect/nullrdc/JF-collect.z1
[13:47:18 - main] [MspMote.java:235] [INFO] - Loading firmware from: /home/user/contiki/examples/Acollect/nullrdc/JF-collect.z1
[13:47:18 - main] [MspMote.java:235] [INFO] - Loading firmware from: /home/user/contiki/examples/Acollect/nullrdc/JF-collect.z1
[13:47:18 - main] [MspMote.java:235] [INFO] - Loading firmware from: /home/user/contiki/examples/Acollect/nullrdc/JF-collect.z1
[13:47:18 - main] [MspMote.java:235] [INFO] - Loading firmware from: /home/user/contiki/examples/Acollect/nullrdc/JF-collect.z1
[13:47:18 - main] [MspMote.java:235] [INFO] - Loading firmware from: /home/user/contiki/examples/Acollect/nullrdc/JF-collect.z1
[13:47:18 - main] [MspMote.java:235] [INFO] - Loading firmware from: /home/user/contiki/examples/Acollect/nullrdc/JF-collect.z1
[13:47:18 - main] [MspMote.java:235] [INFO] - Loading firmware from: /home/user/contiki/examples/Acollect/nullrdc/JF-collect.z1
[13:47:18 - main] [MspMote.java:235] [INFO] - Loading firmware from: /home/user/contiki/examples/Acollect/nullrdc/JF-collect.z1
[13:47:18 - main] [MspMote.java:235] [INFO] - Loading firmware from: /home/user/contiki/examples/Acollect/nullrdc/JF-collect.z1
[13:47:18 - main] [Cooja.java:1790] [INFO] - Visualized plugin was not started: class org.contikios.cooja.plugins.SimControl
[13:47:18 - main] [Cooja.java:1790] [INFO] - Visualized plugin was not started: class org.contikios.cooja.plugins.Visualizer
[13:47:18 - main] [Cooja.java:1790] [INFO] - Visualized plugin was not started: class org.contikios.cooja.plugins.LogListener
[13:47:18 - main] [Cooja.java:1790] [INFO] - Visualized plugin was not started: class org.contikios.cooja.plugins.TimeLine
[13:47:18 - main] [Cooja.java:1790] [INFO] - Visualized plugin was not started: class org.contikios.cooja.plugins.Notes
[13:47:19 - main] [ScriptRunner.java:429] [INFO] - Test script deactivated
[13:47:19 - main] [LogScriptEngine.java:265] [INFO] - Script timeout in 2400000 ms
[13:47:19 - main] [ScriptRunner.java:386] [INFO] - Test script activated
[13:47:19 - Thread-2] [Simulation.java:252] [INFO] - Simulation main loop started, system time: 1617968839249
[13:47:31 - Thread-2] [LogScriptEngine.java:389] [INFO] - Test script at 5.00%, done in 238.4 sec
[13:47:34 - Thread-2] [LogScriptEngine.java:389] [INFO] - Test script at 10.00%, done in 133.4 sec
[13:47:37 - Thread-2] [LogScriptEngine.java:389] [INFO] - Test script at 15.00%, done in 104.0 sec
[13:47:40 - Thread-2] [LogScriptEngine.java:389] [INFO] - Test script at 20.00%, done in 86.3 sec
[13:47:44 - Thread-2] [LogScriptEngine.java:389] [INFO] - Test script at 25.00%, done in 75.6 sec
[13:47:47 - Thread-2] [LogScriptEngine.java:389] [INFO] - Test script at 30.00%, done in 66.2 sec
[13:47:51 - Thread-2] [LogScriptEngine.java:389] [INFO] - Test script at 35.00%, done in 59.9 sec
[13:47:54 - Thread-2] [LogScriptEngine.java:389] [INFO] - Test script at 40.00%, done in 53.5 sec
[13:47:58 - Thread-2] [LogScriptEngine.java:389] [INFO] - Test script at 45.00%, done in 47.7 sec
[13:48:01 - Thread-2] [LogScriptEngine.java:389] [INFO] - Test script at 50.00%, done in 42.4 sec
[13:48:05 - Thread-2] [LogScriptEngine.java:389] [INFO] - Test script at 55.00%, done in 37.5 sec
[13:48:08 - Thread-2] [LogScriptEngine.java:389] [INFO] - Test script at 60.00%, done in 32.8 sec
[13:48:11 - Thread-2] [LogScriptEngine.java:389] [INFO] - Test script at 65.00%, done in 28.3 sec
[13:48:15 - Thread-2] [LogScriptEngine.java:389] [INFO] - Test script at 70.00%, done in 24.0 sec
[13:48:18 - Thread-2] [LogScriptEngine.java:389] [INFO] - Test script at 75.00%, done in 19.8 sec
[13:48:21 - Thread-2] [LogScriptEngine.java:389] [INFO] - Test script at 80.00%, done in 15.7 sec
[13:48:25 - Thread-2] [LogScriptEngine.java:389] [INFO] - Test script at 85.00%, done in 11.7 sec
[13:48:29 - Thread-2] [LogScriptEngine.java:389] [INFO] - Test script at 90.00%, done in 7.8 sec
[13:48:32 - Thread-2] [LogScriptEngine.java:389] [INFO] - Test script at 95.00%, done in 3.9 sec
[13:48:36 - Thread-2] [LogScriptEngine.java:375] [INFO] - Timeout event @ 2400000000
[13:48:36 - Thread-1] [LogScriptEngine.java:309] [INFO] - Test script finished
[13:48:36 - Thread-2] [Simulation.java:311] [INFO] - Simulation main loop stopped, system time: 1617968916262	Duration: 77013 ms	Simulated time 2400000 ms	Ratio 31.16356978691909
[13:48:36 - AWT-EventQueue-0] [ScriptRunner.java:429] [INFO] - Test script deactivated
