[21:26:59 - main] [Cooja.java:1324] [INFO] - > Starting Cooja
[21:26:59 - main] [Cooja.java:2865] [INFO] - External tools default settings: /external_tools_linux.config
[21:26:59 - main] [Cooja.java:2895] [INFO] - External tools user settings: /root/.cooja.user.properties
[21:26:59 - main] [Simulation.java:420] [INFO] - Simulation random seed: 123377
[21:26:59 - main] [Cooja.java:4267] [WARN] - Replaced [CONTIKI_DIR]/examples/PRIMAC/PRI_board_sim/hello-world3.z1 with /home/user/contiki/examples/PRIMAC/PRI_board_sim/hello-world3.z1 (default: /home/user/contiki), but could not find it. This does not have to be an error, as the file might be created later.
[21:26:59 - main] [CompileContiki.java:140] [INFO] - > make hello-world3.z1 TARGET=z1 
[21:27:04 - main] [MspMote.java:235] [INFO] - Loading firmware from: /home/user/contiki/examples/PRIMAC/PRI_board_sim/hello-world3.z1
[21:27:04 - main] [MspMote.java:235] [INFO] - Loading firmware from: /home/user/contiki/examples/PRIMAC/PRI_board_sim/hello-world3.z1
[21:27:04 - main] [MspMote.java:235] [INFO] - Loading firmware from: /home/user/contiki/examples/PRIMAC/PRI_board_sim/hello-world3.z1
[21:27:04 - main] [MspMote.java:235] [INFO] - Loading firmware from: /home/user/contiki/examples/PRIMAC/PRI_board_sim/hello-world3.z1
[21:27:04 - main] [MspMote.java:235] [INFO] - Loading firmware from: /home/user/contiki/examples/PRIMAC/PRI_board_sim/hello-world3.z1
[21:27:05 - main] [MspMote.java:235] [INFO] - Loading firmware from: /home/user/contiki/examples/PRIMAC/PRI_board_sim/hello-world3.z1
[21:27:05 - main] [MspMote.java:235] [INFO] - Loading firmware from: /home/user/contiki/examples/PRIMAC/PRI_board_sim/hello-world3.z1
[21:27:05 - main] [MspMote.java:235] [INFO] - Loading firmware from: /home/user/contiki/examples/PRIMAC/PRI_board_sim/hello-world3.z1
[21:27:05 - main] [MspMote.java:235] [INFO] - Loading firmware from: /home/user/contiki/examples/PRIMAC/PRI_board_sim/hello-world3.z1
[21:27:05 - main] [MspMote.java:235] [INFO] - Loading firmware from: /home/user/contiki/examples/PRIMAC/PRI_board_sim/hello-world3.z1
[21:27:05 - main] [MspMote.java:235] [INFO] - Loading firmware from: /home/user/contiki/examples/PRIMAC/PRI_board_sim/hello-world3.z1
[21:27:05 - main] [MspMote.java:235] [INFO] - Loading firmware from: /home/user/contiki/examples/PRIMAC/PRI_board_sim/hello-world3.z1
[21:27:05 - main] [MspMote.java:235] [INFO] - Loading firmware from: /home/user/contiki/examples/PRIMAC/PRI_board_sim/hello-world3.z1
[21:27:05 - main] [MspMote.java:235] [INFO] - Loading firmware from: /home/user/contiki/examples/PRIMAC/PRI_board_sim/hello-world3.z1
[21:27:05 - main] [Cooja.java:1790] [INFO] - Visualized plugin was not started: class org.contikios.cooja.plugins.SimControl
[21:27:05 - main] [Cooja.java:1790] [INFO] - Visualized plugin was not started: class org.contikios.cooja.plugins.Visualizer
[21:27:05 - main] [Cooja.java:1790] [INFO] - Visualized plugin was not started: class org.contikios.cooja.plugins.LogListener
[21:27:05 - main] [Cooja.java:1790] [INFO] - Visualized plugin was not started: class org.contikios.cooja.plugins.TimeLine
[21:27:05 - main] [Cooja.java:1790] [INFO] - Visualized plugin was not started: class org.contikios.cooja.plugins.Notes
[21:27:05 - main] [ScriptRunner.java:429] [INFO] - Test script deactivated
[21:27:05 - main] [LogScriptEngine.java:265] [INFO] - Script timeout in 2400000 ms
[21:27:05 - main] [ScriptRunner.java:386] [INFO] - Test script activated
[21:27:05 - Thread-2] [Simulation.java:252] [INFO] - Simulation main loop started, system time: 1616444825677
[21:27:21 - Thread-2] [LogScriptEngine.java:389] [INFO] - Test script at 5.00%, done in 291.4 sec
[21:27:25 - Thread-2] [LogScriptEngine.java:389] [INFO] - Test script at 10.00%, done in 181.3 sec
[21:27:29 - Thread-2] [LogScriptEngine.java:389] [INFO] - Test script at 15.00%, done in 137.7 sec
[21:27:33 - Thread-2] [LogScriptEngine.java:389] [INFO] - Test script at 20.00%, done in 112.9 sec
[21:27:37 - Thread-2] [LogScriptEngine.java:389] [INFO] - Test script at 25.00%, done in 96.2 sec
[21:27:41 - Thread-2] [LogScriptEngine.java:389] [INFO] - Test script at 30.00%, done in 84.0 sec
[21:27:45 - Thread-2] [LogScriptEngine.java:389] [INFO] - Test script at 35.00%, done in 74.1 sec
[21:27:49 - Thread-2] [LogScriptEngine.java:389] [INFO] - Test script at 40.00%, done in 65.9 sec
[21:27:53 - Thread-2] [LogScriptEngine.java:389] [INFO] - Test script at 45.00%, done in 58.5 sec
[21:27:57 - Thread-2] [LogScriptEngine.java:389] [INFO] - Test script at 50.00%, done in 52.0 sec
[21:28:01 - Thread-2] [LogScriptEngine.java:389] [INFO] - Test script at 55.00%, done in 45.9 sec
[21:28:05 - Thread-2] [LogScriptEngine.java:389] [INFO] - Test script at 60.00%, done in 40.2 sec
[21:28:10 - Thread-2] [LogScriptEngine.java:389] [INFO] - Test script at 65.00%, done in 34.8 sec
[21:28:14 - Thread-2] [LogScriptEngine.java:389] [INFO] - Test script at 70.00%, done in 29.6 sec
[21:28:19 - Thread-2] [LogScriptEngine.java:389] [INFO] - Test script at 75.00%, done in 24.5 sec
[21:28:24 - Thread-2] [LogScriptEngine.java:389] [INFO] - Test script at 80.00%, done in 19.7 sec
[21:28:29 - Thread-2] [LogScriptEngine.java:389] [INFO] - Test script at 85.00%, done in 14.7 sec
[21:28:34 - Thread-2] [LogScriptEngine.java:389] [INFO] - Test script at 90.00%, done in 9.9 sec
[21:28:38 - Thread-2] [LogScriptEngine.java:389] [INFO] - Test script at 95.00%, done in 4.9 sec
[21:28:42 - Thread-2] [LogScriptEngine.java:375] [INFO] - Timeout event @ 2400000000
[21:28:42 - Thread-1] [LogScriptEngine.java:309] [INFO] - Test script finished
[21:28:42 - Thread-2] [Simulation.java:311] [INFO] - Simulation main loop stopped, system time: 1616444922843	Duration: 97166 ms	Simulated time 2400000 ms	Ratio 24.699997941666837
[21:28:43 - AWT-EventQueue-0] [ScriptRunner.java:429] [INFO] - Test script deactivated
