[21:15:39 - main] [Cooja.java:1324] [INFO] - > Starting Cooja
[21:15:39 - main] [Cooja.java:2865] [INFO] - External tools default settings: /external_tools_linux.config
[21:15:39 - main] [Cooja.java:2895] [INFO] - External tools user settings: /root/.cooja.user.properties
[21:15:39 - main] [Simulation.java:420] [INFO] - Simulation random seed: 123377
[21:15:39 - main] [Cooja.java:4267] [WARN] - Replaced [CONTIKI_DIR]/examples/PRIMAC/PRI_board_sim/hello-world3.z1 with /home/user/contiki/examples/PRIMAC/PRI_board_sim/hello-world3.z1 (default: /home/user/contiki), but could not find it. This does not have to be an error, as the file might be created later.
[21:15:39 - main] [CompileContiki.java:140] [INFO] - > make hello-world3.z1 TARGET=z1 
[21:15:44 - main] [MspMote.java:235] [INFO] - Loading firmware from: /home/user/contiki/examples/PRIMAC/PRI_board_sim/hello-world3.z1
[21:15:44 - main] [MspMote.java:235] [INFO] - Loading firmware from: /home/user/contiki/examples/PRIMAC/PRI_board_sim/hello-world3.z1
[21:15:44 - main] [MspMote.java:235] [INFO] - Loading firmware from: /home/user/contiki/examples/PRIMAC/PRI_board_sim/hello-world3.z1
[21:15:45 - main] [MspMote.java:235] [INFO] - Loading firmware from: /home/user/contiki/examples/PRIMAC/PRI_board_sim/hello-world3.z1
[21:15:45 - main] [MspMote.java:235] [INFO] - Loading firmware from: /home/user/contiki/examples/PRIMAC/PRI_board_sim/hello-world3.z1
[21:15:45 - main] [MspMote.java:235] [INFO] - Loading firmware from: /home/user/contiki/examples/PRIMAC/PRI_board_sim/hello-world3.z1
[21:15:45 - main] [MspMote.java:235] [INFO] - Loading firmware from: /home/user/contiki/examples/PRIMAC/PRI_board_sim/hello-world3.z1
[21:15:45 - main] [MspMote.java:235] [INFO] - Loading firmware from: /home/user/contiki/examples/PRIMAC/PRI_board_sim/hello-world3.z1
[21:15:45 - main] [MspMote.java:235] [INFO] - Loading firmware from: /home/user/contiki/examples/PRIMAC/PRI_board_sim/hello-world3.z1
[21:15:45 - main] [MspMote.java:235] [INFO] - Loading firmware from: /home/user/contiki/examples/PRIMAC/PRI_board_sim/hello-world3.z1
[21:15:45 - main] [MspMote.java:235] [INFO] - Loading firmware from: /home/user/contiki/examples/PRIMAC/PRI_board_sim/hello-world3.z1
[21:15:45 - main] [MspMote.java:235] [INFO] - Loading firmware from: /home/user/contiki/examples/PRIMAC/PRI_board_sim/hello-world3.z1
[21:15:45 - main] [MspMote.java:235] [INFO] - Loading firmware from: /home/user/contiki/examples/PRIMAC/PRI_board_sim/hello-world3.z1
[21:15:45 - main] [MspMote.java:235] [INFO] - Loading firmware from: /home/user/contiki/examples/PRIMAC/PRI_board_sim/hello-world3.z1
[21:15:45 - main] [Cooja.java:1790] [INFO] - Visualized plugin was not started: class org.contikios.cooja.plugins.SimControl
[21:15:45 - main] [Cooja.java:1790] [INFO] - Visualized plugin was not started: class org.contikios.cooja.plugins.Visualizer
[21:15:45 - main] [Cooja.java:1790] [INFO] - Visualized plugin was not started: class org.contikios.cooja.plugins.LogListener
[21:15:45 - main] [Cooja.java:1790] [INFO] - Visualized plugin was not started: class org.contikios.cooja.plugins.TimeLine
[21:15:45 - main] [Cooja.java:1790] [INFO] - Visualized plugin was not started: class org.contikios.cooja.plugins.Notes
[21:15:45 - main] [ScriptRunner.java:429] [INFO] - Test script deactivated
[21:15:45 - main] [LogScriptEngine.java:265] [INFO] - Script timeout in 2400000 ms
[21:15:45 - main] [ScriptRunner.java:386] [INFO] - Test script activated
[21:15:45 - Thread-2] [Simulation.java:252] [INFO] - Simulation main loop started, system time: 1616444145755
[21:16:01 - Thread-2] [LogScriptEngine.java:389] [INFO] - Test script at 5.00%, done in 305.6 sec
[21:16:05 - Thread-2] [LogScriptEngine.java:389] [INFO] - Test script at 10.00%, done in 181.3 sec
[21:16:09 - Thread-2] [LogScriptEngine.java:389] [INFO] - Test script at 15.00%, done in 137.3 sec
[21:16:14 - Thread-2] [LogScriptEngine.java:389] [INFO] - Test script at 20.00%, done in 114.4 sec
[21:16:19 - Thread-2] [LogScriptEngine.java:389] [INFO] - Test script at 25.00%, done in 99.9 sec
[21:16:24 - Thread-2] [LogScriptEngine.java:389] [INFO] - Test script at 30.00%, done in 90.2 sec
[21:16:28 - Thread-2] [LogScriptEngine.java:389] [INFO] - Test script at 35.00%, done in 80.1 sec
[21:16:33 - Thread-2] [LogScriptEngine.java:389] [INFO] - Test script at 40.00%, done in 71.5 sec
[21:16:37 - Thread-2] [LogScriptEngine.java:389] [INFO] - Test script at 45.00%, done in 63.5 sec
[21:16:42 - Thread-2] [LogScriptEngine.java:389] [INFO] - Test script at 50.00%, done in 56.8 sec
[21:16:47 - Thread-2] [LogScriptEngine.java:389] [INFO] - Test script at 55.00%, done in 50.1 sec
[21:16:51 - Thread-2] [LogScriptEngine.java:389] [INFO] - Test script at 60.00%, done in 43.9 sec
[21:16:55 - Thread-2] [LogScriptEngine.java:389] [INFO] - Test script at 65.00%, done in 37.7 sec
[21:17:00 - Thread-2] [LogScriptEngine.java:389] [INFO] - Test script at 70.00%, done in 31.9 sec
[21:17:04 - Thread-2] [LogScriptEngine.java:389] [INFO] - Test script at 75.00%, done in 26.2 sec
[21:17:08 - Thread-2] [LogScriptEngine.java:389] [INFO] - Test script at 80.00%, done in 20.7 sec
[21:17:12 - Thread-2] [LogScriptEngine.java:389] [INFO] - Test script at 85.00%, done in 15.4 sec
[21:17:17 - Thread-2] [LogScriptEngine.java:389] [INFO] - Test script at 90.00%, done in 10.2 sec
[21:17:21 - Thread-2] [LogScriptEngine.java:389] [INFO] - Test script at 95.00%, done in 5.0 sec
[21:17:26 - Thread-2] [LogScriptEngine.java:375] [INFO] - Timeout event @ 2400000000
[21:17:26 - Thread-1] [LogScriptEngine.java:309] [INFO] - Test script finished
[21:17:26 - Thread-2] [Simulation.java:311] [INFO] - Simulation main loop stopped, system time: 1616444246005	Duration: 100250 ms	Simulated time 2400000 ms	Ratio 23.940149625935163
[21:17:26 - AWT-EventQueue-0] [ScriptRunner.java:429] [INFO] - Test script deactivated
