[08:38:18 - main] [Cooja.java:1324] [INFO] - > Starting Cooja
[08:38:18 - main] [Cooja.java:2865] [INFO] - External tools default settings: /external_tools_linux.config
[08:38:18 - main] [Cooja.java:2895] [INFO] - External tools user settings: /root/.cooja.user.properties
[08:38:18 - main] [Simulation.java:420] [INFO] - Simulation random seed: 123377
[08:38:18 - main] [Cooja.java:4267] [WARN] - Replaced [CONTIKI_DIR]/examples/PRIMAC/PRI_board_sim/hello-world3.z1 with /home/user/contiki/examples/PRIMAC/PRI_board_sim/hello-world3.z1 (default: /home/user/contiki), but could not find it. This does not have to be an error, as the file might be created later.
[08:38:18 - main] [CompileContiki.java:140] [INFO] - > make hello-world3.z1 TARGET=z1 
[08:38:23 - main] [MspMote.java:235] [INFO] - Loading firmware from: /home/user/contiki/examples/PRIMAC/PRI_board_sim/hello-world3.z1
[08:38:23 - main] [MspMote.java:235] [INFO] - Loading firmware from: /home/user/contiki/examples/PRIMAC/PRI_board_sim/hello-world3.z1
[08:38:23 - main] [MspMote.java:235] [INFO] - Loading firmware from: /home/user/contiki/examples/PRIMAC/PRI_board_sim/hello-world3.z1
[08:38:23 - main] [MspMote.java:235] [INFO] - Loading firmware from: /home/user/contiki/examples/PRIMAC/PRI_board_sim/hello-world3.z1
[08:38:23 - main] [MspMote.java:235] [INFO] - Loading firmware from: /home/user/contiki/examples/PRIMAC/PRI_board_sim/hello-world3.z1
[08:38:23 - main] [MspMote.java:235] [INFO] - Loading firmware from: /home/user/contiki/examples/PRIMAC/PRI_board_sim/hello-world3.z1
[08:38:23 - main] [MspMote.java:235] [INFO] - Loading firmware from: /home/user/contiki/examples/PRIMAC/PRI_board_sim/hello-world3.z1
[08:38:23 - main] [MspMote.java:235] [INFO] - Loading firmware from: /home/user/contiki/examples/PRIMAC/PRI_board_sim/hello-world3.z1
[08:38:24 - main] [MspMote.java:235] [INFO] - Loading firmware from: /home/user/contiki/examples/PRIMAC/PRI_board_sim/hello-world3.z1
[08:38:24 - main] [MspMote.java:235] [INFO] - Loading firmware from: /home/user/contiki/examples/PRIMAC/PRI_board_sim/hello-world3.z1
[08:38:24 - main] [MspMote.java:235] [INFO] - Loading firmware from: /home/user/contiki/examples/PRIMAC/PRI_board_sim/hello-world3.z1
[08:38:24 - main] [MspMote.java:235] [INFO] - Loading firmware from: /home/user/contiki/examples/PRIMAC/PRI_board_sim/hello-world3.z1
[08:38:24 - main] [MspMote.java:235] [INFO] - Loading firmware from: /home/user/contiki/examples/PRIMAC/PRI_board_sim/hello-world3.z1
[08:38:24 - main] [MspMote.java:235] [INFO] - Loading firmware from: /home/user/contiki/examples/PRIMAC/PRI_board_sim/hello-world3.z1
[08:38:24 - main] [MspMote.java:235] [INFO] - Loading firmware from: /home/user/contiki/examples/PRIMAC/PRI_board_sim/hello-world3.z1
[08:38:24 - main] [Cooja.java:1790] [INFO] - Visualized plugin was not started: class org.contikios.cooja.plugins.SimControl
[08:38:24 - main] [Cooja.java:1790] [INFO] - Visualized plugin was not started: class org.contikios.cooja.plugins.Visualizer
[08:38:24 - main] [Cooja.java:1790] [INFO] - Visualized plugin was not started: class org.contikios.cooja.plugins.LogListener
[08:38:24 - main] [Cooja.java:1790] [INFO] - Visualized plugin was not started: class org.contikios.cooja.plugins.TimeLine
[08:38:24 - main] [Cooja.java:1790] [INFO] - Visualized plugin was not started: class org.contikios.cooja.plugins.Notes
[08:38:24 - main] [ScriptRunner.java:429] [INFO] - Test script deactivated
[08:38:24 - main] [LogScriptEngine.java:265] [INFO] - Script timeout in 2400000 ms
[08:38:24 - main] [ScriptRunner.java:386] [INFO] - Test script activated
[08:38:24 - Thread-2] [Simulation.java:252] [INFO] - Simulation main loop started, system time: 1616571504617
[08:38:41 - Thread-2] [LogScriptEngine.java:389] [INFO] - Test script at 5.00%, done in 321.3 sec
[08:38:45 - Thread-2] [LogScriptEngine.java:389] [INFO] - Test script at 10.00%, done in 189.6 sec
[08:38:49 - Thread-2] [LogScriptEngine.java:389] [INFO] - Test script at 15.00%, done in 143.4 sec
[08:38:54 - Thread-2] [LogScriptEngine.java:389] [INFO] - Test script at 20.00%, done in 118.1 sec
[08:38:58 - Thread-2] [LogScriptEngine.java:389] [INFO] - Test script at 25.00%, done in 101.2 sec
[08:39:02 - Thread-2] [LogScriptEngine.java:389] [INFO] - Test script at 30.00%, done in 88.6 sec
[08:39:06 - Thread-2] [LogScriptEngine.java:389] [INFO] - Test script at 35.00%, done in 78.6 sec
[08:39:11 - Thread-2] [LogScriptEngine.java:389] [INFO] - Test script at 40.00%, done in 70.0 sec
[08:39:15 - Thread-2] [LogScriptEngine.java:389] [INFO] - Test script at 45.00%, done in 62.4 sec
[08:39:19 - Thread-2] [LogScriptEngine.java:389] [INFO] - Test script at 50.00%, done in 55.4 sec
[08:39:24 - Thread-2] [LogScriptEngine.java:389] [INFO] - Test script at 55.00%, done in 48.9 sec
[08:39:28 - Thread-2] [LogScriptEngine.java:389] [INFO] - Test script at 60.00%, done in 42.8 sec
[08:39:33 - Thread-2] [LogScriptEngine.java:389] [INFO] - Test script at 65.00%, done in 36.9 sec
[08:39:37 - Thread-2] [LogScriptEngine.java:389] [INFO] - Test script at 70.00%, done in 31.3 sec
[08:39:42 - Thread-2] [LogScriptEngine.java:389] [INFO] - Test script at 75.00%, done in 25.8 sec
[08:39:46 - Thread-2] [LogScriptEngine.java:389] [INFO] - Test script at 80.00%, done in 20.5 sec
[08:39:51 - Thread-2] [LogScriptEngine.java:389] [INFO] - Test script at 85.00%, done in 15.3 sec
[08:39:55 - Thread-2] [LogScriptEngine.java:389] [INFO] - Test script at 90.00%, done in 10.1 sec
[08:40:00 - Thread-2] [LogScriptEngine.java:389] [INFO] - Test script at 95.00%, done in 5.0 sec
[08:40:04 - Thread-2] [LogScriptEngine.java:375] [INFO] - Timeout event @ 2400000000
[08:40:04 - Thread-1] [LogScriptEngine.java:309] [INFO] - Test script finished
[08:40:04 - Thread-2] [Simulation.java:311] [INFO] - Simulation main loop stopped, system time: 1616571604580	Duration: 99963 ms	Simulated time 2400000 ms	Ratio 24.008883286816122
[08:40:05 - AWT-EventQueue-0] [ScriptRunner.java:429] [INFO] - Test script deactivated
