[06:48:25 - main] [Cooja.java:1324] [INFO] - > Starting Cooja
[06:48:25 - main] [Cooja.java:2865] [INFO] - External tools default settings: /external_tools_linux.config
[06:48:25 - main] [Cooja.java:2895] [INFO] - External tools user settings: /root/.cooja.user.properties
[06:48:26 - main] [Simulation.java:420] [INFO] - Simulation random seed: 124477
[06:48:26 - main] [Cooja.java:4267] [WARN] - Replaced [CONTIKI_DIR]/examples/PRIMAC/PRI_board_sim/hello-world3.z1 with /home/user/contiki/examples/PRIMAC/PRI_board_sim/hello-world3.z1 (default: /home/user/contiki), but could not find it. This does not have to be an error, as the file might be created later.
[06:48:26 - main] [CompileContiki.java:140] [INFO] - > make hello-world3.z1 TARGET=z1 
[06:48:35 - main] [MspMote.java:235] [INFO] - Loading firmware from: /home/user/contiki/examples/PRIMAC/PRI_board_sim/hello-world3.z1
[06:48:35 - main] [MspMote.java:235] [INFO] - Loading firmware from: /home/user/contiki/examples/PRIMAC/PRI_board_sim/hello-world3.z1
[06:48:35 - main] [MspMote.java:235] [INFO] - Loading firmware from: /home/user/contiki/examples/PRIMAC/PRI_board_sim/hello-world3.z1
[06:48:35 - main] [MspMote.java:235] [INFO] - Loading firmware from: /home/user/contiki/examples/PRIMAC/PRI_board_sim/hello-world3.z1
[06:48:35 - main] [MspMote.java:235] [INFO] - Loading firmware from: /home/user/contiki/examples/PRIMAC/PRI_board_sim/hello-world3.z1
[06:48:35 - main] [MspMote.java:235] [INFO] - Loading firmware from: /home/user/contiki/examples/PRIMAC/PRI_board_sim/hello-world3.z1
[06:48:35 - main] [MspMote.java:235] [INFO] - Loading firmware from: /home/user/contiki/examples/PRIMAC/PRI_board_sim/hello-world3.z1
[06:48:35 - main] [MspMote.java:235] [INFO] - Loading firmware from: /home/user/contiki/examples/PRIMAC/PRI_board_sim/hello-world3.z1
[06:48:35 - main] [MspMote.java:235] [INFO] - Loading firmware from: /home/user/contiki/examples/PRIMAC/PRI_board_sim/hello-world3.z1
[06:48:35 - main] [MspMote.java:235] [INFO] - Loading firmware from: /home/user/contiki/examples/PRIMAC/PRI_board_sim/hello-world3.z1
[06:48:35 - main] [MspMote.java:235] [INFO] - Loading firmware from: /home/user/contiki/examples/PRIMAC/PRI_board_sim/hello-world3.z1
[06:48:35 - main] [MspMote.java:235] [INFO] - Loading firmware from: /home/user/contiki/examples/PRIMAC/PRI_board_sim/hello-world3.z1
[06:48:35 - main] [MspMote.java:235] [INFO] - Loading firmware from: /home/user/contiki/examples/PRIMAC/PRI_board_sim/hello-world3.z1
[06:48:35 - main] [MspMote.java:235] [INFO] - Loading firmware from: /home/user/contiki/examples/PRIMAC/PRI_board_sim/hello-world3.z1
[06:48:35 - main] [MspMote.java:235] [INFO] - Loading firmware from: /home/user/contiki/examples/PRIMAC/PRI_board_sim/hello-world3.z1
[06:48:35 - main] [MspMote.java:235] [INFO] - Loading firmware from: /home/user/contiki/examples/PRIMAC/PRI_board_sim/hello-world3.z1
[06:48:35 - main] [MspMote.java:235] [INFO] - Loading firmware from: /home/user/contiki/examples/PRIMAC/PRI_board_sim/hello-world3.z1
[06:48:35 - main] [MspMote.java:235] [INFO] - Loading firmware from: /home/user/contiki/examples/PRIMAC/PRI_board_sim/hello-world3.z1
[06:48:35 - main] [MspMote.java:235] [INFO] - Loading firmware from: /home/user/contiki/examples/PRIMAC/PRI_board_sim/hello-world3.z1
[06:48:35 - main] [MspMote.java:235] [INFO] - Loading firmware from: /home/user/contiki/examples/PRIMAC/PRI_board_sim/hello-world3.z1
[06:48:36 - main] [Cooja.java:1790] [INFO] - Visualized plugin was not started: class org.contikios.cooja.plugins.SimControl
[06:48:36 - main] [Cooja.java:1790] [INFO] - Visualized plugin was not started: class org.contikios.cooja.plugins.Visualizer
[06:48:36 - main] [Cooja.java:1790] [INFO] - Visualized plugin was not started: class org.contikios.cooja.plugins.LogListener
[06:48:36 - main] [Cooja.java:1790] [INFO] - Visualized plugin was not started: class org.contikios.cooja.plugins.TimeLine
[06:48:36 - main] [Cooja.java:1790] [INFO] - Visualized plugin was not started: class org.contikios.cooja.plugins.Notes
[06:48:36 - main] [ScriptRunner.java:429] [INFO] - Test script deactivated
[06:48:36 - main] [LogScriptEngine.java:265] [INFO] - Script timeout in 2400000 ms
[06:48:36 - main] [ScriptRunner.java:386] [INFO] - Test script activated
[06:48:36 - Thread-2] [Simulation.java:252] [INFO] - Simulation main loop started, system time: 1622177316673
[06:49:09 - Thread-2] [LogScriptEngine.java:389] [INFO] - Test script at 5.00%, done in 624.3 sec
[06:49:19 - Thread-2] [LogScriptEngine.java:389] [INFO] - Test script at 10.00%, done in 381.3 sec
[06:49:28 - Thread-2] [LogScriptEngine.java:389] [INFO] - Test script at 15.00%, done in 295.1 sec
[06:49:40 - Thread-2] [LogScriptEngine.java:389] [INFO] - Test script at 20.00%, done in 254.4 sec
[06:49:49 - Thread-2] [LogScriptEngine.java:389] [INFO] - Test script at 25.00%, done in 219.8 sec
[06:50:00 - Thread-2] [LogScriptEngine.java:389] [INFO] - Test script at 30.00%, done in 194.5 sec
[06:50:10 - Thread-2] [LogScriptEngine.java:389] [INFO] - Test script at 35.00%, done in 173.4 sec
[06:50:19 - Thread-2] [LogScriptEngine.java:389] [INFO] - Test script at 40.00%, done in 154.8 sec
[06:50:30 - Thread-2] [LogScriptEngine.java:389] [INFO] - Test script at 45.00%, done in 138.8 sec
[06:50:40 - Thread-2] [LogScriptEngine.java:389] [INFO] - Test script at 50.00%, done in 124.0 sec
[06:50:51 - Thread-2] [LogScriptEngine.java:389] [INFO] - Test script at 55.00%, done in 110.5 sec
[06:51:01 - Thread-2] [LogScriptEngine.java:389] [INFO] - Test script at 60.00%, done in 96.7 sec
[06:51:11 - Thread-2] [LogScriptEngine.java:389] [INFO] - Test script at 65.00%, done in 83.5 sec
[06:51:21 - Thread-2] [LogScriptEngine.java:389] [INFO] - Test script at 70.00%, done in 70.8 sec
[06:51:32 - Thread-2] [LogScriptEngine.java:389] [INFO] - Test script at 75.00%, done in 58.5 sec
[06:51:42 - Thread-2] [LogScriptEngine.java:389] [INFO] - Test script at 80.00%, done in 46.4 sec
[06:51:53 - Thread-2] [LogScriptEngine.java:389] [INFO] - Test script at 85.00%, done in 34.8 sec
[06:52:04 - Thread-2] [LogScriptEngine.java:389] [INFO] - Test script at 90.00%, done in 23.1 sec
[06:52:17 - Thread-2] [LogScriptEngine.java:389] [INFO] - Test script at 95.00%, done in 11.6 sec
[06:52:33 - Thread-2] [LogScriptEngine.java:375] [INFO] - Timeout event @ 2400000000
[06:52:33 - Thread-1] [LogScriptEngine.java:309] [INFO] - Test script finished
[06:52:33 - Thread-2] [Simulation.java:311] [INFO] - Simulation main loop stopped, system time: 1622177553165	Duration: 236492 ms	Simulated time 2400000 ms	Ratio 10.148334827393738
[06:52:33 - AWT-EventQueue-0] [ScriptRunner.java:429] [INFO] - Test script deactivated
