[08:01:35 - main] [Cooja.java:1324] [INFO] - > Starting Cooja
[08:01:35 - main] [Cooja.java:2865] [INFO] - External tools default settings: /external_tools_linux.config
[08:01:35 - main] [Cooja.java:2895] [INFO] - External tools user settings: /root/.cooja.user.properties
[08:01:35 - main] [Simulation.java:420] [INFO] - Simulation random seed: 123377
[08:01:35 - main] [Cooja.java:4267] [WARN] - Replaced [CONTIKI_DIR]/examples/PRIMAC/PRI_board_sim/hello-world3.z1 with /home/user/contiki/examples/PRIMAC/PRI_board_sim/hello-world3.z1 (default: /home/user/contiki), but could not find it. This does not have to be an error, as the file might be created later.
[08:01:35 - main] [CompileContiki.java:140] [INFO] - > make hello-world3.z1 TARGET=z1 
[08:01:40 - main] [MspMote.java:235] [INFO] - Loading firmware from: /home/user/contiki/examples/PRIMAC/PRI_board_sim/hello-world3.z1
[08:01:40 - main] [MspMote.java:235] [INFO] - Loading firmware from: /home/user/contiki/examples/PRIMAC/PRI_board_sim/hello-world3.z1
[08:01:40 - main] [MspMote.java:235] [INFO] - Loading firmware from: /home/user/contiki/examples/PRIMAC/PRI_board_sim/hello-world3.z1
[08:01:40 - main] [MspMote.java:235] [INFO] - Loading firmware from: /home/user/contiki/examples/PRIMAC/PRI_board_sim/hello-world3.z1
[08:01:40 - main] [MspMote.java:235] [INFO] - Loading firmware from: /home/user/contiki/examples/PRIMAC/PRI_board_sim/hello-world3.z1
[08:01:40 - main] [MspMote.java:235] [INFO] - Loading firmware from: /home/user/contiki/examples/PRIMAC/PRI_board_sim/hello-world3.z1
[08:01:40 - main] [MspMote.java:235] [INFO] - Loading firmware from: /home/user/contiki/examples/PRIMAC/PRI_board_sim/hello-world3.z1
[08:01:40 - main] [MspMote.java:235] [INFO] - Loading firmware from: /home/user/contiki/examples/PRIMAC/PRI_board_sim/hello-world3.z1
[08:01:40 - main] [MspMote.java:235] [INFO] - Loading firmware from: /home/user/contiki/examples/PRIMAC/PRI_board_sim/hello-world3.z1
[08:01:40 - main] [MspMote.java:235] [INFO] - Loading firmware from: /home/user/contiki/examples/PRIMAC/PRI_board_sim/hello-world3.z1
[08:01:40 - main] [MspMote.java:235] [INFO] - Loading firmware from: /home/user/contiki/examples/PRIMAC/PRI_board_sim/hello-world3.z1
[08:01:40 - main] [MspMote.java:235] [INFO] - Loading firmware from: /home/user/contiki/examples/PRIMAC/PRI_board_sim/hello-world3.z1
[08:01:40 - main] [MspMote.java:235] [INFO] - Loading firmware from: /home/user/contiki/examples/PRIMAC/PRI_board_sim/hello-world3.z1
[08:01:40 - main] [MspMote.java:235] [INFO] - Loading firmware from: /home/user/contiki/examples/PRIMAC/PRI_board_sim/hello-world3.z1
[08:01:40 - main] [MspMote.java:235] [INFO] - Loading firmware from: /home/user/contiki/examples/PRIMAC/PRI_board_sim/hello-world3.z1
[08:01:40 - main] [Cooja.java:1790] [INFO] - Visualized plugin was not started: class org.contikios.cooja.plugins.SimControl
[08:01:40 - main] [Cooja.java:1790] [INFO] - Visualized plugin was not started: class org.contikios.cooja.plugins.Visualizer
[08:01:40 - main] [Cooja.java:1790] [INFO] - Visualized plugin was not started: class org.contikios.cooja.plugins.LogListener
[08:01:41 - main] [Cooja.java:1790] [INFO] - Visualized plugin was not started: class org.contikios.cooja.plugins.TimeLine
[08:01:41 - main] [Cooja.java:1790] [INFO] - Visualized plugin was not started: class org.contikios.cooja.plugins.Notes
[08:01:41 - main] [ScriptRunner.java:429] [INFO] - Test script deactivated
[08:01:41 - main] [LogScriptEngine.java:265] [INFO] - Script timeout in 2400000 ms
[08:01:41 - main] [ScriptRunner.java:386] [INFO] - Test script activated
[08:01:41 - Thread-2] [Simulation.java:252] [INFO] - Simulation main loop started, system time: 1616569301368
[08:01:57 - Thread-2] [LogScriptEngine.java:389] [INFO] - Test script at 5.00%, done in 308.0 sec
[08:02:01 - Thread-2] [LogScriptEngine.java:389] [INFO] - Test script at 10.00%, done in 181.1 sec
[08:02:05 - Thread-2] [LogScriptEngine.java:389] [INFO] - Test script at 15.00%, done in 136.8 sec
[08:02:09 - Thread-2] [LogScriptEngine.java:389] [INFO] - Test script at 20.00%, done in 112.9 sec
[08:02:13 - Thread-2] [LogScriptEngine.java:389] [INFO] - Test script at 25.00%, done in 97.9 sec
[08:02:18 - Thread-2] [LogScriptEngine.java:389] [INFO] - Test script at 30.00%, done in 86.1 sec
[08:02:22 - Thread-2] [LogScriptEngine.java:389] [INFO] - Test script at 35.00%, done in 76.2 sec
[08:02:26 - Thread-2] [LogScriptEngine.java:389] [INFO] - Test script at 40.00%, done in 68.1 sec
[08:02:30 - Thread-2] [LogScriptEngine.java:389] [INFO] - Test script at 45.00%, done in 60.6 sec
[08:02:35 - Thread-2] [LogScriptEngine.java:389] [INFO] - Test script at 50.00%, done in 53.9 sec
[08:02:39 - Thread-2] [LogScriptEngine.java:389] [INFO] - Test script at 55.00%, done in 47.7 sec
[08:02:43 - Thread-2] [LogScriptEngine.java:389] [INFO] - Test script at 60.00%, done in 41.7 sec
[08:02:48 - Thread-2] [LogScriptEngine.java:389] [INFO] - Test script at 65.00%, done in 36.3 sec
[08:02:53 - Thread-2] [LogScriptEngine.java:389] [INFO] - Test script at 70.00%, done in 30.8 sec
[08:02:57 - Thread-2] [LogScriptEngine.java:389] [INFO] - Test script at 75.00%, done in 25.4 sec
[08:03:01 - Thread-2] [LogScriptEngine.java:389] [INFO] - Test script at 80.00%, done in 20.1 sec
[08:03:06 - Thread-2] [LogScriptEngine.java:389] [INFO] - Test script at 85.00%, done in 15.0 sec
[08:03:11 - Thread-2] [LogScriptEngine.java:389] [INFO] - Test script at 90.00%, done in 10.0 sec
[08:03:15 - Thread-2] [LogScriptEngine.java:389] [INFO] - Test script at 95.00%, done in 5.0 sec
[08:03:19 - Thread-2] [LogScriptEngine.java:375] [INFO] - Timeout event @ 2400000000
[08:03:19 - Thread-1] [LogScriptEngine.java:309] [INFO] - Test script finished
[08:03:19 - Thread-2] [Simulation.java:311] [INFO] - Simulation main loop stopped, system time: 1616569399874	Duration: 98506 ms	Simulated time 2400000 ms	Ratio 24.363998132093478
[08:03:20 - AWT-EventQueue-0] [ScriptRunner.java:429] [INFO] - Test script deactivated
