[07:25:04 - main] [Cooja.java:1324] [INFO] - > Starting Cooja
[07:25:04 - main] [Cooja.java:2865] [INFO] - External tools default settings: /external_tools_linux.config
[07:25:04 - main] [Cooja.java:2895] [INFO] - External tools user settings: /root/.cooja.user.properties
[07:25:04 - main] [Simulation.java:420] [INFO] - Simulation random seed: 124477
[07:25:04 - main] [Cooja.java:4267] [WARN] - Replaced [CONTIKI_DIR]/examples/PRIMAC/PRI_board_sim/hello-world3.z1 with /home/user/contiki/examples/PRIMAC/PRI_board_sim/hello-world3.z1 (default: /home/user/contiki), but could not find it. This does not have to be an error, as the file might be created later.
[07:25:04 - main] [CompileContiki.java:140] [INFO] - > make hello-world3.z1 TARGET=z1 
[07:25:10 - main] [MspMote.java:235] [INFO] - Loading firmware from: /home/user/contiki/examples/PRIMAC/PRI_board_sim/hello-world3.z1
[07:25:10 - main] [MspMote.java:235] [INFO] - Loading firmware from: /home/user/contiki/examples/PRIMAC/PRI_board_sim/hello-world3.z1
[07:25:10 - main] [MspMote.java:235] [INFO] - Loading firmware from: /home/user/contiki/examples/PRIMAC/PRI_board_sim/hello-world3.z1
[07:25:10 - main] [MspMote.java:235] [INFO] - Loading firmware from: /home/user/contiki/examples/PRIMAC/PRI_board_sim/hello-world3.z1
[07:25:11 - main] [MspMote.java:235] [INFO] - Loading firmware from: /home/user/contiki/examples/PRIMAC/PRI_board_sim/hello-world3.z1
[07:25:11 - main] [MspMote.java:235] [INFO] - Loading firmware from: /home/user/contiki/examples/PRIMAC/PRI_board_sim/hello-world3.z1
[07:25:11 - main] [MspMote.java:235] [INFO] - Loading firmware from: /home/user/contiki/examples/PRIMAC/PRI_board_sim/hello-world3.z1
[07:25:11 - main] [MspMote.java:235] [INFO] - Loading firmware from: /home/user/contiki/examples/PRIMAC/PRI_board_sim/hello-world3.z1
[07:25:11 - main] [MspMote.java:235] [INFO] - Loading firmware from: /home/user/contiki/examples/PRIMAC/PRI_board_sim/hello-world3.z1
[07:25:11 - main] [MspMote.java:235] [INFO] - Loading firmware from: /home/user/contiki/examples/PRIMAC/PRI_board_sim/hello-world3.z1
[07:25:11 - main] [MspMote.java:235] [INFO] - Loading firmware from: /home/user/contiki/examples/PRIMAC/PRI_board_sim/hello-world3.z1
[07:25:11 - main] [MspMote.java:235] [INFO] - Loading firmware from: /home/user/contiki/examples/PRIMAC/PRI_board_sim/hello-world3.z1
[07:25:11 - main] [MspMote.java:235] [INFO] - Loading firmware from: /home/user/contiki/examples/PRIMAC/PRI_board_sim/hello-world3.z1
[07:25:11 - main] [MspMote.java:235] [INFO] - Loading firmware from: /home/user/contiki/examples/PRIMAC/PRI_board_sim/hello-world3.z1
[07:25:11 - main] [MspMote.java:235] [INFO] - Loading firmware from: /home/user/contiki/examples/PRIMAC/PRI_board_sim/hello-world3.z1
[07:25:11 - main] [MspMote.java:235] [INFO] - Loading firmware from: /home/user/contiki/examples/PRIMAC/PRI_board_sim/hello-world3.z1
[07:25:11 - main] [MspMote.java:235] [INFO] - Loading firmware from: /home/user/contiki/examples/PRIMAC/PRI_board_sim/hello-world3.z1
[07:25:11 - main] [MspMote.java:235] [INFO] - Loading firmware from: /home/user/contiki/examples/PRIMAC/PRI_board_sim/hello-world3.z1
[07:25:11 - main] [MspMote.java:235] [INFO] - Loading firmware from: /home/user/contiki/examples/PRIMAC/PRI_board_sim/hello-world3.z1
[07:25:11 - main] [MspMote.java:235] [INFO] - Loading firmware from: /home/user/contiki/examples/PRIMAC/PRI_board_sim/hello-world3.z1
[07:25:11 - main] [Cooja.java:1790] [INFO] - Visualized plugin was not started: class org.contikios.cooja.plugins.SimControl
[07:25:11 - main] [Cooja.java:1790] [INFO] - Visualized plugin was not started: class org.contikios.cooja.plugins.Visualizer
[07:25:11 - main] [Cooja.java:1790] [INFO] - Visualized plugin was not started: class org.contikios.cooja.plugins.LogListener
[07:25:11 - main] [Cooja.java:1790] [INFO] - Visualized plugin was not started: class org.contikios.cooja.plugins.TimeLine
[07:25:11 - main] [Cooja.java:1790] [INFO] - Visualized plugin was not started: class org.contikios.cooja.plugins.Notes
[07:25:11 - main] [ScriptRunner.java:429] [INFO] - Test script deactivated
[07:25:12 - main] [LogScriptEngine.java:265] [INFO] - Script timeout in 2400000 ms
[07:25:12 - main] [ScriptRunner.java:386] [INFO] - Test script activated
[07:25:12 - Thread-2] [Simulation.java:252] [INFO] - Simulation main loop started, system time: 1622179512078
[07:25:36 - Thread-2] [LogScriptEngine.java:389] [INFO] - Test script at 5.00%, done in 455.5 sec
[07:25:41 - Thread-2] [LogScriptEngine.java:389] [INFO] - Test script at 10.00%, done in 267.0 sec
[07:25:50 - Thread-2] [LogScriptEngine.java:389] [INFO] - Test script at 15.00%, done in 215.8 sec
[07:25:57 - Thread-2] [LogScriptEngine.java:389] [INFO] - Test script at 20.00%, done in 183.1 sec
[07:26:05 - Thread-2] [LogScriptEngine.java:389] [INFO] - Test script at 25.00%, done in 160.5 sec
[07:26:13 - Thread-2] [LogScriptEngine.java:389] [INFO] - Test script at 30.00%, done in 143.5 sec
[07:26:24 - Thread-2] [LogScriptEngine.java:389] [INFO] - Test script at 35.00%, done in 133.7 sec
[07:26:34 - Thread-2] [LogScriptEngine.java:389] [INFO] - Test script at 40.00%, done in 123.5 sec
[07:26:44 - Thread-2] [LogScriptEngine.java:389] [INFO] - Test script at 45.00%, done in 113.2 sec
[07:26:56 - Thread-2] [LogScriptEngine.java:389] [INFO] - Test script at 50.00%, done in 104.4 sec
[07:27:06 - Thread-2] [LogScriptEngine.java:389] [INFO] - Test script at 55.00%, done in 94.0 sec
[07:27:17 - Thread-2] [LogScriptEngine.java:389] [INFO] - Test script at 60.00%, done in 83.7 sec
[07:27:27 - Thread-2] [LogScriptEngine.java:389] [INFO] - Test script at 65.00%, done in 73.1 sec
[07:27:38 - Thread-2] [LogScriptEngine.java:389] [INFO] - Test script at 70.00%, done in 62.6 sec
[07:27:48 - Thread-2] [LogScriptEngine.java:389] [INFO] - Test script at 75.00%, done in 52.2 sec
[07:28:00 - Thread-2] [LogScriptEngine.java:389] [INFO] - Test script at 80.00%, done in 42.0 sec
[07:28:12 - Thread-2] [LogScriptEngine.java:389] [INFO] - Test script at 85.00%, done in 31.8 sec
[07:28:23 - Thread-2] [LogScriptEngine.java:389] [INFO] - Test script at 90.00%, done in 21.2 sec
[07:28:33 - Thread-2] [LogScriptEngine.java:389] [INFO] - Test script at 95.00%, done in 10.6 sec
[07:28:45 - Thread-2] [LogScriptEngine.java:375] [INFO] - Timeout event @ 2400000000
[07:28:45 - Thread-1] [LogScriptEngine.java:309] [INFO] - Test script finished
[07:28:45 - Thread-2] [Simulation.java:311] [INFO] - Simulation main loop stopped, system time: 1622179725150	Duration: 213072 ms	Simulated time 2400000 ms	Ratio 11.263798152737102
[07:28:45 - AWT-EventQueue-0] [ScriptRunner.java:429] [INFO] - Test script deactivated
