[21:35:47 - main] [Cooja.java:1324] [INFO] - > Starting Cooja
[21:35:47 - main] [Cooja.java:2865] [INFO] - External tools default settings: /external_tools_linux.config
[21:35:47 - main] [Cooja.java:2895] [INFO] - External tools user settings: /root/.cooja.user.properties
[21:35:47 - main] [Simulation.java:420] [INFO] - Simulation random seed: 123377
[21:35:47 - main] [Cooja.java:4267] [WARN] - Replaced [CONTIKI_DIR]/examples/PRIMAC/PRI_board_sim/hello-world3.z1 with /home/user/contiki/examples/PRIMAC/PRI_board_sim/hello-world3.z1 (default: /home/user/contiki), but could not find it. This does not have to be an error, as the file might be created later.
[21:35:48 - main] [CompileContiki.java:140] [INFO] - > make hello-world3.z1 TARGET=z1 
[21:35:53 - main] [MspMote.java:235] [INFO] - Loading firmware from: /home/user/contiki/examples/PRIMAC/PRI_board_sim/hello-world3.z1
[21:35:53 - main] [MspMote.java:235] [INFO] - Loading firmware from: /home/user/contiki/examples/PRIMAC/PRI_board_sim/hello-world3.z1
[21:35:53 - main] [MspMote.java:235] [INFO] - Loading firmware from: /home/user/contiki/examples/PRIMAC/PRI_board_sim/hello-world3.z1
[21:35:53 - main] [MspMote.java:235] [INFO] - Loading firmware from: /home/user/contiki/examples/PRIMAC/PRI_board_sim/hello-world3.z1
[21:35:53 - main] [MspMote.java:235] [INFO] - Loading firmware from: /home/user/contiki/examples/PRIMAC/PRI_board_sim/hello-world3.z1
[21:35:53 - main] [MspMote.java:235] [INFO] - Loading firmware from: /home/user/contiki/examples/PRIMAC/PRI_board_sim/hello-world3.z1
[21:35:53 - main] [MspMote.java:235] [INFO] - Loading firmware from: /home/user/contiki/examples/PRIMAC/PRI_board_sim/hello-world3.z1
[21:35:53 - main] [MspMote.java:235] [INFO] - Loading firmware from: /home/user/contiki/examples/PRIMAC/PRI_board_sim/hello-world3.z1
[21:35:53 - main] [MspMote.java:235] [INFO] - Loading firmware from: /home/user/contiki/examples/PRIMAC/PRI_board_sim/hello-world3.z1
[21:35:53 - main] [MspMote.java:235] [INFO] - Loading firmware from: /home/user/contiki/examples/PRIMAC/PRI_board_sim/hello-world3.z1
[21:35:53 - main] [MspMote.java:235] [INFO] - Loading firmware from: /home/user/contiki/examples/PRIMAC/PRI_board_sim/hello-world3.z1
[21:35:53 - main] [MspMote.java:235] [INFO] - Loading firmware from: /home/user/contiki/examples/PRIMAC/PRI_board_sim/hello-world3.z1
[21:35:53 - main] [MspMote.java:235] [INFO] - Loading firmware from: /home/user/contiki/examples/PRIMAC/PRI_board_sim/hello-world3.z1
[21:35:53 - main] [MspMote.java:235] [INFO] - Loading firmware from: /home/user/contiki/examples/PRIMAC/PRI_board_sim/hello-world3.z1
[21:35:53 - main] [Cooja.java:1790] [INFO] - Visualized plugin was not started: class org.contikios.cooja.plugins.SimControl
[21:35:53 - main] [Cooja.java:1790] [INFO] - Visualized plugin was not started: class org.contikios.cooja.plugins.Visualizer
[21:35:53 - main] [Cooja.java:1790] [INFO] - Visualized plugin was not started: class org.contikios.cooja.plugins.LogListener
[21:35:53 - main] [Cooja.java:1790] [INFO] - Visualized plugin was not started: class org.contikios.cooja.plugins.TimeLine
[21:35:53 - main] [Cooja.java:1790] [INFO] - Visualized plugin was not started: class org.contikios.cooja.plugins.Notes
[21:35:54 - main] [ScriptRunner.java:429] [INFO] - Test script deactivated
[21:35:54 - main] [LogScriptEngine.java:265] [INFO] - Script timeout in 2400000 ms
[21:35:54 - main] [ScriptRunner.java:386] [INFO] - Test script activated
[21:35:54 - Thread-2] [Simulation.java:252] [INFO] - Simulation main loop started, system time: 1616445354080
[21:36:11 - Thread-2] [LogScriptEngine.java:389] [INFO] - Test script at 5.00%, done in 339.0 sec
[21:36:15 - Thread-2] [LogScriptEngine.java:389] [INFO] - Test script at 10.00%, done in 196.7 sec
[21:36:21 - Thread-2] [LogScriptEngine.java:389] [INFO] - Test script at 15.00%, done in 155.1 sec
[21:36:25 - Thread-2] [LogScriptEngine.java:389] [INFO] - Test script at 20.00%, done in 127.3 sec
[21:36:29 - Thread-2] [LogScriptEngine.java:389] [INFO] - Test script at 25.00%, done in 107.2 sec
[21:36:34 - Thread-2] [LogScriptEngine.java:389] [INFO] - Test script at 30.00%, done in 94.9 sec
[21:36:40 - Thread-2] [LogScriptEngine.java:389] [INFO] - Test script at 35.00%, done in 86.6 sec
[21:36:47 - Thread-2] [LogScriptEngine.java:389] [INFO] - Test script at 40.00%, done in 80.5 sec
[21:36:54 - Thread-2] [LogScriptEngine.java:389] [INFO] - Test script at 45.00%, done in 73.5 sec
[21:36:59 - Thread-2] [LogScriptEngine.java:389] [INFO] - Test script at 50.00%, done in 65.8 sec
[21:37:08 - Thread-2] [LogScriptEngine.java:389] [INFO] - Test script at 55.00%, done in 60.8 sec
[21:37:12 - Thread-2] [LogScriptEngine.java:389] [INFO] - Test script at 60.00%, done in 52.3 sec
[21:37:16 - Thread-2] [LogScriptEngine.java:389] [INFO] - Test script at 65.00%, done in 44.5 sec
[21:37:21 - Thread-2] [LogScriptEngine.java:389] [INFO] - Test script at 70.00%, done in 37.6 sec
[21:37:25 - Thread-2] [LogScriptEngine.java:389] [INFO] - Test script at 75.00%, done in 30.6 sec
[21:37:31 - Thread-2] [LogScriptEngine.java:389] [INFO] - Test script at 80.00%, done in 24.3 sec
[21:37:35 - Thread-2] [LogScriptEngine.java:389] [INFO] - Test script at 85.00%, done in 18.0 sec
[21:37:40 - Thread-2] [LogScriptEngine.java:389] [INFO] - Test script at 90.00%, done in 11.9 sec
[21:37:46 - Thread-2] [LogScriptEngine.java:389] [INFO] - Test script at 95.00%, done in 5.9 sec
[21:37:53 - Thread-2] [LogScriptEngine.java:375] [INFO] - Timeout event @ 2400000000
[21:37:53 - Thread-1] [LogScriptEngine.java:309] [INFO] - Test script finished
[21:37:53 - Thread-2] [Simulation.java:311] [INFO] - Simulation main loop stopped, system time: 1616445473883	Duration: 119803 ms	Simulated time 2400000 ms	Ratio 20.032887323355844
[21:37:54 - AWT-EventQueue-0] [ScriptRunner.java:429] [INFO] - Test script deactivated
