[07:07:21 - main] [Cooja.java:1324] [INFO] - > Starting Cooja
[07:07:21 - main] [Cooja.java:2865] [INFO] - External tools default settings: /external_tools_linux.config
[07:07:21 - main] [Cooja.java:2895] [INFO] - External tools user settings: /root/.cooja.user.properties
[07:07:21 - main] [Simulation.java:420] [INFO] - Simulation random seed: 124477
[07:07:21 - main] [Cooja.java:4267] [WARN] - Replaced [CONTIKI_DIR]/examples/PRIMAC/PRI_board_sim/hello-world3.z1 with /home/user/contiki/examples/PRIMAC/PRI_board_sim/hello-world3.z1 (default: /home/user/contiki), but could not find it. This does not have to be an error, as the file might be created later.
[07:07:21 - main] [CompileContiki.java:140] [INFO] - > make hello-world3.z1 TARGET=z1 
[07:07:28 - main] [MspMote.java:235] [INFO] - Loading firmware from: /home/user/contiki/examples/PRIMAC/PRI_board_sim/hello-world3.z1
[07:07:28 - main] [MspMote.java:235] [INFO] - Loading firmware from: /home/user/contiki/examples/PRIMAC/PRI_board_sim/hello-world3.z1
[07:07:28 - main] [MspMote.java:235] [INFO] - Loading firmware from: /home/user/contiki/examples/PRIMAC/PRI_board_sim/hello-world3.z1
[07:07:28 - main] [MspMote.java:235] [INFO] - Loading firmware from: /home/user/contiki/examples/PRIMAC/PRI_board_sim/hello-world3.z1
[07:07:29 - main] [MspMote.java:235] [INFO] - Loading firmware from: /home/user/contiki/examples/PRIMAC/PRI_board_sim/hello-world3.z1
[07:07:29 - main] [MspMote.java:235] [INFO] - Loading firmware from: /home/user/contiki/examples/PRIMAC/PRI_board_sim/hello-world3.z1
[07:07:29 - main] [MspMote.java:235] [INFO] - Loading firmware from: /home/user/contiki/examples/PRIMAC/PRI_board_sim/hello-world3.z1
[07:07:29 - main] [MspMote.java:235] [INFO] - Loading firmware from: /home/user/contiki/examples/PRIMAC/PRI_board_sim/hello-world3.z1
[07:07:29 - main] [MspMote.java:235] [INFO] - Loading firmware from: /home/user/contiki/examples/PRIMAC/PRI_board_sim/hello-world3.z1
[07:07:29 - main] [MspMote.java:235] [INFO] - Loading firmware from: /home/user/contiki/examples/PRIMAC/PRI_board_sim/hello-world3.z1
[07:07:29 - main] [MspMote.java:235] [INFO] - Loading firmware from: /home/user/contiki/examples/PRIMAC/PRI_board_sim/hello-world3.z1
[07:07:29 - main] [MspMote.java:235] [INFO] - Loading firmware from: /home/user/contiki/examples/PRIMAC/PRI_board_sim/hello-world3.z1
[07:07:29 - main] [MspMote.java:235] [INFO] - Loading firmware from: /home/user/contiki/examples/PRIMAC/PRI_board_sim/hello-world3.z1
[07:07:29 - main] [MspMote.java:235] [INFO] - Loading firmware from: /home/user/contiki/examples/PRIMAC/PRI_board_sim/hello-world3.z1
[07:07:29 - main] [MspMote.java:235] [INFO] - Loading firmware from: /home/user/contiki/examples/PRIMAC/PRI_board_sim/hello-world3.z1
[07:07:29 - main] [MspMote.java:235] [INFO] - Loading firmware from: /home/user/contiki/examples/PRIMAC/PRI_board_sim/hello-world3.z1
[07:07:29 - main] [MspMote.java:235] [INFO] - Loading firmware from: /home/user/contiki/examples/PRIMAC/PRI_board_sim/hello-world3.z1
[07:07:29 - main] [MspMote.java:235] [INFO] - Loading firmware from: /home/user/contiki/examples/PRIMAC/PRI_board_sim/hello-world3.z1
[07:07:29 - main] [MspMote.java:235] [INFO] - Loading firmware from: /home/user/contiki/examples/PRIMAC/PRI_board_sim/hello-world3.z1
[07:07:29 - main] [MspMote.java:235] [INFO] - Loading firmware from: /home/user/contiki/examples/PRIMAC/PRI_board_sim/hello-world3.z1
[07:07:29 - main] [Cooja.java:1790] [INFO] - Visualized plugin was not started: class org.contikios.cooja.plugins.SimControl
[07:07:29 - main] [Cooja.java:1790] [INFO] - Visualized plugin was not started: class org.contikios.cooja.plugins.Visualizer
[07:07:29 - main] [Cooja.java:1790] [INFO] - Visualized plugin was not started: class org.contikios.cooja.plugins.LogListener
[07:07:29 - main] [Cooja.java:1790] [INFO] - Visualized plugin was not started: class org.contikios.cooja.plugins.TimeLine
[07:07:29 - main] [Cooja.java:1790] [INFO] - Visualized plugin was not started: class org.contikios.cooja.plugins.Notes
[07:07:30 - main] [ScriptRunner.java:429] [INFO] - Test script deactivated
[07:07:30 - main] [LogScriptEngine.java:265] [INFO] - Script timeout in 2400000 ms
[07:07:30 - main] [ScriptRunner.java:386] [INFO] - Test script activated
[07:07:30 - Thread-2] [Simulation.java:252] [INFO] - Simulation main loop started, system time: 1622178450234
[07:08:02 - Thread-2] [LogScriptEngine.java:389] [INFO] - Test script at 5.00%, done in 609.4 sec
[07:08:11 - Thread-2] [LogScriptEngine.java:389] [INFO] - Test script at 10.00%, done in 367.1 sec
[07:08:21 - Thread-2] [LogScriptEngine.java:389] [INFO] - Test script at 15.00%, done in 291.7 sec
[07:08:33 - Thread-2] [LogScriptEngine.java:389] [INFO] - Test script at 20.00%, done in 252.1 sec
[07:08:45 - Thread-2] [LogScriptEngine.java:389] [INFO] - Test script at 25.00%, done in 224.6 sec
[07:08:56 - Thread-2] [LogScriptEngine.java:389] [INFO] - Test script at 30.00%, done in 200.2 sec
[07:09:07 - Thread-2] [LogScriptEngine.java:389] [INFO] - Test script at 35.00%, done in 179.8 sec
[07:09:19 - Thread-2] [LogScriptEngine.java:389] [INFO] - Test script at 40.00%, done in 163.3 sec
[07:09:30 - Thread-2] [LogScriptEngine.java:389] [INFO] - Test script at 45.00%, done in 146.6 sec
[07:09:41 - Thread-2] [LogScriptEngine.java:389] [INFO] - Test script at 50.00%, done in 131.1 sec
[07:09:52 - Thread-2] [LogScriptEngine.java:389] [INFO] - Test script at 55.00%, done in 116.5 sec
[07:10:04 - Thread-2] [LogScriptEngine.java:389] [INFO] - Test script at 60.00%, done in 102.7 sec
[07:10:15 - Thread-2] [LogScriptEngine.java:389] [INFO] - Test script at 65.00%, done in 88.8 sec
[07:10:27 - Thread-2] [LogScriptEngine.java:389] [INFO] - Test script at 70.00%, done in 76.0 sec
[07:10:39 - Thread-2] [LogScriptEngine.java:389] [INFO] - Test script at 75.00%, done in 62.9 sec
[07:10:50 - Thread-2] [LogScriptEngine.java:389] [INFO] - Test script at 80.00%, done in 50.0 sec
[07:11:01 - Thread-2] [LogScriptEngine.java:389] [INFO] - Test script at 85.00%, done in 37.3 sec
[07:11:12 - Thread-2] [LogScriptEngine.java:389] [INFO] - Test script at 90.00%, done in 24.7 sec
[07:11:24 - Thread-2] [LogScriptEngine.java:389] [INFO] - Test script at 95.00%, done in 12.3 sec
[07:11:36 - Thread-2] [LogScriptEngine.java:375] [INFO] - Timeout event @ 2400000000
[07:11:36 - Thread-1] [LogScriptEngine.java:309] [INFO] - Test script finished
[07:11:36 - Thread-2] [Simulation.java:311] [INFO] - Simulation main loop stopped, system time: 1622178696559	Duration: 246325 ms	Simulated time 2400000 ms	Ratio 9.743225413579621
[07:11:37 - AWT-EventQueue-0] [ScriptRunner.java:429] [INFO] - Test script deactivated
