[16:07:38 - main] [Cooja.java:1324] [INFO] - > Starting Cooja
[16:07:38 - main] [Cooja.java:2865] [INFO] - External tools default settings: /external_tools_linux.config
[16:07:38 - main] [Cooja.java:2895] [INFO] - External tools user settings: /root/.cooja.user.properties
[16:07:38 - main] [Simulation.java:420] [INFO] - Simulation random seed: 123377
[16:07:38 - main] [Cooja.java:4267] [WARN] - Replaced [CONTIKI_DIR]/examples/Acollect/nullrdc/JF-collect.z1 with /home/user/contiki/examples/Acollect/nullrdc/JF-collect.z1 (default: /home/user/contiki), but could not find it. This does not have to be an error, as the file might be created later.
[16:07:38 - main] [CompileContiki.java:140] [INFO] - > make JF-collect.z1 TARGET=z1 
[16:07:43 - main] [MspMote.java:235] [INFO] - Loading firmware from: /home/user/contiki/examples/Acollect/nullrdc/JF-collect.z1
[16:07:43 - main] [MspMote.java:235] [INFO] - Loading firmware from: /home/user/contiki/examples/Acollect/nullrdc/JF-collect.z1
[16:07:43 - main] [MspMote.java:235] [INFO] - Loading firmware from: /home/user/contiki/examples/Acollect/nullrdc/JF-collect.z1
[16:07:43 - main] [MspMote.java:235] [INFO] - Loading firmware from: /home/user/contiki/examples/Acollect/nullrdc/JF-collect.z1
[16:07:43 - main] [MspMote.java:235] [INFO] - Loading firmware from: /home/user/contiki/examples/Acollect/nullrdc/JF-collect.z1
[16:07:43 - main] [MspMote.java:235] [INFO] - Loading firmware from: /home/user/contiki/examples/Acollect/nullrdc/JF-collect.z1
[16:07:43 - main] [MspMote.java:235] [INFO] - Loading firmware from: /home/user/contiki/examples/Acollect/nullrdc/JF-collect.z1
[16:07:43 - main] [MspMote.java:235] [INFO] - Loading firmware from: /home/user/contiki/examples/Acollect/nullrdc/JF-collect.z1
[16:07:44 - main] [MspMote.java:235] [INFO] - Loading firmware from: /home/user/contiki/examples/Acollect/nullrdc/JF-collect.z1
[16:07:44 - main] [MspMote.java:235] [INFO] - Loading firmware from: /home/user/contiki/examples/Acollect/nullrdc/JF-collect.z1
[16:07:44 - main] [MspMote.java:235] [INFO] - Loading firmware from: /home/user/contiki/examples/Acollect/nullrdc/JF-collect.z1
[16:07:44 - main] [MspMote.java:235] [INFO] - Loading firmware from: /home/user/contiki/examples/Acollect/nullrdc/JF-collect.z1
[16:07:44 - main] [MspMote.java:235] [INFO] - Loading firmware from: /home/user/contiki/examples/Acollect/nullrdc/JF-collect.z1
[16:07:44 - main] [Cooja.java:1790] [INFO] - Visualized plugin was not started: class org.contikios.cooja.plugins.SimControl
[16:07:44 - main] [Cooja.java:1790] [INFO] - Visualized plugin was not started: class org.contikios.cooja.plugins.Visualizer
[16:07:44 - main] [Cooja.java:1790] [INFO] - Visualized plugin was not started: class org.contikios.cooja.plugins.LogListener
[16:07:44 - main] [Cooja.java:1790] [INFO] - Visualized plugin was not started: class org.contikios.cooja.plugins.TimeLine
[16:07:44 - main] [Cooja.java:1790] [INFO] - Visualized plugin was not started: class org.contikios.cooja.plugins.Notes
[16:07:44 - main] [ScriptRunner.java:429] [INFO] - Test script deactivated
[16:07:44 - main] [LogScriptEngine.java:265] [INFO] - Script timeout in 2400000 ms
[16:07:44 - main] [ScriptRunner.java:386] [INFO] - Test script activated
[16:07:44 - Thread-2] [Simulation.java:252] [INFO] - Simulation main loop started, system time: 1617977264645
[16:08:13 - Thread-2] [LogScriptEngine.java:389] [INFO] - Test script at 5.00%, done in 538.8 sec
[16:08:28 - Thread-2] [LogScriptEngine.java:389] [INFO] - Test script at 10.00%, done in 395.4 sec
[16:09:16 - Thread-2] [LogScriptEngine.java:389] [INFO] - Test script at 15.00%, done in 521.7 sec
[16:10:13 - Thread-2] [LogScriptEngine.java:389] [INFO] - Test script at 20.00%, done in 597.0 sec
[16:11:11 - Thread-2] [LogScriptEngine.java:389] [INFO] - Test script at 25.00%, done in 620.4 sec
[16:12:10 - Thread-2] [LogScriptEngine.java:389] [INFO] - Test script at 30.00%, done in 621.3 sec
[16:13:11 - Thread-2] [LogScriptEngine.java:389] [INFO] - Test script at 35.00%, done in 607.2 sec
[16:14:13 - Thread-2] [LogScriptEngine.java:389] [INFO] - Test script at 40.00%, done in 583.0 sec
[16:15:13 - Thread-2] [LogScriptEngine.java:389] [INFO] - Test script at 45.00%, done in 548.4 sec
[16:16:17 - Thread-2] [LogScriptEngine.java:389] [INFO] - Test script at 50.00%, done in 513.2 sec
[16:17:28 - Thread-2] [LogScriptEngine.java:389] [INFO] - Test script at 55.00%, done in 477.6 sec
[16:18:33 - Thread-2] [LogScriptEngine.java:389] [INFO] - Test script at 60.00%, done in 432.4 sec
[16:19:31 - Thread-2] [LogScriptEngine.java:389] [INFO] - Test script at 65.00%, done in 380.5 sec
[16:20:38 - Thread-2] [LogScriptEngine.java:389] [INFO] - Test script at 70.00%, done in 331.5 sec
[16:21:42 - Thread-2] [LogScriptEngine.java:389] [INFO] - Test script at 75.00%, done in 279.3 sec
[16:22:42 - Thread-2] [LogScriptEngine.java:389] [INFO] - Test script at 80.00%, done in 224.5 sec
[16:23:44 - Thread-2] [LogScriptEngine.java:389] [INFO] - Test script at 85.00%, done in 169.5 sec
[16:25:03 - Thread-2] [LogScriptEngine.java:389] [INFO] - Test script at 90.00%, done in 115.4 sec
[16:26:19 - Thread-2] [LogScriptEngine.java:389] [INFO] - Test script at 95.00%, done in 58.7 sec
[16:27:21 - Thread-2] [LogScriptEngine.java:375] [INFO] - Timeout event @ 2400000000
[16:27:21 - Thread-1] [LogScriptEngine.java:309] [INFO] - Test script finished
[16:27:21 - Thread-2] [Simulation.java:311] [INFO] - Simulation main loop stopped, system time: 1617978441577	Duration: 1176932 ms	Simulated time 2400000 ms	Ratio 2.039200225671492
[16:27:22 - AWT-EventQueue-0] [ScriptRunner.java:429] [INFO] - Test script deactivated
