[14:23:43 - main] [Cooja.java:1324] [INFO] - > Starting Cooja
[14:23:43 - main] [Cooja.java:2865] [INFO] - External tools default settings: /external_tools_linux.config
[14:23:43 - main] [Cooja.java:2895] [INFO] - External tools user settings: /root/.cooja.user.properties
[14:23:44 - main] [Simulation.java:420] [INFO] - Simulation random seed: 123377
[14:23:44 - main] [Cooja.java:4267] [WARN] - Replaced [CONTIKI_DIR]/examples/Acollect/nullrdc/JF-collect.z1 with /home/user/contiki/examples/Acollect/nullrdc/JF-collect.z1 (default: /home/user/contiki), but could not find it. This does not have to be an error, as the file might be created later.
[14:23:44 - main] [CompileContiki.java:140] [INFO] - > make JF-collect.z1 TARGET=z1 
[14:23:48 - main] [MspMote.java:235] [INFO] - Loading firmware from: /home/user/contiki/examples/Acollect/nullrdc/JF-collect.z1
[14:23:48 - main] [MspMote.java:235] [INFO] - Loading firmware from: /home/user/contiki/examples/Acollect/nullrdc/JF-collect.z1
[14:23:48 - main] [MspMote.java:235] [INFO] - Loading firmware from: /home/user/contiki/examples/Acollect/nullrdc/JF-collect.z1
[14:23:48 - main] [MspMote.java:235] [INFO] - Loading firmware from: /home/user/contiki/examples/Acollect/nullrdc/JF-collect.z1
[14:23:49 - main] [MspMote.java:235] [INFO] - Loading firmware from: /home/user/contiki/examples/Acollect/nullrdc/JF-collect.z1
[14:23:49 - main] [MspMote.java:235] [INFO] - Loading firmware from: /home/user/contiki/examples/Acollect/nullrdc/JF-collect.z1
[14:23:49 - main] [MspMote.java:235] [INFO] - Loading firmware from: /home/user/contiki/examples/Acollect/nullrdc/JF-collect.z1
[14:23:49 - main] [MspMote.java:235] [INFO] - Loading firmware from: /home/user/contiki/examples/Acollect/nullrdc/JF-collect.z1
[14:23:49 - main] [MspMote.java:235] [INFO] - Loading firmware from: /home/user/contiki/examples/Acollect/nullrdc/JF-collect.z1
[14:23:49 - main] [MspMote.java:235] [INFO] - Loading firmware from: /home/user/contiki/examples/Acollect/nullrdc/JF-collect.z1
[14:23:49 - main] [MspMote.java:235] [INFO] - Loading firmware from: /home/user/contiki/examples/Acollect/nullrdc/JF-collect.z1
[14:23:49 - main] [MspMote.java:235] [INFO] - Loading firmware from: /home/user/contiki/examples/Acollect/nullrdc/JF-collect.z1
[14:23:49 - main] [MspMote.java:235] [INFO] - Loading firmware from: /home/user/contiki/examples/Acollect/nullrdc/JF-collect.z1
[14:23:49 - main] [Cooja.java:1790] [INFO] - Visualized plugin was not started: class org.contikios.cooja.plugins.SimControl
[14:23:49 - main] [Cooja.java:1790] [INFO] - Visualized plugin was not started: class org.contikios.cooja.plugins.Visualizer
[14:23:49 - main] [Cooja.java:1790] [INFO] - Visualized plugin was not started: class org.contikios.cooja.plugins.LogListener
[14:23:49 - main] [Cooja.java:1790] [INFO] - Visualized plugin was not started: class org.contikios.cooja.plugins.TimeLine
[14:23:49 - main] [Cooja.java:1790] [INFO] - Visualized plugin was not started: class org.contikios.cooja.plugins.Notes
[14:23:49 - main] [ScriptRunner.java:429] [INFO] - Test script deactivated
[14:23:49 - main] [LogScriptEngine.java:265] [INFO] - Script timeout in 2400000 ms
[14:23:49 - main] [ScriptRunner.java:386] [INFO] - Test script activated
[14:23:49 - Thread-2] [Simulation.java:252] [INFO] - Simulation main loop started, system time: 1617971029762
[14:24:18 - Thread-2] [LogScriptEngine.java:389] [INFO] - Test script at 5.00%, done in 545.4 sec
[14:24:34 - Thread-2] [LogScriptEngine.java:389] [INFO] - Test script at 10.00%, done in 399.3 sec
[14:25:35 - Thread-2] [LogScriptEngine.java:389] [INFO] - Test script at 15.00%, done in 599.8 sec
[14:26:42 - Thread-2] [LogScriptEngine.java:389] [INFO] - Test script at 20.00%, done in 691.7 sec
[14:27:54 - Thread-2] [LogScriptEngine.java:389] [INFO] - Test script at 25.00%, done in 735.5 sec
[14:29:03 - Thread-2] [LogScriptEngine.java:389] [INFO] - Test script at 30.00%, done in 733.1 sec
[14:30:14 - Thread-2] [LogScriptEngine.java:389] [INFO] - Test script at 35.00%, done in 715.4 sec
[14:31:27 - Thread-2] [LogScriptEngine.java:389] [INFO] - Test script at 40.00%, done in 687.1 sec
[14:32:43 - Thread-2] [LogScriptEngine.java:389] [INFO] - Test script at 45.00%, done in 652.9 sec
[14:33:57 - Thread-2] [LogScriptEngine.java:389] [INFO] - Test script at 50.00%, done in 608.1 sec
[14:35:12 - Thread-2] [LogScriptEngine.java:389] [INFO] - Test script at 55.00%, done in 558.7 sec
[14:36:28 - Thread-2] [LogScriptEngine.java:389] [INFO] - Test script at 60.00%, done in 506.0 sec
[14:38:03 - Thread-2] [LogScriptEngine.java:389] [INFO] - Test script at 65.00%, done in 459.7 sec
[14:39:35 - Thread-2] [LogScriptEngine.java:389] [INFO] - Test script at 70.00%, done in 405.3 sec
[14:41:10 - Thread-2] [LogScriptEngine.java:389] [INFO] - Test script at 75.00%, done in 347.1 sec
[14:42:46 - Thread-2] [LogScriptEngine.java:389] [INFO] - Test script at 80.00%, done in 284.2 sec
[14:44:16 - Thread-2] [LogScriptEngine.java:389] [INFO] - Test script at 85.00%, done in 216.5 sec
[14:45:34 - Thread-2] [LogScriptEngine.java:389] [INFO] - Test script at 90.00%, done in 145.0 sec
[14:46:56 - Thread-2] [LogScriptEngine.java:389] [INFO] - Test script at 95.00%, done in 73.0 sec
[14:48:03 - Thread-2] [LogScriptEngine.java:375] [INFO] - Timeout event @ 2400000000
[14:48:03 - Thread-1] [LogScriptEngine.java:309] [INFO] - Test script finished
[14:48:03 - Thread-2] [Simulation.java:311] [INFO] - Simulation main loop stopped, system time: 1617972483879	Duration: 1454117 ms	Simulated time 2400000 ms	Ratio 1.6504861713328431
[14:48:04 - AWT-EventQueue-0] [ScriptRunner.java:429] [INFO] - Test script deactivated
[14:48:04 - Thread-3] [AbstractRadioMedium.java:198] [FATAL] - Connection source turned off radio: org.contikios.cooja.mspmote.interfaces.Msp802154Radio@13cf267
