[20:59:00 - main] [Cooja.java:1324] [INFO] - > Starting Cooja
[20:59:00 - main] [Cooja.java:2865] [INFO] - External tools default settings: /external_tools_linux.config
[20:59:00 - main] [Cooja.java:2895] [INFO] - External tools user settings: /root/.cooja.user.properties
[20:59:00 - main] [Simulation.java:420] [INFO] - Simulation random seed: 123377
[20:59:00 - main] [Cooja.java:4267] [WARN] - Replaced [CONTIKI_DIR]/examples/PRIMAC/PRI_board_sim/hello-world3.z1 with /home/user/contiki/examples/PRIMAC/PRI_board_sim/hello-world3.z1 (default: /home/user/contiki), but could not find it. This does not have to be an error, as the file might be created later.
[20:59:00 - main] [CompileContiki.java:140] [INFO] - > make hello-world3.z1 TARGET=z1 
[20:59:06 - main] [MspMote.java:235] [INFO] - Loading firmware from: /home/user/contiki/examples/PRIMAC/PRI_board_sim/hello-world3.z1
[20:59:06 - main] [MspMote.java:235] [INFO] - Loading firmware from: /home/user/contiki/examples/PRIMAC/PRI_board_sim/hello-world3.z1
[20:59:06 - main] [MspMote.java:235] [INFO] - Loading firmware from: /home/user/contiki/examples/PRIMAC/PRI_board_sim/hello-world3.z1
[20:59:06 - main] [MspMote.java:235] [INFO] - Loading firmware from: /home/user/contiki/examples/PRIMAC/PRI_board_sim/hello-world3.z1
[20:59:06 - main] [MspMote.java:235] [INFO] - Loading firmware from: /home/user/contiki/examples/PRIMAC/PRI_board_sim/hello-world3.z1
[20:59:06 - main] [MspMote.java:235] [INFO] - Loading firmware from: /home/user/contiki/examples/PRIMAC/PRI_board_sim/hello-world3.z1
[20:59:06 - main] [MspMote.java:235] [INFO] - Loading firmware from: /home/user/contiki/examples/PRIMAC/PRI_board_sim/hello-world3.z1
[20:59:06 - main] [MspMote.java:235] [INFO] - Loading firmware from: /home/user/contiki/examples/PRIMAC/PRI_board_sim/hello-world3.z1
[20:59:06 - main] [MspMote.java:235] [INFO] - Loading firmware from: /home/user/contiki/examples/PRIMAC/PRI_board_sim/hello-world3.z1
[20:59:06 - main] [MspMote.java:235] [INFO] - Loading firmware from: /home/user/contiki/examples/PRIMAC/PRI_board_sim/hello-world3.z1
[20:59:06 - main] [MspMote.java:235] [INFO] - Loading firmware from: /home/user/contiki/examples/PRIMAC/PRI_board_sim/hello-world3.z1
[20:59:06 - main] [MspMote.java:235] [INFO] - Loading firmware from: /home/user/contiki/examples/PRIMAC/PRI_board_sim/hello-world3.z1
[20:59:06 - main] [MspMote.java:235] [INFO] - Loading firmware from: /home/user/contiki/examples/PRIMAC/PRI_board_sim/hello-world3.z1
[20:59:06 - main] [MspMote.java:235] [INFO] - Loading firmware from: /home/user/contiki/examples/PRIMAC/PRI_board_sim/hello-world3.z1
[20:59:07 - main] [Cooja.java:1790] [INFO] - Visualized plugin was not started: class org.contikios.cooja.plugins.SimControl
[20:59:07 - main] [Cooja.java:1790] [INFO] - Visualized plugin was not started: class org.contikios.cooja.plugins.Visualizer
[20:59:07 - main] [Cooja.java:1790] [INFO] - Visualized plugin was not started: class org.contikios.cooja.plugins.LogListener
[20:59:07 - main] [Cooja.java:1790] [INFO] - Visualized plugin was not started: class org.contikios.cooja.plugins.TimeLine
[20:59:07 - main] [Cooja.java:1790] [INFO] - Visualized plugin was not started: class org.contikios.cooja.plugins.Notes
[20:59:07 - main] [ScriptRunner.java:429] [INFO] - Test script deactivated
[20:59:07 - main] [LogScriptEngine.java:265] [INFO] - Script timeout in 2400000 ms
[20:59:07 - main] [ScriptRunner.java:386] [INFO] - Test script activated
[20:59:07 - Thread-2] [Simulation.java:252] [INFO] - Simulation main loop started, system time: 1616443147457
[20:59:23 - Thread-2] [LogScriptEngine.java:389] [INFO] - Test script at 5.00%, done in 310.8 sec
[20:59:28 - Thread-2] [LogScriptEngine.java:389] [INFO] - Test script at 10.00%, done in 185.3 sec
[20:59:32 - Thread-2] [LogScriptEngine.java:389] [INFO] - Test script at 15.00%, done in 141.3 sec
[20:59:37 - Thread-2] [LogScriptEngine.java:389] [INFO] - Test script at 20.00%, done in 118.5 sec
[20:59:41 - Thread-2] [LogScriptEngine.java:389] [INFO] - Test script at 25.00%, done in 102.5 sec
[20:59:46 - Thread-2] [LogScriptEngine.java:389] [INFO] - Test script at 30.00%, done in 90.7 sec
[20:59:50 - Thread-2] [LogScriptEngine.java:389] [INFO] - Test script at 35.00%, done in 80.2 sec
[20:59:55 - Thread-2] [LogScriptEngine.java:389] [INFO] - Test script at 40.00%, done in 72.6 sec
[21:00:00 - Thread-2] [LogScriptEngine.java:389] [INFO] - Test script at 45.00%, done in 65.0 sec
[21:00:05 - Thread-2] [LogScriptEngine.java:389] [INFO] - Test script at 50.00%, done in 57.7 sec
[21:00:09 - Thread-2] [LogScriptEngine.java:389] [INFO] - Test script at 55.00%, done in 50.9 sec
[21:00:14 - Thread-2] [LogScriptEngine.java:389] [INFO] - Test script at 60.00%, done in 44.4 sec
[21:00:18 - Thread-2] [LogScriptEngine.java:389] [INFO] - Test script at 65.00%, done in 38.3 sec
[21:00:23 - Thread-2] [LogScriptEngine.java:389] [INFO] - Test script at 70.00%, done in 32.4 sec
[21:00:27 - Thread-2] [LogScriptEngine.java:389] [INFO] - Test script at 75.00%, done in 26.7 sec
[21:00:32 - Thread-2] [LogScriptEngine.java:389] [INFO] - Test script at 80.00%, done in 21.2 sec
[21:00:36 - Thread-2] [LogScriptEngine.java:389] [INFO] - Test script at 85.00%, done in 15.7 sec
[21:00:41 - Thread-2] [LogScriptEngine.java:389] [INFO] - Test script at 90.00%, done in 10.4 sec
[21:00:45 - Thread-2] [LogScriptEngine.java:389] [INFO] - Test script at 95.00%, done in 5.2 sec
[21:00:50 - Thread-2] [LogScriptEngine.java:375] [INFO] - Timeout event @ 2400000000
[21:00:50 - Thread-1] [LogScriptEngine.java:309] [INFO] - Test script finished
[21:00:50 - Thread-2] [Simulation.java:311] [INFO] - Simulation main loop stopped, system time: 1616443250138	Duration: 102681 ms	Simulated time 2400000 ms	Ratio 23.373360212697577
[21:00:50 - AWT-EventQueue-0] [ScriptRunner.java:429] [INFO] - Test script deactivated
