[10:27:24 - main] [Cooja.java:1324] [INFO] - > Starting Cooja
[10:27:24 - main] [Cooja.java:2865] [INFO] - External tools default settings: /external_tools_linux.config
[10:27:24 - main] [Cooja.java:2895] [INFO] - External tools user settings: /root/.cooja.user.properties
[10:27:24 - main] [Simulation.java:420] [INFO] - Simulation random seed: 123377
[10:27:24 - main] [Cooja.java:4267] [WARN] - Replaced [CONTIKI_DIR]/examples/PRIMAC/PRI_board_sim/hello-world3.z1 with /home/user/contiki/examples/PRIMAC/PRI_board_sim/hello-world3.z1 (default: /home/user/contiki), but could not find it. This does not have to be an error, as the file might be created later.
[10:27:24 - main] [CompileContiki.java:140] [INFO] - > make hello-world3.z1 TARGET=z1 
[10:27:29 - main] [MspMote.java:235] [INFO] - Loading firmware from: /home/user/contiki/examples/PRIMAC/PRI_board_sim/hello-world3.z1
[10:27:29 - main] [MspMote.java:235] [INFO] - Loading firmware from: /home/user/contiki/examples/PRIMAC/PRI_board_sim/hello-world3.z1
[10:27:29 - main] [MspMote.java:235] [INFO] - Loading firmware from: /home/user/contiki/examples/PRIMAC/PRI_board_sim/hello-world3.z1
[10:27:29 - main] [MspMote.java:235] [INFO] - Loading firmware from: /home/user/contiki/examples/PRIMAC/PRI_board_sim/hello-world3.z1
[10:27:29 - main] [MspMote.java:235] [INFO] - Loading firmware from: /home/user/contiki/examples/PRIMAC/PRI_board_sim/hello-world3.z1
[10:27:30 - main] [MspMote.java:235] [INFO] - Loading firmware from: /home/user/contiki/examples/PRIMAC/PRI_board_sim/hello-world3.z1
[10:27:30 - main] [MspMote.java:235] [INFO] - Loading firmware from: /home/user/contiki/examples/PRIMAC/PRI_board_sim/hello-world3.z1
[10:27:30 - main] [MspMote.java:235] [INFO] - Loading firmware from: /home/user/contiki/examples/PRIMAC/PRI_board_sim/hello-world3.z1
[10:27:30 - main] [MspMote.java:235] [INFO] - Loading firmware from: /home/user/contiki/examples/PRIMAC/PRI_board_sim/hello-world3.z1
[10:27:30 - main] [MspMote.java:235] [INFO] - Loading firmware from: /home/user/contiki/examples/PRIMAC/PRI_board_sim/hello-world3.z1
[10:27:30 - main] [MspMote.java:235] [INFO] - Loading firmware from: /home/user/contiki/examples/PRIMAC/PRI_board_sim/hello-world3.z1
[10:27:30 - main] [MspMote.java:235] [INFO] - Loading firmware from: /home/user/contiki/examples/PRIMAC/PRI_board_sim/hello-world3.z1
[10:27:30 - main] [MspMote.java:235] [INFO] - Loading firmware from: /home/user/contiki/examples/PRIMAC/PRI_board_sim/hello-world3.z1
[10:27:30 - main] [MspMote.java:235] [INFO] - Loading firmware from: /home/user/contiki/examples/PRIMAC/PRI_board_sim/hello-world3.z1
[10:27:30 - main] [Cooja.java:1790] [INFO] - Visualized plugin was not started: class org.contikios.cooja.plugins.SimControl
[10:27:30 - main] [Cooja.java:1790] [INFO] - Visualized plugin was not started: class org.contikios.cooja.plugins.Visualizer
[10:27:30 - main] [Cooja.java:1790] [INFO] - Visualized plugin was not started: class org.contikios.cooja.plugins.LogListener
[10:27:30 - main] [Cooja.java:1790] [INFO] - Visualized plugin was not started: class org.contikios.cooja.plugins.TimeLine
[10:27:30 - main] [Cooja.java:1790] [INFO] - Visualized plugin was not started: class org.contikios.cooja.plugins.Notes
[10:27:30 - main] [ScriptRunner.java:429] [INFO] - Test script deactivated
[10:27:30 - main] [LogScriptEngine.java:265] [INFO] - Script timeout in 2400000 ms
[10:27:30 - main] [ScriptRunner.java:386] [INFO] - Test script activated
[10:27:30 - Thread-2] [Simulation.java:252] [INFO] - Simulation main loop started, system time: 1617006450710
[10:27:44 - Thread-2] [LogScriptEngine.java:389] [INFO] - Test script at 5.00%, done in 264.1 sec
[10:27:48 - Thread-2] [LogScriptEngine.java:389] [INFO] - Test script at 10.00%, done in 158.2 sec
[10:27:52 - Thread-2] [LogScriptEngine.java:389] [INFO] - Test script at 15.00%, done in 124.2 sec
[10:27:56 - Thread-2] [LogScriptEngine.java:389] [INFO] - Test script at 20.00%, done in 104.7 sec
[10:28:01 - Thread-2] [LogScriptEngine.java:389] [INFO] - Test script at 25.00%, done in 91.1 sec
[10:28:05 - Thread-2] [LogScriptEngine.java:389] [INFO] - Test script at 30.00%, done in 80.8 sec
[10:28:09 - Thread-2] [LogScriptEngine.java:389] [INFO] - Test script at 35.00%, done in 72.3 sec
[10:28:14 - Thread-2] [LogScriptEngine.java:389] [INFO] - Test script at 40.00%, done in 65.2 sec
[10:28:19 - Thread-2] [LogScriptEngine.java:389] [INFO] - Test script at 45.00%, done in 59.6 sec
[10:28:23 - Thread-2] [LogScriptEngine.java:389] [INFO] - Test script at 50.00%, done in 53.1 sec
[10:28:28 - Thread-2] [LogScriptEngine.java:389] [INFO] - Test script at 55.00%, done in 47.0 sec
[10:28:32 - Thread-2] [LogScriptEngine.java:389] [INFO] - Test script at 60.00%, done in 41.3 sec
[10:28:37 - Thread-2] [LogScriptEngine.java:389] [INFO] - Test script at 65.00%, done in 35.7 sec
[10:28:41 - Thread-2] [LogScriptEngine.java:389] [INFO] - Test script at 70.00%, done in 30.3 sec
[10:28:45 - Thread-2] [LogScriptEngine.java:389] [INFO] - Test script at 75.00%, done in 25.0 sec
[10:28:50 - Thread-2] [LogScriptEngine.java:389] [INFO] - Test script at 80.00%, done in 19.9 sec
[10:28:54 - Thread-2] [LogScriptEngine.java:389] [INFO] - Test script at 85.00%, done in 14.8 sec
[10:28:59 - Thread-2] [LogScriptEngine.java:389] [INFO] - Test script at 90.00%, done in 9.9 sec
[10:29:04 - Thread-2] [LogScriptEngine.java:389] [INFO] - Test script at 95.00%, done in 4.9 sec
[10:29:11 - Thread-2] [LogScriptEngine.java:375] [INFO] - Timeout event @ 2400000000
[10:29:11 - Thread-1] [LogScriptEngine.java:309] [INFO] - Test script finished
[10:29:11 - Thread-2] [Simulation.java:311] [INFO] - Simulation main loop stopped, system time: 1617006551208	Duration: 100498 ms	Simulated time 2400000 ms	Ratio 23.88107226014448
[10:29:11 - AWT-EventQueue-0] [ScriptRunner.java:429] [INFO] - Test script deactivated
