[07:49:03 - main] [Cooja.java:1324] [INFO] - > Starting Cooja
[07:49:03 - main] [Cooja.java:2865] [INFO] - External tools default settings: /external_tools_linux.config
[07:49:03 - main] [Cooja.java:2895] [INFO] - External tools user settings: /root/.cooja.user.properties
[07:49:03 - main] [Simulation.java:420] [INFO] - Simulation random seed: 124377
[07:49:03 - main] [Cooja.java:4267] [WARN] - Replaced [CONTIKI_DIR]/examples/PRIMAC/PRI_board_sim/hello-world3.z1 with /home/user/contiki/examples/PRIMAC/PRI_board_sim/hello-world3.z1 (default: /home/user/contiki), but could not find it. This does not have to be an error, as the file might be created later.
[07:49:03 - main] [CompileContiki.java:140] [INFO] - > make hello-world3.z1 TARGET=z1 
[07:49:09 - main] [MspMote.java:235] [INFO] - Loading firmware from: /home/user/contiki/examples/PRIMAC/PRI_board_sim/hello-world3.z1
[07:49:09 - main] [MspMote.java:235] [INFO] - Loading firmware from: /home/user/contiki/examples/PRIMAC/PRI_board_sim/hello-world3.z1
[07:49:09 - main] [MspMote.java:235] [INFO] - Loading firmware from: /home/user/contiki/examples/PRIMAC/PRI_board_sim/hello-world3.z1
[07:49:09 - main] [MspMote.java:235] [INFO] - Loading firmware from: /home/user/contiki/examples/PRIMAC/PRI_board_sim/hello-world3.z1
[07:49:09 - main] [MspMote.java:235] [INFO] - Loading firmware from: /home/user/contiki/examples/PRIMAC/PRI_board_sim/hello-world3.z1
[07:49:09 - main] [MspMote.java:235] [INFO] - Loading firmware from: /home/user/contiki/examples/PRIMAC/PRI_board_sim/hello-world3.z1
[07:49:09 - main] [MspMote.java:235] [INFO] - Loading firmware from: /home/user/contiki/examples/PRIMAC/PRI_board_sim/hello-world3.z1
[07:49:09 - main] [MspMote.java:235] [INFO] - Loading firmware from: /home/user/contiki/examples/PRIMAC/PRI_board_sim/hello-world3.z1
[07:49:09 - main] [MspMote.java:235] [INFO] - Loading firmware from: /home/user/contiki/examples/PRIMAC/PRI_board_sim/hello-world3.z1
[07:49:09 - main] [MspMote.java:235] [INFO] - Loading firmware from: /home/user/contiki/examples/PRIMAC/PRI_board_sim/hello-world3.z1
[07:49:09 - main] [MspMote.java:235] [INFO] - Loading firmware from: /home/user/contiki/examples/PRIMAC/PRI_board_sim/hello-world3.z1
[07:49:09 - main] [MspMote.java:235] [INFO] - Loading firmware from: /home/user/contiki/examples/PRIMAC/PRI_board_sim/hello-world3.z1
[07:49:09 - main] [MspMote.java:235] [INFO] - Loading firmware from: /home/user/contiki/examples/PRIMAC/PRI_board_sim/hello-world3.z1
[07:49:09 - main] [MspMote.java:235] [INFO] - Loading firmware from: /home/user/contiki/examples/PRIMAC/PRI_board_sim/hello-world3.z1
[07:49:09 - main] [MspMote.java:235] [INFO] - Loading firmware from: /home/user/contiki/examples/PRIMAC/PRI_board_sim/hello-world3.z1
[07:49:09 - main] [Cooja.java:1790] [INFO] - Visualized plugin was not started: class org.contikios.cooja.plugins.SimControl
[07:49:09 - main] [Cooja.java:1790] [INFO] - Visualized plugin was not started: class org.contikios.cooja.plugins.Visualizer
[07:49:09 - main] [Cooja.java:1790] [INFO] - Visualized plugin was not started: class org.contikios.cooja.plugins.LogListener
[07:49:09 - main] [Cooja.java:1790] [INFO] - Visualized plugin was not started: class org.contikios.cooja.plugins.TimeLine
[07:49:09 - main] [Cooja.java:1790] [INFO] - Visualized plugin was not started: class org.contikios.cooja.plugins.Notes
[07:49:10 - main] [ScriptRunner.java:429] [INFO] - Test script deactivated
[07:49:10 - main] [LogScriptEngine.java:265] [INFO] - Script timeout in 2400000 ms
[07:49:10 - main] [ScriptRunner.java:386] [INFO] - Test script activated
[07:49:10 - Thread-2] [Simulation.java:252] [INFO] - Simulation main loop started, system time: 1616568550476
[07:49:26 - Thread-2] [LogScriptEngine.java:389] [INFO] - Test script at 5.00%, done in 313.6 sec
[07:49:30 - Thread-2] [LogScriptEngine.java:389] [INFO] - Test script at 10.00%, done in 182.9 sec
[07:49:34 - Thread-2] [LogScriptEngine.java:389] [INFO] - Test script at 15.00%, done in 138.1 sec
[07:49:38 - Thread-2] [LogScriptEngine.java:389] [INFO] - Test script at 20.00%, done in 113.6 sec
[07:49:42 - Thread-2] [LogScriptEngine.java:389] [INFO] - Test script at 25.00%, done in 97.5 sec
[07:49:46 - Thread-2] [LogScriptEngine.java:389] [INFO] - Test script at 30.00%, done in 85.2 sec
[07:49:51 - Thread-2] [LogScriptEngine.java:389] [INFO] - Test script at 35.00%, done in 75.4 sec
[07:49:55 - Thread-2] [LogScriptEngine.java:389] [INFO] - Test script at 40.00%, done in 67.1 sec
[07:49:59 - Thread-2] [LogScriptEngine.java:389] [INFO] - Test script at 45.00%, done in 59.6 sec
[07:50:03 - Thread-2] [LogScriptEngine.java:389] [INFO] - Test script at 50.00%, done in 53.0 sec
[07:50:07 - Thread-2] [LogScriptEngine.java:389] [INFO] - Test script at 55.00%, done in 46.8 sec
[07:50:11 - Thread-2] [LogScriptEngine.java:389] [INFO] - Test script at 60.00%, done in 40.9 sec
[07:50:16 - Thread-2] [LogScriptEngine.java:389] [INFO] - Test script at 65.00%, done in 35.3 sec
[07:50:20 - Thread-2] [LogScriptEngine.java:389] [INFO] - Test script at 70.00%, done in 29.9 sec
[07:50:24 - Thread-2] [LogScriptEngine.java:389] [INFO] - Test script at 75.00%, done in 24.7 sec
[07:50:28 - Thread-2] [LogScriptEngine.java:389] [INFO] - Test script at 80.00%, done in 19.6 sec
[07:50:32 - Thread-2] [LogScriptEngine.java:389] [INFO] - Test script at 85.00%, done in 14.6 sec
[07:50:37 - Thread-2] [LogScriptEngine.java:389] [INFO] - Test script at 90.00%, done in 9.6 sec
[07:50:41 - Thread-2] [LogScriptEngine.java:389] [INFO] - Test script at 95.00%, done in 4.8 sec
[07:50:45 - Thread-2] [LogScriptEngine.java:375] [INFO] - Timeout event @ 2400000000
[07:50:45 - Thread-1] [LogScriptEngine.java:309] [INFO] - Test script finished
[07:50:45 - Thread-2] [Simulation.java:311] [INFO] - Simulation main loop stopped, system time: 1616568645514	Duration: 95038 ms	Simulated time 2400000 ms	Ratio 25.253056672068016
[07:50:46 - AWT-EventQueue-0] [ScriptRunner.java:429] [INFO] - Test script deactivated
