[07:20:09 - main] [Cooja.java:1324] [INFO] - > Starting Cooja
[07:20:09 - main] [Cooja.java:2865] [INFO] - External tools default settings: /external_tools_linux.config
[07:20:09 - main] [Cooja.java:2895] [INFO] - External tools user settings: /root/.cooja.user.properties
[07:20:09 - main] [Simulation.java:420] [INFO] - Simulation random seed: 124477
[07:20:09 - main] [Cooja.java:4267] [WARN] - Replaced [CONTIKI_DIR]/examples/PRIMAC/PRI_board_sim/hello-world3.z1 with /home/user/contiki/examples/PRIMAC/PRI_board_sim/hello-world3.z1 (default: /home/user/contiki), but could not find it. This does not have to be an error, as the file might be created later.
[07:20:10 - main] [CompileContiki.java:140] [INFO] - > make hello-world3.z1 TARGET=z1 
[07:20:16 - main] [MspMote.java:235] [INFO] - Loading firmware from: /home/user/contiki/examples/PRIMAC/PRI_board_sim/hello-world3.z1
[07:20:16 - main] [MspMote.java:235] [INFO] - Loading firmware from: /home/user/contiki/examples/PRIMAC/PRI_board_sim/hello-world3.z1
[07:20:16 - main] [MspMote.java:235] [INFO] - Loading firmware from: /home/user/contiki/examples/PRIMAC/PRI_board_sim/hello-world3.z1
[07:20:16 - main] [MspMote.java:235] [INFO] - Loading firmware from: /home/user/contiki/examples/PRIMAC/PRI_board_sim/hello-world3.z1
[07:20:16 - main] [MspMote.java:235] [INFO] - Loading firmware from: /home/user/contiki/examples/PRIMAC/PRI_board_sim/hello-world3.z1
[07:20:16 - main] [MspMote.java:235] [INFO] - Loading firmware from: /home/user/contiki/examples/PRIMAC/PRI_board_sim/hello-world3.z1
[07:20:16 - main] [MspMote.java:235] [INFO] - Loading firmware from: /home/user/contiki/examples/PRIMAC/PRI_board_sim/hello-world3.z1
[07:20:16 - main] [MspMote.java:235] [INFO] - Loading firmware from: /home/user/contiki/examples/PRIMAC/PRI_board_sim/hello-world3.z1
[07:20:16 - main] [MspMote.java:235] [INFO] - Loading firmware from: /home/user/contiki/examples/PRIMAC/PRI_board_sim/hello-world3.z1
[07:20:16 - main] [MspMote.java:235] [INFO] - Loading firmware from: /home/user/contiki/examples/PRIMAC/PRI_board_sim/hello-world3.z1
[07:20:16 - main] [MspMote.java:235] [INFO] - Loading firmware from: /home/user/contiki/examples/PRIMAC/PRI_board_sim/hello-world3.z1
[07:20:16 - main] [MspMote.java:235] [INFO] - Loading firmware from: /home/user/contiki/examples/PRIMAC/PRI_board_sim/hello-world3.z1
[07:20:16 - main] [MspMote.java:235] [INFO] - Loading firmware from: /home/user/contiki/examples/PRIMAC/PRI_board_sim/hello-world3.z1
[07:20:17 - main] [MspMote.java:235] [INFO] - Loading firmware from: /home/user/contiki/examples/PRIMAC/PRI_board_sim/hello-world3.z1
[07:20:17 - main] [MspMote.java:235] [INFO] - Loading firmware from: /home/user/contiki/examples/PRIMAC/PRI_board_sim/hello-world3.z1
[07:20:17 - main] [MspMote.java:235] [INFO] - Loading firmware from: /home/user/contiki/examples/PRIMAC/PRI_board_sim/hello-world3.z1
[07:20:17 - main] [MspMote.java:235] [INFO] - Loading firmware from: /home/user/contiki/examples/PRIMAC/PRI_board_sim/hello-world3.z1
[07:20:17 - main] [MspMote.java:235] [INFO] - Loading firmware from: /home/user/contiki/examples/PRIMAC/PRI_board_sim/hello-world3.z1
[07:20:17 - main] [MspMote.java:235] [INFO] - Loading firmware from: /home/user/contiki/examples/PRIMAC/PRI_board_sim/hello-world3.z1
[07:20:17 - main] [MspMote.java:235] [INFO] - Loading firmware from: /home/user/contiki/examples/PRIMAC/PRI_board_sim/hello-world3.z1
[07:20:17 - main] [Cooja.java:1790] [INFO] - Visualized plugin was not started: class org.contikios.cooja.plugins.SimControl
[07:20:17 - main] [Cooja.java:1790] [INFO] - Visualized plugin was not started: class org.contikios.cooja.plugins.Visualizer
[07:20:17 - main] [Cooja.java:1790] [INFO] - Visualized plugin was not started: class org.contikios.cooja.plugins.LogListener
[07:20:17 - main] [Cooja.java:1790] [INFO] - Visualized plugin was not started: class org.contikios.cooja.plugins.TimeLine
[07:20:17 - main] [Cooja.java:1790] [INFO] - Visualized plugin was not started: class org.contikios.cooja.plugins.Notes
[07:20:17 - main] [ScriptRunner.java:429] [INFO] - Test script deactivated
[07:20:17 - main] [LogScriptEngine.java:265] [INFO] - Script timeout in 2400000 ms
[07:20:18 - main] [ScriptRunner.java:386] [INFO] - Test script activated
[07:20:18 - Thread-2] [Simulation.java:252] [INFO] - Simulation main loop started, system time: 1622179218028
[07:20:44 - Thread-2] [LogScriptEngine.java:389] [INFO] - Test script at 5.00%, done in 498.8 sec
[07:20:50 - Thread-2] [LogScriptEngine.java:389] [INFO] - Test script at 10.00%, done in 293.0 sec
[07:20:57 - Thread-2] [LogScriptEngine.java:389] [INFO] - Test script at 15.00%, done in 226.5 sec
[07:21:06 - Thread-2] [LogScriptEngine.java:389] [INFO] - Test script at 20.00%, done in 192.5 sec
[07:21:14 - Thread-2] [LogScriptEngine.java:389] [INFO] - Test script at 25.00%, done in 168.3 sec
[07:21:22 - Thread-2] [LogScriptEngine.java:389] [INFO] - Test script at 30.00%, done in 151.1 sec
[07:21:31 - Thread-2] [LogScriptEngine.java:389] [INFO] - Test script at 35.00%, done in 136.5 sec
[07:21:39 - Thread-2] [LogScriptEngine.java:389] [INFO] - Test script at 40.00%, done in 122.3 sec
[07:21:47 - Thread-2] [LogScriptEngine.java:389] [INFO] - Test script at 45.00%, done in 109.6 sec
[07:21:56 - Thread-2] [LogScriptEngine.java:389] [INFO] - Test script at 50.00%, done in 98.0 sec
[07:22:04 - Thread-2] [LogScriptEngine.java:389] [INFO] - Test script at 55.00%, done in 87.0 sec
[07:22:12 - Thread-2] [LogScriptEngine.java:389] [INFO] - Test script at 60.00%, done in 76.4 sec
[07:22:20 - Thread-2] [LogScriptEngine.java:389] [INFO] - Test script at 65.00%, done in 66.2 sec
[07:22:30 - Thread-2] [LogScriptEngine.java:389] [INFO] - Test script at 70.00%, done in 56.8 sec
[07:22:38 - Thread-2] [LogScriptEngine.java:389] [INFO] - Test script at 75.00%, done in 46.9 sec
[07:22:47 - Thread-2] [LogScriptEngine.java:389] [INFO] - Test script at 80.00%, done in 37.3 sec
[07:22:55 - Thread-2] [LogScriptEngine.java:389] [INFO] - Test script at 85.00%, done in 27.8 sec
[07:23:03 - Thread-2] [LogScriptEngine.java:389] [INFO] - Test script at 90.00%, done in 18.4 sec
[07:23:12 - Thread-2] [LogScriptEngine.java:389] [INFO] - Test script at 95.00%, done in 9.2 sec
[07:23:20 - Thread-2] [LogScriptEngine.java:375] [INFO] - Timeout event @ 2400000000
[07:23:20 - Thread-1] [LogScriptEngine.java:309] [INFO] - Test script finished
[07:23:20 - Thread-2] [Simulation.java:311] [INFO] - Simulation main loop stopped, system time: 1622179400438	Duration: 182410 ms	Simulated time 2400000 ms	Ratio 13.157173400581108
[07:23:20 - AWT-EventQueue-0] [ScriptRunner.java:429] [INFO] - Test script deactivated
