[10:16:56 - main] [Cooja.java:1324] [INFO] - > Starting Cooja
[10:16:56 - main] [Cooja.java:2865] [INFO] - External tools default settings: /external_tools_linux.config
[10:16:56 - main] [Cooja.java:2895] [INFO] - External tools user settings: /root/.cooja.user.properties
[10:16:56 - main] [Simulation.java:420] [INFO] - Simulation random seed: 123377
[10:16:56 - main] [Cooja.java:4267] [WARN] - Replaced [CONTIKI_DIR]/examples/PRIMAC/PRI_board_sim/hello-world3.z1 with /home/user/contiki/examples/PRIMAC/PRI_board_sim/hello-world3.z1 (default: /home/user/contiki), but could not find it. This does not have to be an error, as the file might be created later.
[10:16:56 - main] [CompileContiki.java:140] [INFO] - > make hello-world3.z1 TARGET=z1 
[10:17:01 - main] [MspMote.java:235] [INFO] - Loading firmware from: /home/user/contiki/examples/PRIMAC/PRI_board_sim/hello-world3.z1
[10:17:01 - main] [MspMote.java:235] [INFO] - Loading firmware from: /home/user/contiki/examples/PRIMAC/PRI_board_sim/hello-world3.z1
[10:17:01 - main] [MspMote.java:235] [INFO] - Loading firmware from: /home/user/contiki/examples/PRIMAC/PRI_board_sim/hello-world3.z1
[10:17:01 - main] [MspMote.java:235] [INFO] - Loading firmware from: /home/user/contiki/examples/PRIMAC/PRI_board_sim/hello-world3.z1
[10:17:01 - main] [MspMote.java:235] [INFO] - Loading firmware from: /home/user/contiki/examples/PRIMAC/PRI_board_sim/hello-world3.z1
[10:17:01 - main] [MspMote.java:235] [INFO] - Loading firmware from: /home/user/contiki/examples/PRIMAC/PRI_board_sim/hello-world3.z1
[10:17:01 - main] [MspMote.java:235] [INFO] - Loading firmware from: /home/user/contiki/examples/PRIMAC/PRI_board_sim/hello-world3.z1
[10:17:01 - main] [MspMote.java:235] [INFO] - Loading firmware from: /home/user/contiki/examples/PRIMAC/PRI_board_sim/hello-world3.z1
[10:17:01 - main] [MspMote.java:235] [INFO] - Loading firmware from: /home/user/contiki/examples/PRIMAC/PRI_board_sim/hello-world3.z1
[10:17:01 - main] [MspMote.java:235] [INFO] - Loading firmware from: /home/user/contiki/examples/PRIMAC/PRI_board_sim/hello-world3.z1
[10:17:01 - main] [MspMote.java:235] [INFO] - Loading firmware from: /home/user/contiki/examples/PRIMAC/PRI_board_sim/hello-world3.z1
[10:17:01 - main] [MspMote.java:235] [INFO] - Loading firmware from: /home/user/contiki/examples/PRIMAC/PRI_board_sim/hello-world3.z1
[10:17:01 - main] [MspMote.java:235] [INFO] - Loading firmware from: /home/user/contiki/examples/PRIMAC/PRI_board_sim/hello-world3.z1
[10:17:01 - main] [MspMote.java:235] [INFO] - Loading firmware from: /home/user/contiki/examples/PRIMAC/PRI_board_sim/hello-world3.z1
[10:17:02 - main] [Cooja.java:1790] [INFO] - Visualized plugin was not started: class org.contikios.cooja.plugins.SimControl
[10:17:02 - main] [Cooja.java:1790] [INFO] - Visualized plugin was not started: class org.contikios.cooja.plugins.Visualizer
[10:17:02 - main] [Cooja.java:1790] [INFO] - Visualized plugin was not started: class org.contikios.cooja.plugins.LogListener
[10:17:02 - main] [Cooja.java:1790] [INFO] - Visualized plugin was not started: class org.contikios.cooja.plugins.TimeLine
[10:17:02 - main] [Cooja.java:1790] [INFO] - Visualized plugin was not started: class org.contikios.cooja.plugins.Notes
[10:17:02 - main] [ScriptRunner.java:429] [INFO] - Test script deactivated
[10:17:02 - main] [LogScriptEngine.java:265] [INFO] - Script timeout in 2400000 ms
[10:17:02 - main] [ScriptRunner.java:386] [INFO] - Test script activated
[10:17:02 - Thread-2] [Simulation.java:252] [INFO] - Simulation main loop started, system time: 1617005822458
[10:17:16 - Thread-2] [LogScriptEngine.java:389] [INFO] - Test script at 5.00%, done in 269.6 sec
[10:17:21 - Thread-2] [LogScriptEngine.java:389] [INFO] - Test script at 10.00%, done in 170.3 sec
[10:17:26 - Thread-2] [LogScriptEngine.java:389] [INFO] - Test script at 15.00%, done in 135.2 sec
[10:17:30 - Thread-2] [LogScriptEngine.java:389] [INFO] - Test script at 20.00%, done in 113.7 sec
[10:17:35 - Thread-2] [LogScriptEngine.java:389] [INFO] - Test script at 25.00%, done in 99.0 sec
[10:17:40 - Thread-2] [LogScriptEngine.java:389] [INFO] - Test script at 30.00%, done in 87.8 sec
[10:17:44 - Thread-2] [LogScriptEngine.java:389] [INFO] - Test script at 35.00%, done in 78.5 sec
[10:17:49 - Thread-2] [LogScriptEngine.java:389] [INFO] - Test script at 40.00%, done in 70.4 sec
[10:17:54 - Thread-2] [LogScriptEngine.java:389] [INFO] - Test script at 45.00%, done in 63.3 sec
[10:17:59 - Thread-2] [LogScriptEngine.java:389] [INFO] - Test script at 50.00%, done in 56.6 sec
[10:18:04 - Thread-2] [LogScriptEngine.java:389] [INFO] - Test script at 55.00%, done in 50.5 sec
[10:18:09 - Thread-2] [LogScriptEngine.java:389] [INFO] - Test script at 60.00%, done in 44.4 sec
[10:18:13 - Thread-2] [LogScriptEngine.java:389] [INFO] - Test script at 65.00%, done in 38.5 sec
[10:18:18 - Thread-2] [LogScriptEngine.java:389] [INFO] - Test script at 70.00%, done in 32.7 sec
[10:18:23 - Thread-2] [LogScriptEngine.java:389] [INFO] - Test script at 75.00%, done in 27.0 sec
[10:18:29 - Thread-2] [LogScriptEngine.java:389] [INFO] - Test script at 80.00%, done in 21.8 sec
[10:18:34 - Thread-2] [LogScriptEngine.java:389] [INFO] - Test script at 85.00%, done in 16.2 sec
[10:18:39 - Thread-2] [LogScriptEngine.java:389] [INFO] - Test script at 90.00%, done in 10.8 sec
[10:18:44 - Thread-2] [LogScriptEngine.java:389] [INFO] - Test script at 95.00%, done in 5.3 sec
[10:18:48 - Thread-2] [LogScriptEngine.java:375] [INFO] - Timeout event @ 2400000000
[10:18:48 - Thread-1] [LogScriptEngine.java:309] [INFO] - Test script finished
[10:18:48 - Thread-2] [Simulation.java:311] [INFO] - Simulation main loop stopped, system time: 1617005928946	Duration: 106488 ms	Simulated time 2400000 ms	Ratio 22.537750732476898
[10:18:49 - AWT-EventQueue-0] [ScriptRunner.java:429] [INFO] - Test script deactivated
