[20:10:36 - main] [Cooja.java:1324] [INFO] - > Starting Cooja
[20:10:37 - main] [Cooja.java:2865] [INFO] - External tools default settings: /external_tools_linux.config
[20:10:37 - main] [Cooja.java:2895] [INFO] - External tools user settings: /root/.cooja.user.properties
[20:10:37 - main] [Simulation.java:420] [INFO] - Simulation random seed: 123477
[20:10:37 - main] [Cooja.java:4267] [WARN] - Replaced [CONTIKI_DIR]/examples/Acollect/nullrdc/JF-collect.z1 with /home/user/contiki/examples/Acollect/nullrdc/JF-collect.z1 (default: /home/user/contiki), but could not find it. This does not have to be an error, as the file might be created later.
[20:10:37 - main] [CompileContiki.java:140] [INFO] - > make JF-collect.z1 TARGET=z1 
[20:10:42 - main] [MspMote.java:235] [INFO] - Loading firmware from: /home/user/contiki/examples/Acollect/nullrdc/JF-collect.z1
[20:10:42 - main] [MspMote.java:235] [INFO] - Loading firmware from: /home/user/contiki/examples/Acollect/nullrdc/JF-collect.z1
[20:10:42 - main] [MspMote.java:235] [INFO] - Loading firmware from: /home/user/contiki/examples/Acollect/nullrdc/JF-collect.z1
[20:10:42 - main] [MspMote.java:235] [INFO] - Loading firmware from: /home/user/contiki/examples/Acollect/nullrdc/JF-collect.z1
[20:10:42 - main] [MspMote.java:235] [INFO] - Loading firmware from: /home/user/contiki/examples/Acollect/nullrdc/JF-collect.z1
[20:10:42 - main] [MspMote.java:235] [INFO] - Loading firmware from: /home/user/contiki/examples/Acollect/nullrdc/JF-collect.z1
[20:10:42 - main] [MspMote.java:235] [INFO] - Loading firmware from: /home/user/contiki/examples/Acollect/nullrdc/JF-collect.z1
[20:10:42 - main] [MspMote.java:235] [INFO] - Loading firmware from: /home/user/contiki/examples/Acollect/nullrdc/JF-collect.z1
[20:10:42 - main] [MspMote.java:235] [INFO] - Loading firmware from: /home/user/contiki/examples/Acollect/nullrdc/JF-collect.z1
[20:10:42 - main] [MspMote.java:235] [INFO] - Loading firmware from: /home/user/contiki/examples/Acollect/nullrdc/JF-collect.z1
[20:10:42 - main] [MspMote.java:235] [INFO] - Loading firmware from: /home/user/contiki/examples/Acollect/nullrdc/JF-collect.z1
[20:10:42 - main] [MspMote.java:235] [INFO] - Loading firmware from: /home/user/contiki/examples/Acollect/nullrdc/JF-collect.z1
[20:10:42 - main] [MspMote.java:235] [INFO] - Loading firmware from: /home/user/contiki/examples/Acollect/nullrdc/JF-collect.z1
[20:10:42 - main] [MspMote.java:235] [INFO] - Loading firmware from: /home/user/contiki/examples/Acollect/nullrdc/JF-collect.z1
[20:10:42 - main] [MspMote.java:235] [INFO] - Loading firmware from: /home/user/contiki/examples/Acollect/nullrdc/JF-collect.z1
[20:10:42 - main] [MspMote.java:235] [INFO] - Loading firmware from: /home/user/contiki/examples/Acollect/nullrdc/JF-collect.z1
[20:10:43 - main] [MspMote.java:235] [INFO] - Loading firmware from: /home/user/contiki/examples/Acollect/nullrdc/JF-collect.z1
[20:10:43 - main] [MspMote.java:235] [INFO] - Loading firmware from: /home/user/contiki/examples/Acollect/nullrdc/JF-collect.z1
[20:10:43 - main] [MspMote.java:235] [INFO] - Loading firmware from: /home/user/contiki/examples/Acollect/nullrdc/JF-collect.z1
[20:10:43 - main] [Cooja.java:1790] [INFO] - Visualized plugin was not started: class org.contikios.cooja.plugins.SimControl
[20:10:43 - main] [Cooja.java:1790] [INFO] - Visualized plugin was not started: class org.contikios.cooja.plugins.Visualizer
[20:10:43 - main] [Cooja.java:1790] [INFO] - Visualized plugin was not started: class org.contikios.cooja.plugins.LogListener
[20:10:43 - main] [Cooja.java:1790] [INFO] - Visualized plugin was not started: class org.contikios.cooja.plugins.TimeLine
[20:10:43 - main] [Cooja.java:1790] [INFO] - Visualized plugin was not started: class org.contikios.cooja.plugins.Notes
[20:10:43 - main] [ScriptRunner.java:429] [INFO] - Test script deactivated
[20:10:43 - main] [LogScriptEngine.java:265] [INFO] - Script timeout in 2400000 ms
[20:10:43 - main] [ScriptRunner.java:386] [INFO] - Test script activated
[20:10:43 - Thread-2] [Simulation.java:252] [INFO] - Simulation main loop started, system time: 1622225443577
[20:10:43 - main] [Cooja.java:1790] [INFO] - Visualized plugin was not started: class org.contikios.cooja.plugins.SimControl
[20:11:02 - Thread-2] [LogScriptEngine.java:389] [INFO] - Test script at 5.00%, done in 363.4 sec
[20:11:06 - Thread-2] [LogScriptEngine.java:389] [INFO] - Test script at 10.00%, done in 208.6 sec
[20:11:12 - Thread-2] [LogScriptEngine.java:389] [INFO] - Test script at 15.00%, done in 163.1 sec
[20:11:16 - Thread-2] [LogScriptEngine.java:389] [INFO] - Test script at 20.00%, done in 131.7 sec
[20:11:20 - Thread-2] [LogScriptEngine.java:389] [INFO] - Test script at 25.00%, done in 112.2 sec
[20:11:25 - Thread-2] [LogScriptEngine.java:389] [INFO] - Test script at 30.00%, done in 97.8 sec
[20:11:29 - Thread-2] [LogScriptEngine.java:389] [INFO] - Test script at 35.00%, done in 86.0 sec
[20:11:34 - Thread-2] [LogScriptEngine.java:389] [INFO] - Test script at 40.00%, done in 76.7 sec
[20:11:38 - Thread-2] [LogScriptEngine.java:389] [INFO] - Test script at 45.00%, done in 67.5 sec
[20:11:43 - Thread-2] [LogScriptEngine.java:389] [INFO] - Test script at 50.00%, done in 59.9 sec
[20:11:47 - Thread-2] [LogScriptEngine.java:389] [INFO] - Test script at 55.00%, done in 52.6 sec
[20:11:52 - Thread-2] [LogScriptEngine.java:389] [INFO] - Test script at 60.00%, done in 45.8 sec
[20:11:56 - Thread-2] [LogScriptEngine.java:389] [INFO] - Test script at 65.00%, done in 39.5 sec
[20:12:01 - Thread-2] [LogScriptEngine.java:389] [INFO] - Test script at 70.00%, done in 33.3 sec
[20:12:05 - Thread-2] [LogScriptEngine.java:389] [INFO] - Test script at 75.00%, done in 27.4 sec
[20:12:10 - Thread-2] [LogScriptEngine.java:389] [INFO] - Test script at 80.00%, done in 21.7 sec
[20:12:16 - Thread-2] [LogScriptEngine.java:389] [INFO] - Test script at 85.00%, done in 16.3 sec
[20:12:20 - Thread-2] [LogScriptEngine.java:389] [INFO] - Test script at 90.00%, done in 10.8 sec
[20:12:24 - Thread-2] [LogScriptEngine.java:389] [INFO] - Test script at 95.00%, done in 5.3 sec
[20:12:29 - Thread-2] [LogScriptEngine.java:375] [INFO] - Timeout event @ 2400000000
[20:12:29 - Thread-1] [LogScriptEngine.java:309] [INFO] - Test script finished
[20:12:29 - Thread-2] [Simulation.java:311] [INFO] - Simulation main loop stopped, system time: 1622225549446	Duration: 105869 ms	Simulated time 2400000 ms	Ratio 22.669525545721598
[20:12:29 - AWT-EventQueue-0] [ScriptRunner.java:429] [INFO] - Test script deactivated
