[14:51:38 - main] [Cooja.java:1324] [INFO] - > Starting Cooja
[14:51:38 - main] [Cooja.java:2865] [INFO] - External tools default settings: /external_tools_linux.config
[14:51:38 - main] [Cooja.java:2895] [INFO] - External tools user settings: /root/.cooja.user.properties
[14:51:39 - main] [Simulation.java:420] [INFO] - Simulation random seed: 123377
[14:51:39 - main] [Cooja.java:4267] [WARN] - Replaced [CONTIKI_DIR]/examples/Acollect/nullrdc/JF-collect.z1 with /home/user/contiki/examples/Acollect/nullrdc/JF-collect.z1 (default: /home/user/contiki), but could not find it. This does not have to be an error, as the file might be created later.
[14:51:39 - main] [CompileContiki.java:140] [INFO] - > make JF-collect.z1 TARGET=z1 
[14:51:44 - main] [MspMote.java:235] [INFO] - Loading firmware from: /home/user/contiki/examples/Acollect/nullrdc/JF-collect.z1
[14:51:44 - main] [MspMote.java:235] [INFO] - Loading firmware from: /home/user/contiki/examples/Acollect/nullrdc/JF-collect.z1
[14:51:44 - main] [MspMote.java:235] [INFO] - Loading firmware from: /home/user/contiki/examples/Acollect/nullrdc/JF-collect.z1
[14:51:44 - main] [MspMote.java:235] [INFO] - Loading firmware from: /home/user/contiki/examples/Acollect/nullrdc/JF-collect.z1
[14:51:44 - main] [MspMote.java:235] [INFO] - Loading firmware from: /home/user/contiki/examples/Acollect/nullrdc/JF-collect.z1
[14:51:44 - main] [MspMote.java:235] [INFO] - Loading firmware from: /home/user/contiki/examples/Acollect/nullrdc/JF-collect.z1
[14:51:44 - main] [MspMote.java:235] [INFO] - Loading firmware from: /home/user/contiki/examples/Acollect/nullrdc/JF-collect.z1
[14:51:44 - main] [MspMote.java:235] [INFO] - Loading firmware from: /home/user/contiki/examples/Acollect/nullrdc/JF-collect.z1
[14:51:44 - main] [MspMote.java:235] [INFO] - Loading firmware from: /home/user/contiki/examples/Acollect/nullrdc/JF-collect.z1
[14:51:44 - main] [MspMote.java:235] [INFO] - Loading firmware from: /home/user/contiki/examples/Acollect/nullrdc/JF-collect.z1
[14:51:44 - main] [MspMote.java:235] [INFO] - Loading firmware from: /home/user/contiki/examples/Acollect/nullrdc/JF-collect.z1
[14:51:44 - main] [MspMote.java:235] [INFO] - Loading firmware from: /home/user/contiki/examples/Acollect/nullrdc/JF-collect.z1
[14:51:44 - main] [MspMote.java:235] [INFO] - Loading firmware from: /home/user/contiki/examples/Acollect/nullrdc/JF-collect.z1
[14:51:44 - main] [Cooja.java:1790] [INFO] - Visualized plugin was not started: class org.contikios.cooja.plugins.SimControl
[14:51:45 - main] [Cooja.java:1790] [INFO] - Visualized plugin was not started: class org.contikios.cooja.plugins.Visualizer
[14:51:45 - main] [Cooja.java:1790] [INFO] - Visualized plugin was not started: class org.contikios.cooja.plugins.LogListener
[14:51:45 - main] [Cooja.java:1790] [INFO] - Visualized plugin was not started: class org.contikios.cooja.plugins.TimeLine
[14:51:45 - main] [Cooja.java:1790] [INFO] - Visualized plugin was not started: class org.contikios.cooja.plugins.Notes
[14:51:45 - main] [ScriptRunner.java:429] [INFO] - Test script deactivated
[14:51:45 - main] [LogScriptEngine.java:265] [INFO] - Script timeout in 2400000 ms
[14:51:45 - main] [ScriptRunner.java:386] [INFO] - Test script activated
[14:51:45 - Thread-2] [Simulation.java:252] [INFO] - Simulation main loop started, system time: 1617972705445
[14:52:14 - Thread-2] [LogScriptEngine.java:389] [INFO] - Test script at 5.00%, done in 556.3 sec
[14:52:32 - Thread-2] [LogScriptEngine.java:389] [INFO] - Test script at 10.00%, done in 424.6 sec
[14:53:45 - Thread-2] [LogScriptEngine.java:389] [INFO] - Test script at 15.00%, done in 679.0 sec
[14:54:55 - Thread-2] [LogScriptEngine.java:389] [INFO] - Test script at 20.00%, done in 760.3 sec
[14:56:14 - Thread-2] [LogScriptEngine.java:389] [INFO] - Test script at 25.00%, done in 808.5 sec
[14:57:23 - Thread-2] [LogScriptEngine.java:389] [INFO] - Test script at 30.00%, done in 788.2 sec
[14:58:40 - Thread-2] [LogScriptEngine.java:389] [INFO] - Test script at 35.00%, done in 770.9 sec
[15:00:04 - Thread-2] [LogScriptEngine.java:389] [INFO] - Test script at 40.00%, done in 748.8 sec
[15:01:39 - Thread-2] [LogScriptEngine.java:389] [INFO] - Test script at 45.00%, done in 725.6 sec
[15:03:09 - Thread-2] [LogScriptEngine.java:389] [INFO] - Test script at 50.00%, done in 683.6 sec
[15:04:27 - Thread-2] [LogScriptEngine.java:389] [INFO] - Test script at 55.00%, done in 623.8 sec
[15:05:43 - Thread-2] [LogScriptEngine.java:389] [INFO] - Test script at 60.00%, done in 558.9 sec
[15:06:54 - Thread-2] [LogScriptEngine.java:389] [INFO] - Test script at 65.00%, done in 489.6 sec
[15:08:11 - Thread-2] [LogScriptEngine.java:389] [INFO] - Test script at 70.00%, done in 422.6 sec
[15:09:17 - Thread-2] [LogScriptEngine.java:389] [INFO] - Test script at 75.00%, done in 350.8 sec
[15:10:26 - Thread-2] [LogScriptEngine.java:389] [INFO] - Test script at 80.00%, done in 280.4 sec
[15:11:41 - Thread-2] [LogScriptEngine.java:389] [INFO] - Test script at 85.00%, done in 211.1 sec
[15:12:53 - Thread-2] [LogScriptEngine.java:389] [INFO] - Test script at 90.00%, done in 140.8 sec
[15:14:05 - Thread-2] [LogScriptEngine.java:389] [INFO] - Test script at 95.00%, done in 70.5 sec
[15:15:16 - Thread-2] [LogScriptEngine.java:375] [INFO] - Timeout event @ 2400000000
[15:15:16 - Thread-1] [LogScriptEngine.java:309] [INFO] - Test script finished
[15:15:16 - Thread-2] [Simulation.java:311] [INFO] - Simulation main loop stopped, system time: 1617974116916	Duration: 1411471 ms	Simulated time 2400000 ms	Ratio 1.7003537444269134
[15:15:17 - AWT-EventQueue-0] [ScriptRunner.java:429] [INFO] - Test script deactivated
[15:15:17 - Thread-3] [AbstractRadioMedium.java:198] [FATAL] - Connection source turned off radio: org.contikios.cooja.mspmote.interfaces.Msp802154Radio@1234f41
