[06:35:19 - main] [Cooja.java:1324] [INFO] - > Starting Cooja
[06:35:19 - main] [Cooja.java:2865] [INFO] - External tools default settings: /external_tools_linux.config
[06:35:19 - main] [Cooja.java:2895] [INFO] - External tools user settings: /root/.cooja.user.properties
[06:35:19 - main] [Simulation.java:420] [INFO] - Simulation random seed: 124477
[06:35:19 - main] [Cooja.java:4267] [WARN] - Replaced [CONTIKI_DIR]/examples/PRIMAC/PRI_board_sim/hello-world3.z1 with /home/user/contiki/examples/PRIMAC/PRI_board_sim/hello-world3.z1 (default: /home/user/contiki), but could not find it. This does not have to be an error, as the file might be created later.
[06:35:19 - main] [CompileContiki.java:140] [INFO] - > make hello-world3.z1 TARGET=z1 
[06:35:27 - main] [MspMote.java:235] [INFO] - Loading firmware from: /home/user/contiki/examples/PRIMAC/PRI_board_sim/hello-world3.z1
[06:35:27 - main] [MspMote.java:235] [INFO] - Loading firmware from: /home/user/contiki/examples/PRIMAC/PRI_board_sim/hello-world3.z1
[06:35:27 - main] [MspMote.java:235] [INFO] - Loading firmware from: /home/user/contiki/examples/PRIMAC/PRI_board_sim/hello-world3.z1
[06:35:27 - main] [MspMote.java:235] [INFO] - Loading firmware from: /home/user/contiki/examples/PRIMAC/PRI_board_sim/hello-world3.z1
[06:35:27 - main] [MspMote.java:235] [INFO] - Loading firmware from: /home/user/contiki/examples/PRIMAC/PRI_board_sim/hello-world3.z1
[06:35:27 - main] [MspMote.java:235] [INFO] - Loading firmware from: /home/user/contiki/examples/PRIMAC/PRI_board_sim/hello-world3.z1
[06:35:27 - main] [MspMote.java:235] [INFO] - Loading firmware from: /home/user/contiki/examples/PRIMAC/PRI_board_sim/hello-world3.z1
[06:35:28 - main] [MspMote.java:235] [INFO] - Loading firmware from: /home/user/contiki/examples/PRIMAC/PRI_board_sim/hello-world3.z1
[06:35:28 - main] [MspMote.java:235] [INFO] - Loading firmware from: /home/user/contiki/examples/PRIMAC/PRI_board_sim/hello-world3.z1
[06:35:28 - main] [MspMote.java:235] [INFO] - Loading firmware from: /home/user/contiki/examples/PRIMAC/PRI_board_sim/hello-world3.z1
[06:35:28 - main] [MspMote.java:235] [INFO] - Loading firmware from: /home/user/contiki/examples/PRIMAC/PRI_board_sim/hello-world3.z1
[06:35:28 - main] [MspMote.java:235] [INFO] - Loading firmware from: /home/user/contiki/examples/PRIMAC/PRI_board_sim/hello-world3.z1
[06:35:28 - main] [MspMote.java:235] [INFO] - Loading firmware from: /home/user/contiki/examples/PRIMAC/PRI_board_sim/hello-world3.z1
[06:35:28 - main] [MspMote.java:235] [INFO] - Loading firmware from: /home/user/contiki/examples/PRIMAC/PRI_board_sim/hello-world3.z1
[06:35:28 - main] [MspMote.java:235] [INFO] - Loading firmware from: /home/user/contiki/examples/PRIMAC/PRI_board_sim/hello-world3.z1
[06:35:28 - main] [MspMote.java:235] [INFO] - Loading firmware from: /home/user/contiki/examples/PRIMAC/PRI_board_sim/hello-world3.z1
[06:35:28 - main] [MspMote.java:235] [INFO] - Loading firmware from: /home/user/contiki/examples/PRIMAC/PRI_board_sim/hello-world3.z1
[06:35:28 - main] [MspMote.java:235] [INFO] - Loading firmware from: /home/user/contiki/examples/PRIMAC/PRI_board_sim/hello-world3.z1
[06:35:28 - main] [MspMote.java:235] [INFO] - Loading firmware from: /home/user/contiki/examples/PRIMAC/PRI_board_sim/hello-world3.z1
[06:35:28 - main] [MspMote.java:235] [INFO] - Loading firmware from: /home/user/contiki/examples/PRIMAC/PRI_board_sim/hello-world3.z1
[06:35:28 - main] [Cooja.java:1790] [INFO] - Visualized plugin was not started: class org.contikios.cooja.plugins.SimControl
[06:35:28 - main] [Cooja.java:1790] [INFO] - Visualized plugin was not started: class org.contikios.cooja.plugins.Visualizer
[06:35:28 - main] [Cooja.java:1790] [INFO] - Visualized plugin was not started: class org.contikios.cooja.plugins.LogListener
[06:35:28 - main] [Cooja.java:1790] [INFO] - Visualized plugin was not started: class org.contikios.cooja.plugins.TimeLine
[06:35:28 - main] [Cooja.java:1790] [INFO] - Visualized plugin was not started: class org.contikios.cooja.plugins.Notes
[06:35:29 - main] [ScriptRunner.java:429] [INFO] - Test script deactivated
[06:35:29 - main] [LogScriptEngine.java:265] [INFO] - Script timeout in 2400000 ms
[06:35:29 - main] [ScriptRunner.java:386] [INFO] - Test script activated
[06:35:29 - Thread-2] [Simulation.java:252] [INFO] - Simulation main loop started, system time: 1622176529432
[06:36:00 - Thread-2] [LogScriptEngine.java:389] [INFO] - Test script at 5.00%, done in 590.7 sec
[06:36:08 - Thread-2] [LogScriptEngine.java:389] [INFO] - Test script at 10.00%, done in 354.3 sec
[06:36:18 - Thread-2] [LogScriptEngine.java:389] [INFO] - Test script at 15.00%, done in 279.3 sec
[06:36:29 - Thread-2] [LogScriptEngine.java:389] [INFO] - Test script at 20.00%, done in 241.7 sec
[06:36:47 - Thread-2] [LogScriptEngine.java:389] [INFO] - Test script at 25.00%, done in 235.4 sec
[06:36:58 - Thread-2] [LogScriptEngine.java:389] [INFO] - Test script at 30.00%, done in 207.2 sec
[06:37:11 - Thread-2] [LogScriptEngine.java:389] [INFO] - Test script at 35.00%, done in 189.0 sec
[06:37:25 - Thread-2] [LogScriptEngine.java:389] [INFO] - Test script at 40.00%, done in 174.0 sec
[06:37:38 - Thread-2] [LogScriptEngine.java:389] [INFO] - Test script at 45.00%, done in 158.1 sec
[06:37:50 - Thread-2] [LogScriptEngine.java:389] [INFO] - Test script at 50.00%, done in 141.5 sec
[06:38:06 - Thread-2] [LogScriptEngine.java:389] [INFO] - Test script at 55.00%, done in 128.2 sec
[06:38:22 - Thread-2] [LogScriptEngine.java:389] [INFO] - Test script at 60.00%, done in 115.1 sec
[06:38:35 - Thread-2] [LogScriptEngine.java:389] [INFO] - Test script at 65.00%, done in 100.1 sec
[06:38:46 - Thread-2] [LogScriptEngine.java:389] [INFO] - Test script at 70.00%, done in 84.5 sec
[06:38:58 - Thread-2] [LogScriptEngine.java:389] [INFO] - Test script at 75.00%, done in 69.7 sec
[06:39:10 - Thread-2] [LogScriptEngine.java:389] [INFO] - Test script at 80.00%, done in 55.3 sec
[06:39:23 - Thread-2] [LogScriptEngine.java:389] [INFO] - Test script at 85.00%, done in 41.2 sec
[06:39:37 - Thread-2] [LogScriptEngine.java:389] [INFO] - Test script at 90.00%, done in 27.6 sec
[06:39:51 - Thread-2] [LogScriptEngine.java:389] [INFO] - Test script at 95.00%, done in 13.8 sec
[06:40:04 - Thread-2] [LogScriptEngine.java:375] [INFO] - Timeout event @ 2400000000
[06:40:04 - Thread-1] [LogScriptEngine.java:309] [INFO] - Test script finished
[06:40:04 - Thread-2] [Simulation.java:311] [INFO] - Simulation main loop stopped, system time: 1622176804396	Duration: 274964 ms	Simulated time 2400000 ms	Ratio 8.728415356192084
[06:40:04 - AWT-EventQueue-0] [ScriptRunner.java:429] [INFO] - Test script deactivated
