[20:52:01 - main] [Cooja.java:1324] [INFO] - > Starting Cooja
[20:52:01 - main] [Cooja.java:2865] [INFO] - External tools default settings: /external_tools_linux.config
[20:52:01 - main] [Cooja.java:2895] [INFO] - External tools user settings: /root/.cooja.user.properties
[20:52:01 - main] [Simulation.java:420] [INFO] - Simulation random seed: 123377
[20:52:01 - main] [Cooja.java:4267] [WARN] - Replaced [CONTIKI_DIR]/examples/PRIMAC/PRI_board_sim/hello-world3.z1 with /home/user/contiki/examples/PRIMAC/PRI_board_sim/hello-world3.z1 (default: /home/user/contiki), but could not find it. This does not have to be an error, as the file might be created later.
[20:52:01 - main] [CompileContiki.java:140] [INFO] - > make hello-world3.z1 TARGET=z1 
[20:52:06 - main] [MspMote.java:235] [INFO] - Loading firmware from: /home/user/contiki/examples/PRIMAC/PRI_board_sim/hello-world3.z1
[20:52:06 - main] [MspMote.java:235] [INFO] - Loading firmware from: /home/user/contiki/examples/PRIMAC/PRI_board_sim/hello-world3.z1
[20:52:06 - main] [MspMote.java:235] [INFO] - Loading firmware from: /home/user/contiki/examples/PRIMAC/PRI_board_sim/hello-world3.z1
[20:52:06 - main] [MspMote.java:235] [INFO] - Loading firmware from: /home/user/contiki/examples/PRIMAC/PRI_board_sim/hello-world3.z1
[20:52:06 - main] [MspMote.java:235] [INFO] - Loading firmware from: /home/user/contiki/examples/PRIMAC/PRI_board_sim/hello-world3.z1
[20:52:06 - main] [MspMote.java:235] [INFO] - Loading firmware from: /home/user/contiki/examples/PRIMAC/PRI_board_sim/hello-world3.z1
[20:52:06 - main] [MspMote.java:235] [INFO] - Loading firmware from: /home/user/contiki/examples/PRIMAC/PRI_board_sim/hello-world3.z1
[20:52:06 - main] [MspMote.java:235] [INFO] - Loading firmware from: /home/user/contiki/examples/PRIMAC/PRI_board_sim/hello-world3.z1
[20:52:06 - main] [MspMote.java:235] [INFO] - Loading firmware from: /home/user/contiki/examples/PRIMAC/PRI_board_sim/hello-world3.z1
[20:52:06 - main] [MspMote.java:235] [INFO] - Loading firmware from: /home/user/contiki/examples/PRIMAC/PRI_board_sim/hello-world3.z1
[20:52:06 - main] [MspMote.java:235] [INFO] - Loading firmware from: /home/user/contiki/examples/PRIMAC/PRI_board_sim/hello-world3.z1
[20:52:06 - main] [MspMote.java:235] [INFO] - Loading firmware from: /home/user/contiki/examples/PRIMAC/PRI_board_sim/hello-world3.z1
[20:52:06 - main] [MspMote.java:235] [INFO] - Loading firmware from: /home/user/contiki/examples/PRIMAC/PRI_board_sim/hello-world3.z1
[20:52:07 - main] [MspMote.java:235] [INFO] - Loading firmware from: /home/user/contiki/examples/PRIMAC/PRI_board_sim/hello-world3.z1
[20:52:07 - main] [Cooja.java:1790] [INFO] - Visualized plugin was not started: class org.contikios.cooja.plugins.SimControl
[20:52:07 - main] [Cooja.java:1790] [INFO] - Visualized plugin was not started: class org.contikios.cooja.plugins.Visualizer
[20:52:07 - main] [Cooja.java:1790] [INFO] - Visualized plugin was not started: class org.contikios.cooja.plugins.LogListener
[20:52:07 - main] [Cooja.java:1790] [INFO] - Visualized plugin was not started: class org.contikios.cooja.plugins.TimeLine
[20:52:07 - main] [Cooja.java:1790] [INFO] - Visualized plugin was not started: class org.contikios.cooja.plugins.Notes
[20:52:07 - main] [ScriptRunner.java:429] [INFO] - Test script deactivated
[20:52:07 - main] [LogScriptEngine.java:265] [INFO] - Script timeout in 2400000 ms
[20:52:07 - main] [ScriptRunner.java:386] [INFO] - Test script activated
[20:52:07 - Thread-2] [Simulation.java:252] [INFO] - Simulation main loop started, system time: 1616442727456
[20:52:24 - Thread-2] [LogScriptEngine.java:389] [INFO] - Test script at 5.00%, done in 327.1 sec
[20:52:27 - Thread-2] [LogScriptEngine.java:389] [INFO] - Test script at 10.00%, done in 183.8 sec
[20:52:31 - Thread-2] [LogScriptEngine.java:389] [INFO] - Test script at 15.00%, done in 134.3 sec
[20:52:34 - Thread-2] [LogScriptEngine.java:389] [INFO] - Test script at 20.00%, done in 108.3 sec
[20:52:38 - Thread-2] [LogScriptEngine.java:389] [INFO] - Test script at 25.00%, done in 92.1 sec
[20:52:41 - Thread-2] [LogScriptEngine.java:389] [INFO] - Test script at 30.00%, done in 79.5 sec
[20:52:44 - Thread-2] [LogScriptEngine.java:389] [INFO] - Test script at 35.00%, done in 69.7 sec
[20:52:49 - Thread-2] [LogScriptEngine.java:389] [INFO] - Test script at 40.00%, done in 62.4 sec
[20:52:52 - Thread-2] [LogScriptEngine.java:389] [INFO] - Test script at 45.00%, done in 55.5 sec
[20:52:56 - Thread-2] [LogScriptEngine.java:389] [INFO] - Test script at 50.00%, done in 49.2 sec
[20:53:00 - Thread-2] [LogScriptEngine.java:389] [INFO] - Test script at 55.00%, done in 43.1 sec
[20:53:03 - Thread-2] [LogScriptEngine.java:389] [INFO] - Test script at 60.00%, done in 37.5 sec
[20:53:07 - Thread-2] [LogScriptEngine.java:389] [INFO] - Test script at 65.00%, done in 32.2 sec
[20:53:10 - Thread-2] [LogScriptEngine.java:389] [INFO] - Test script at 70.00%, done in 27.2 sec
[20:53:14 - Thread-2] [LogScriptEngine.java:389] [INFO] - Test script at 75.00%, done in 22.3 sec
[20:53:17 - Thread-2] [LogScriptEngine.java:389] [INFO] - Test script at 80.00%, done in 17.6 sec
[20:53:22 - Thread-2] [LogScriptEngine.java:389] [INFO] - Test script at 85.00%, done in 13.3 sec
[20:53:26 - Thread-2] [LogScriptEngine.java:389] [INFO] - Test script at 90.00%, done in 8.8 sec
[20:53:30 - Thread-2] [LogScriptEngine.java:389] [INFO] - Test script at 95.00%, done in 4.4 sec
[20:53:34 - Thread-2] [LogScriptEngine.java:375] [INFO] - Timeout event @ 2400000000
[20:53:34 - Thread-1] [LogScriptEngine.java:309] [INFO] - Test script finished
[20:53:34 - Thread-2] [Simulation.java:311] [INFO] - Simulation main loop stopped, system time: 1616442814152	Duration: 86696 ms	Simulated time 2400000 ms	Ratio 27.682938082495156
[20:53:34 - AWT-EventQueue-0] [ScriptRunner.java:429] [INFO] - Test script deactivated
