[07:55:06 - main] [Cooja.java:1324] [INFO] - > Starting Cooja
[07:55:06 - main] [Cooja.java:2865] [INFO] - External tools default settings: /external_tools_linux.config
[07:55:06 - main] [Cooja.java:2895] [INFO] - External tools user settings: /root/.cooja.user.properties
[07:55:06 - main] [Simulation.java:420] [INFO] - Simulation random seed: 124377
[07:55:06 - main] [Cooja.java:4267] [WARN] - Replaced [CONTIKI_DIR]/examples/PRIMAC/PRI_board_sim/hello-world3.z1 with /home/user/contiki/examples/PRIMAC/PRI_board_sim/hello-world3.z1 (default: /home/user/contiki), but could not find it. This does not have to be an error, as the file might be created later.
[07:55:06 - main] [CompileContiki.java:140] [INFO] - > make hello-world3.z1 TARGET=z1 
[07:55:12 - main] [MspMote.java:235] [INFO] - Loading firmware from: /home/user/contiki/examples/PRIMAC/PRI_board_sim/hello-world3.z1
[07:55:12 - main] [MspMote.java:235] [INFO] - Loading firmware from: /home/user/contiki/examples/PRIMAC/PRI_board_sim/hello-world3.z1
[07:55:12 - main] [MspMote.java:235] [INFO] - Loading firmware from: /home/user/contiki/examples/PRIMAC/PRI_board_sim/hello-world3.z1
[07:55:12 - main] [MspMote.java:235] [INFO] - Loading firmware from: /home/user/contiki/examples/PRIMAC/PRI_board_sim/hello-world3.z1
[07:55:12 - main] [MspMote.java:235] [INFO] - Loading firmware from: /home/user/contiki/examples/PRIMAC/PRI_board_sim/hello-world3.z1
[07:55:12 - main] [MspMote.java:235] [INFO] - Loading firmware from: /home/user/contiki/examples/PRIMAC/PRI_board_sim/hello-world3.z1
[07:55:12 - main] [MspMote.java:235] [INFO] - Loading firmware from: /home/user/contiki/examples/PRIMAC/PRI_board_sim/hello-world3.z1
[07:55:12 - main] [MspMote.java:235] [INFO] - Loading firmware from: /home/user/contiki/examples/PRIMAC/PRI_board_sim/hello-world3.z1
[07:55:12 - main] [MspMote.java:235] [INFO] - Loading firmware from: /home/user/contiki/examples/PRIMAC/PRI_board_sim/hello-world3.z1
[07:55:12 - main] [MspMote.java:235] [INFO] - Loading firmware from: /home/user/contiki/examples/PRIMAC/PRI_board_sim/hello-world3.z1
[07:55:12 - main] [MspMote.java:235] [INFO] - Loading firmware from: /home/user/contiki/examples/PRIMAC/PRI_board_sim/hello-world3.z1
[07:55:12 - main] [MspMote.java:235] [INFO] - Loading firmware from: /home/user/contiki/examples/PRIMAC/PRI_board_sim/hello-world3.z1
[07:55:12 - main] [MspMote.java:235] [INFO] - Loading firmware from: /home/user/contiki/examples/PRIMAC/PRI_board_sim/hello-world3.z1
[07:55:12 - main] [MspMote.java:235] [INFO] - Loading firmware from: /home/user/contiki/examples/PRIMAC/PRI_board_sim/hello-world3.z1
[07:55:12 - main] [MspMote.java:235] [INFO] - Loading firmware from: /home/user/contiki/examples/PRIMAC/PRI_board_sim/hello-world3.z1
[07:55:12 - main] [Cooja.java:1790] [INFO] - Visualized plugin was not started: class org.contikios.cooja.plugins.SimControl
[07:55:12 - main] [Cooja.java:1790] [INFO] - Visualized plugin was not started: class org.contikios.cooja.plugins.Visualizer
[07:55:12 - main] [Cooja.java:1790] [INFO] - Visualized plugin was not started: class org.contikios.cooja.plugins.LogListener
[07:55:12 - main] [Cooja.java:1790] [INFO] - Visualized plugin was not started: class org.contikios.cooja.plugins.TimeLine
[07:55:12 - main] [Cooja.java:1790] [INFO] - Visualized plugin was not started: class org.contikios.cooja.plugins.Notes
[07:55:13 - main] [ScriptRunner.java:429] [INFO] - Test script deactivated
[07:55:13 - main] [LogScriptEngine.java:265] [INFO] - Script timeout in 2400000 ms
[07:55:13 - main] [ScriptRunner.java:386] [INFO] - Test script activated
[07:55:13 - Thread-2] [Simulation.java:252] [INFO] - Simulation main loop started, system time: 1616568913394
[07:55:32 - Thread-2] [LogScriptEngine.java:389] [INFO] - Test script at 5.00%, done in 369.0 sec
[07:55:36 - Thread-2] [LogScriptEngine.java:389] [INFO] - Test script at 10.00%, done in 210.9 sec
[07:55:41 - Thread-2] [LogScriptEngine.java:389] [INFO] - Test script at 15.00%, done in 156.7 sec
[07:55:45 - Thread-2] [LogScriptEngine.java:389] [INFO] - Test script at 20.00%, done in 127.6 sec
[07:55:49 - Thread-2] [LogScriptEngine.java:389] [INFO] - Test script at 25.00%, done in 108.7 sec
[07:55:53 - Thread-2] [LogScriptEngine.java:389] [INFO] - Test script at 30.00%, done in 93.2 sec
[07:55:57 - Thread-2] [LogScriptEngine.java:389] [INFO] - Test script at 35.00%, done in 81.1 sec
[07:56:01 - Thread-2] [LogScriptEngine.java:389] [INFO] - Test script at 40.00%, done in 71.8 sec
[07:56:05 - Thread-2] [LogScriptEngine.java:389] [INFO] - Test script at 45.00%, done in 63.5 sec
[07:56:09 - Thread-2] [LogScriptEngine.java:389] [INFO] - Test script at 50.00%, done in 56.3 sec
[07:56:14 - Thread-2] [LogScriptEngine.java:389] [INFO] - Test script at 55.00%, done in 49.8 sec
[07:56:18 - Thread-2] [LogScriptEngine.java:389] [INFO] - Test script at 60.00%, done in 43.4 sec
[07:56:22 - Thread-2] [LogScriptEngine.java:389] [INFO] - Test script at 65.00%, done in 37.1 sec
[07:56:26 - Thread-2] [LogScriptEngine.java:389] [INFO] - Test script at 70.00%, done in 31.2 sec
[07:56:29 - Thread-2] [LogScriptEngine.java:389] [INFO] - Test script at 75.00%, done in 25.5 sec
[07:56:33 - Thread-2] [LogScriptEngine.java:389] [INFO] - Test script at 80.00%, done in 20.1 sec
[07:56:37 - Thread-2] [LogScriptEngine.java:389] [INFO] - Test script at 85.00%, done in 14.9 sec
[07:56:41 - Thread-2] [LogScriptEngine.java:389] [INFO] - Test script at 90.00%, done in 9.8 sec
[07:56:45 - Thread-2] [LogScriptEngine.java:389] [INFO] - Test script at 95.00%, done in 4.8 sec
[07:56:49 - Thread-2] [LogScriptEngine.java:375] [INFO] - Timeout event @ 2400000000
[07:56:49 - Thread-1] [LogScriptEngine.java:309] [INFO] - Test script finished
[07:56:49 - Thread-2] [Simulation.java:311] [INFO] - Simulation main loop stopped, system time: 1616569009186	Duration: 95792 ms	Simulated time 2400000 ms	Ratio 25.054284282612326
[07:56:49 - AWT-EventQueue-0] [ScriptRunner.java:429] [INFO] - Test script deactivated
