[09:34:58 - main] [Cooja.java:1324] [INFO] - > Starting Cooja
[09:34:58 - main] [Cooja.java:2865] [INFO] - External tools default settings: /external_tools_linux.config
[09:34:58 - main] [Cooja.java:2895] [INFO] - External tools user settings: /root/.cooja.user.properties
[09:34:58 - main] [Simulation.java:420] [INFO] - Simulation random seed: 123377
[09:34:58 - main] [Cooja.java:4267] [WARN] - Replaced [CONTIKI_DIR]/examples/PRIMAC/PRI_board_sim/hello-world3.z1 with /home/user/contiki/examples/PRIMAC/PRI_board_sim/hello-world3.z1 (default: /home/user/contiki), but could not find it. This does not have to be an error, as the file might be created later.
[09:34:58 - main] [CompileContiki.java:140] [INFO] - > make hello-world3.z1 TARGET=z1 
[09:35:03 - main] [MspMote.java:235] [INFO] - Loading firmware from: /home/user/contiki/examples/PRIMAC/PRI_board_sim/hello-world3.z1
[09:35:03 - main] [MspMote.java:235] [INFO] - Loading firmware from: /home/user/contiki/examples/PRIMAC/PRI_board_sim/hello-world3.z1
[09:35:03 - main] [MspMote.java:235] [INFO] - Loading firmware from: /home/user/contiki/examples/PRIMAC/PRI_board_sim/hello-world3.z1
[09:35:03 - main] [MspMote.java:235] [INFO] - Loading firmware from: /home/user/contiki/examples/PRIMAC/PRI_board_sim/hello-world3.z1
[09:35:03 - main] [MspMote.java:235] [INFO] - Loading firmware from: /home/user/contiki/examples/PRIMAC/PRI_board_sim/hello-world3.z1
[09:35:03 - main] [MspMote.java:235] [INFO] - Loading firmware from: /home/user/contiki/examples/PRIMAC/PRI_board_sim/hello-world3.z1
[09:35:03 - main] [MspMote.java:235] [INFO] - Loading firmware from: /home/user/contiki/examples/PRIMAC/PRI_board_sim/hello-world3.z1
[09:35:03 - main] [MspMote.java:235] [INFO] - Loading firmware from: /home/user/contiki/examples/PRIMAC/PRI_board_sim/hello-world3.z1
[09:35:03 - main] [MspMote.java:235] [INFO] - Loading firmware from: /home/user/contiki/examples/PRIMAC/PRI_board_sim/hello-world3.z1
[09:35:04 - main] [MspMote.java:235] [INFO] - Loading firmware from: /home/user/contiki/examples/PRIMAC/PRI_board_sim/hello-world3.z1
[09:35:04 - main] [MspMote.java:235] [INFO] - Loading firmware from: /home/user/contiki/examples/PRIMAC/PRI_board_sim/hello-world3.z1
[09:35:04 - main] [MspMote.java:235] [INFO] - Loading firmware from: /home/user/contiki/examples/PRIMAC/PRI_board_sim/hello-world3.z1
[09:35:04 - main] [MspMote.java:235] [INFO] - Loading firmware from: /home/user/contiki/examples/PRIMAC/PRI_board_sim/hello-world3.z1
[09:35:04 - main] [Cooja.java:1790] [INFO] - Visualized plugin was not started: class org.contikios.cooja.plugins.SimControl
[09:35:04 - main] [Cooja.java:1790] [INFO] - Visualized plugin was not started: class org.contikios.cooja.plugins.Visualizer
[09:35:04 - main] [Cooja.java:1790] [INFO] - Visualized plugin was not started: class org.contikios.cooja.plugins.LogListener
[09:35:04 - main] [Cooja.java:1790] [INFO] - Visualized plugin was not started: class org.contikios.cooja.plugins.TimeLine
[09:35:04 - main] [Cooja.java:1790] [INFO] - Visualized plugin was not started: class org.contikios.cooja.plugins.Notes
[09:35:04 - main] [ScriptRunner.java:429] [INFO] - Test script deactivated
[09:35:04 - main] [LogScriptEngine.java:265] [INFO] - Script timeout in 2400000 ms
[09:35:04 - main] [ScriptRunner.java:386] [INFO] - Test script activated
[09:35:04 - Thread-2] [Simulation.java:252] [INFO] - Simulation main loop started, system time: 1617003304521
[09:35:17 - Thread-2] [LogScriptEngine.java:389] [INFO] - Test script at 5.00%, done in 252.6 sec
[09:35:21 - Thread-2] [LogScriptEngine.java:389] [INFO] - Test script at 10.00%, done in 155.3 sec
[09:35:25 - Thread-2] [LogScriptEngine.java:389] [INFO] - Test script at 15.00%, done in 121.6 sec
[09:35:30 - Thread-2] [LogScriptEngine.java:389] [INFO] - Test script at 20.00%, done in 102.6 sec
[09:35:34 - Thread-2] [LogScriptEngine.java:389] [INFO] - Test script at 25.00%, done in 89.6 sec
[09:35:38 - Thread-2] [LogScriptEngine.java:389] [INFO] - Test script at 30.00%, done in 79.6 sec
[09:35:42 - Thread-2] [LogScriptEngine.java:389] [INFO] - Test script at 35.00%, done in 71.4 sec
[09:35:47 - Thread-2] [LogScriptEngine.java:389] [INFO] - Test script at 40.00%, done in 64.7 sec
[09:35:53 - Thread-2] [LogScriptEngine.java:389] [INFO] - Test script at 45.00%, done in 59.5 sec
[09:35:57 - Thread-2] [LogScriptEngine.java:389] [INFO] - Test script at 50.00%, done in 53.3 sec
[09:36:02 - Thread-2] [LogScriptEngine.java:389] [INFO] - Test script at 55.00%, done in 47.3 sec
[09:36:07 - Thread-2] [LogScriptEngine.java:389] [INFO] - Test script at 60.00%, done in 41.7 sec
[09:36:11 - Thread-2] [LogScriptEngine.java:389] [INFO] - Test script at 65.00%, done in 36.1 sec
[09:36:15 - Thread-2] [LogScriptEngine.java:389] [INFO] - Test script at 70.00%, done in 30.6 sec
[09:36:20 - Thread-2] [LogScriptEngine.java:389] [INFO] - Test script at 75.00%, done in 25.3 sec
[09:36:24 - Thread-2] [LogScriptEngine.java:389] [INFO] - Test script at 80.00%, done in 20.1 sec
[09:36:29 - Thread-2] [LogScriptEngine.java:389] [INFO] - Test script at 85.00%, done in 14.9 sec
[09:36:33 - Thread-2] [LogScriptEngine.java:389] [INFO] - Test script at 90.00%, done in 9.9 sec
[09:36:37 - Thread-2] [LogScriptEngine.java:389] [INFO] - Test script at 95.00%, done in 4.9 sec
[09:36:42 - Thread-2] [LogScriptEngine.java:375] [INFO] - Timeout event @ 2400000000
[09:36:42 - Thread-1] [LogScriptEngine.java:309] [INFO] - Test script finished
[09:36:42 - Thread-2] [Simulation.java:311] [INFO] - Simulation main loop stopped, system time: 1617003402400	Duration: 97879 ms	Simulated time 2400000 ms	Ratio 24.520070699537182
[09:36:42 - AWT-EventQueue-0] [ScriptRunner.java:429] [INFO] - Test script deactivated
