[06:25:50 - main] [Cooja.java:1324] [INFO] - > Starting Cooja
[06:25:50 - main] [Cooja.java:2865] [INFO] - External tools default settings: /external_tools_linux.config
[06:25:50 - main] [Cooja.java:2895] [INFO] - External tools user settings: /root/.cooja.user.properties
[06:25:50 - main] [Simulation.java:420] [INFO] - Simulation random seed: 124477
[06:25:50 - main] [Cooja.java:4267] [WARN] - Replaced [CONTIKI_DIR]/examples/PRIMAC/PRI_board_sim/hello-world3.z1 with /home/user/contiki/examples/PRIMAC/PRI_board_sim/hello-world3.z1 (default: /home/user/contiki), but could not find it. This does not have to be an error, as the file might be created later.
[06:25:50 - main] [CompileContiki.java:140] [INFO] - > make hello-world3.z1 TARGET=z1 
[06:25:58 - main] [MspMote.java:235] [INFO] - Loading firmware from: /home/user/contiki/examples/PRIMAC/PRI_board_sim/hello-world3.z1
[06:25:58 - main] [MspMote.java:235] [INFO] - Loading firmware from: /home/user/contiki/examples/PRIMAC/PRI_board_sim/hello-world3.z1
[06:25:58 - main] [MspMote.java:235] [INFO] - Loading firmware from: /home/user/contiki/examples/PRIMAC/PRI_board_sim/hello-world3.z1
[06:25:58 - main] [MspMote.java:235] [INFO] - Loading firmware from: /home/user/contiki/examples/PRIMAC/PRI_board_sim/hello-world3.z1
[06:25:58 - main] [MspMote.java:235] [INFO] - Loading firmware from: /home/user/contiki/examples/PRIMAC/PRI_board_sim/hello-world3.z1
[06:25:58 - main] [MspMote.java:235] [INFO] - Loading firmware from: /home/user/contiki/examples/PRIMAC/PRI_board_sim/hello-world3.z1
[06:25:58 - main] [MspMote.java:235] [INFO] - Loading firmware from: /home/user/contiki/examples/PRIMAC/PRI_board_sim/hello-world3.z1
[06:25:58 - main] [MspMote.java:235] [INFO] - Loading firmware from: /home/user/contiki/examples/PRIMAC/PRI_board_sim/hello-world3.z1
[06:25:58 - main] [MspMote.java:235] [INFO] - Loading firmware from: /home/user/contiki/examples/PRIMAC/PRI_board_sim/hello-world3.z1
[06:25:58 - main] [MspMote.java:235] [INFO] - Loading firmware from: /home/user/contiki/examples/PRIMAC/PRI_board_sim/hello-world3.z1
[06:25:59 - main] [MspMote.java:235] [INFO] - Loading firmware from: /home/user/contiki/examples/PRIMAC/PRI_board_sim/hello-world3.z1
[06:25:59 - main] [MspMote.java:235] [INFO] - Loading firmware from: /home/user/contiki/examples/PRIMAC/PRI_board_sim/hello-world3.z1
[06:25:59 - main] [MspMote.java:235] [INFO] - Loading firmware from: /home/user/contiki/examples/PRIMAC/PRI_board_sim/hello-world3.z1
[06:25:59 - main] [MspMote.java:235] [INFO] - Loading firmware from: /home/user/contiki/examples/PRIMAC/PRI_board_sim/hello-world3.z1
[06:25:59 - main] [MspMote.java:235] [INFO] - Loading firmware from: /home/user/contiki/examples/PRIMAC/PRI_board_sim/hello-world3.z1
[06:25:59 - main] [MspMote.java:235] [INFO] - Loading firmware from: /home/user/contiki/examples/PRIMAC/PRI_board_sim/hello-world3.z1
[06:25:59 - main] [MspMote.java:235] [INFO] - Loading firmware from: /home/user/contiki/examples/PRIMAC/PRI_board_sim/hello-world3.z1
[06:25:59 - main] [MspMote.java:235] [INFO] - Loading firmware from: /home/user/contiki/examples/PRIMAC/PRI_board_sim/hello-world3.z1
[06:25:59 - main] [MspMote.java:235] [INFO] - Loading firmware from: /home/user/contiki/examples/PRIMAC/PRI_board_sim/hello-world3.z1
[06:25:59 - main] [MspMote.java:235] [INFO] - Loading firmware from: /home/user/contiki/examples/PRIMAC/PRI_board_sim/hello-world3.z1
[06:25:59 - main] [Cooja.java:1790] [INFO] - Visualized plugin was not started: class org.contikios.cooja.plugins.SimControl
[06:25:59 - main] [Cooja.java:1790] [INFO] - Visualized plugin was not started: class org.contikios.cooja.plugins.Visualizer
[06:25:59 - main] [Cooja.java:1790] [INFO] - Visualized plugin was not started: class org.contikios.cooja.plugins.LogListener
[06:25:59 - main] [Cooja.java:1790] [INFO] - Visualized plugin was not started: class org.contikios.cooja.plugins.TimeLine
[06:25:59 - main] [Cooja.java:1790] [INFO] - Visualized plugin was not started: class org.contikios.cooja.plugins.Notes
[06:25:59 - main] [ScriptRunner.java:429] [INFO] - Test script deactivated
[06:25:59 - main] [LogScriptEngine.java:265] [INFO] - Script timeout in 2400000 ms
[06:25:59 - main] [ScriptRunner.java:386] [INFO] - Test script activated
[06:25:59 - Thread-2] [Simulation.java:252] [INFO] - Simulation main loop started, system time: 1622175959992
[06:26:34 - Thread-2] [LogScriptEngine.java:389] [INFO] - Test script at 5.00%, done in 652.4 sec
[06:26:46 - Thread-2] [LogScriptEngine.java:389] [INFO] - Test script at 10.00%, done in 418.9 sec
[06:26:58 - Thread-2] [LogScriptEngine.java:389] [INFO] - Test script at 15.00%, done in 332.0 sec
[06:27:10 - Thread-2] [LogScriptEngine.java:389] [INFO] - Test script at 20.00%, done in 280.1 sec
[06:27:21 - Thread-2] [LogScriptEngine.java:389] [INFO] - Test script at 25.00%, done in 244.8 sec
[06:27:33 - Thread-2] [LogScriptEngine.java:389] [INFO] - Test script at 30.00%, done in 218.6 sec
[06:27:45 - Thread-2] [LogScriptEngine.java:389] [INFO] - Test script at 35.00%, done in 195.1 sec
[06:27:57 - Thread-2] [LogScriptEngine.java:389] [INFO] - Test script at 40.00%, done in 175.8 sec
[06:28:08 - Thread-2] [LogScriptEngine.java:389] [INFO] - Test script at 45.00%, done in 156.6 sec
[06:28:19 - Thread-2] [LogScriptEngine.java:389] [INFO] - Test script at 50.00%, done in 139.6 sec
[06:28:31 - Thread-2] [LogScriptEngine.java:389] [INFO] - Test script at 55.00%, done in 124.0 sec
[06:28:49 - Thread-2] [LogScriptEngine.java:389] [INFO] - Test script at 60.00%, done in 112.8 sec
[06:29:06 - Thread-2] [LogScriptEngine.java:389] [INFO] - Test script at 65.00%, done in 100.5 sec
[06:29:21 - Thread-2] [LogScriptEngine.java:389] [INFO] - Test script at 70.00%, done in 86.4 sec
[06:29:37 - Thread-2] [LogScriptEngine.java:389] [INFO] - Test script at 75.00%, done in 72.6 sec
[06:29:52 - Thread-2] [LogScriptEngine.java:389] [INFO] - Test script at 80.00%, done in 58.1 sec
[06:30:07 - Thread-2] [LogScriptEngine.java:389] [INFO] - Test script at 85.00%, done in 43.6 sec
[06:30:20 - Thread-2] [LogScriptEngine.java:389] [INFO] - Test script at 90.00%, done in 28.9 sec
[06:30:32 - Thread-2] [LogScriptEngine.java:389] [INFO] - Test script at 95.00%, done in 14.4 sec
[06:30:44 - Thread-2] [LogScriptEngine.java:375] [INFO] - Timeout event @ 2400000000
[06:30:44 - Thread-1] [LogScriptEngine.java:309] [INFO] - Test script finished
[06:30:44 - Thread-2] [Simulation.java:311] [INFO] - Simulation main loop stopped, system time: 1622176244314	Duration: 284322 ms	Simulated time 2400000 ms	Ratio 8.441133644248422
[06:30:44 - AWT-EventQueue-0] [ScriptRunner.java:429] [INFO] - Test script deactivated
