[15:19:06 - main] [Cooja.java:1324] [INFO] - > Starting Cooja
[15:19:06 - main] [Cooja.java:2865] [INFO] - External tools default settings: /external_tools_linux.config
[15:19:06 - main] [Cooja.java:2895] [INFO] - External tools user settings: /root/.cooja.user.properties
[15:19:06 - main] [Simulation.java:420] [INFO] - Simulation random seed: 124477
[15:19:06 - main] [Cooja.java:4267] [WARN] - Replaced [CONTIKI_DIR]/examples/PRIMAC/PRI_board_sim/hello-world3.z1 with /home/user/contiki/examples/PRIMAC/PRI_board_sim/hello-world3.z1 (default: /home/user/contiki), but could not find it. This does not have to be an error, as the file might be created later.
[15:19:06 - main] [CompileContiki.java:140] [INFO] - > make hello-world3.z1 TARGET=z1 
[15:19:11 - main] [MspMote.java:235] [INFO] - Loading firmware from: /home/user/contiki/examples/PRIMAC/PRI_board_sim/hello-world3.z1
[15:19:11 - main] [MspMote.java:235] [INFO] - Loading firmware from: /home/user/contiki/examples/PRIMAC/PRI_board_sim/hello-world3.z1
[15:19:11 - main] [MspMote.java:235] [INFO] - Loading firmware from: /home/user/contiki/examples/PRIMAC/PRI_board_sim/hello-world3.z1
[15:19:12 - main] [MspMote.java:235] [INFO] - Loading firmware from: /home/user/contiki/examples/PRIMAC/PRI_board_sim/hello-world3.z1
[15:19:12 - main] [MspMote.java:235] [INFO] - Loading firmware from: /home/user/contiki/examples/PRIMAC/PRI_board_sim/hello-world3.z1
[15:19:12 - main] [MspMote.java:235] [INFO] - Loading firmware from: /home/user/contiki/examples/PRIMAC/PRI_board_sim/hello-world3.z1
[15:19:12 - main] [MspMote.java:235] [INFO] - Loading firmware from: /home/user/contiki/examples/PRIMAC/PRI_board_sim/hello-world3.z1
[15:19:12 - main] [MspMote.java:235] [INFO] - Loading firmware from: /home/user/contiki/examples/PRIMAC/PRI_board_sim/hello-world3.z1
[15:19:12 - main] [MspMote.java:235] [INFO] - Loading firmware from: /home/user/contiki/examples/PRIMAC/PRI_board_sim/hello-world3.z1
[15:19:12 - main] [MspMote.java:235] [INFO] - Loading firmware from: /home/user/contiki/examples/PRIMAC/PRI_board_sim/hello-world3.z1
[15:19:12 - main] [MspMote.java:235] [INFO] - Loading firmware from: /home/user/contiki/examples/PRIMAC/PRI_board_sim/hello-world3.z1
[15:19:12 - main] [MspMote.java:235] [INFO] - Loading firmware from: /home/user/contiki/examples/PRIMAC/PRI_board_sim/hello-world3.z1
[15:19:12 - main] [MspMote.java:235] [INFO] - Loading firmware from: /home/user/contiki/examples/PRIMAC/PRI_board_sim/hello-world3.z1
[15:19:12 - main] [MspMote.java:235] [INFO] - Loading firmware from: /home/user/contiki/examples/PRIMAC/PRI_board_sim/hello-world3.z1
[15:19:12 - main] [MspMote.java:235] [INFO] - Loading firmware from: /home/user/contiki/examples/PRIMAC/PRI_board_sim/hello-world3.z1
[15:19:12 - main] [MspMote.java:235] [INFO] - Loading firmware from: /home/user/contiki/examples/PRIMAC/PRI_board_sim/hello-world3.z1
[15:19:12 - main] [MspMote.java:235] [INFO] - Loading firmware from: /home/user/contiki/examples/PRIMAC/PRI_board_sim/hello-world3.z1
[15:19:12 - main] [MspMote.java:235] [INFO] - Loading firmware from: /home/user/contiki/examples/PRIMAC/PRI_board_sim/hello-world3.z1
[15:19:12 - main] [MspMote.java:235] [INFO] - Loading firmware from: /home/user/contiki/examples/PRIMAC/PRI_board_sim/hello-world3.z1
[15:19:12 - main] [MspMote.java:235] [INFO] - Loading firmware from: /home/user/contiki/examples/PRIMAC/PRI_board_sim/hello-world3.z1
[15:19:12 - main] [MspMote.java:235] [INFO] - Loading firmware from: /home/user/contiki/examples/PRIMAC/PRI_board_sim/hello-world3.z1
[15:19:12 - main] [Cooja.java:1790] [INFO] - Visualized plugin was not started: class org.contikios.cooja.plugins.SimControl
[15:19:12 - main] [Cooja.java:1790] [INFO] - Visualized plugin was not started: class org.contikios.cooja.plugins.Visualizer
[15:19:12 - main] [Cooja.java:1790] [INFO] - Visualized plugin was not started: class org.contikios.cooja.plugins.LogListener
[15:19:12 - main] [Cooja.java:1790] [INFO] - Visualized plugin was not started: class org.contikios.cooja.plugins.TimeLine
[15:19:12 - main] [Cooja.java:1790] [INFO] - Visualized plugin was not started: class org.contikios.cooja.plugins.Notes
[15:19:12 - main] [ScriptRunner.java:429] [INFO] - Test script deactivated
[15:19:12 - main] [LogScriptEngine.java:265] [INFO] - Script timeout in 2400000 ms
[15:19:13 - main] [ScriptRunner.java:386] [INFO] - Test script activated
[15:19:13 - Thread-2] [Simulation.java:252] [INFO] - Simulation main loop started, system time: 1622207953005
[15:19:37 - Thread-2] [LogScriptEngine.java:389] [INFO] - Test script at 5.00%, done in 469.7 sec
[15:19:44 - Thread-2] [LogScriptEngine.java:389] [INFO] - Test script at 10.00%, done in 282.6 sec
[15:19:51 - Thread-2] [LogScriptEngine.java:389] [INFO] - Test script at 15.00%, done in 216.2 sec
[15:19:58 - Thread-2] [LogScriptEngine.java:389] [INFO] - Test script at 20.00%, done in 181.9 sec
[15:20:08 - Thread-2] [LogScriptEngine.java:389] [INFO] - Test script at 25.00%, done in 166.3 sec
[15:20:19 - Thread-2] [LogScriptEngine.java:389] [INFO] - Test script at 30.00%, done in 154.3 sec
[15:20:28 - Thread-2] [LogScriptEngine.java:389] [INFO] - Test script at 35.00%, done in 140.6 sec
[15:20:37 - Thread-2] [LogScriptEngine.java:389] [INFO] - Test script at 40.00%, done in 127.2 sec
[15:20:46 - Thread-2] [LogScriptEngine.java:389] [INFO] - Test script at 45.00%, done in 113.7 sec
[15:20:53 - Thread-2] [LogScriptEngine.java:389] [INFO] - Test script at 50.00%, done in 101.0 sec
[15:21:01 - Thread-2] [LogScriptEngine.java:389] [INFO] - Test script at 55.00%, done in 88.6 sec
[15:21:09 - Thread-2] [LogScriptEngine.java:389] [INFO] - Test script at 60.00%, done in 77.3 sec
[15:21:18 - Thread-2] [LogScriptEngine.java:389] [INFO] - Test script at 65.00%, done in 67.3 sec
[15:21:27 - Thread-2] [LogScriptEngine.java:389] [INFO] - Test script at 70.00%, done in 57.4 sec
[15:21:36 - Thread-2] [LogScriptEngine.java:389] [INFO] - Test script at 75.00%, done in 47.7 sec
[15:21:46 - Thread-2] [LogScriptEngine.java:389] [INFO] - Test script at 80.00%, done in 38.4 sec
[15:21:55 - Thread-2] [LogScriptEngine.java:389] [INFO] - Test script at 85.00%, done in 28.7 sec
[15:22:04 - Thread-2] [LogScriptEngine.java:389] [INFO] - Test script at 90.00%, done in 19.1 sec
[15:22:13 - Thread-2] [LogScriptEngine.java:389] [INFO] - Test script at 95.00%, done in 9.5 sec
[15:22:23 - Thread-2] [LogScriptEngine.java:375] [INFO] - Timeout event @ 2400000000
[15:22:23 - Thread-1] [LogScriptEngine.java:309] [INFO] - Test script finished
[15:22:23 - Thread-2] [Simulation.java:311] [INFO] - Simulation main loop stopped, system time: 1622208143106	Duration: 190101 ms	Simulated time 2400000 ms	Ratio 12.62486783341487
[15:22:23 - AWT-EventQueue-0] [ScriptRunner.java:429] [INFO] - Test script deactivated
