[22:21:23 - main] [Cooja.java:1324] [INFO] - > Starting Cooja
[22:21:23 - main] [Cooja.java:2865] [INFO] - External tools default settings: /external_tools_linux.config
[22:21:23 - main] [Cooja.java:2895] [INFO] - External tools user settings: /root/.cooja.user.properties
[22:21:23 - main] [Simulation.java:420] [INFO] - Simulation random seed: 123377
[22:21:23 - main] [Cooja.java:4267] [WARN] - Replaced [CONTIKI_DIR]/examples/Acollect/nullrdc/JF-collect.z1 with /home/user/contiki/examples/Acollect/nullrdc/JF-collect.z1 (default: /home/user/contiki), but could not find it. This does not have to be an error, as the file might be created later.
[22:21:23 - main] [CompileContiki.java:140] [INFO] - > make JF-collect.z1 TARGET=z1 
[22:21:28 - main] [MspMote.java:235] [INFO] - Loading firmware from: /home/user/contiki/examples/Acollect/nullrdc/JF-collect.z1
[22:21:28 - main] [MspMote.java:235] [INFO] - Loading firmware from: /home/user/contiki/examples/Acollect/nullrdc/JF-collect.z1
[22:21:28 - main] [MspMote.java:235] [INFO] - Loading firmware from: /home/user/contiki/examples/Acollect/nullrdc/JF-collect.z1
[22:21:28 - main] [MspMote.java:235] [INFO] - Loading firmware from: /home/user/contiki/examples/Acollect/nullrdc/JF-collect.z1
[22:21:28 - main] [MspMote.java:235] [INFO] - Loading firmware from: /home/user/contiki/examples/Acollect/nullrdc/JF-collect.z1
[22:21:29 - main] [MspMote.java:235] [INFO] - Loading firmware from: /home/user/contiki/examples/Acollect/nullrdc/JF-collect.z1
[22:21:29 - main] [MspMote.java:235] [INFO] - Loading firmware from: /home/user/contiki/examples/Acollect/nullrdc/JF-collect.z1
[22:21:29 - main] [MspMote.java:235] [INFO] - Loading firmware from: /home/user/contiki/examples/Acollect/nullrdc/JF-collect.z1
[22:21:29 - main] [MspMote.java:235] [INFO] - Loading firmware from: /home/user/contiki/examples/Acollect/nullrdc/JF-collect.z1
[22:21:29 - main] [MspMote.java:235] [INFO] - Loading firmware from: /home/user/contiki/examples/Acollect/nullrdc/JF-collect.z1
[22:21:29 - main] [MspMote.java:235] [INFO] - Loading firmware from: /home/user/contiki/examples/Acollect/nullrdc/JF-collect.z1
[22:21:29 - main] [MspMote.java:235] [INFO] - Loading firmware from: /home/user/contiki/examples/Acollect/nullrdc/JF-collect.z1
[22:21:29 - main] [MspMote.java:235] [INFO] - Loading firmware from: /home/user/contiki/examples/Acollect/nullrdc/JF-collect.z1
[22:21:29 - main] [Cooja.java:1790] [INFO] - Visualized plugin was not started: class org.contikios.cooja.plugins.SimControl
[22:21:29 - main] [Cooja.java:1790] [INFO] - Visualized plugin was not started: class org.contikios.cooja.plugins.Visualizer
[22:21:29 - main] [Cooja.java:1790] [INFO] - Visualized plugin was not started: class org.contikios.cooja.plugins.LogListener
[22:21:29 - main] [Cooja.java:1790] [INFO] - Visualized plugin was not started: class org.contikios.cooja.plugins.TimeLine
[22:21:29 - main] [Cooja.java:1790] [INFO] - Visualized plugin was not started: class org.contikios.cooja.plugins.Notes
[22:21:29 - main] [ScriptRunner.java:429] [INFO] - Test script deactivated
[22:21:29 - main] [LogScriptEngine.java:265] [INFO] - Script timeout in 2400000 ms
[22:21:29 - main] [ScriptRunner.java:386] [INFO] - Test script activated
[22:21:29 - Thread-2] [Simulation.java:252] [INFO] - Simulation main loop started, system time: 1617999689764
[22:21:54 - Thread-2] [LogScriptEngine.java:389] [INFO] - Test script at 5.00%, done in 472.8 sec
[22:22:02 - Thread-2] [LogScriptEngine.java:389] [INFO] - Test script at 10.00%, done in 297.4 sec
[22:22:28 - Thread-2] [LogScriptEngine.java:389] [INFO] - Test script at 15.00%, done in 333.6 sec
[22:22:53 - Thread-2] [LogScriptEngine.java:389] [INFO] - Test script at 20.00%, done in 334.9 sec
[22:23:24 - Thread-2] [LogScriptEngine.java:389] [INFO] - Test script at 25.00%, done in 345.6 sec
[22:23:49 - Thread-2] [LogScriptEngine.java:389] [INFO] - Test script at 30.00%, done in 325.2 sec
[22:24:16 - Thread-2] [LogScriptEngine.java:389] [INFO] - Test script at 35.00%, done in 309.4 sec
[22:24:51 - Thread-2] [LogScriptEngine.java:389] [INFO] - Test script at 40.00%, done in 302.3 sec
[22:25:24 - Thread-2] [LogScriptEngine.java:389] [INFO] - Test script at 45.00%, done in 286.5 sec
[22:25:53 - Thread-2] [LogScriptEngine.java:389] [INFO] - Test script at 50.00%, done in 263.4 sec
[22:26:17 - Thread-2] [LogScriptEngine.java:389] [INFO] - Test script at 55.00%, done in 235.0 sec
[22:26:40 - Thread-2] [LogScriptEngine.java:389] [INFO] - Test script at 60.00%, done in 207.1 sec
[22:27:03 - Thread-2] [LogScriptEngine.java:389] [INFO] - Test script at 65.00%, done in 179.7 sec
[22:27:30 - Thread-2] [LogScriptEngine.java:389] [INFO] - Test script at 70.00%, done in 154.4 sec
[22:27:56 - Thread-2] [LogScriptEngine.java:389] [INFO] - Test script at 75.00%, done in 128.9 sec
[22:28:27 - Thread-2] [LogScriptEngine.java:389] [INFO] - Test script at 80.00%, done in 104.5 sec
[22:28:58 - Thread-2] [LogScriptEngine.java:389] [INFO] - Test script at 85.00%, done in 79.1 sec
[22:29:27 - Thread-2] [LogScriptEngine.java:389] [INFO] - Test script at 90.00%, done in 53.0 sec
[22:29:56 - Thread-2] [LogScriptEngine.java:389] [INFO] - Test script at 95.00%, done in 26.7 sec
[22:30:21 - Thread-2] [LogScriptEngine.java:375] [INFO] - Timeout event @ 2400000000
[22:30:21 - Thread-1] [LogScriptEngine.java:309] [INFO] - Test script finished
[22:30:21 - Thread-2] [Simulation.java:311] [INFO] - Simulation main loop stopped, system time: 1618000221758	Duration: 531994 ms	Simulated time 2400000 ms	Ratio 4.5113121151286855
[22:30:22 - AWT-EventQueue-0] [ScriptRunner.java:429] [INFO] - Test script deactivated
