[22:45:19 - main] [Cooja.java:1324] [INFO] - > Starting Cooja
[22:45:19 - main] [Cooja.java:2865] [INFO] - External tools default settings: /external_tools_linux.config
[22:45:19 - main] [Cooja.java:2895] [INFO] - External tools user settings: /root/.cooja.user.properties
[22:45:19 - main] [Simulation.java:420] [INFO] - Simulation random seed: 123377
[22:45:19 - main] [Cooja.java:4267] [WARN] - Replaced [CONTIKI_DIR]/examples/Acollect/nullrdc/JF-collect.z1 with /home/user/contiki/examples/Acollect/nullrdc/JF-collect.z1 (default: /home/user/contiki), but could not find it. This does not have to be an error, as the file might be created later.
[22:45:19 - main] [CompileContiki.java:140] [INFO] - > make JF-collect.z1 TARGET=z1 
[22:45:24 - main] [MspMote.java:235] [INFO] - Loading firmware from: /home/user/contiki/examples/Acollect/nullrdc/JF-collect.z1
[22:45:24 - main] [MspMote.java:235] [INFO] - Loading firmware from: /home/user/contiki/examples/Acollect/nullrdc/JF-collect.z1
[22:45:24 - main] [MspMote.java:235] [INFO] - Loading firmware from: /home/user/contiki/examples/Acollect/nullrdc/JF-collect.z1
[22:45:24 - main] [MspMote.java:235] [INFO] - Loading firmware from: /home/user/contiki/examples/Acollect/nullrdc/JF-collect.z1
[22:45:24 - main] [MspMote.java:235] [INFO] - Loading firmware from: /home/user/contiki/examples/Acollect/nullrdc/JF-collect.z1
[22:45:24 - main] [MspMote.java:235] [INFO] - Loading firmware from: /home/user/contiki/examples/Acollect/nullrdc/JF-collect.z1
[22:45:24 - main] [MspMote.java:235] [INFO] - Loading firmware from: /home/user/contiki/examples/Acollect/nullrdc/JF-collect.z1
[22:45:24 - main] [MspMote.java:235] [INFO] - Loading firmware from: /home/user/contiki/examples/Acollect/nullrdc/JF-collect.z1
[22:45:24 - main] [MspMote.java:235] [INFO] - Loading firmware from: /home/user/contiki/examples/Acollect/nullrdc/JF-collect.z1
[22:45:24 - main] [MspMote.java:235] [INFO] - Loading firmware from: /home/user/contiki/examples/Acollect/nullrdc/JF-collect.z1
[22:45:24 - main] [MspMote.java:235] [INFO] - Loading firmware from: /home/user/contiki/examples/Acollect/nullrdc/JF-collect.z1
[22:45:24 - main] [MspMote.java:235] [INFO] - Loading firmware from: /home/user/contiki/examples/Acollect/nullrdc/JF-collect.z1
[22:45:25 - main] [MspMote.java:235] [INFO] - Loading firmware from: /home/user/contiki/examples/Acollect/nullrdc/JF-collect.z1
[22:45:25 - main] [Cooja.java:1790] [INFO] - Visualized plugin was not started: class org.contikios.cooja.plugins.SimControl
[22:45:25 - main] [Cooja.java:1790] [INFO] - Visualized plugin was not started: class org.contikios.cooja.plugins.Visualizer
[22:45:25 - main] [Cooja.java:1790] [INFO] - Visualized plugin was not started: class org.contikios.cooja.plugins.LogListener
[22:45:25 - main] [Cooja.java:1790] [INFO] - Visualized plugin was not started: class org.contikios.cooja.plugins.TimeLine
[22:45:25 - main] [Cooja.java:1790] [INFO] - Visualized plugin was not started: class org.contikios.cooja.plugins.Notes
[22:45:25 - main] [ScriptRunner.java:429] [INFO] - Test script deactivated
[22:45:25 - main] [LogScriptEngine.java:265] [INFO] - Script timeout in 2400000 ms
[22:45:25 - main] [ScriptRunner.java:386] [INFO] - Test script activated
[22:45:25 - Thread-2] [Simulation.java:252] [INFO] - Simulation main loop started, system time: 1618001125506
[22:45:58 - Thread-2] [LogScriptEngine.java:389] [INFO] - Test script at 5.00%, done in 621.8 sec
[22:46:06 - Thread-2] [LogScriptEngine.java:389] [INFO] - Test script at 10.00%, done in 367.3 sec
[22:46:21 - Thread-2] [LogScriptEngine.java:389] [INFO] - Test script at 15.00%, done in 318.5 sec
[22:46:35 - Thread-2] [LogScriptEngine.java:389] [INFO] - Test script at 20.00%, done in 281.5 sec
[22:46:50 - Thread-2] [LogScriptEngine.java:389] [INFO] - Test script at 25.00%, done in 256.0 sec
[22:47:05 - Thread-2] [LogScriptEngine.java:389] [INFO] - Test script at 30.00%, done in 232.8 sec
[22:47:18 - Thread-2] [LogScriptEngine.java:389] [INFO] - Test script at 35.00%, done in 209.3 sec
[22:47:32 - Thread-2] [LogScriptEngine.java:389] [INFO] - Test script at 40.00%, done in 189.9 sec
[22:47:45 - Thread-2] [LogScriptEngine.java:389] [INFO] - Test script at 45.00%, done in 171.4 sec
[22:48:01 - Thread-2] [LogScriptEngine.java:389] [INFO] - Test script at 50.00%, done in 155.6 sec
[22:48:14 - Thread-2] [LogScriptEngine.java:389] [INFO] - Test script at 55.00%, done in 138.1 sec
[22:48:26 - Thread-2] [LogScriptEngine.java:389] [INFO] - Test script at 60.00%, done in 120.8 sec
[22:48:40 - Thread-2] [LogScriptEngine.java:389] [INFO] - Test script at 65.00%, done in 105.2 sec
[22:48:53 - Thread-2] [LogScriptEngine.java:389] [INFO] - Test script at 70.00%, done in 89.0 sec
[22:49:09 - Thread-2] [LogScriptEngine.java:389] [INFO] - Test script at 75.00%, done in 74.6 sec
[22:49:23 - Thread-2] [LogScriptEngine.java:389] [INFO] - Test script at 80.00%, done in 59.4 sec
[22:49:37 - Thread-2] [LogScriptEngine.java:389] [INFO] - Test script at 85.00%, done in 44.4 sec
[22:49:51 - Thread-2] [LogScriptEngine.java:389] [INFO] - Test script at 90.00%, done in 29.5 sec
[22:50:08 - Thread-2] [LogScriptEngine.java:389] [INFO] - Test script at 95.00%, done in 14.9 sec
[22:50:39 - Thread-2] [LogScriptEngine.java:375] [INFO] - Timeout event @ 2400000000
[22:50:39 - Thread-1] [LogScriptEngine.java:309] [INFO] - Test script finished
[22:50:39 - Thread-2] [Simulation.java:311] [INFO] - Simulation main loop stopped, system time: 1618001439997	Duration: 314491 ms	Simulated time 2400000 ms	Ratio 7.631378958380367
[22:50:40 - AWT-EventQueue-0] [ScriptRunner.java:429] [INFO] - Test script deactivated
