[21:22:22 - main] [Cooja.java:1324] [INFO] - > Starting Cooja
[21:22:22 - main] [Cooja.java:2865] [INFO] - External tools default settings: /external_tools_linux.config
[21:22:22 - main] [Cooja.java:2895] [INFO] - External tools user settings: /root/.cooja.user.properties
[21:22:22 - main] [Simulation.java:420] [INFO] - Simulation random seed: 123377
[21:22:22 - main] [Cooja.java:4267] [WARN] - Replaced [CONTIKI_DIR]/examples/PRIMAC/PRI_board_sim/hello-world3.z1 with /home/user/contiki/examples/PRIMAC/PRI_board_sim/hello-world3.z1 (default: /home/user/contiki), but could not find it. This does not have to be an error, as the file might be created later.
[21:22:22 - main] [CompileContiki.java:140] [INFO] - > make hello-world3.z1 TARGET=z1 
[21:22:27 - main] [MspMote.java:235] [INFO] - Loading firmware from: /home/user/contiki/examples/PRIMAC/PRI_board_sim/hello-world3.z1
[21:22:28 - main] [MspMote.java:235] [INFO] - Loading firmware from: /home/user/contiki/examples/PRIMAC/PRI_board_sim/hello-world3.z1
[21:22:28 - main] [MspMote.java:235] [INFO] - Loading firmware from: /home/user/contiki/examples/PRIMAC/PRI_board_sim/hello-world3.z1
[21:22:28 - main] [MspMote.java:235] [INFO] - Loading firmware from: /home/user/contiki/examples/PRIMAC/PRI_board_sim/hello-world3.z1
[21:22:28 - main] [MspMote.java:235] [INFO] - Loading firmware from: /home/user/contiki/examples/PRIMAC/PRI_board_sim/hello-world3.z1
[21:22:28 - main] [MspMote.java:235] [INFO] - Loading firmware from: /home/user/contiki/examples/PRIMAC/PRI_board_sim/hello-world3.z1
[21:22:28 - main] [MspMote.java:235] [INFO] - Loading firmware from: /home/user/contiki/examples/PRIMAC/PRI_board_sim/hello-world3.z1
[21:22:28 - main] [MspMote.java:235] [INFO] - Loading firmware from: /home/user/contiki/examples/PRIMAC/PRI_board_sim/hello-world3.z1
[21:22:28 - main] [MspMote.java:235] [INFO] - Loading firmware from: /home/user/contiki/examples/PRIMAC/PRI_board_sim/hello-world3.z1
[21:22:28 - main] [MspMote.java:235] [INFO] - Loading firmware from: /home/user/contiki/examples/PRIMAC/PRI_board_sim/hello-world3.z1
[21:22:28 - main] [MspMote.java:235] [INFO] - Loading firmware from: /home/user/contiki/examples/PRIMAC/PRI_board_sim/hello-world3.z1
[21:22:28 - main] [MspMote.java:235] [INFO] - Loading firmware from: /home/user/contiki/examples/PRIMAC/PRI_board_sim/hello-world3.z1
[21:22:28 - main] [MspMote.java:235] [INFO] - Loading firmware from: /home/user/contiki/examples/PRIMAC/PRI_board_sim/hello-world3.z1
[21:22:28 - main] [MspMote.java:235] [INFO] - Loading firmware from: /home/user/contiki/examples/PRIMAC/PRI_board_sim/hello-world3.z1
[21:22:28 - main] [Cooja.java:1790] [INFO] - Visualized plugin was not started: class org.contikios.cooja.plugins.SimControl
[21:22:28 - main] [Cooja.java:1790] [INFO] - Visualized plugin was not started: class org.contikios.cooja.plugins.Visualizer
[21:22:28 - main] [Cooja.java:1790] [INFO] - Visualized plugin was not started: class org.contikios.cooja.plugins.LogListener
[21:22:28 - main] [Cooja.java:1790] [INFO] - Visualized plugin was not started: class org.contikios.cooja.plugins.TimeLine
[21:22:28 - main] [Cooja.java:1790] [INFO] - Visualized plugin was not started: class org.contikios.cooja.plugins.Notes
[21:22:28 - main] [ScriptRunner.java:429] [INFO] - Test script deactivated
[21:22:28 - main] [LogScriptEngine.java:265] [INFO] - Script timeout in 2400000 ms
[21:22:28 - main] [ScriptRunner.java:386] [INFO] - Test script activated
[21:22:28 - Thread-2] [Simulation.java:252] [INFO] - Simulation main loop started, system time: 1616444548825
[21:22:43 - Thread-2] [LogScriptEngine.java:389] [INFO] - Test script at 5.00%, done in 287.5 sec
[21:22:47 - Thread-2] [LogScriptEngine.java:389] [INFO] - Test script at 10.00%, done in 171.1 sec
[21:22:51 - Thread-2] [LogScriptEngine.java:389] [INFO] - Test script at 15.00%, done in 130.0 sec
[21:22:56 - Thread-2] [LogScriptEngine.java:389] [INFO] - Test script at 20.00%, done in 111.5 sec
[21:23:01 - Thread-2] [LogScriptEngine.java:389] [INFO] - Test script at 25.00%, done in 96.9 sec
[21:23:05 - Thread-2] [LogScriptEngine.java:389] [INFO] - Test script at 30.00%, done in 85.0 sec
[21:23:09 - Thread-2] [LogScriptEngine.java:389] [INFO] - Test script at 35.00%, done in 75.1 sec
[21:23:13 - Thread-2] [LogScriptEngine.java:389] [INFO] - Test script at 40.00%, done in 66.7 sec
[21:23:17 - Thread-2] [LogScriptEngine.java:389] [INFO] - Test script at 45.00%, done in 59.3 sec
[21:23:22 - Thread-2] [LogScriptEngine.java:389] [INFO] - Test script at 50.00%, done in 53.2 sec
[21:23:26 - Thread-2] [LogScriptEngine.java:389] [INFO] - Test script at 55.00%, done in 46.9 sec
[21:23:30 - Thread-2] [LogScriptEngine.java:389] [INFO] - Test script at 60.00%, done in 41.0 sec
[21:23:34 - Thread-2] [LogScriptEngine.java:389] [INFO] - Test script at 65.00%, done in 35.3 sec
[21:23:38 - Thread-2] [LogScriptEngine.java:389] [INFO] - Test script at 70.00%, done in 29.9 sec
[21:23:42 - Thread-2] [LogScriptEngine.java:389] [INFO] - Test script at 75.00%, done in 24.6 sec
[21:23:46 - Thread-2] [LogScriptEngine.java:389] [INFO] - Test script at 80.00%, done in 19.5 sec
[21:23:51 - Thread-2] [LogScriptEngine.java:389] [INFO] - Test script at 85.00%, done in 14.5 sec
[21:23:55 - Thread-2] [LogScriptEngine.java:389] [INFO] - Test script at 90.00%, done in 9.6 sec
[21:24:00 - Thread-2] [LogScriptEngine.java:389] [INFO] - Test script at 95.00%, done in 4.8 sec
[21:24:05 - Thread-2] [LogScriptEngine.java:375] [INFO] - Timeout event @ 2400000000
[21:24:05 - Thread-1] [LogScriptEngine.java:309] [INFO] - Test script finished
[21:24:05 - Thread-2] [Simulation.java:311] [INFO] - Simulation main loop stopped, system time: 1616444645547	Duration: 96722 ms	Simulated time 2400000 ms	Ratio 24.81338268439445
[21:24:06 - AWT-EventQueue-0] [ScriptRunner.java:429] [INFO] - Test script deactivated
