[10:12:54 - main] [Cooja.java:1324] [INFO] - > Starting Cooja
[10:12:54 - main] [Cooja.java:2865] [INFO] - External tools default settings: /external_tools_linux.config
[10:12:54 - main] [Cooja.java:2895] [INFO] - External tools user settings: /root/.cooja.user.properties
[10:12:55 - main] [Simulation.java:420] [INFO] - Simulation random seed: 123377
[10:12:55 - main] [Cooja.java:4267] [WARN] - Replaced [CONTIKI_DIR]/examples/Acollect/nullrdc/JF-collect.z1 with /home/user/contiki/examples/Acollect/nullrdc/JF-collect.z1 (default: /home/user/contiki), but could not find it. This does not have to be an error, as the file might be created later.
[10:12:55 - main] [CompileContiki.java:140] [INFO] - > make JF-collect.z1 TARGET=z1 
[10:13:00 - main] [MspMote.java:235] [INFO] - Loading firmware from: /home/user/contiki/examples/Acollect/nullrdc/JF-collect.z1
[10:13:01 - main] [MspMote.java:235] [INFO] - Loading firmware from: /home/user/contiki/examples/Acollect/nullrdc/JF-collect.z1
[10:13:01 - main] [MspMote.java:235] [INFO] - Loading firmware from: /home/user/contiki/examples/Acollect/nullrdc/JF-collect.z1
[10:13:01 - main] [MspMote.java:235] [INFO] - Loading firmware from: /home/user/contiki/examples/Acollect/nullrdc/JF-collect.z1
[10:13:01 - main] [MspMote.java:235] [INFO] - Loading firmware from: /home/user/contiki/examples/Acollect/nullrdc/JF-collect.z1
[10:13:01 - main] [MspMote.java:235] [INFO] - Loading firmware from: /home/user/contiki/examples/Acollect/nullrdc/JF-collect.z1
[10:13:01 - main] [MspMote.java:235] [INFO] - Loading firmware from: /home/user/contiki/examples/Acollect/nullrdc/JF-collect.z1
[10:13:01 - main] [MspMote.java:235] [INFO] - Loading firmware from: /home/user/contiki/examples/Acollect/nullrdc/JF-collect.z1
[10:13:01 - main] [MspMote.java:235] [INFO] - Loading firmware from: /home/user/contiki/examples/Acollect/nullrdc/JF-collect.z1
[10:13:01 - main] [MspMote.java:235] [INFO] - Loading firmware from: /home/user/contiki/examples/Acollect/nullrdc/JF-collect.z1
[10:13:01 - main] [MspMote.java:235] [INFO] - Loading firmware from: /home/user/contiki/examples/Acollect/nullrdc/JF-collect.z1
[10:13:01 - main] [MspMote.java:235] [INFO] - Loading firmware from: /home/user/contiki/examples/Acollect/nullrdc/JF-collect.z1
[10:13:01 - main] [MspMote.java:235] [INFO] - Loading firmware from: /home/user/contiki/examples/Acollect/nullrdc/JF-collect.z1
[10:13:01 - main] [Cooja.java:1790] [INFO] - Visualized plugin was not started: class org.contikios.cooja.plugins.SimControl
[10:13:01 - main] [Cooja.java:1790] [INFO] - Visualized plugin was not started: class org.contikios.cooja.plugins.Visualizer
[10:13:01 - main] [Cooja.java:1790] [INFO] - Visualized plugin was not started: class org.contikios.cooja.plugins.LogListener
[10:13:01 - main] [Cooja.java:1790] [INFO] - Visualized plugin was not started: class org.contikios.cooja.plugins.TimeLine
[10:13:01 - main] [Cooja.java:1790] [INFO] - Visualized plugin was not started: class org.contikios.cooja.plugins.Notes
[10:13:02 - main] [ScriptRunner.java:429] [INFO] - Test script deactivated
[10:13:02 - main] [LogScriptEngine.java:265] [INFO] - Script timeout in 2400000 ms
[10:13:02 - main] [ScriptRunner.java:386] [INFO] - Test script activated
[10:13:02 - Thread-2] [Simulation.java:252] [INFO] - Simulation main loop started, system time: 1618215182240
[10:13:29 - Thread-2] [LogScriptEngine.java:389] [INFO] - Test script at 5.00%, done in 525.4 sec
[10:13:42 - Thread-2] [LogScriptEngine.java:389] [INFO] - Test script at 10.00%, done in 359.2 sec
[10:14:30 - Thread-2] [LogScriptEngine.java:389] [INFO] - Test script at 15.00%, done in 501.7 sec
[10:15:21 - Thread-2] [LogScriptEngine.java:389] [INFO] - Test script at 20.00%, done in 558.3 sec
[10:16:11 - Thread-2] [LogScriptEngine.java:389] [INFO] - Test script at 25.00%, done in 566.5 sec
[10:17:05 - Thread-2] [LogScriptEngine.java:389] [INFO] - Test script at 30.00%, done in 567.4 sec
[10:17:47 - Thread-2] [LogScriptEngine.java:389] [INFO] - Test script at 35.00%, done in 529.0 sec
[10:18:38 - Thread-2] [LogScriptEngine.java:389] [INFO] - Test script at 40.00%, done in 504.9 sec
[10:19:22 - Thread-2] [LogScriptEngine.java:389] [INFO] - Test script at 45.00%, done in 464.2 sec
[10:20:05 - Thread-2] [LogScriptEngine.java:389] [INFO] - Test script at 50.00%, done in 423.3 sec
[10:20:37 - Thread-2] [LogScriptEngine.java:389] [INFO] - Test script at 55.00%, done in 372.7 sec
[10:21:07 - Thread-2] [LogScriptEngine.java:389] [INFO] - Test script at 60.00%, done in 323.4 sec
[10:21:35 - Thread-2] [LogScriptEngine.java:389] [INFO] - Test script at 65.00%, done in 276.4 sec
[10:22:23 - Thread-2] [LogScriptEngine.java:389] [INFO] - Test script at 70.00%, done in 240.7 sec
[10:23:19 - Thread-2] [LogScriptEngine.java:389] [INFO] - Test script at 75.00%, done in 205.7 sec
[10:24:15 - Thread-2] [LogScriptEngine.java:389] [INFO] - Test script at 80.00%, done in 168.4 sec
[10:25:01 - Thread-2] [LogScriptEngine.java:389] [INFO] - Test script at 85.00%, done in 126.9 sec
[10:25:41 - Thread-2] [LogScriptEngine.java:389] [INFO] - Test script at 90.00%, done in 84.3 sec
[10:26:21 - Thread-2] [LogScriptEngine.java:389] [INFO] - Test script at 95.00%, done in 42.0 sec
[10:27:04 - Thread-2] [LogScriptEngine.java:375] [INFO] - Timeout event @ 2400000000
[10:27:04 - Thread-1] [LogScriptEngine.java:309] [INFO] - Test script finished
[10:27:04 - Thread-2] [Simulation.java:311] [INFO] - Simulation main loop stopped, system time: 1618216024716	Duration: 842476 ms	Simulated time 2400000 ms	Ratio 2.8487458396440966
[10:27:05 - AWT-EventQueue-0] [ScriptRunner.java:429] [INFO] - Test script deactivated
