[10:24:08 - main] [Cooja.java:1324] [INFO] - > Starting Cooja
[10:24:08 - main] [Cooja.java:2865] [INFO] - External tools default settings: /external_tools_linux.config
[10:24:08 - main] [Cooja.java:2895] [INFO] - External tools user settings: /root/.cooja.user.properties
[10:24:08 - main] [Simulation.java:420] [INFO] - Simulation random seed: 123377
[10:24:08 - main] [Cooja.java:4267] [WARN] - Replaced [CONTIKI_DIR]/examples/PRIMAC/PRI_board_sim/hello-world3.z1 with /home/user/contiki/examples/PRIMAC/PRI_board_sim/hello-world3.z1 (default: /home/user/contiki), but could not find it. This does not have to be an error, as the file might be created later.
[10:24:08 - main] [CompileContiki.java:140] [INFO] - > make hello-world3.z1 TARGET=z1 
[10:24:13 - main] [MspMote.java:235] [INFO] - Loading firmware from: /home/user/contiki/examples/PRIMAC/PRI_board_sim/hello-world3.z1
[10:24:13 - main] [MspMote.java:235] [INFO] - Loading firmware from: /home/user/contiki/examples/PRIMAC/PRI_board_sim/hello-world3.z1
[10:24:13 - main] [MspMote.java:235] [INFO] - Loading firmware from: /home/user/contiki/examples/PRIMAC/PRI_board_sim/hello-world3.z1
[10:24:13 - main] [MspMote.java:235] [INFO] - Loading firmware from: /home/user/contiki/examples/PRIMAC/PRI_board_sim/hello-world3.z1
[10:24:13 - main] [MspMote.java:235] [INFO] - Loading firmware from: /home/user/contiki/examples/PRIMAC/PRI_board_sim/hello-world3.z1
[10:24:13 - main] [MspMote.java:235] [INFO] - Loading firmware from: /home/user/contiki/examples/PRIMAC/PRI_board_sim/hello-world3.z1
[10:24:13 - main] [MspMote.java:235] [INFO] - Loading firmware from: /home/user/contiki/examples/PRIMAC/PRI_board_sim/hello-world3.z1
[10:24:13 - main] [MspMote.java:235] [INFO] - Loading firmware from: /home/user/contiki/examples/PRIMAC/PRI_board_sim/hello-world3.z1
[10:24:13 - main] [MspMote.java:235] [INFO] - Loading firmware from: /home/user/contiki/examples/PRIMAC/PRI_board_sim/hello-world3.z1
[10:24:13 - main] [MspMote.java:235] [INFO] - Loading firmware from: /home/user/contiki/examples/PRIMAC/PRI_board_sim/hello-world3.z1
[10:24:13 - main] [MspMote.java:235] [INFO] - Loading firmware from: /home/user/contiki/examples/PRIMAC/PRI_board_sim/hello-world3.z1
[10:24:13 - main] [MspMote.java:235] [INFO] - Loading firmware from: /home/user/contiki/examples/PRIMAC/PRI_board_sim/hello-world3.z1
[10:24:13 - main] [MspMote.java:235] [INFO] - Loading firmware from: /home/user/contiki/examples/PRIMAC/PRI_board_sim/hello-world3.z1
[10:24:13 - main] [MspMote.java:235] [INFO] - Loading firmware from: /home/user/contiki/examples/PRIMAC/PRI_board_sim/hello-world3.z1
[10:24:14 - main] [Cooja.java:1790] [INFO] - Visualized plugin was not started: class org.contikios.cooja.plugins.SimControl
[10:24:14 - main] [Cooja.java:1790] [INFO] - Visualized plugin was not started: class org.contikios.cooja.plugins.Visualizer
[10:24:14 - main] [Cooja.java:1790] [INFO] - Visualized plugin was not started: class org.contikios.cooja.plugins.LogListener
[10:24:14 - main] [Cooja.java:1790] [INFO] - Visualized plugin was not started: class org.contikios.cooja.plugins.TimeLine
[10:24:14 - main] [Cooja.java:1790] [INFO] - Visualized plugin was not started: class org.contikios.cooja.plugins.Notes
[10:24:14 - main] [ScriptRunner.java:429] [INFO] - Test script deactivated
[10:24:14 - main] [LogScriptEngine.java:265] [INFO] - Script timeout in 2400000 ms
[10:24:14 - main] [ScriptRunner.java:386] [INFO] - Test script activated
[10:24:14 - Thread-2] [Simulation.java:252] [INFO] - Simulation main loop started, system time: 1617006254473
[10:24:28 - Thread-2] [LogScriptEngine.java:389] [INFO] - Test script at 5.00%, done in 265.4 sec
[10:24:32 - Thread-2] [LogScriptEngine.java:389] [INFO] - Test script at 10.00%, done in 160.6 sec
[10:24:36 - Thread-2] [LogScriptEngine.java:389] [INFO] - Test script at 15.00%, done in 126.1 sec
[10:24:40 - Thread-2] [LogScriptEngine.java:389] [INFO] - Test script at 20.00%, done in 106.1 sec
[10:24:45 - Thread-2] [LogScriptEngine.java:389] [INFO] - Test script at 25.00%, done in 92.3 sec
[10:24:49 - Thread-2] [LogScriptEngine.java:389] [INFO] - Test script at 30.00%, done in 81.9 sec
[10:24:53 - Thread-2] [LogScriptEngine.java:389] [INFO] - Test script at 35.00%, done in 73.2 sec
[10:24:58 - Thread-2] [LogScriptEngine.java:389] [INFO] - Test script at 40.00%, done in 66.5 sec
[10:25:03 - Thread-2] [LogScriptEngine.java:389] [INFO] - Test script at 45.00%, done in 60.5 sec
[10:25:08 - Thread-2] [LogScriptEngine.java:389] [INFO] - Test script at 50.00%, done in 54.0 sec
[10:25:12 - Thread-2] [LogScriptEngine.java:389] [INFO] - Test script at 55.00%, done in 47.8 sec
[10:25:17 - Thread-2] [LogScriptEngine.java:389] [INFO] - Test script at 60.00%, done in 42.0 sec
[10:25:21 - Thread-2] [LogScriptEngine.java:389] [INFO] - Test script at 65.00%, done in 36.3 sec
[10:25:26 - Thread-2] [LogScriptEngine.java:389] [INFO] - Test script at 70.00%, done in 30.8 sec
[10:25:30 - Thread-2] [LogScriptEngine.java:389] [INFO] - Test script at 75.00%, done in 25.5 sec
[10:25:35 - Thread-2] [LogScriptEngine.java:389] [INFO] - Test script at 80.00%, done in 20.2 sec
[10:25:40 - Thread-2] [LogScriptEngine.java:389] [INFO] - Test script at 85.00%, done in 15.1 sec
[10:25:44 - Thread-2] [LogScriptEngine.java:389] [INFO] - Test script at 90.00%, done in 10.0 sec
[10:25:49 - Thread-2] [LogScriptEngine.java:389] [INFO] - Test script at 95.00%, done in 5.0 sec
[10:25:53 - Thread-2] [LogScriptEngine.java:375] [INFO] - Timeout event @ 2400000000
[10:25:53 - Thread-1] [LogScriptEngine.java:309] [INFO] - Test script finished
[10:25:53 - Thread-2] [Simulation.java:311] [INFO] - Simulation main loop stopped, system time: 1617006353649	Duration: 99176 ms	Simulated time 2400000 ms	Ratio 24.19940308139066
[10:25:54 - AWT-EventQueue-0] [ScriptRunner.java:429] [INFO] - Test script deactivated
