[12:52:38 - main] [Cooja.java:1324] [INFO] - > Starting Cooja
[12:52:38 - main] [Cooja.java:2865] [INFO] - External tools default settings: /external_tools_linux.config
[12:52:38 - main] [Cooja.java:2895] [INFO] - External tools user settings: /root/.cooja.user.properties
[12:52:39 - main] [Simulation.java:420] [INFO] - Simulation random seed: 123377
[12:52:39 - main] [Cooja.java:4267] [WARN] - Replaced [CONTIKI_DIR]/examples/Acollect/nullrdc/JF-collect.z1 with /home/user/contiki/examples/Acollect/nullrdc/JF-collect.z1 (default: /home/user/contiki), but could not find it. This does not have to be an error, as the file might be created later.
[12:52:39 - main] [CompileContiki.java:140] [INFO] - > make JF-collect.z1 TARGET=z1 
[12:52:49 - main] [MspMote.java:235] [INFO] - Loading firmware from: /home/user/contiki/examples/Acollect/nullrdc/JF-collect.z1
[12:52:49 - main] [MspMote.java:235] [INFO] - Loading firmware from: /home/user/contiki/examples/Acollect/nullrdc/JF-collect.z1
[12:52:49 - main] [MspMote.java:235] [INFO] - Loading firmware from: /home/user/contiki/examples/Acollect/nullrdc/JF-collect.z1
[12:52:49 - main] [MspMote.java:235] [INFO] - Loading firmware from: /home/user/contiki/examples/Acollect/nullrdc/JF-collect.z1
[12:52:49 - main] [MspMote.java:235] [INFO] - Loading firmware from: /home/user/contiki/examples/Acollect/nullrdc/JF-collect.z1
[12:52:49 - main] [MspMote.java:235] [INFO] - Loading firmware from: /home/user/contiki/examples/Acollect/nullrdc/JF-collect.z1
[12:52:49 - main] [MspMote.java:235] [INFO] - Loading firmware from: /home/user/contiki/examples/Acollect/nullrdc/JF-collect.z1
[12:52:49 - main] [MspMote.java:235] [INFO] - Loading firmware from: /home/user/contiki/examples/Acollect/nullrdc/JF-collect.z1
[12:52:49 - main] [MspMote.java:235] [INFO] - Loading firmware from: /home/user/contiki/examples/Acollect/nullrdc/JF-collect.z1
[12:52:49 - main] [MspMote.java:235] [INFO] - Loading firmware from: /home/user/contiki/examples/Acollect/nullrdc/JF-collect.z1
[12:52:49 - main] [MspMote.java:235] [INFO] - Loading firmware from: /home/user/contiki/examples/Acollect/nullrdc/JF-collect.z1
[12:52:49 - main] [MspMote.java:235] [INFO] - Loading firmware from: /home/user/contiki/examples/Acollect/nullrdc/JF-collect.z1
[12:52:49 - main] [MspMote.java:235] [INFO] - Loading firmware from: /home/user/contiki/examples/Acollect/nullrdc/JF-collect.z1
[12:52:49 - main] [Cooja.java:1790] [INFO] - Visualized plugin was not started: class org.contikios.cooja.plugins.SimControl
[12:52:49 - main] [Cooja.java:1790] [INFO] - Visualized plugin was not started: class org.contikios.cooja.plugins.Visualizer
[12:52:49 - main] [Cooja.java:1790] [INFO] - Visualized plugin was not started: class org.contikios.cooja.plugins.LogListener
[12:52:49 - main] [Cooja.java:1790] [INFO] - Visualized plugin was not started: class org.contikios.cooja.plugins.TimeLine
[12:52:49 - main] [Cooja.java:1790] [INFO] - Visualized plugin was not started: class org.contikios.cooja.plugins.Notes
[12:52:50 - main] [ScriptRunner.java:429] [INFO] - Test script deactivated
[12:52:50 - main] [LogScriptEngine.java:265] [INFO] - Script timeout in 2400000 ms
[12:52:50 - main] [ScriptRunner.java:386] [INFO] - Test script activated
[12:52:50 - Thread-2] [Simulation.java:252] [INFO] - Simulation main loop started, system time: 1617879170231
[13:44:49 - Thread-2] [LogScriptEngine.java:389] [INFO] - Test script at 5.00%, done in 1700863.6 sec
[13:44:51 - Thread-2] [LogScriptEngine.java:389] [INFO] - Test script at 10.00%, done in 805695.9 sec
[13:44:56 - Thread-2] [LogScriptEngine.java:389] [INFO] - Test script at 15.00%, done in 507314.6 sec
[13:45:00 - Thread-2] [LogScriptEngine.java:389] [INFO] - Test script at 20.00%, done in 358122.3 sec
[13:45:05 - Thread-2] [LogScriptEngine.java:389] [INFO] - Test script at 25.00%, done in 268605.4 sec
[13:45:09 - Thread-2] [LogScriptEngine.java:389] [INFO] - Test script at 30.00%, done in 208924.6 sec
[13:45:13 - Thread-2] [LogScriptEngine.java:389] [INFO] - Test script at 35.00%, done in 166294.4 sec
[13:45:17 - Thread-2] [LogScriptEngine.java:389] [INFO] - Test script at 40.00%, done in 134320.4 sec
[13:45:21 - Thread-2] [LogScriptEngine.java:389] [INFO] - Test script at 45.00%, done in 109451.2 sec
[13:45:25 - Thread-2] [LogScriptEngine.java:389] [INFO] - Test script at 50.00%, done in 89555.2 sec
[13:45:29 - Thread-2] [LogScriptEngine.java:389] [INFO] - Test script at 55.00%, done in 73275.7 sec
[13:45:33 - Thread-2] [LogScriptEngine.java:389] [INFO] - Test script at 60.00%, done in 59708.9 sec
[13:45:37 - Thread-2] [LogScriptEngine.java:389] [INFO] - Test script at 65.00%, done in 48228.5 sec
[13:45:41 - Thread-2] [LogScriptEngine.java:389] [INFO] - Test script at 70.00%, done in 38387.8 sec
[13:45:45 - Thread-2] [LogScriptEngine.java:389] [INFO] - Test script at 75.00%, done in 29858.6 sec
[13:45:50 - Thread-2] [LogScriptEngine.java:389] [INFO] - Test script at 80.00%, done in 22395.0 sec
[13:45:54 - Thread-2] [LogScriptEngine.java:389] [INFO] - Test script at 85.00%, done in 15808.9 sec
[13:45:58 - Thread-2] [LogScriptEngine.java:389] [INFO] - Test script at 90.00%, done in 9954.2 sec
[13:46:02 - Thread-2] [LogScriptEngine.java:389] [INFO] - Test script at 95.00%, done in 4715.4 sec
[13:46:06 - Thread-2] [LogScriptEngine.java:375] [INFO] - Timeout event @ 2400000000
[13:46:06 - Thread-1] [LogScriptEngine.java:309] [INFO] - Test script finished
[13:46:06 - Thread-2] [Simulation.java:311] [INFO] - Simulation main loop stopped, system time: 1617968766362	Duration: 89596131 ms	Simulated time 2400000 ms	Ratio 0.026786870964327688
[13:46:06 - AWT-EventQueue-0] [ScriptRunner.java:429] [INFO] - Test script deactivated
