[22:06:26 - main] [Cooja.java:1324] [INFO] - > Starting Cooja
[22:06:26 - main] [Cooja.java:2865] [INFO] - External tools default settings: /external_tools_linux.config
[22:06:26 - main] [Cooja.java:2895] [INFO] - External tools user settings: /root/.cooja.user.properties
[22:06:27 - main] [Simulation.java:420] [INFO] - Simulation random seed: 123377
[22:06:27 - main] [Cooja.java:4267] [WARN] - Replaced [CONTIKI_DIR]/examples/Acollect/nullrdc/JF-collect.z1 with /home/user/contiki/examples/Acollect/nullrdc/JF-collect.z1 (default: /home/user/contiki), but could not find it. This does not have to be an error, as the file might be created later.
[22:06:27 - main] [CompileContiki.java:140] [INFO] - > make JF-collect.z1 TARGET=z1 
[22:06:31 - main] [MspMote.java:235] [INFO] - Loading firmware from: /home/user/contiki/examples/Acollect/nullrdc/JF-collect.z1
[22:06:32 - main] [MspMote.java:235] [INFO] - Loading firmware from: /home/user/contiki/examples/Acollect/nullrdc/JF-collect.z1
[22:06:32 - main] [MspMote.java:235] [INFO] - Loading firmware from: /home/user/contiki/examples/Acollect/nullrdc/JF-collect.z1
[22:06:32 - main] [MspMote.java:235] [INFO] - Loading firmware from: /home/user/contiki/examples/Acollect/nullrdc/JF-collect.z1
[22:06:32 - main] [MspMote.java:235] [INFO] - Loading firmware from: /home/user/contiki/examples/Acollect/nullrdc/JF-collect.z1
[22:06:32 - main] [MspMote.java:235] [INFO] - Loading firmware from: /home/user/contiki/examples/Acollect/nullrdc/JF-collect.z1
[22:06:32 - main] [MspMote.java:235] [INFO] - Loading firmware from: /home/user/contiki/examples/Acollect/nullrdc/JF-collect.z1
[22:06:32 - main] [MspMote.java:235] [INFO] - Loading firmware from: /home/user/contiki/examples/Acollect/nullrdc/JF-collect.z1
[22:06:32 - main] [MspMote.java:235] [INFO] - Loading firmware from: /home/user/contiki/examples/Acollect/nullrdc/JF-collect.z1
[22:06:32 - main] [MspMote.java:235] [INFO] - Loading firmware from: /home/user/contiki/examples/Acollect/nullrdc/JF-collect.z1
[22:06:32 - main] [MspMote.java:235] [INFO] - Loading firmware from: /home/user/contiki/examples/Acollect/nullrdc/JF-collect.z1
[22:06:32 - main] [MspMote.java:235] [INFO] - Loading firmware from: /home/user/contiki/examples/Acollect/nullrdc/JF-collect.z1
[22:06:32 - main] [MspMote.java:235] [INFO] - Loading firmware from: /home/user/contiki/examples/Acollect/nullrdc/JF-collect.z1
[22:06:32 - main] [Cooja.java:1790] [INFO] - Visualized plugin was not started: class org.contikios.cooja.plugins.SimControl
[22:06:32 - main] [Cooja.java:1790] [INFO] - Visualized plugin was not started: class org.contikios.cooja.plugins.Visualizer
[22:06:32 - main] [Cooja.java:1790] [INFO] - Visualized plugin was not started: class org.contikios.cooja.plugins.LogListener
[22:06:32 - main] [Cooja.java:1790] [INFO] - Visualized plugin was not started: class org.contikios.cooja.plugins.TimeLine
[22:06:32 - main] [Cooja.java:1790] [INFO] - Visualized plugin was not started: class org.contikios.cooja.plugins.Notes
[22:06:32 - main] [ScriptRunner.java:429] [INFO] - Test script deactivated
[22:06:33 - main] [LogScriptEngine.java:265] [INFO] - Script timeout in 2400000 ms
[22:06:33 - main] [ScriptRunner.java:386] [INFO] - Test script activated
[22:06:33 - Thread-2] [Simulation.java:252] [INFO] - Simulation main loop started, system time: 1617998793059
[22:06:57 - Thread-2] [LogScriptEngine.java:389] [INFO] - Test script at 5.00%, done in 468.6 sec
[22:07:05 - Thread-2] [LogScriptEngine.java:389] [INFO] - Test script at 10.00%, done in 295.8 sec
[22:07:42 - Thread-2] [LogScriptEngine.java:389] [INFO] - Test script at 15.00%, done in 393.9 sec
[22:08:25 - Thread-2] [LogScriptEngine.java:389] [INFO] - Test script at 20.00%, done in 451.0 sec
[22:09:12 - Thread-2] [LogScriptEngine.java:389] [INFO] - Test script at 25.00%, done in 479.1 sec
[22:09:59 - Thread-2] [LogScriptEngine.java:389] [INFO] - Test script at 30.00%, done in 481.1 sec
[22:10:47 - Thread-2] [LogScriptEngine.java:389] [INFO] - Test script at 35.00%, done in 471.7 sec
[22:11:29 - Thread-2] [LogScriptEngine.java:389] [INFO] - Test script at 40.00%, done in 445.1 sec
[22:12:14 - Thread-2] [LogScriptEngine.java:389] [INFO] - Test script at 45.00%, done in 416.8 sec
[22:12:55 - Thread-2] [LogScriptEngine.java:389] [INFO] - Test script at 50.00%, done in 382.0 sec
[22:13:41 - Thread-2] [LogScriptEngine.java:389] [INFO] - Test script at 55.00%, done in 350.2 sec
[22:14:24 - Thread-2] [LogScriptEngine.java:389] [INFO] - Test script at 60.00%, done in 314.6 sec
[22:15:01 - Thread-2] [LogScriptEngine.java:389] [INFO] - Test script at 65.00%, done in 273.8 sec
[22:15:44 - Thread-2] [LogScriptEngine.java:389] [INFO] - Test script at 70.00%, done in 236.3 sec
[22:16:26 - Thread-2] [LogScriptEngine.java:389] [INFO] - Test script at 75.00%, done in 197.7 sec
[22:17:12 - Thread-2] [LogScriptEngine.java:389] [INFO] - Test script at 80.00%, done in 159.8 sec
[22:17:57 - Thread-2] [LogScriptEngine.java:389] [INFO] - Test script at 85.00%, done in 120.8 sec
[22:18:44 - Thread-2] [LogScriptEngine.java:389] [INFO] - Test script at 90.00%, done in 81.2 sec
[22:19:30 - Thread-2] [LogScriptEngine.java:389] [INFO] - Test script at 95.00%, done in 40.9 sec
[22:20:17 - Thread-2] [LogScriptEngine.java:375] [INFO] - Timeout event @ 2400000000
[22:20:17 - Thread-1] [LogScriptEngine.java:309] [INFO] - Test script finished
[22:20:17 - Thread-2] [Simulation.java:311] [INFO] - Simulation main loop stopped, system time: 1617999617659	Duration: 824600 ms	Simulated time 2400000 ms	Ratio 2.910502061605627
[22:20:18 - AWT-EventQueue-0] [ScriptRunner.java:429] [INFO] - Test script deactivated
