[10:54:06 - main] [Cooja.java:1324] [INFO] - > Starting Cooja
[10:54:06 - main] [Cooja.java:2865] [INFO] - External tools default settings: /external_tools_linux.config
[10:54:06 - main] [Cooja.java:2895] [INFO] - External tools user settings: /root/.cooja.user.properties
[10:54:06 - main] [Simulation.java:420] [INFO] - Simulation random seed: 124377
[10:54:06 - main] [Cooja.java:4267] [WARN] - Replaced [CONTIKI_DIR]/examples/PRIMAC/PRI_board_sim/hello-world3.z1 with /home/user/contiki/examples/PRIMAC/PRI_board_sim/hello-world3.z1 (default: /home/user/contiki), but could not find it. This does not have to be an error, as the file might be created later.
[10:54:06 - main] [CompileContiki.java:140] [INFO] - > make hello-world3.z1 TARGET=z1 
[10:54:11 - main] [MspMote.java:235] [INFO] - Loading firmware from: /home/user/contiki/examples/PRIMAC/PRI_board_sim/hello-world3.z1
[10:54:11 - main] [MspMote.java:235] [INFO] - Loading firmware from: /home/user/contiki/examples/PRIMAC/PRI_board_sim/hello-world3.z1
[10:54:11 - main] [MspMote.java:235] [INFO] - Loading firmware from: /home/user/contiki/examples/PRIMAC/PRI_board_sim/hello-world3.z1
[10:54:11 - main] [MspMote.java:235] [INFO] - Loading firmware from: /home/user/contiki/examples/PRIMAC/PRI_board_sim/hello-world3.z1
[10:54:11 - main] [MspMote.java:235] [INFO] - Loading firmware from: /home/user/contiki/examples/PRIMAC/PRI_board_sim/hello-world3.z1
[10:54:11 - main] [MspMote.java:235] [INFO] - Loading firmware from: /home/user/contiki/examples/PRIMAC/PRI_board_sim/hello-world3.z1
[10:54:11 - main] [MspMote.java:235] [INFO] - Loading firmware from: /home/user/contiki/examples/PRIMAC/PRI_board_sim/hello-world3.z1
[10:54:11 - main] [MspMote.java:235] [INFO] - Loading firmware from: /home/user/contiki/examples/PRIMAC/PRI_board_sim/hello-world3.z1
[10:54:11 - main] [MspMote.java:235] [INFO] - Loading firmware from: /home/user/contiki/examples/PRIMAC/PRI_board_sim/hello-world3.z1
[10:54:11 - main] [MspMote.java:235] [INFO] - Loading firmware from: /home/user/contiki/examples/PRIMAC/PRI_board_sim/hello-world3.z1
[10:54:11 - main] [MspMote.java:235] [INFO] - Loading firmware from: /home/user/contiki/examples/PRIMAC/PRI_board_sim/hello-world3.z1
[10:54:11 - main] [MspMote.java:235] [INFO] - Loading firmware from: /home/user/contiki/examples/PRIMAC/PRI_board_sim/hello-world3.z1
[10:54:11 - main] [MspMote.java:235] [INFO] - Loading firmware from: /home/user/contiki/examples/PRIMAC/PRI_board_sim/hello-world3.z1
[10:54:11 - main] [MspMote.java:235] [INFO] - Loading firmware from: /home/user/contiki/examples/PRIMAC/PRI_board_sim/hello-world3.z1
[10:54:11 - main] [MspMote.java:235] [INFO] - Loading firmware from: /home/user/contiki/examples/PRIMAC/PRI_board_sim/hello-world3.z1
[10:54:12 - main] [Cooja.java:1790] [INFO] - Visualized plugin was not started: class org.contikios.cooja.plugins.SimControl
[10:54:12 - main] [Cooja.java:1790] [INFO] - Visualized plugin was not started: class org.contikios.cooja.plugins.Visualizer
[10:54:12 - main] [Cooja.java:1790] [INFO] - Visualized plugin was not started: class org.contikios.cooja.plugins.LogListener
[10:54:12 - main] [Cooja.java:1790] [INFO] - Visualized plugin was not started: class org.contikios.cooja.plugins.TimeLine
[10:54:12 - main] [Cooja.java:1790] [INFO] - Visualized plugin was not started: class org.contikios.cooja.plugins.Notes
[10:54:12 - main] [ScriptRunner.java:429] [INFO] - Test script deactivated
[10:54:12 - main] [LogScriptEngine.java:265] [INFO] - Script timeout in 2400000 ms
[10:54:12 - main] [ScriptRunner.java:386] [INFO] - Test script activated
[10:54:12 - Thread-2] [Simulation.java:252] [INFO] - Simulation main loop started, system time: 1617008052529
[10:54:30 - Thread-2] [LogScriptEngine.java:389] [INFO] - Test script at 5.00%, done in 341.4 sec
[10:54:34 - Thread-2] [LogScriptEngine.java:389] [INFO] - Test script at 10.00%, done in 200.0 sec
[10:54:39 - Thread-2] [LogScriptEngine.java:389] [INFO] - Test script at 15.00%, done in 151.2 sec
[10:54:44 - Thread-2] [LogScriptEngine.java:389] [INFO] - Test script at 20.00%, done in 127.3 sec
[10:54:49 - Thread-2] [LogScriptEngine.java:389] [INFO] - Test script at 25.00%, done in 109.8 sec
[10:54:53 - Thread-2] [LogScriptEngine.java:389] [INFO] - Test script at 30.00%, done in 95.5 sec
[10:54:57 - Thread-2] [LogScriptEngine.java:389] [INFO] - Test script at 35.00%, done in 84.2 sec
[10:55:02 - Thread-2] [LogScriptEngine.java:389] [INFO] - Test script at 40.00%, done in 74.6 sec
[10:55:06 - Thread-2] [LogScriptEngine.java:389] [INFO] - Test script at 45.00%, done in 66.1 sec
[10:55:11 - Thread-2] [LogScriptEngine.java:389] [INFO] - Test script at 50.00%, done in 58.5 sec
[10:55:15 - Thread-2] [LogScriptEngine.java:389] [INFO] - Test script at 55.00%, done in 51.5 sec
[10:55:19 - Thread-2] [LogScriptEngine.java:389] [INFO] - Test script at 60.00%, done in 45.0 sec
[10:55:24 - Thread-2] [LogScriptEngine.java:389] [INFO] - Test script at 65.00%, done in 38.7 sec
[10:55:28 - Thread-2] [LogScriptEngine.java:389] [INFO] - Test script at 70.00%, done in 32.7 sec
[10:55:33 - Thread-2] [LogScriptEngine.java:389] [INFO] - Test script at 75.00%, done in 27.1 sec
[10:55:38 - Thread-2] [LogScriptEngine.java:389] [INFO] - Test script at 80.00%, done in 21.5 sec
[10:55:43 - Thread-2] [LogScriptEngine.java:389] [INFO] - Test script at 85.00%, done in 16.0 sec
[10:55:47 - Thread-2] [LogScriptEngine.java:389] [INFO] - Test script at 90.00%, done in 10.6 sec
[10:55:53 - Thread-2] [LogScriptEngine.java:389] [INFO] - Test script at 95.00%, done in 5.3 sec
[10:55:58 - Thread-2] [LogScriptEngine.java:375] [INFO] - Timeout event @ 2400000000
[10:55:58 - Thread-1] [LogScriptEngine.java:309] [INFO] - Test script finished
[10:55:58 - Thread-2] [Simulation.java:311] [INFO] - Simulation main loop stopped, system time: 1617008158060	Duration: 105531 ms	Simulated time 2400000 ms	Ratio 22.74213264348864
[10:55:58 - AWT-EventQueue-0] [ScriptRunner.java:429] [INFO] - Test script deactivated
