[10:20:11 - main] [Cooja.java:1324] [INFO] - > Starting Cooja
[10:20:11 - main] [Cooja.java:2865] [INFO] - External tools default settings: /external_tools_linux.config
[10:20:11 - main] [Cooja.java:2895] [INFO] - External tools user settings: /root/.cooja.user.properties
[10:20:11 - main] [Simulation.java:420] [INFO] - Simulation random seed: 123377
[10:20:11 - main] [Cooja.java:4267] [WARN] - Replaced [CONTIKI_DIR]/examples/PRIMAC/PRI_board_sim/hello-world3.z1 with /home/user/contiki/examples/PRIMAC/PRI_board_sim/hello-world3.z1 (default: /home/user/contiki), but could not find it. This does not have to be an error, as the file might be created later.
[10:20:11 - main] [CompileContiki.java:140] [INFO] - > make hello-world3.z1 TARGET=z1 
[10:20:17 - main] [MspMote.java:235] [INFO] - Loading firmware from: /home/user/contiki/examples/PRIMAC/PRI_board_sim/hello-world3.z1
[10:20:17 - main] [MspMote.java:235] [INFO] - Loading firmware from: /home/user/contiki/examples/PRIMAC/PRI_board_sim/hello-world3.z1
[10:20:17 - main] [MspMote.java:235] [INFO] - Loading firmware from: /home/user/contiki/examples/PRIMAC/PRI_board_sim/hello-world3.z1
[10:20:17 - main] [MspMote.java:235] [INFO] - Loading firmware from: /home/user/contiki/examples/PRIMAC/PRI_board_sim/hello-world3.z1
[10:20:17 - main] [MspMote.java:235] [INFO] - Loading firmware from: /home/user/contiki/examples/PRIMAC/PRI_board_sim/hello-world3.z1
[10:20:17 - main] [MspMote.java:235] [INFO] - Loading firmware from: /home/user/contiki/examples/PRIMAC/PRI_board_sim/hello-world3.z1
[10:20:17 - main] [MspMote.java:235] [INFO] - Loading firmware from: /home/user/contiki/examples/PRIMAC/PRI_board_sim/hello-world3.z1
[10:20:17 - main] [MspMote.java:235] [INFO] - Loading firmware from: /home/user/contiki/examples/PRIMAC/PRI_board_sim/hello-world3.z1
[10:20:17 - main] [MspMote.java:235] [INFO] - Loading firmware from: /home/user/contiki/examples/PRIMAC/PRI_board_sim/hello-world3.z1
[10:20:17 - main] [MspMote.java:235] [INFO] - Loading firmware from: /home/user/contiki/examples/PRIMAC/PRI_board_sim/hello-world3.z1
[10:20:17 - main] [MspMote.java:235] [INFO] - Loading firmware from: /home/user/contiki/examples/PRIMAC/PRI_board_sim/hello-world3.z1
[10:20:17 - main] [MspMote.java:235] [INFO] - Loading firmware from: /home/user/contiki/examples/PRIMAC/PRI_board_sim/hello-world3.z1
[10:20:17 - main] [MspMote.java:235] [INFO] - Loading firmware from: /home/user/contiki/examples/PRIMAC/PRI_board_sim/hello-world3.z1
[10:20:17 - main] [MspMote.java:235] [INFO] - Loading firmware from: /home/user/contiki/examples/PRIMAC/PRI_board_sim/hello-world3.z1
[10:20:17 - main] [Cooja.java:1790] [INFO] - Visualized plugin was not started: class org.contikios.cooja.plugins.SimControl
[10:20:17 - main] [Cooja.java:1790] [INFO] - Visualized plugin was not started: class org.contikios.cooja.plugins.Visualizer
[10:20:17 - main] [Cooja.java:1790] [INFO] - Visualized plugin was not started: class org.contikios.cooja.plugins.LogListener
[10:20:17 - main] [Cooja.java:1790] [INFO] - Visualized plugin was not started: class org.contikios.cooja.plugins.TimeLine
[10:20:17 - main] [Cooja.java:1790] [INFO] - Visualized plugin was not started: class org.contikios.cooja.plugins.Notes
[10:20:18 - main] [ScriptRunner.java:429] [INFO] - Test script deactivated
[10:20:18 - main] [LogScriptEngine.java:265] [INFO] - Script timeout in 2400000 ms
[10:20:18 - main] [ScriptRunner.java:386] [INFO] - Test script activated
[10:20:18 - Thread-2] [Simulation.java:252] [INFO] - Simulation main loop started, system time: 1617006018193
[10:20:32 - Thread-2] [LogScriptEngine.java:389] [INFO] - Test script at 5.00%, done in 277.3 sec
[10:20:37 - Thread-2] [LogScriptEngine.java:389] [INFO] - Test script at 10.00%, done in 172.1 sec
[10:20:42 - Thread-2] [LogScriptEngine.java:389] [INFO] - Test script at 15.00%, done in 138.3 sec
[10:20:47 - Thread-2] [LogScriptEngine.java:389] [INFO] - Test script at 20.00%, done in 116.0 sec
[10:20:51 - Thread-2] [LogScriptEngine.java:389] [INFO] - Test script at 25.00%, done in 101.4 sec
[10:20:56 - Thread-2] [LogScriptEngine.java:389] [INFO] - Test script at 30.00%, done in 90.3 sec
[10:21:01 - Thread-2] [LogScriptEngine.java:389] [INFO] - Test script at 35.00%, done in 80.3 sec
[10:21:06 - Thread-2] [LogScriptEngine.java:389] [INFO] - Test script at 40.00%, done in 71.8 sec
[10:21:10 - Thread-2] [LogScriptEngine.java:389] [INFO] - Test script at 45.00%, done in 64.1 sec
[10:21:15 - Thread-2] [LogScriptEngine.java:389] [INFO] - Test script at 50.00%, done in 57.3 sec
[10:21:20 - Thread-2] [LogScriptEngine.java:389] [INFO] - Test script at 55.00%, done in 50.7 sec
[10:21:24 - Thread-2] [LogScriptEngine.java:389] [INFO] - Test script at 60.00%, done in 44.4 sec
[10:21:29 - Thread-2] [LogScriptEngine.java:389] [INFO] - Test script at 65.00%, done in 38.4 sec
[10:21:34 - Thread-2] [LogScriptEngine.java:389] [INFO] - Test script at 70.00%, done in 32.5 sec
[10:21:38 - Thread-2] [LogScriptEngine.java:389] [INFO] - Test script at 75.00%, done in 26.9 sec
[10:21:44 - Thread-2] [LogScriptEngine.java:389] [INFO] - Test script at 80.00%, done in 21.6 sec
[10:21:49 - Thread-2] [LogScriptEngine.java:389] [INFO] - Test script at 85.00%, done in 16.1 sec
[10:21:54 - Thread-2] [LogScriptEngine.java:389] [INFO] - Test script at 90.00%, done in 10.7 sec
[10:21:58 - Thread-2] [LogScriptEngine.java:389] [INFO] - Test script at 95.00%, done in 5.3 sec
[10:22:03 - Thread-2] [LogScriptEngine.java:375] [INFO] - Timeout event @ 2400000000
[10:22:03 - Thread-1] [LogScriptEngine.java:309] [INFO] - Test script finished
[10:22:03 - Thread-2] [Simulation.java:311] [INFO] - Simulation main loop stopped, system time: 1617006123499	Duration: 105306 ms	Simulated time 2400000 ms	Ratio 22.790724175260667
[10:22:04 - AWT-EventQueue-0] [ScriptRunner.java:429] [INFO] - Test script deactivated
