[08:08:17 - main] [Cooja.java:1324] [INFO] - > Starting Cooja
[08:08:17 - main] [Cooja.java:2865] [INFO] - External tools default settings: /external_tools_linux.config
[08:08:17 - main] [Cooja.java:2895] [INFO] - External tools user settings: /root/.cooja.user.properties
[08:08:17 - main] [Simulation.java:420] [INFO] - Simulation random seed: 123477
[08:08:17 - main] [Cooja.java:4267] [WARN] - Replaced [CONTIKI_DIR]/examples/Acollect/nullrdc/JF-collect.z1 with /home/user/contiki/examples/Acollect/nullrdc/JF-collect.z1 (default: /home/user/contiki), but could not find it. This does not have to be an error, as the file might be created later.
[08:08:17 - main] [CompileContiki.java:140] [INFO] - > make JF-collect.z1 TARGET=z1 
[08:08:23 - main] [MspMote.java:235] [INFO] - Loading firmware from: /home/user/contiki/examples/Acollect/nullrdc/JF-collect.z1
[08:08:23 - main] [MspMote.java:235] [INFO] - Loading firmware from: /home/user/contiki/examples/Acollect/nullrdc/JF-collect.z1
[08:08:23 - main] [MspMote.java:235] [INFO] - Loading firmware from: /home/user/contiki/examples/Acollect/nullrdc/JF-collect.z1
[08:08:23 - main] [MspMote.java:235] [INFO] - Loading firmware from: /home/user/contiki/examples/Acollect/nullrdc/JF-collect.z1
[08:08:23 - main] [MspMote.java:235] [INFO] - Loading firmware from: /home/user/contiki/examples/Acollect/nullrdc/JF-collect.z1
[08:08:23 - main] [MspMote.java:235] [INFO] - Loading firmware from: /home/user/contiki/examples/Acollect/nullrdc/JF-collect.z1
[08:08:23 - main] [MspMote.java:235] [INFO] - Loading firmware from: /home/user/contiki/examples/Acollect/nullrdc/JF-collect.z1
[08:08:23 - main] [MspMote.java:235] [INFO] - Loading firmware from: /home/user/contiki/examples/Acollect/nullrdc/JF-collect.z1
[08:08:23 - main] [MspMote.java:235] [INFO] - Loading firmware from: /home/user/contiki/examples/Acollect/nullrdc/JF-collect.z1
[08:08:23 - main] [MspMote.java:235] [INFO] - Loading firmware from: /home/user/contiki/examples/Acollect/nullrdc/JF-collect.z1
[08:08:23 - main] [MspMote.java:235] [INFO] - Loading firmware from: /home/user/contiki/examples/Acollect/nullrdc/JF-collect.z1
[08:08:23 - main] [MspMote.java:235] [INFO] - Loading firmware from: /home/user/contiki/examples/Acollect/nullrdc/JF-collect.z1
[08:08:23 - main] [MspMote.java:235] [INFO] - Loading firmware from: /home/user/contiki/examples/Acollect/nullrdc/JF-collect.z1
[08:08:23 - main] [MspMote.java:235] [INFO] - Loading firmware from: /home/user/contiki/examples/Acollect/nullrdc/JF-collect.z1
[08:08:23 - main] [MspMote.java:235] [INFO] - Loading firmware from: /home/user/contiki/examples/Acollect/nullrdc/JF-collect.z1
[08:08:23 - main] [MspMote.java:235] [INFO] - Loading firmware from: /home/user/contiki/examples/Acollect/nullrdc/JF-collect.z1
[08:08:23 - main] [MspMote.java:235] [INFO] - Loading firmware from: /home/user/contiki/examples/Acollect/nullrdc/JF-collect.z1
[08:08:23 - main] [MspMote.java:235] [INFO] - Loading firmware from: /home/user/contiki/examples/Acollect/nullrdc/JF-collect.z1
[08:08:24 - main] [MspMote.java:235] [INFO] - Loading firmware from: /home/user/contiki/examples/Acollect/nullrdc/JF-collect.z1
[08:08:24 - main] [Cooja.java:1790] [INFO] - Visualized plugin was not started: class org.contikios.cooja.plugins.SimControl
[08:08:24 - main] [Cooja.java:1790] [INFO] - Visualized plugin was not started: class org.contikios.cooja.plugins.Visualizer
[08:08:24 - main] [Cooja.java:1790] [INFO] - Visualized plugin was not started: class org.contikios.cooja.plugins.LogListener
[08:08:24 - main] [Cooja.java:1790] [INFO] - Visualized plugin was not started: class org.contikios.cooja.plugins.TimeLine
[08:08:24 - main] [Cooja.java:1790] [INFO] - Visualized plugin was not started: class org.contikios.cooja.plugins.Notes
[08:08:24 - main] [ScriptRunner.java:429] [INFO] - Test script deactivated
[08:08:24 - main] [LogScriptEngine.java:265] [INFO] - Script timeout in 2400000 ms
[08:08:24 - main] [ScriptRunner.java:386] [INFO] - Test script activated
[08:08:24 - Thread-2] [Simulation.java:252] [INFO] - Simulation main loop started, system time: 1622182104576
[08:08:24 - main] [Cooja.java:1790] [INFO] - Visualized plugin was not started: class org.contikios.cooja.plugins.SimControl
[08:09:04 - Thread-2] [LogScriptEngine.java:389] [INFO] - Test script at 5.00%, done in 750.1 sec
[08:09:22 - Thread-2] [LogScriptEngine.java:389] [INFO] - Test script at 10.00%, done in 519.6 sec
[08:10:46 - Thread-2] [LogScriptEngine.java:389] [INFO] - Test script at 15.00%, done in 806.8 sec
[08:12:27 - Thread-2] [LogScriptEngine.java:389] [INFO] - Test script at 20.00%, done in 970.9 sec
[08:14:19 - Thread-2] [LogScriptEngine.java:389] [INFO] - Test script at 25.00%, done in 1065.5 sec
[08:16:14 - Thread-2] [LogScriptEngine.java:389] [INFO] - Test script at 30.00%, done in 1097.3 sec
[08:17:37 - Thread-2] [LogScriptEngine.java:389] [INFO] - Test script at 35.00%, done in 1026.9 sec
[08:19:15 - Thread-2] [LogScriptEngine.java:389] [INFO] - Test script at 40.00%, done in 975.9 sec
[08:20:49 - Thread-2] [LogScriptEngine.java:389] [INFO] - Test script at 45.00%, done in 910.4 sec
[08:22:19 - Thread-2] [LogScriptEngine.java:389] [INFO] - Test script at 50.00%, done in 835.3 sec
[08:23:44 - Thread-2] [LogScriptEngine.java:389] [INFO] - Test script at 55.00%, done in 753.0 sec
[08:25:26 - Thread-2] [LogScriptEngine.java:389] [INFO] - Test script at 60.00%, done in 681.2 sec
[08:27:01 - Thread-2] [LogScriptEngine.java:389] [INFO] - Test script at 65.00%, done in 601.4 sec
[08:28:39 - Thread-2] [LogScriptEngine.java:389] [INFO] - Test script at 70.00%, done in 520.7 sec
[08:30:06 - Thread-2] [LogScriptEngine.java:389] [INFO] - Test script at 75.00%, done in 434.1 sec
[08:31:26 - Thread-2] [LogScriptEngine.java:389] [INFO] - Test script at 80.00%, done in 345.4 sec
[08:33:04 - Thread-2] [LogScriptEngine.java:389] [INFO] - Test script at 85.00%, done in 261.1 sec
[08:34:20 - Thread-2] [LogScriptEngine.java:389] [INFO] - Test script at 90.00%, done in 172.9 sec
[08:35:41 - Thread-2] [LogScriptEngine.java:389] [INFO] - Test script at 95.00%, done in 86.1 sec
[08:37:08 - Thread-2] [LogScriptEngine.java:375] [INFO] - Timeout event @ 2400000000
[08:37:08 - Thread-1] [LogScriptEngine.java:309] [INFO] - Test script finished
[08:37:08 - Thread-2] [Simulation.java:311] [INFO] - Simulation main loop stopped, system time: 1622183828440	Duration: 1723864 ms	Simulated time 2400000 ms	Ratio 1.392221196103637
[08:37:08 - AWT-EventQueue-0] [ScriptRunner.java:429] [INFO] - Test script deactivated
[08:37:08 - Thread-3] [AbstractRadioMedium.java:198] [FATAL] - Connection source turned off radio: org.contikios.cooja.mspmote.interfaces.Msp802154Radio@a6d290
