[07:13:12 - main] [Cooja.java:1324] [INFO] - > Starting Cooja
[07:13:13 - main] [Cooja.java:2865] [INFO] - External tools default settings: /external_tools_linux.config
[07:13:13 - main] [Cooja.java:2895] [INFO] - External tools user settings: /root/.cooja.user.properties
[07:13:13 - main] [Simulation.java:420] [INFO] - Simulation random seed: 124477
[07:13:13 - main] [Cooja.java:4267] [WARN] - Replaced [CONTIKI_DIR]/examples/PRIMAC/PRI_board_sim/hello-world3.z1 with /home/user/contiki/examples/PRIMAC/PRI_board_sim/hello-world3.z1 (default: /home/user/contiki), but could not find it. This does not have to be an error, as the file might be created later.
[07:13:13 - main] [CompileContiki.java:140] [INFO] - > make hello-world3.z1 TARGET=z1 
[07:13:21 - main] [MspMote.java:235] [INFO] - Loading firmware from: /home/user/contiki/examples/PRIMAC/PRI_board_sim/hello-world3.z1
[07:13:22 - main] [MspMote.java:235] [INFO] - Loading firmware from: /home/user/contiki/examples/PRIMAC/PRI_board_sim/hello-world3.z1
[07:13:22 - main] [MspMote.java:235] [INFO] - Loading firmware from: /home/user/contiki/examples/PRIMAC/PRI_board_sim/hello-world3.z1
[07:13:22 - main] [MspMote.java:235] [INFO] - Loading firmware from: /home/user/contiki/examples/PRIMAC/PRI_board_sim/hello-world3.z1
[07:13:22 - main] [MspMote.java:235] [INFO] - Loading firmware from: /home/user/contiki/examples/PRIMAC/PRI_board_sim/hello-world3.z1
[07:13:22 - main] [MspMote.java:235] [INFO] - Loading firmware from: /home/user/contiki/examples/PRIMAC/PRI_board_sim/hello-world3.z1
[07:13:22 - main] [MspMote.java:235] [INFO] - Loading firmware from: /home/user/contiki/examples/PRIMAC/PRI_board_sim/hello-world3.z1
[07:13:22 - main] [MspMote.java:235] [INFO] - Loading firmware from: /home/user/contiki/examples/PRIMAC/PRI_board_sim/hello-world3.z1
[07:13:22 - main] [MspMote.java:235] [INFO] - Loading firmware from: /home/user/contiki/examples/PRIMAC/PRI_board_sim/hello-world3.z1
[07:13:22 - main] [MspMote.java:235] [INFO] - Loading firmware from: /home/user/contiki/examples/PRIMAC/PRI_board_sim/hello-world3.z1
[07:13:22 - main] [MspMote.java:235] [INFO] - Loading firmware from: /home/user/contiki/examples/PRIMAC/PRI_board_sim/hello-world3.z1
[07:13:22 - main] [MspMote.java:235] [INFO] - Loading firmware from: /home/user/contiki/examples/PRIMAC/PRI_board_sim/hello-world3.z1
[07:13:22 - main] [MspMote.java:235] [INFO] - Loading firmware from: /home/user/contiki/examples/PRIMAC/PRI_board_sim/hello-world3.z1
[07:13:22 - main] [MspMote.java:235] [INFO] - Loading firmware from: /home/user/contiki/examples/PRIMAC/PRI_board_sim/hello-world3.z1
[07:13:22 - main] [MspMote.java:235] [INFO] - Loading firmware from: /home/user/contiki/examples/PRIMAC/PRI_board_sim/hello-world3.z1
[07:13:22 - main] [MspMote.java:235] [INFO] - Loading firmware from: /home/user/contiki/examples/PRIMAC/PRI_board_sim/hello-world3.z1
[07:13:23 - main] [MspMote.java:235] [INFO] - Loading firmware from: /home/user/contiki/examples/PRIMAC/PRI_board_sim/hello-world3.z1
[07:13:23 - main] [MspMote.java:235] [INFO] - Loading firmware from: /home/user/contiki/examples/PRIMAC/PRI_board_sim/hello-world3.z1
[07:13:23 - main] [MspMote.java:235] [INFO] - Loading firmware from: /home/user/contiki/examples/PRIMAC/PRI_board_sim/hello-world3.z1
[07:13:23 - main] [MspMote.java:235] [INFO] - Loading firmware from: /home/user/contiki/examples/PRIMAC/PRI_board_sim/hello-world3.z1
[07:13:23 - main] [Cooja.java:1790] [INFO] - Visualized plugin was not started: class org.contikios.cooja.plugins.SimControl
[07:13:23 - main] [Cooja.java:1790] [INFO] - Visualized plugin was not started: class org.contikios.cooja.plugins.Visualizer
[07:13:23 - main] [Cooja.java:1790] [INFO] - Visualized plugin was not started: class org.contikios.cooja.plugins.LogListener
[07:13:23 - main] [Cooja.java:1790] [INFO] - Visualized plugin was not started: class org.contikios.cooja.plugins.TimeLine
[07:13:23 - main] [Cooja.java:1790] [INFO] - Visualized plugin was not started: class org.contikios.cooja.plugins.Notes
[07:13:23 - main] [ScriptRunner.java:429] [INFO] - Test script deactivated
[07:13:23 - main] [LogScriptEngine.java:265] [INFO] - Script timeout in 2400000 ms
[07:13:23 - main] [ScriptRunner.java:386] [INFO] - Test script activated
[07:13:23 - Thread-2] [Simulation.java:252] [INFO] - Simulation main loop started, system time: 1622178803945
[07:13:58 - Thread-2] [LogScriptEngine.java:389] [INFO] - Test script at 5.00%, done in 664.6 sec
[07:14:08 - Thread-2] [LogScriptEngine.java:389] [INFO] - Test script at 10.00%, done in 399.5 sec
[07:14:19 - Thread-2] [LogScriptEngine.java:389] [INFO] - Test script at 15.00%, done in 315.8 sec
[07:14:33 - Thread-2] [LogScriptEngine.java:389] [INFO] - Test script at 20.00%, done in 277.3 sec
[07:14:45 - Thread-2] [LogScriptEngine.java:389] [INFO] - Test script at 25.00%, done in 245.4 sec
[07:14:57 - Thread-2] [LogScriptEngine.java:389] [INFO] - Test script at 30.00%, done in 219.2 sec
[07:15:09 - Thread-2] [LogScriptEngine.java:389] [INFO] - Test script at 35.00%, done in 195.7 sec
[07:15:20 - Thread-2] [LogScriptEngine.java:389] [INFO] - Test script at 40.00%, done in 175.2 sec
[07:15:31 - Thread-2] [LogScriptEngine.java:389] [INFO] - Test script at 45.00%, done in 156.4 sec
[07:15:43 - Thread-2] [LogScriptEngine.java:389] [INFO] - Test script at 50.00%, done in 139.6 sec
[07:15:56 - Thread-2] [LogScriptEngine.java:389] [INFO] - Test script at 55.00%, done in 124.4 sec
[07:16:09 - Thread-2] [LogScriptEngine.java:389] [INFO] - Test script at 60.00%, done in 110.2 sec
[07:16:21 - Thread-2] [LogScriptEngine.java:389] [INFO] - Test script at 65.00%, done in 95.7 sec
[07:16:32 - Thread-2] [LogScriptEngine.java:389] [INFO] - Test script at 70.00%, done in 81.0 sec
[07:16:44 - Thread-2] [LogScriptEngine.java:389] [INFO] - Test script at 75.00%, done in 66.9 sec
[07:16:56 - Thread-2] [LogScriptEngine.java:389] [INFO] - Test script at 80.00%, done in 53.1 sec
[07:17:08 - Thread-2] [LogScriptEngine.java:389] [INFO] - Test script at 85.00%, done in 39.7 sec
[07:17:20 - Thread-2] [LogScriptEngine.java:389] [INFO] - Test script at 90.00%, done in 26.3 sec
[07:17:32 - Thread-2] [LogScriptEngine.java:389] [INFO] - Test script at 95.00%, done in 13.1 sec
[07:17:43 - Thread-2] [LogScriptEngine.java:375] [INFO] - Timeout event @ 2400000000
[07:17:43 - Thread-1] [LogScriptEngine.java:309] [INFO] - Test script finished
[07:17:43 - Thread-2] [Simulation.java:311] [INFO] - Simulation main loop stopped, system time: 1622179063235	Duration: 259290 ms	Simulated time 2400000 ms	Ratio 9.256045354622238
[07:17:43 - AWT-EventQueue-0] [ScriptRunner.java:429] [INFO] - Test script deactivated
