[20:40:54 - main] [Cooja.java:1324] [INFO] - > Starting Cooja
[20:40:54 - main] [Cooja.java:2865] [INFO] - External tools default settings: /external_tools_linux.config
[20:40:54 - main] [Cooja.java:2895] [INFO] - External tools user settings: /root/.cooja.user.properties
[20:40:54 - main] [Simulation.java:420] [INFO] - Simulation random seed: 123377
[20:40:54 - main] [Cooja.java:4267] [WARN] - Replaced [CONTIKI_DIR]/examples/PRIMAC/PRI_board_sim/hello-world3.z1 with /home/user/contiki/examples/PRIMAC/PRI_board_sim/hello-world3.z1 (default: /home/user/contiki), but could not find it. This does not have to be an error, as the file might be created later.
[20:40:54 - main] [CompileContiki.java:140] [INFO] - > make hello-world3.z1 TARGET=z1 
[20:40:59 - main] [MspMote.java:235] [INFO] - Loading firmware from: /home/user/contiki/examples/PRIMAC/PRI_board_sim/hello-world3.z1
[20:40:59 - main] [MspMote.java:235] [INFO] - Loading firmware from: /home/user/contiki/examples/PRIMAC/PRI_board_sim/hello-world3.z1
[20:40:59 - main] [MspMote.java:235] [INFO] - Loading firmware from: /home/user/contiki/examples/PRIMAC/PRI_board_sim/hello-world3.z1
[20:40:59 - main] [MspMote.java:235] [INFO] - Loading firmware from: /home/user/contiki/examples/PRIMAC/PRI_board_sim/hello-world3.z1
[20:40:59 - main] [MspMote.java:235] [INFO] - Loading firmware from: /home/user/contiki/examples/PRIMAC/PRI_board_sim/hello-world3.z1
[20:40:59 - main] [MspMote.java:235] [INFO] - Loading firmware from: /home/user/contiki/examples/PRIMAC/PRI_board_sim/hello-world3.z1
[20:41:00 - main] [MspMote.java:235] [INFO] - Loading firmware from: /home/user/contiki/examples/PRIMAC/PRI_board_sim/hello-world3.z1
[20:41:00 - main] [MspMote.java:235] [INFO] - Loading firmware from: /home/user/contiki/examples/PRIMAC/PRI_board_sim/hello-world3.z1
[20:41:00 - main] [MspMote.java:235] [INFO] - Loading firmware from: /home/user/contiki/examples/PRIMAC/PRI_board_sim/hello-world3.z1
[20:41:00 - main] [MspMote.java:235] [INFO] - Loading firmware from: /home/user/contiki/examples/PRIMAC/PRI_board_sim/hello-world3.z1
[20:41:00 - main] [MspMote.java:235] [INFO] - Loading firmware from: /home/user/contiki/examples/PRIMAC/PRI_board_sim/hello-world3.z1
[20:41:00 - main] [MspMote.java:235] [INFO] - Loading firmware from: /home/user/contiki/examples/PRIMAC/PRI_board_sim/hello-world3.z1
[20:41:00 - main] [MspMote.java:235] [INFO] - Loading firmware from: /home/user/contiki/examples/PRIMAC/PRI_board_sim/hello-world3.z1
[20:41:00 - main] [MspMote.java:235] [INFO] - Loading firmware from: /home/user/contiki/examples/PRIMAC/PRI_board_sim/hello-world3.z1
[20:41:00 - main] [Cooja.java:1790] [INFO] - Visualized plugin was not started: class org.contikios.cooja.plugins.SimControl
[20:41:00 - main] [Cooja.java:1790] [INFO] - Visualized plugin was not started: class org.contikios.cooja.plugins.Visualizer
[20:41:00 - main] [Cooja.java:1790] [INFO] - Visualized plugin was not started: class org.contikios.cooja.plugins.LogListener
[20:41:00 - main] [Cooja.java:1790] [INFO] - Visualized plugin was not started: class org.contikios.cooja.plugins.TimeLine
[20:41:00 - main] [Cooja.java:1790] [INFO] - Visualized plugin was not started: class org.contikios.cooja.plugins.Notes
[20:41:00 - main] [ScriptRunner.java:429] [INFO] - Test script deactivated
[20:41:00 - main] [LogScriptEngine.java:265] [INFO] - Script timeout in 2400000 ms
[20:41:00 - main] [ScriptRunner.java:386] [INFO] - Test script activated
[20:41:00 - Thread-2] [Simulation.java:252] [INFO] - Simulation main loop started, system time: 1616442060659
[20:41:16 - Thread-2] [LogScriptEngine.java:389] [INFO] - Test script at 5.00%, done in 302.0 sec
[20:41:20 - Thread-2] [LogScriptEngine.java:389] [INFO] - Test script at 10.00%, done in 181.3 sec
[20:41:24 - Thread-2] [LogScriptEngine.java:389] [INFO] - Test script at 15.00%, done in 135.3 sec
[20:41:28 - Thread-2] [LogScriptEngine.java:389] [INFO] - Test script at 20.00%, done in 110.6 sec
[20:41:32 - Thread-2] [LogScriptEngine.java:389] [INFO] - Test script at 25.00%, done in 94.2 sec
[20:41:35 - Thread-2] [LogScriptEngine.java:389] [INFO] - Test script at 30.00%, done in 82.2 sec
[20:41:39 - Thread-2] [LogScriptEngine.java:389] [INFO] - Test script at 35.00%, done in 72.6 sec
[20:41:44 - Thread-2] [LogScriptEngine.java:389] [INFO] - Test script at 40.00%, done in 65.1 sec
[20:41:47 - Thread-2] [LogScriptEngine.java:389] [INFO] - Test script at 45.00%, done in 57.6 sec
[20:41:51 - Thread-2] [LogScriptEngine.java:389] [INFO] - Test script at 50.00%, done in 51.0 sec
[20:41:55 - Thread-2] [LogScriptEngine.java:389] [INFO] - Test script at 55.00%, done in 45.0 sec
[20:41:59 - Thread-2] [LogScriptEngine.java:389] [INFO] - Test script at 60.00%, done in 39.2 sec
[20:42:03 - Thread-2] [LogScriptEngine.java:389] [INFO] - Test script at 65.00%, done in 33.8 sec
[20:42:07 - Thread-2] [LogScriptEngine.java:389] [INFO] - Test script at 70.00%, done in 28.6 sec
[20:42:11 - Thread-2] [LogScriptEngine.java:389] [INFO] - Test script at 75.00%, done in 23.5 sec
[20:42:14 - Thread-2] [LogScriptEngine.java:389] [INFO] - Test script at 80.00%, done in 18.6 sec
[20:42:18 - Thread-2] [LogScriptEngine.java:389] [INFO] - Test script at 85.00%, done in 13.8 sec
[20:42:23 - Thread-2] [LogScriptEngine.java:389] [INFO] - Test script at 90.00%, done in 9.3 sec
[20:42:27 - Thread-2] [LogScriptEngine.java:389] [INFO] - Test script at 95.00%, done in 4.6 sec
[20:42:31 - Thread-2] [LogScriptEngine.java:375] [INFO] - Timeout event @ 2400000000
[20:42:31 - Thread-1] [LogScriptEngine.java:309] [INFO] - Test script finished
[20:42:31 - Thread-2] [Simulation.java:311] [INFO] - Simulation main loop stopped, system time: 1616442151790	Duration: 91131 ms	Simulated time 2400000 ms	Ratio 26.335714520854594
[20:42:32 - AWT-EventQueue-0] [ScriptRunner.java:429] [INFO] - Test script deactivated
