[06:53:39 - main] [Cooja.java:1324] [INFO] - > Starting Cooja
[06:53:39 - main] [Cooja.java:2865] [INFO] - External tools default settings: /external_tools_linux.config
[06:53:39 - main] [Cooja.java:2895] [INFO] - External tools user settings: /root/.cooja.user.properties
[06:53:39 - main] [Simulation.java:420] [INFO] - Simulation random seed: 124477
[06:53:39 - main] [Cooja.java:4267] [WARN] - Replaced [CONTIKI_DIR]/examples/PRIMAC/PRI_board_sim/hello-world3.z1 with /home/user/contiki/examples/PRIMAC/PRI_board_sim/hello-world3.z1 (default: /home/user/contiki), but could not find it. This does not have to be an error, as the file might be created later.
[06:53:39 - main] [CompileContiki.java:140] [INFO] - > make hello-world3.z1 TARGET=z1 
[06:53:47 - main] [MspMote.java:235] [INFO] - Loading firmware from: /home/user/contiki/examples/PRIMAC/PRI_board_sim/hello-world3.z1
[06:53:47 - main] [MspMote.java:235] [INFO] - Loading firmware from: /home/user/contiki/examples/PRIMAC/PRI_board_sim/hello-world3.z1
[06:53:47 - main] [MspMote.java:235] [INFO] - Loading firmware from: /home/user/contiki/examples/PRIMAC/PRI_board_sim/hello-world3.z1
[06:53:48 - main] [MspMote.java:235] [INFO] - Loading firmware from: /home/user/contiki/examples/PRIMAC/PRI_board_sim/hello-world3.z1
[06:53:48 - main] [MspMote.java:235] [INFO] - Loading firmware from: /home/user/contiki/examples/PRIMAC/PRI_board_sim/hello-world3.z1
[06:53:48 - main] [MspMote.java:235] [INFO] - Loading firmware from: /home/user/contiki/examples/PRIMAC/PRI_board_sim/hello-world3.z1
[06:53:48 - main] [MspMote.java:235] [INFO] - Loading firmware from: /home/user/contiki/examples/PRIMAC/PRI_board_sim/hello-world3.z1
[06:53:48 - main] [MspMote.java:235] [INFO] - Loading firmware from: /home/user/contiki/examples/PRIMAC/PRI_board_sim/hello-world3.z1
[06:53:48 - main] [MspMote.java:235] [INFO] - Loading firmware from: /home/user/contiki/examples/PRIMAC/PRI_board_sim/hello-world3.z1
[06:53:48 - main] [MspMote.java:235] [INFO] - Loading firmware from: /home/user/contiki/examples/PRIMAC/PRI_board_sim/hello-world3.z1
[06:53:48 - main] [MspMote.java:235] [INFO] - Loading firmware from: /home/user/contiki/examples/PRIMAC/PRI_board_sim/hello-world3.z1
[06:53:48 - main] [MspMote.java:235] [INFO] - Loading firmware from: /home/user/contiki/examples/PRIMAC/PRI_board_sim/hello-world3.z1
[06:53:48 - main] [MspMote.java:235] [INFO] - Loading firmware from: /home/user/contiki/examples/PRIMAC/PRI_board_sim/hello-world3.z1
[06:53:48 - main] [MspMote.java:235] [INFO] - Loading firmware from: /home/user/contiki/examples/PRIMAC/PRI_board_sim/hello-world3.z1
[06:53:48 - main] [MspMote.java:235] [INFO] - Loading firmware from: /home/user/contiki/examples/PRIMAC/PRI_board_sim/hello-world3.z1
[06:53:48 - main] [MspMote.java:235] [INFO] - Loading firmware from: /home/user/contiki/examples/PRIMAC/PRI_board_sim/hello-world3.z1
[06:53:48 - main] [MspMote.java:235] [INFO] - Loading firmware from: /home/user/contiki/examples/PRIMAC/PRI_board_sim/hello-world3.z1
[06:53:48 - main] [MspMote.java:235] [INFO] - Loading firmware from: /home/user/contiki/examples/PRIMAC/PRI_board_sim/hello-world3.z1
[06:53:48 - main] [MspMote.java:235] [INFO] - Loading firmware from: /home/user/contiki/examples/PRIMAC/PRI_board_sim/hello-world3.z1
[06:53:48 - main] [MspMote.java:235] [INFO] - Loading firmware from: /home/user/contiki/examples/PRIMAC/PRI_board_sim/hello-world3.z1
[06:53:48 - main] [Cooja.java:1790] [INFO] - Visualized plugin was not started: class org.contikios.cooja.plugins.SimControl
[06:53:48 - main] [Cooja.java:1790] [INFO] - Visualized plugin was not started: class org.contikios.cooja.plugins.Visualizer
[06:53:48 - main] [Cooja.java:1790] [INFO] - Visualized plugin was not started: class org.contikios.cooja.plugins.LogListener
[06:53:48 - main] [Cooja.java:1790] [INFO] - Visualized plugin was not started: class org.contikios.cooja.plugins.TimeLine
[06:53:48 - main] [Cooja.java:1790] [INFO] - Visualized plugin was not started: class org.contikios.cooja.plugins.Notes
[06:53:49 - main] [ScriptRunner.java:429] [INFO] - Test script deactivated
[06:53:49 - main] [LogScriptEngine.java:265] [INFO] - Script timeout in 2400000 ms
[06:53:49 - main] [ScriptRunner.java:386] [INFO] - Test script activated
[06:53:49 - Thread-2] [Simulation.java:252] [INFO] - Simulation main loop started, system time: 1622177629484
[06:54:26 - Thread-2] [LogScriptEngine.java:389] [INFO] - Test script at 5.00%, done in 707.9 sec
[06:54:37 - Thread-2] [LogScriptEngine.java:389] [INFO] - Test script at 10.00%, done in 429.7 sec
[06:54:47 - Thread-2] [LogScriptEngine.java:389] [INFO] - Test script at 15.00%, done in 326.8 sec
[06:54:56 - Thread-2] [LogScriptEngine.java:389] [INFO] - Test script at 20.00%, done in 269.4 sec
[06:55:07 - Thread-2] [LogScriptEngine.java:389] [INFO] - Test script at 25.00%, done in 234.4 sec
[06:55:17 - Thread-2] [LogScriptEngine.java:389] [INFO] - Test script at 30.00%, done in 205.6 sec
[06:55:27 - Thread-2] [LogScriptEngine.java:389] [INFO] - Test script at 35.00%, done in 181.9 sec
[06:55:38 - Thread-2] [LogScriptEngine.java:389] [INFO] - Test script at 40.00%, done in 163.0 sec
[06:55:48 - Thread-2] [LogScriptEngine.java:389] [INFO] - Test script at 45.00%, done in 145.0 sec
[06:55:58 - Thread-2] [LogScriptEngine.java:389] [INFO] - Test script at 50.00%, done in 128.6 sec
[06:56:09 - Thread-2] [LogScriptEngine.java:389] [INFO] - Test script at 55.00%, done in 114.4 sec
[06:56:19 - Thread-2] [LogScriptEngine.java:389] [INFO] - Test script at 60.00%, done in 100.1 sec
[06:56:29 - Thread-2] [LogScriptEngine.java:389] [INFO] - Test script at 65.00%, done in 86.3 sec
[06:56:39 - Thread-2] [LogScriptEngine.java:389] [INFO] - Test script at 70.00%, done in 73.1 sec
[06:56:50 - Thread-2] [LogScriptEngine.java:389] [INFO] - Test script at 75.00%, done in 60.2 sec
[06:57:00 - Thread-2] [LogScriptEngine.java:389] [INFO] - Test script at 80.00%, done in 47.8 sec
[06:57:10 - Thread-2] [LogScriptEngine.java:389] [INFO] - Test script at 85.00%, done in 35.5 sec
[06:57:21 - Thread-2] [LogScriptEngine.java:389] [INFO] - Test script at 90.00%, done in 23.6 sec
[06:57:32 - Thread-2] [LogScriptEngine.java:389] [INFO] - Test script at 95.00%, done in 11.7 sec
[06:57:42 - Thread-2] [LogScriptEngine.java:375] [INFO] - Timeout event @ 2400000000
[06:57:42 - Thread-1] [LogScriptEngine.java:309] [INFO] - Test script finished
[06:57:42 - Thread-2] [Simulation.java:311] [INFO] - Simulation main loop stopped, system time: 1622177862322	Duration: 232838 ms	Simulated time 2400000 ms	Ratio 10.307595839167146
[06:57:42 - AWT-EventQueue-0] [ScriptRunner.java:429] [INFO] - Test script deactivated
