[18:24:41 - main] [Cooja.java:1324] [INFO] - > Starting Cooja
[18:24:41 - main] [Cooja.java:2865] [INFO] - External tools default settings: /external_tools_linux.config
[18:24:41 - main] [Cooja.java:2895] [INFO] - External tools user settings: /root/.cooja.user.properties
[18:24:41 - main] [Simulation.java:420] [INFO] - Simulation random seed: 123477
[18:24:41 - main] [Cooja.java:4267] [WARN] - Replaced [CONTIKI_DIR]/examples/Acollect/nullrdc/JF-collect.z1 with /home/user/contiki/examples/Acollect/nullrdc/JF-collect.z1 (default: /home/user/contiki), but could not find it. This does not have to be an error, as the file might be created later.
[18:24:41 - main] [CompileContiki.java:140] [INFO] - > make JF-collect.z1 TARGET=z1 
[18:24:47 - main] [MspMote.java:235] [INFO] - Loading firmware from: /home/user/contiki/examples/Acollect/nullrdc/JF-collect.z1
[18:24:48 - main] [MspMote.java:235] [INFO] - Loading firmware from: /home/user/contiki/examples/Acollect/nullrdc/JF-collect.z1
[18:24:48 - main] [MspMote.java:235] [INFO] - Loading firmware from: /home/user/contiki/examples/Acollect/nullrdc/JF-collect.z1
[18:24:48 - main] [MspMote.java:235] [INFO] - Loading firmware from: /home/user/contiki/examples/Acollect/nullrdc/JF-collect.z1
[18:24:48 - main] [MspMote.java:235] [INFO] - Loading firmware from: /home/user/contiki/examples/Acollect/nullrdc/JF-collect.z1
[18:24:48 - main] [MspMote.java:235] [INFO] - Loading firmware from: /home/user/contiki/examples/Acollect/nullrdc/JF-collect.z1
[18:24:48 - main] [MspMote.java:235] [INFO] - Loading firmware from: /home/user/contiki/examples/Acollect/nullrdc/JF-collect.z1
[18:24:48 - main] [MspMote.java:235] [INFO] - Loading firmware from: /home/user/contiki/examples/Acollect/nullrdc/JF-collect.z1
[18:24:48 - main] [MspMote.java:235] [INFO] - Loading firmware from: /home/user/contiki/examples/Acollect/nullrdc/JF-collect.z1
[18:24:48 - main] [MspMote.java:235] [INFO] - Loading firmware from: /home/user/contiki/examples/Acollect/nullrdc/JF-collect.z1
[18:24:48 - main] [MspMote.java:235] [INFO] - Loading firmware from: /home/user/contiki/examples/Acollect/nullrdc/JF-collect.z1
[18:24:48 - main] [MspMote.java:235] [INFO] - Loading firmware from: /home/user/contiki/examples/Acollect/nullrdc/JF-collect.z1
[18:24:48 - main] [MspMote.java:235] [INFO] - Loading firmware from: /home/user/contiki/examples/Acollect/nullrdc/JF-collect.z1
[18:24:48 - main] [MspMote.java:235] [INFO] - Loading firmware from: /home/user/contiki/examples/Acollect/nullrdc/JF-collect.z1
[18:24:48 - main] [MspMote.java:235] [INFO] - Loading firmware from: /home/user/contiki/examples/Acollect/nullrdc/JF-collect.z1
[18:24:48 - main] [MspMote.java:235] [INFO] - Loading firmware from: /home/user/contiki/examples/Acollect/nullrdc/JF-collect.z1
[18:24:48 - main] [MspMote.java:235] [INFO] - Loading firmware from: /home/user/contiki/examples/Acollect/nullrdc/JF-collect.z1
[18:24:48 - main] [MspMote.java:235] [INFO] - Loading firmware from: /home/user/contiki/examples/Acollect/nullrdc/JF-collect.z1
[18:24:48 - main] [MspMote.java:235] [INFO] - Loading firmware from: /home/user/contiki/examples/Acollect/nullrdc/JF-collect.z1
[18:24:48 - main] [Cooja.java:1790] [INFO] - Visualized plugin was not started: class org.contikios.cooja.plugins.SimControl
[18:24:48 - main] [Cooja.java:1790] [INFO] - Visualized plugin was not started: class org.contikios.cooja.plugins.Visualizer
[18:24:48 - main] [Cooja.java:1790] [INFO] - Visualized plugin was not started: class org.contikios.cooja.plugins.LogListener
[18:24:48 - main] [Cooja.java:1790] [INFO] - Visualized plugin was not started: class org.contikios.cooja.plugins.TimeLine
[18:24:48 - main] [Cooja.java:1790] [INFO] - Visualized plugin was not started: class org.contikios.cooja.plugins.Notes
[18:24:49 - main] [ScriptRunner.java:429] [INFO] - Test script deactivated
[18:24:49 - main] [LogScriptEngine.java:265] [INFO] - Script timeout in 2400000 ms
[18:24:49 - main] [ScriptRunner.java:386] [INFO] - Test script activated
[18:24:49 - Thread-2] [Simulation.java:252] [INFO] - Simulation main loop started, system time: 1622219089161
[18:24:49 - main] [Cooja.java:1790] [INFO] - Visualized plugin was not started: class org.contikios.cooja.plugins.SimControl
[18:25:33 - Thread-2] [LogScriptEngine.java:389] [INFO] - Test script at 5.00%, done in 839.9 sec
[18:25:51 - Thread-2] [LogScriptEngine.java:389] [INFO] - Test script at 10.00%, done in 560.7 sec
[18:26:45 - Thread-2] [LogScriptEngine.java:389] [INFO] - Test script at 15.00%, done in 658.1 sec
[18:27:54 - Thread-2] [LogScriptEngine.java:389] [INFO] - Test script at 20.00%, done in 741.4 sec
[18:29:33 - Thread-2] [LogScriptEngine.java:389] [INFO] - Test script at 25.00%, done in 853.4 sec
[18:31:26 - Thread-2] [LogScriptEngine.java:389] [INFO] - Test script at 30.00%, done in 926.6 sec
[18:32:33 - Thread-2] [LogScriptEngine.java:389] [INFO] - Test script at 35.00%, done in 863.2 sec
[18:33:47 - Thread-2] [LogScriptEngine.java:389] [INFO] - Test script at 40.00%, done in 808.0 sec
[18:35:05 - Thread-2] [LogScriptEngine.java:389] [INFO] - Test script at 45.00%, done in 753.0 sec
[18:36:36 - Thread-2] [LogScriptEngine.java:389] [INFO] - Test script at 50.00%, done in 707.6 sec
[18:37:51 - Thread-2] [LogScriptEngine.java:389] [INFO] - Test script at 55.00%, done in 640.0 sec
[18:39:07 - Thread-2] [LogScriptEngine.java:389] [INFO] - Test script at 60.00%, done in 572.0 sec
[18:40:20 - Thread-2] [LogScriptEngine.java:389] [INFO] - Test script at 65.00%, done in 501.5 sec
[18:41:35 - Thread-2] [LogScriptEngine.java:389] [INFO] - Test script at 70.00%, done in 431.3 sec
[18:42:42 - Thread-2] [LogScriptEngine.java:389] [INFO] - Test script at 75.00%, done in 357.7 sec
[18:43:56 - Thread-2] [LogScriptEngine.java:389] [INFO] - Test script at 80.00%, done in 286.9 sec
[18:45:13 - Thread-2] [LogScriptEngine.java:389] [INFO] - Test script at 85.00%, done in 216.0 sec
[18:46:32 - Thread-2] [LogScriptEngine.java:389] [INFO] - Test script at 90.00%, done in 144.9 sec
[18:47:47 - Thread-2] [LogScriptEngine.java:389] [INFO] - Test script at 95.00%, done in 72.5 sec
[18:48:56 - Thread-2] [LogScriptEngine.java:375] [INFO] - Timeout event @ 2400000000
[18:48:56 - Thread-1] [LogScriptEngine.java:309] [INFO] - Test script finished
[18:48:56 - Thread-2] [Simulation.java:311] [INFO] - Simulation main loop stopped, system time: 1622220536129	Duration: 1446968 ms	Simulated time 2400000 ms	Ratio 1.658640688667614
[18:48:56 - AWT-EventQueue-0] [ScriptRunner.java:429] [INFO] - Test script deactivated
