[15:08:10 - main] [Cooja.java:1324] [INFO] - > Starting Cooja
[15:08:10 - main] [Cooja.java:2865] [INFO] - External tools default settings: /external_tools_linux.config
[15:08:10 - main] [Cooja.java:2895] [INFO] - External tools user settings: /root/.cooja.user.properties
[15:08:10 - main] [Simulation.java:420] [INFO] - Simulation random seed: 124477
[15:08:10 - main] [Cooja.java:4267] [WARN] - Replaced [CONTIKI_DIR]/examples/PRIMAC/PRI_board_sim/hello-world3.z1 with /home/user/contiki/examples/PRIMAC/PRI_board_sim/hello-world3.z1 (default: /home/user/contiki), but could not find it. This does not have to be an error, as the file might be created later.
[15:08:10 - main] [CompileContiki.java:140] [INFO] - > make hello-world3.z1 TARGET=z1 
[15:08:16 - main] [MspMote.java:235] [INFO] - Loading firmware from: /home/user/contiki/examples/PRIMAC/PRI_board_sim/hello-world3.z1
[15:08:17 - main] [MspMote.java:235] [INFO] - Loading firmware from: /home/user/contiki/examples/PRIMAC/PRI_board_sim/hello-world3.z1
[15:08:17 - main] [MspMote.java:235] [INFO] - Loading firmware from: /home/user/contiki/examples/PRIMAC/PRI_board_sim/hello-world3.z1
[15:08:17 - main] [MspMote.java:235] [INFO] - Loading firmware from: /home/user/contiki/examples/PRIMAC/PRI_board_sim/hello-world3.z1
[15:08:17 - main] [MspMote.java:235] [INFO] - Loading firmware from: /home/user/contiki/examples/PRIMAC/PRI_board_sim/hello-world3.z1
[15:08:17 - main] [MspMote.java:235] [INFO] - Loading firmware from: /home/user/contiki/examples/PRIMAC/PRI_board_sim/hello-world3.z1
[15:08:17 - main] [MspMote.java:235] [INFO] - Loading firmware from: /home/user/contiki/examples/PRIMAC/PRI_board_sim/hello-world3.z1
[15:08:17 - main] [MspMote.java:235] [INFO] - Loading firmware from: /home/user/contiki/examples/PRIMAC/PRI_board_sim/hello-world3.z1
[15:08:17 - main] [MspMote.java:235] [INFO] - Loading firmware from: /home/user/contiki/examples/PRIMAC/PRI_board_sim/hello-world3.z1
[15:08:17 - main] [MspMote.java:235] [INFO] - Loading firmware from: /home/user/contiki/examples/PRIMAC/PRI_board_sim/hello-world3.z1
[15:08:17 - main] [MspMote.java:235] [INFO] - Loading firmware from: /home/user/contiki/examples/PRIMAC/PRI_board_sim/hello-world3.z1
[15:08:17 - main] [MspMote.java:235] [INFO] - Loading firmware from: /home/user/contiki/examples/PRIMAC/PRI_board_sim/hello-world3.z1
[15:08:17 - main] [MspMote.java:235] [INFO] - Loading firmware from: /home/user/contiki/examples/PRIMAC/PRI_board_sim/hello-world3.z1
[15:08:17 - main] [MspMote.java:235] [INFO] - Loading firmware from: /home/user/contiki/examples/PRIMAC/PRI_board_sim/hello-world3.z1
[15:08:17 - main] [MspMote.java:235] [INFO] - Loading firmware from: /home/user/contiki/examples/PRIMAC/PRI_board_sim/hello-world3.z1
[15:08:17 - main] [MspMote.java:235] [INFO] - Loading firmware from: /home/user/contiki/examples/PRIMAC/PRI_board_sim/hello-world3.z1
[15:08:17 - main] [MspMote.java:235] [INFO] - Loading firmware from: /home/user/contiki/examples/PRIMAC/PRI_board_sim/hello-world3.z1
[15:08:17 - main] [MspMote.java:235] [INFO] - Loading firmware from: /home/user/contiki/examples/PRIMAC/PRI_board_sim/hello-world3.z1
[15:08:17 - main] [MspMote.java:235] [INFO] - Loading firmware from: /home/user/contiki/examples/PRIMAC/PRI_board_sim/hello-world3.z1
[15:08:17 - main] [MspMote.java:235] [INFO] - Loading firmware from: /home/user/contiki/examples/PRIMAC/PRI_board_sim/hello-world3.z1
[15:08:17 - main] [MspMote.java:235] [INFO] - Loading firmware from: /home/user/contiki/examples/PRIMAC/PRI_board_sim/hello-world3.z1
[15:08:17 - main] [Cooja.java:1790] [INFO] - Visualized plugin was not started: class org.contikios.cooja.plugins.SimControl
[15:08:17 - main] [Cooja.java:1790] [INFO] - Visualized plugin was not started: class org.contikios.cooja.plugins.Visualizer
[15:08:17 - main] [Cooja.java:1790] [INFO] - Visualized plugin was not started: class org.contikios.cooja.plugins.LogListener
[15:08:17 - main] [Cooja.java:1790] [INFO] - Visualized plugin was not started: class org.contikios.cooja.plugins.TimeLine
[15:08:17 - main] [Cooja.java:1790] [INFO] - Visualized plugin was not started: class org.contikios.cooja.plugins.Notes
[15:08:18 - main] [ScriptRunner.java:429] [INFO] - Test script deactivated
[15:08:18 - main] [LogScriptEngine.java:265] [INFO] - Script timeout in 2400000 ms
[15:08:18 - main] [ScriptRunner.java:386] [INFO] - Test script activated
[15:08:18 - Thread-2] [Simulation.java:252] [INFO] - Simulation main loop started, system time: 1622207298418
[15:08:49 - Thread-2] [LogScriptEngine.java:389] [INFO] - Test script at 5.00%, done in 581.5 sec
[15:08:57 - Thread-2] [LogScriptEngine.java:389] [INFO] - Test script at 10.00%, done in 354.6 sec
[15:09:06 - Thread-2] [LogScriptEngine.java:389] [INFO] - Test script at 15.00%, done in 274.6 sec
[15:09:15 - Thread-2] [LogScriptEngine.java:389] [INFO] - Test script at 20.00%, done in 228.8 sec
[15:09:25 - Thread-2] [LogScriptEngine.java:389] [INFO] - Test script at 25.00%, done in 200.9 sec
[15:09:35 - Thread-2] [LogScriptEngine.java:389] [INFO] - Test script at 30.00%, done in 180.4 sec
[15:09:46 - Thread-2] [LogScriptEngine.java:389] [INFO] - Test script at 35.00%, done in 163.1 sec
[15:09:55 - Thread-2] [LogScriptEngine.java:389] [INFO] - Test script at 40.00%, done in 145.3 sec
[15:10:04 - Thread-2] [LogScriptEngine.java:389] [INFO] - Test script at 45.00%, done in 129.3 sec
[15:10:13 - Thread-2] [LogScriptEngine.java:389] [INFO] - Test script at 50.00%, done in 115.0 sec
[15:10:23 - Thread-2] [LogScriptEngine.java:389] [INFO] - Test script at 55.00%, done in 102.2 sec
[15:10:33 - Thread-2] [LogScriptEngine.java:389] [INFO] - Test script at 60.00%, done in 89.9 sec
[15:10:42 - Thread-2] [LogScriptEngine.java:389] [INFO] - Test script at 65.00%, done in 77.8 sec
[15:10:53 - Thread-2] [LogScriptEngine.java:389] [INFO] - Test script at 70.00%, done in 66.3 sec
[15:11:02 - Thread-2] [LogScriptEngine.java:389] [INFO] - Test script at 75.00%, done in 54.8 sec
[15:11:12 - Thread-2] [LogScriptEngine.java:389] [INFO] - Test script at 80.00%, done in 43.6 sec
[15:11:22 - Thread-2] [LogScriptEngine.java:389] [INFO] - Test script at 85.00%, done in 32.5 sec
[15:11:31 - Thread-2] [LogScriptEngine.java:389] [INFO] - Test script at 90.00%, done in 21.5 sec
[15:11:41 - Thread-2] [LogScriptEngine.java:389] [INFO] - Test script at 95.00%, done in 10.7 sec
[15:11:51 - Thread-2] [LogScriptEngine.java:375] [INFO] - Timeout event @ 2400000000
[15:11:51 - Thread-1] [LogScriptEngine.java:309] [INFO] - Test script finished
[15:11:51 - Thread-2] [Simulation.java:311] [INFO] - Simulation main loop stopped, system time: 1622207511337	Duration: 212919 ms	Simulated time 2400000 ms	Ratio 11.271892127992334
[15:11:51 - AWT-EventQueue-0] [ScriptRunner.java:429] [INFO] - Test script deactivated
