[19:55:31 - main] [Cooja.java:1324] [INFO] - > Starting Cooja
[19:55:31 - main] [Cooja.java:2865] [INFO] - External tools default settings: /external_tools_linux.config
[19:55:31 - main] [Cooja.java:2895] [INFO] - External tools user settings: /root/.cooja.user.properties
[19:55:31 - main] [Simulation.java:420] [INFO] - Simulation random seed: 123477
[19:55:31 - main] [Cooja.java:4267] [WARN] - Replaced [CONTIKI_DIR]/examples/Acollect/nullrdc/JF-collect.z1 with /home/user/contiki/examples/Acollect/nullrdc/JF-collect.z1 (default: /home/user/contiki), but could not find it. This does not have to be an error, as the file might be created later.
[19:55:31 - main] [CompileContiki.java:140] [INFO] - > make JF-collect.z1 TARGET=z1 
[19:55:39 - main] [MspMote.java:235] [INFO] - Loading firmware from: /home/user/contiki/examples/Acollect/nullrdc/JF-collect.z1
[19:55:39 - main] [MspMote.java:235] [INFO] - Loading firmware from: /home/user/contiki/examples/Acollect/nullrdc/JF-collect.z1
[19:55:39 - main] [MspMote.java:235] [INFO] - Loading firmware from: /home/user/contiki/examples/Acollect/nullrdc/JF-collect.z1
[19:55:39 - main] [MspMote.java:235] [INFO] - Loading firmware from: /home/user/contiki/examples/Acollect/nullrdc/JF-collect.z1
[19:55:39 - main] [MspMote.java:235] [INFO] - Loading firmware from: /home/user/contiki/examples/Acollect/nullrdc/JF-collect.z1
[19:55:39 - main] [MspMote.java:235] [INFO] - Loading firmware from: /home/user/contiki/examples/Acollect/nullrdc/JF-collect.z1
[19:55:39 - main] [MspMote.java:235] [INFO] - Loading firmware from: /home/user/contiki/examples/Acollect/nullrdc/JF-collect.z1
[19:55:39 - main] [MspMote.java:235] [INFO] - Loading firmware from: /home/user/contiki/examples/Acollect/nullrdc/JF-collect.z1
[19:55:39 - main] [MspMote.java:235] [INFO] - Loading firmware from: /home/user/contiki/examples/Acollect/nullrdc/JF-collect.z1
[19:55:40 - main] [MspMote.java:235] [INFO] - Loading firmware from: /home/user/contiki/examples/Acollect/nullrdc/JF-collect.z1
[19:55:40 - main] [MspMote.java:235] [INFO] - Loading firmware from: /home/user/contiki/examples/Acollect/nullrdc/JF-collect.z1
[19:55:40 - main] [MspMote.java:235] [INFO] - Loading firmware from: /home/user/contiki/examples/Acollect/nullrdc/JF-collect.z1
[19:55:40 - main] [MspMote.java:235] [INFO] - Loading firmware from: /home/user/contiki/examples/Acollect/nullrdc/JF-collect.z1
[19:55:40 - main] [MspMote.java:235] [INFO] - Loading firmware from: /home/user/contiki/examples/Acollect/nullrdc/JF-collect.z1
[19:55:40 - main] [MspMote.java:235] [INFO] - Loading firmware from: /home/user/contiki/examples/Acollect/nullrdc/JF-collect.z1
[19:55:40 - main] [MspMote.java:235] [INFO] - Loading firmware from: /home/user/contiki/examples/Acollect/nullrdc/JF-collect.z1
[19:55:40 - main] [MspMote.java:235] [INFO] - Loading firmware from: /home/user/contiki/examples/Acollect/nullrdc/JF-collect.z1
[19:55:40 - main] [MspMote.java:235] [INFO] - Loading firmware from: /home/user/contiki/examples/Acollect/nullrdc/JF-collect.z1
[19:55:40 - main] [MspMote.java:235] [INFO] - Loading firmware from: /home/user/contiki/examples/Acollect/nullrdc/JF-collect.z1
[19:55:40 - main] [Cooja.java:1790] [INFO] - Visualized plugin was not started: class org.contikios.cooja.plugins.SimControl
[19:55:40 - main] [Cooja.java:1790] [INFO] - Visualized plugin was not started: class org.contikios.cooja.plugins.Visualizer
[19:55:40 - main] [Cooja.java:1790] [INFO] - Visualized plugin was not started: class org.contikios.cooja.plugins.LogListener
[19:55:40 - main] [Cooja.java:1790] [INFO] - Visualized plugin was not started: class org.contikios.cooja.plugins.TimeLine
[19:55:40 - main] [Cooja.java:1790] [INFO] - Visualized plugin was not started: class org.contikios.cooja.plugins.Notes
[19:55:40 - main] [ScriptRunner.java:429] [INFO] - Test script deactivated
[19:55:40 - main] [LogScriptEngine.java:265] [INFO] - Script timeout in 2400000 ms
[19:55:40 - main] [ScriptRunner.java:386] [INFO] - Test script activated
[19:55:40 - Thread-2] [Simulation.java:252] [INFO] - Simulation main loop started, system time: 1622224540799
[19:55:40 - main] [Cooja.java:1790] [INFO] - Visualized plugin was not started: class org.contikios.cooja.plugins.SimControl
[19:56:04 - Thread-2] [LogScriptEngine.java:389] [INFO] - Test script at 5.00%, done in 459.5 sec
[19:56:08 - Thread-2] [LogScriptEngine.java:389] [INFO] - Test script at 10.00%, done in 252.2 sec
[19:56:15 - Thread-2] [LogScriptEngine.java:389] [INFO] - Test script at 15.00%, done in 196.9 sec
[19:56:21 - Thread-2] [LogScriptEngine.java:389] [INFO] - Test script at 20.00%, done in 164.5 sec
[19:56:28 - Thread-2] [LogScriptEngine.java:389] [INFO] - Test script at 25.00%, done in 142.5 sec
[19:56:34 - Thread-2] [LogScriptEngine.java:389] [INFO] - Test script at 30.00%, done in 126.1 sec
[19:56:42 - Thread-2] [LogScriptEngine.java:389] [INFO] - Test script at 35.00%, done in 114.2 sec
[19:56:48 - Thread-2] [LogScriptEngine.java:389] [INFO] - Test script at 40.00%, done in 101.9 sec
[19:56:54 - Thread-2] [LogScriptEngine.java:389] [INFO] - Test script at 45.00%, done in 90.3 sec
[19:57:02 - Thread-2] [LogScriptEngine.java:389] [INFO] - Test script at 50.00%, done in 81.4 sec
[19:57:09 - Thread-2] [LogScriptEngine.java:389] [INFO] - Test script at 55.00%, done in 72.2 sec
[19:57:16 - Thread-2] [LogScriptEngine.java:389] [INFO] - Test script at 60.00%, done in 64.1 sec
[19:57:23 - Thread-2] [LogScriptEngine.java:389] [INFO] - Test script at 65.00%, done in 55.4 sec
[19:57:30 - Thread-2] [LogScriptEngine.java:389] [INFO] - Test script at 70.00%, done in 47.2 sec
[19:57:39 - Thread-2] [LogScriptEngine.java:389] [INFO] - Test script at 75.00%, done in 39.4 sec
[19:57:46 - Thread-2] [LogScriptEngine.java:389] [INFO] - Test script at 80.00%, done in 31.4 sec
[19:57:54 - Thread-2] [LogScriptEngine.java:389] [INFO] - Test script at 85.00%, done in 23.6 sec
[19:58:04 - Thread-2] [LogScriptEngine.java:389] [INFO] - Test script at 90.00%, done in 16.0 sec
[19:58:12 - Thread-2] [LogScriptEngine.java:389] [INFO] - Test script at 95.00%, done in 8.0 sec
[19:58:20 - Thread-2] [LogScriptEngine.java:375] [INFO] - Timeout event @ 2400000000
[19:58:20 - Thread-1] [LogScriptEngine.java:309] [INFO] - Test script finished
[19:58:20 - Thread-2] [Simulation.java:311] [INFO] - Simulation main loop stopped, system time: 1622224700282	Duration: 159483 ms	Simulated time 2400000 ms	Ratio 15.048625872350032
[19:58:20 - AWT-EventQueue-0] [ScriptRunner.java:429] [INFO] - Test script deactivated
