[22:38:54 - main] [Cooja.java:1324] [INFO] - > Starting Cooja
[22:38:54 - main] [Cooja.java:2865] [INFO] - External tools default settings: /external_tools_linux.config
[22:38:54 - main] [Cooja.java:2895] [INFO] - External tools user settings: /root/.cooja.user.properties
[22:38:54 - main] [Simulation.java:420] [INFO] - Simulation random seed: 123377
[22:38:54 - main] [Cooja.java:4267] [WARN] - Replaced [CONTIKI_DIR]/examples/Acollect/nullrdc/JF-collect.z1 with /home/user/contiki/examples/Acollect/nullrdc/JF-collect.z1 (default: /home/user/contiki), but could not find it. This does not have to be an error, as the file might be created later.
[22:38:54 - main] [CompileContiki.java:140] [INFO] - > make JF-collect.z1 TARGET=z1 
[22:38:59 - main] [MspMote.java:235] [INFO] - Loading firmware from: /home/user/contiki/examples/Acollect/nullrdc/JF-collect.z1
[22:38:59 - main] [MspMote.java:235] [INFO] - Loading firmware from: /home/user/contiki/examples/Acollect/nullrdc/JF-collect.z1
[22:38:59 - main] [MspMote.java:235] [INFO] - Loading firmware from: /home/user/contiki/examples/Acollect/nullrdc/JF-collect.z1
[22:38:59 - main] [MspMote.java:235] [INFO] - Loading firmware from: /home/user/contiki/examples/Acollect/nullrdc/JF-collect.z1
[22:38:59 - main] [MspMote.java:235] [INFO] - Loading firmware from: /home/user/contiki/examples/Acollect/nullrdc/JF-collect.z1
[22:38:59 - main] [MspMote.java:235] [INFO] - Loading firmware from: /home/user/contiki/examples/Acollect/nullrdc/JF-collect.z1
[22:38:59 - main] [MspMote.java:235] [INFO] - Loading firmware from: /home/user/contiki/examples/Acollect/nullrdc/JF-collect.z1
[22:38:59 - main] [MspMote.java:235] [INFO] - Loading firmware from: /home/user/contiki/examples/Acollect/nullrdc/JF-collect.z1
[22:38:59 - main] [MspMote.java:235] [INFO] - Loading firmware from: /home/user/contiki/examples/Acollect/nullrdc/JF-collect.z1
[22:38:59 - main] [MspMote.java:235] [INFO] - Loading firmware from: /home/user/contiki/examples/Acollect/nullrdc/JF-collect.z1
[22:38:59 - main] [MspMote.java:235] [INFO] - Loading firmware from: /home/user/contiki/examples/Acollect/nullrdc/JF-collect.z1
[22:38:59 - main] [MspMote.java:235] [INFO] - Loading firmware from: /home/user/contiki/examples/Acollect/nullrdc/JF-collect.z1
[22:38:59 - main] [MspMote.java:235] [INFO] - Loading firmware from: /home/user/contiki/examples/Acollect/nullrdc/JF-collect.z1
[22:38:59 - main] [Cooja.java:1790] [INFO] - Visualized plugin was not started: class org.contikios.cooja.plugins.SimControl
[22:38:59 - main] [Cooja.java:1790] [INFO] - Visualized plugin was not started: class org.contikios.cooja.plugins.Visualizer
[22:38:59 - main] [Cooja.java:1790] [INFO] - Visualized plugin was not started: class org.contikios.cooja.plugins.LogListener
[22:38:59 - main] [Cooja.java:1790] [INFO] - Visualized plugin was not started: class org.contikios.cooja.plugins.TimeLine
[22:38:59 - main] [Cooja.java:1790] [INFO] - Visualized plugin was not started: class org.contikios.cooja.plugins.Notes
[22:39:00 - main] [ScriptRunner.java:429] [INFO] - Test script deactivated
[22:39:00 - main] [LogScriptEngine.java:265] [INFO] - Script timeout in 2400000 ms
[22:39:00 - main] [ScriptRunner.java:386] [INFO] - Test script activated
[22:39:00 - Thread-2] [Simulation.java:252] [INFO] - Simulation main loop started, system time: 1618000740261
[22:39:24 - Thread-2] [LogScriptEngine.java:389] [INFO] - Test script at 5.00%, done in 461.4 sec
[22:39:32 - Thread-2] [LogScriptEngine.java:389] [INFO] - Test script at 10.00%, done in 290.6 sec
[22:39:49 - Thread-2] [LogScriptEngine.java:389] [INFO] - Test script at 15.00%, done in 279.5 sec
[22:40:02 - Thread-2] [LogScriptEngine.java:389] [INFO] - Test script at 20.00%, done in 250.4 sec
[22:40:22 - Thread-2] [LogScriptEngine.java:389] [INFO] - Test script at 25.00%, done in 246.2 sec
[22:40:39 - Thread-2] [LogScriptEngine.java:389] [INFO] - Test script at 30.00%, done in 231.0 sec
[22:40:53 - Thread-2] [LogScriptEngine.java:389] [INFO] - Test script at 35.00%, done in 209.5 sec
[22:41:09 - Thread-2] [LogScriptEngine.java:389] [INFO] - Test script at 40.00%, done in 194.4 sec
[22:41:25 - Thread-2] [LogScriptEngine.java:389] [INFO] - Test script at 45.00%, done in 177.1 sec
[22:41:39 - Thread-2] [LogScriptEngine.java:389] [INFO] - Test script at 50.00%, done in 159.7 sec
[22:41:56 - Thread-2] [LogScriptEngine.java:389] [INFO] - Test script at 55.00%, done in 143.9 sec
[22:42:12 - Thread-2] [LogScriptEngine.java:389] [INFO] - Test script at 60.00%, done in 128.1 sec
[22:42:29 - Thread-2] [LogScriptEngine.java:389] [INFO] - Test script at 65.00%, done in 112.7 sec
[22:42:43 - Thread-2] [LogScriptEngine.java:389] [INFO] - Test script at 70.00%, done in 95.8 sec
[22:43:01 - Thread-2] [LogScriptEngine.java:389] [INFO] - Test script at 75.00%, done in 80.3 sec
[22:43:15 - Thread-2] [LogScriptEngine.java:389] [INFO] - Test script at 80.00%, done in 63.9 sec
[22:43:30 - Thread-2] [LogScriptEngine.java:389] [INFO] - Test script at 85.00%, done in 47.8 sec
[22:43:46 - Thread-2] [LogScriptEngine.java:389] [INFO] - Test script at 90.00%, done in 31.8 sec
[22:43:59 - Thread-2] [LogScriptEngine.java:389] [INFO] - Test script at 95.00%, done in 15.7 sec
[22:44:13 - Thread-2] [LogScriptEngine.java:375] [INFO] - Timeout event @ 2400000000
[22:44:13 - Thread-1] [LogScriptEngine.java:309] [INFO] - Test script finished
[22:44:13 - Thread-2] [Simulation.java:311] [INFO] - Simulation main loop stopped, system time: 1618001053088	Duration: 312827 ms	Simulated time 2400000 ms	Ratio 7.671972048448503
[22:44:13 - AWT-EventQueue-0] [ScriptRunner.java:429] [INFO] - Test script deactivated
