[12:46:10 - main] [Cooja.java:1324] [INFO] - > Starting Cooja
[12:46:10 - main] [Cooja.java:2865] [INFO] - External tools default settings: /external_tools_linux.config
[12:46:10 - main] [Cooja.java:2895] [INFO] - External tools user settings: /root/.cooja.user.properties
[12:46:10 - main] [Simulation.java:420] [INFO] - Simulation random seed: 123377
[12:46:10 - main] [Cooja.java:4267] [WARN] - Replaced [CONTIKI_DIR]/examples/Acollect/nullrdc/JF-collect.z1 with /home/user/contiki/examples/Acollect/nullrdc/JF-collect.z1 (default: /home/user/contiki), but could not find it. This does not have to be an error, as the file might be created later.
[12:46:10 - main] [CompileContiki.java:140] [INFO] - > make JF-collect.z1 TARGET=z1 
[12:46:15 - main] [MspMote.java:235] [INFO] - Loading firmware from: /home/user/contiki/examples/Acollect/nullrdc/JF-collect.z1
[12:46:15 - main] [MspMote.java:235] [INFO] - Loading firmware from: /home/user/contiki/examples/Acollect/nullrdc/JF-collect.z1
[12:46:15 - main] [MspMote.java:235] [INFO] - Loading firmware from: /home/user/contiki/examples/Acollect/nullrdc/JF-collect.z1
[12:46:15 - main] [MspMote.java:235] [INFO] - Loading firmware from: /home/user/contiki/examples/Acollect/nullrdc/JF-collect.z1
[12:46:15 - main] [MspMote.java:235] [INFO] - Loading firmware from: /home/user/contiki/examples/Acollect/nullrdc/JF-collect.z1
[12:46:15 - main] [MspMote.java:235] [INFO] - Loading firmware from: /home/user/contiki/examples/Acollect/nullrdc/JF-collect.z1
[12:46:15 - main] [MspMote.java:235] [INFO] - Loading firmware from: /home/user/contiki/examples/Acollect/nullrdc/JF-collect.z1
[12:46:15 - main] [MspMote.java:235] [INFO] - Loading firmware from: /home/user/contiki/examples/Acollect/nullrdc/JF-collect.z1
[12:46:15 - main] [MspMote.java:235] [INFO] - Loading firmware from: /home/user/contiki/examples/Acollect/nullrdc/JF-collect.z1
[12:46:15 - main] [MspMote.java:235] [INFO] - Loading firmware from: /home/user/contiki/examples/Acollect/nullrdc/JF-collect.z1
[12:46:15 - main] [MspMote.java:235] [INFO] - Loading firmware from: /home/user/contiki/examples/Acollect/nullrdc/JF-collect.z1
[12:46:15 - main] [MspMote.java:235] [INFO] - Loading firmware from: /home/user/contiki/examples/Acollect/nullrdc/JF-collect.z1
[12:46:15 - main] [MspMote.java:235] [INFO] - Loading firmware from: /home/user/contiki/examples/Acollect/nullrdc/JF-collect.z1
[12:46:15 - main] [Cooja.java:1790] [INFO] - Visualized plugin was not started: class org.contikios.cooja.plugins.SimControl
[12:46:15 - main] [Cooja.java:1790] [INFO] - Visualized plugin was not started: class org.contikios.cooja.plugins.Visualizer
[12:46:15 - main] [Cooja.java:1790] [INFO] - Visualized plugin was not started: class org.contikios.cooja.plugins.LogListener
[12:46:15 - main] [Cooja.java:1790] [INFO] - Visualized plugin was not started: class org.contikios.cooja.plugins.TimeLine
[12:46:15 - main] [Cooja.java:1790] [INFO] - Visualized plugin was not started: class org.contikios.cooja.plugins.Notes
[12:46:16 - main] [ScriptRunner.java:429] [INFO] - Test script deactivated
[12:46:16 - main] [LogScriptEngine.java:265] [INFO] - Script timeout in 2400000 ms
[12:46:16 - main] [ScriptRunner.java:386] [INFO] - Test script activated
[12:46:16 - Thread-2] [Simulation.java:252] [INFO] - Simulation main loop started, system time: 1617878776150
[12:46:28 - Thread-2] [LogScriptEngine.java:389] [INFO] - Test script at 5.00%, done in 228.2 sec
[12:46:30 - Thread-2] [LogScriptEngine.java:389] [INFO] - Test script at 10.00%, done in 128.1 sec
[12:46:35 - Thread-2] [LogScriptEngine.java:389] [INFO] - Test script at 15.00%, done in 111.4 sec
[12:46:41 - Thread-2] [LogScriptEngine.java:389] [INFO] - Test script at 20.00%, done in 100.8 sec
[12:46:46 - Thread-2] [LogScriptEngine.java:389] [INFO] - Test script at 25.00%, done in 91.4 sec
[12:46:51 - Thread-2] [LogScriptEngine.java:389] [INFO] - Test script at 30.00%, done in 83.4 sec
[12:46:56 - Thread-2] [LogScriptEngine.java:389] [INFO] - Test script at 35.00%, done in 75.9 sec
[12:47:02 - Thread-2] [LogScriptEngine.java:389] [INFO] - Test script at 40.00%, done in 69.5 sec
[12:47:08 - Thread-2] [LogScriptEngine.java:389] [INFO] - Test script at 45.00%, done in 63.6 sec
[12:47:16 - Thread-2] [LogScriptEngine.java:389] [INFO] - Test script at 50.00%, done in 59.9 sec
[12:47:23 - Thread-2] [LogScriptEngine.java:389] [INFO] - Test script at 55.00%, done in 55.5 sec
[12:47:29 - Thread-2] [LogScriptEngine.java:389] [INFO] - Test script at 60.00%, done in 49.2 sec
[12:47:35 - Thread-2] [LogScriptEngine.java:389] [INFO] - Test script at 65.00%, done in 42.9 sec
[12:47:41 - Thread-2] [LogScriptEngine.java:389] [INFO] - Test script at 70.00%, done in 36.5 sec
[12:47:46 - Thread-2] [LogScriptEngine.java:389] [INFO] - Test script at 75.00%, done in 30.2 sec
[12:47:52 - Thread-2] [LogScriptEngine.java:389] [INFO] - Test script at 80.00%, done in 24.1 sec
[12:47:57 - Thread-2] [LogScriptEngine.java:389] [INFO] - Test script at 85.00%, done in 17.9 sec
[12:48:03 - Thread-2] [LogScriptEngine.java:389] [INFO] - Test script at 90.00%, done in 11.9 sec
[12:48:08 - Thread-2] [LogScriptEngine.java:389] [INFO] - Test script at 95.00%, done in 5.9 sec
[12:48:14 - Thread-2] [LogScriptEngine.java:375] [INFO] - Timeout event @ 2400000000
[12:48:14 - Thread-1] [LogScriptEngine.java:309] [INFO] - Test script finished
[12:48:14 - Thread-2] [Simulation.java:311] [INFO] - Simulation main loop stopped, system time: 1617878894202	Duration: 118052 ms	Simulated time 2400000 ms	Ratio 20.330024057195136
[12:48:14 - AWT-EventQueue-0] [ScriptRunner.java:429] [INFO] - Test script deactivated
