[15:21:07 - main] [Cooja.java:1324] [INFO] - > Starting Cooja
[15:21:07 - main] [Cooja.java:2865] [INFO] - External tools default settings: /external_tools_linux.config
[15:21:07 - main] [Cooja.java:2895] [INFO] - External tools user settings: /root/.cooja.user.properties
[15:21:07 - main] [Simulation.java:420] [INFO] - Simulation random seed: 123477
[15:21:07 - main] [Cooja.java:4267] [WARN] - Replaced [CONTIKI_DIR]/examples/Acollect/nullrdc/JF-collect.z1 with /home/user/contiki/examples/Acollect/nullrdc/JF-collect.z1 (default: /home/user/contiki), but could not find it. This does not have to be an error, as the file might be created later.
[15:21:07 - main] [CompileContiki.java:140] [INFO] - > make JF-collect.z1 TARGET=z1 
[15:21:13 - main] [MspMote.java:235] [INFO] - Loading firmware from: /home/user/contiki/examples/Acollect/nullrdc/JF-collect.z1
[15:21:14 - main] [MspMote.java:235] [INFO] - Loading firmware from: /home/user/contiki/examples/Acollect/nullrdc/JF-collect.z1
[15:21:14 - main] [MspMote.java:235] [INFO] - Loading firmware from: /home/user/contiki/examples/Acollect/nullrdc/JF-collect.z1
[15:21:14 - main] [MspMote.java:235] [INFO] - Loading firmware from: /home/user/contiki/examples/Acollect/nullrdc/JF-collect.z1
[15:21:14 - main] [MspMote.java:235] [INFO] - Loading firmware from: /home/user/contiki/examples/Acollect/nullrdc/JF-collect.z1
[15:21:14 - main] [MspMote.java:235] [INFO] - Loading firmware from: /home/user/contiki/examples/Acollect/nullrdc/JF-collect.z1
[15:21:14 - main] [MspMote.java:235] [INFO] - Loading firmware from: /home/user/contiki/examples/Acollect/nullrdc/JF-collect.z1
[15:21:14 - main] [MspMote.java:235] [INFO] - Loading firmware from: /home/user/contiki/examples/Acollect/nullrdc/JF-collect.z1
[15:21:14 - main] [MspMote.java:235] [INFO] - Loading firmware from: /home/user/contiki/examples/Acollect/nullrdc/JF-collect.z1
[15:21:14 - main] [MspMote.java:235] [INFO] - Loading firmware from: /home/user/contiki/examples/Acollect/nullrdc/JF-collect.z1
[15:21:14 - main] [MspMote.java:235] [INFO] - Loading firmware from: /home/user/contiki/examples/Acollect/nullrdc/JF-collect.z1
[15:21:14 - main] [MspMote.java:235] [INFO] - Loading firmware from: /home/user/contiki/examples/Acollect/nullrdc/JF-collect.z1
[15:21:14 - main] [MspMote.java:235] [INFO] - Loading firmware from: /home/user/contiki/examples/Acollect/nullrdc/JF-collect.z1
[15:21:14 - main] [MspMote.java:235] [INFO] - Loading firmware from: /home/user/contiki/examples/Acollect/nullrdc/JF-collect.z1
[15:21:14 - main] [MspMote.java:235] [INFO] - Loading firmware from: /home/user/contiki/examples/Acollect/nullrdc/JF-collect.z1
[15:21:14 - main] [MspMote.java:235] [INFO] - Loading firmware from: /home/user/contiki/examples/Acollect/nullrdc/JF-collect.z1
[15:21:14 - main] [MspMote.java:235] [INFO] - Loading firmware from: /home/user/contiki/examples/Acollect/nullrdc/JF-collect.z1
[15:21:14 - main] [MspMote.java:235] [INFO] - Loading firmware from: /home/user/contiki/examples/Acollect/nullrdc/JF-collect.z1
[15:21:14 - main] [MspMote.java:235] [INFO] - Loading firmware from: /home/user/contiki/examples/Acollect/nullrdc/JF-collect.z1
[15:21:14 - main] [Cooja.java:1790] [INFO] - Visualized plugin was not started: class org.contikios.cooja.plugins.SimControl
[15:21:14 - main] [Cooja.java:1790] [INFO] - Visualized plugin was not started: class org.contikios.cooja.plugins.Visualizer
[15:21:14 - main] [Cooja.java:1790] [INFO] - Visualized plugin was not started: class org.contikios.cooja.plugins.LogListener
[15:21:14 - main] [Cooja.java:1790] [INFO] - Visualized plugin was not started: class org.contikios.cooja.plugins.TimeLine
[15:21:14 - main] [Cooja.java:1790] [INFO] - Visualized plugin was not started: class org.contikios.cooja.plugins.Notes
[15:21:15 - main] [ScriptRunner.java:429] [INFO] - Test script deactivated
[15:21:15 - main] [LogScriptEngine.java:265] [INFO] - Script timeout in 2400000 ms
[15:21:15 - main] [ScriptRunner.java:386] [INFO] - Test script activated
[15:21:15 - Thread-2] [Simulation.java:252] [INFO] - Simulation main loop started, system time: 1622208075321
[15:21:15 - main] [Cooja.java:1790] [INFO] - Visualized plugin was not started: class org.contikios.cooja.plugins.SimControl
[15:21:59 - Thread-2] [LogScriptEngine.java:389] [INFO] - Test script at 5.00%, done in 842.4 sec
[15:22:21 - Thread-2] [LogScriptEngine.java:389] [INFO] - Test script at 10.00%, done in 591.8 sec
[15:23:28 - Thread-2] [LogScriptEngine.java:389] [INFO] - Test script at 15.00%, done in 752.4 sec
[15:24:50 - Thread-2] [LogScriptEngine.java:389] [INFO] - Test script at 20.00%, done in 859.6 sec
[15:26:35 - Thread-2] [LogScriptEngine.java:389] [INFO] - Test script at 25.00%, done in 960.3 sec
[15:28:20 - Thread-2] [LogScriptEngine.java:389] [INFO] - Test script at 30.00%, done in 991.4 sec
[15:29:47 - Thread-2] [LogScriptEngine.java:389] [INFO] - Test script at 35.00%, done in 951.2 sec
[15:31:12 - Thread-2] [LogScriptEngine.java:389] [INFO] - Test script at 40.00%, done in 896.1 sec
[15:32:51 - Thread-2] [LogScriptEngine.java:389] [INFO] - Test script at 45.00%, done in 850.8 sec
[15:34:26 - Thread-2] [LogScriptEngine.java:389] [INFO] - Test script at 50.00%, done in 790.9 sec
[15:35:52 - Thread-2] [LogScriptEngine.java:389] [INFO] - Test script at 55.00%, done in 717.5 sec
[15:37:25 - Thread-2] [LogScriptEngine.java:389] [INFO] - Test script at 60.00%, done in 646.7 sec
[15:38:57 - Thread-2] [LogScriptEngine.java:389] [INFO] - Test script at 65.00%, done in 572.0 sec
[15:41:01 - Thread-2] [LogScriptEngine.java:389] [INFO] - Test script at 70.00%, done in 508.4 sec
[15:42:47 - Thread-2] [LogScriptEngine.java:389] [INFO] - Test script at 75.00%, done in 430.9 sec
[15:44:12 - Thread-2] [LogScriptEngine.java:389] [INFO] - Test script at 80.00%, done in 344.4 sec
[15:45:32 - Thread-2] [LogScriptEngine.java:389] [INFO] - Test script at 85.00%, done in 257.1 sec
[15:46:56 - Thread-2] [LogScriptEngine.java:389] [INFO] - Test script at 90.00%, done in 171.3 sec
[15:48:33 - Thread-2] [LogScriptEngine.java:389] [INFO] - Test script at 95.00%, done in 86.2 sec
[15:50:03 - Thread-2] [LogScriptEngine.java:375] [INFO] - Timeout event @ 2400000000
[15:50:03 - Thread-1] [LogScriptEngine.java:309] [INFO] - Test script finished
[15:50:03 - Thread-2] [Simulation.java:311] [INFO] - Simulation main loop stopped, system time: 1622209803146	Duration: 1727825 ms	Simulated time 2400000 ms	Ratio 1.3890295602853298
[15:50:03 - AWT-EventQueue-0] [ScriptRunner.java:429] [INFO] - Test script deactivated
[15:50:03 - Thread-3] [AbstractRadioMedium.java:198] [FATAL] - Connection source turned off radio: org.contikios.cooja.mspmote.interfaces.Msp802154Radio@49ffc3
[15:50:03 - Thread-3] [AbstractRadioMedium.java:198] [FATAL] - Connection source turned off radio: org.contikios.cooja.mspmote.interfaces.Msp802154Radio@1431022
